[0.019s] Invoking command in '/home/luis-a/panda_ws/build/moveit_resources_panda_description': CMAKE_PREFIX_PATH=/opt/ros/humble /usr/bin/cmake /home/luis-a/panda_ws/src/moveit_resources/panda_description -DCMAKE_BUILD_TYPE=Release -DCMAKE_INSTALL_PREFIX=/home/luis-a/panda_ws/install/moveit_resources_panda_description
[0.151s] -- The C compiler identification is GNU 11.4.0
[0.151s] -- The CXX compiler identification is GNU 11.4.0
[0.151s] -- Detecting C compiler ABI info
[0.151s] -- Detecting C compiler ABI info - done
[0.151s] -- Check for working C compiler: /usr/bin/cc - skipped
[0.151s] -- Detecting C compile features
[0.151s] -- Detecting C compile features - done
[0.151s] -- Detecting CXX compiler ABI info
[0.193s] -- Detecting CXX compiler ABI info - done
[0.197s] -- Check for working CXX compiler: /usr/bin/c++ - skipped
[0.197s] -- Detecting CXX compile features
[0.197s] -- Detecting CXX compile features - done
[0.198s] -- Found ament_cmake: 1.3.10 (/opt/ros/humble/share/ament_cmake/cmake)
[0.288s] -- Found Python3: /usr/bin/python3 (found version "3.10.12") found components: Interpreter 
[0.373s] -- Configuring done
[0.375s] -- Generating done
[0.376s] -- Build files have been written to: /home/luis-a/panda_ws/build/moveit_resources_panda_description
[0.379s] Invoked command in '/home/luis-a/panda_ws/build/moveit_resources_panda_description' returned '0': CMAKE_PREFIX_PATH=/opt/ros/humble /usr/bin/cmake /home/luis-a/panda_ws/src/moveit_resources/panda_description -DCMAKE_BUILD_TYPE=Release -DCMAKE_INSTALL_PREFIX=/home/luis-a/panda_ws/install/moveit_resources_panda_description
[0.380s] Invoking command in '/home/luis-a/panda_ws/build/moveit_resources_panda_description': CMAKE_PREFIX_PATH=/opt/ros/humble /usr/bin/cmake --build /home/luis-a/panda_ws/build/moveit_resources_panda_description -- -j32 -l32
[0.405s] Invoked command in '/home/luis-a/panda_ws/build/moveit_resources_panda_description' returned '0': CMAKE_PREFIX_PATH=/opt/ros/humble /usr/bin/cmake --build /home/luis-a/panda_ws/build/moveit_resources_panda_description -- -j32 -l32
[0.419s] Invoking command in '/home/luis-a/panda_ws/build/moveit_resources_panda_description': CMAKE_PREFIX_PATH=/opt/ros/humble /usr/bin/cmake --install /home/luis-a/panda_ws/build/moveit_resources_panda_description
[0.423s] -- Install configuration: "Release"
[0.423s] -- Installing: /home/luis-a/panda_ws/install/moveit_resources_panda_description/share/ament_index/resource_index/package_run_dependencies/moveit_resources_panda_description
[0.423s] -- Installing: /home/luis-a/panda_ws/install/moveit_resources_panda_description/share/ament_index/resource_index/parent_prefix_path/moveit_resources_panda_description
[0.423s] -- Installing: /home/luis-a/panda_ws/install/moveit_resources_panda_description/share/moveit_resources_panda_description/environment/ament_prefix_path.sh
[0.423s] -- Installing: /home/luis-a/panda_ws/install/moveit_resources_panda_description/share/moveit_resources_panda_description/environment/ament_prefix_path.dsv
[0.423s] -- Installing: /home/luis-a/panda_ws/install/moveit_resources_panda_description/share/moveit_resources_panda_description/environment/path.sh
[0.423s] -- Installing: /home/luis-a/panda_ws/install/moveit_resources_panda_description/share/moveit_resources_panda_description/environment/path.dsv
[0.423s] -- Installing: /home/luis-a/panda_ws/install/moveit_resources_panda_description/share/moveit_resources_panda_description/local_setup.bash
[0.423s] -- Installing: /home/luis-a/panda_ws/install/moveit_resources_panda_description/share/moveit_resources_panda_description/local_setup.sh
[0.424s] -- Installing: /home/luis-a/panda_ws/install/moveit_resources_panda_description/share/moveit_resources_panda_description/local_setup.zsh
[0.424s] -- Installing: /home/luis-a/panda_ws/install/moveit_resources_panda_description/share/moveit_resources_panda_description/local_setup.dsv
[0.424s] -- Installing: /home/luis-a/panda_ws/install/moveit_resources_panda_description/share/moveit_resources_panda_description/package.dsv
[0.424s] -- Installing: /home/luis-a/panda_ws/install/moveit_resources_panda_description/share/ament_index/resource_index/packages/moveit_resources_panda_description
[0.424s] -- Installing: /home/luis-a/panda_ws/install/moveit_resources_panda_description/share/moveit_resources_panda_description/cmake/moveit_resources_panda_descriptionConfig.cmake
[0.424s] -- Installing: /home/luis-a/panda_ws/install/moveit_resources_panda_description/share/moveit_resources_panda_description/cmake/moveit_resources_panda_descriptionConfig-version.cmake
[0.424s] -- Installing: /home/luis-a/panda_ws/install/moveit_resources_panda_description/share/moveit_resources_panda_description/package.xml
[0.424s] -- Installing: /home/luis-a/panda_ws/install/moveit_resources_panda_description/share/moveit_resources_panda_description/meshes
[0.424s] -- Installing: /home/luis-a/panda_ws/install/moveit_resources_panda_description/share/moveit_resources_panda_description/meshes/collision
[0.424s] -- Installing: /home/luis-a/panda_ws/install/moveit_resources_panda_description/share/moveit_resources_panda_description/meshes/collision/link0.stl
[0.425s] -- Installing: /home/luis-a/panda_ws/install/moveit_resources_panda_description/share/moveit_resources_panda_description/meshes/collision/link7.stl
[0.425s] -- Installing: /home/luis-a/panda_ws/install/moveit_resources_panda_description/share/moveit_resources_panda_description/meshes/collision/link1.stl
[0.425s] -- Installing: /home/luis-a/panda_ws/install/moveit_resources_panda_description/share/moveit_resources_panda_description/meshes/collision/hand.stl
[0.425s] -- Installing: /home/luis-a/panda_ws/install/moveit_resources_panda_description/share/moveit_resources_panda_description/meshes/collision/finger.stl
[0.425s] -- Installing: /home/luis-a/panda_ws/install/moveit_resources_panda_description/share/moveit_resources_panda_description/meshes/collision/link2.stl
[0.425s] -- Installing: /home/luis-a/panda_ws/install/moveit_resources_panda_description/share/moveit_resources_panda_description/meshes/collision/link3.stl
[0.425s] -- Installing: /home/luis-a/panda_ws/install/moveit_resources_panda_description/share/moveit_resources_panda_description/meshes/collision/link6.stl
[0.425s] -- Installing: /home/luis-a/panda_ws/install/moveit_resources_panda_description/share/moveit_resources_panda_description/meshes/collision/link5.stl
[0.425s] -- Installing: /home/luis-a/panda_ws/install/moveit_resources_panda_description/share/moveit_resources_panda_description/meshes/collision/link4.stl
[0.425s] -- Installing: /home/luis-a/panda_ws/install/moveit_resources_panda_description/share/moveit_resources_panda_description/meshes/visual
[0.426s] -- Installing: /home/luis-a/panda_ws/install/moveit_resources_panda_description/share/moveit_resources_panda_description/meshes/visual/link6.dae
[0.427s] -- Installing: /home/luis-a/panda_ws/install/moveit_resources_panda_description/share/moveit_resources_panda_description/meshes/visual/link3.dae
[0.428s] -- Installing: /home/luis-a/panda_ws/install/moveit_resources_panda_description/share/moveit_resources_panda_description/meshes/visual/finger.dae
[0.428s] -- Installing: /home/luis-a/panda_ws/install/moveit_resources_panda_description/share/moveit_resources_panda_description/meshes/visual/link4.dae
[0.429s] -- Installing: /home/luis-a/panda_ws/install/moveit_resources_panda_description/share/moveit_resources_panda_description/meshes/visual/link1.dae
[0.429s] -- Installing: /home/luis-a/panda_ws/install/moveit_resources_panda_description/share/moveit_resources_panda_description/meshes/visual/link5.dae
[0.430s] -- Installing: /home/luis-a/panda_ws/install/moveit_resources_panda_description/share/moveit_resources_panda_description/meshes/visual/hand.dae
[0.431s] -- Installing: /home/luis-a/panda_ws/install/moveit_resources_panda_description/share/moveit_resources_panda_description/meshes/visual/link2.dae
[0.432s] -- Installing: /home/luis-a/panda_ws/install/moveit_resources_panda_description/share/moveit_resources_panda_description/meshes/visual/link0.dae
[0.433s] -- Installing: /home/luis-a/panda_ws/install/moveit_resources_panda_description/share/moveit_resources_panda_description/meshes/visual/link7.dae
[0.434s] -- Installing: /home/luis-a/panda_ws/install/moveit_resources_panda_description/share/moveit_resources_panda_description/urdf
[0.434s] -- Installing: /home/luis-a/panda_ws/install/moveit_resources_panda_description/share/moveit_resources_panda_description/urdf/panda.urdf
[0.436s] Invoked command in '/home/luis-a/panda_ws/build/moveit_resources_panda_description' returned '0': CMAKE_PREFIX_PATH=/opt/ros/humble /usr/bin/cmake --install /home/luis-a/panda_ws/build/moveit_resources_panda_description
