[0.032s] Invoking command in '/home/luis-a/panda_ws/build/moveit_setup_assistant': AMENT_PREFIX_PATH=/home/luis-a/panda_ws/install/moveit_setup_srdf_plugins:/home/luis-a/panda_ws/install/moveit_setup_core_plugins:/home/luis-a/panda_ws/install/moveit_setup_controllers:/home/luis-a/panda_ws/install/moveit_setup_app_plugins:/home/luis-a/panda_ws/install/moveit_setup_framework:/home/luis-a/panda_ws/install/moveit_ros_visualization:/home/luis-a/panda_ws/install/moveit_ros_planning_interface:/home/luis-a/panda_ws/install/moveit_ros_move_group:/home/luis-a/panda_ws/install/moveit_ros_warehouse:/home/luis-a/panda_ws/install/moveit_ros_robot_interaction:/home/luis-a/panda_ws/install/moveit_planners_ompl:/home/luis-a/panda_ws/install/moveit_kinematics:/home/luis-a/panda_ws/install/moveit_ros_planning:/home/luis-a/panda_ws/install/moveit_simple_controller_manager:/home/luis-a/panda_ws/install/moveit_ros_occupancy_map_monitor:/home/luis-a/panda_ws/install/moveit_core:/home/luis-a/panda_ws/install/moveit_resources_panda_moveit_config:/home/luis-a/panda_ws/install/moveit_resources_fanuc_moveit_config:/home/luis-a/panda_ws/install/moveit_configs_utils:/home/luis-a/panda_ws/install/srdfdom:/home/luis-a/panda_ws/install/moveit_resources_pr2_description:/home/luis-a/panda_ws/install/moveit_resources_panda_description:/home/luis-a/panda_ws/install/moveit_resources_fanuc_description:/home/luis-a/panda_ws/install/moveit_common:/home/luis-a/panda_ws/install/launch_param_builder:${AMENT_PREFIX_PATH} CMAKE_PREFIX_PATH=/home/luis-a/panda_ws/install/moveit_setup_srdf_plugins:/home/luis-a/panda_ws/install/moveit_setup_core_plugins:/home/luis-a/panda_ws/install/moveit_setup_controllers:/home/luis-a/panda_ws/install/moveit_setup_app_plugins:/home/luis-a/panda_ws/install/moveit_setup_framework:/home/luis-a/panda_ws/install/moveit_ros_visualization:/home/luis-a/panda_ws/install/moveit_ros_planning_interface:/home/luis-a/panda_ws/install/moveit_ros_move_group:/home/luis-a/panda_ws/install/moveit_ros_warehouse:/home/luis-a/panda_ws/install/moveit_ros_robot_interaction:/home/luis-a/panda_ws/install/moveit_planners_ompl:/home/luis-a/panda_ws/install/moveit_kinematics:/home/luis-a/panda_ws/install/moveit_ros_planning:/home/luis-a/panda_ws/install/moveit_simple_controller_manager:/home/luis-a/panda_ws/install/moveit_ros_occupancy_map_monitor:/home/luis-a/panda_ws/install/moveit_core:/home/luis-a/panda_ws/install/moveit_resources_panda_moveit_config:/home/luis-a/panda_ws/install/moveit_resources_fanuc_moveit_config:/home/luis-a/panda_ws/install/srdfdom:/home/luis-a/panda_ws/install/moveit_resources_pr2_description:/home/luis-a/panda_ws/install/moveit_resources_panda_description:/home/luis-a/panda_ws/install/moveit_resources_fanuc_description:/home/luis-a/panda_ws/install/moveit_common:/opt/ros/humble LD_LIBRARY_PATH=/home/luis-a/panda_ws/install/moveit_setup_srdf_plugins/lib:/home/luis-a/panda_ws/install/moveit_setup_core_plugins/lib:/home/luis-a/panda_ws/install/moveit_setup_controllers/lib:/home/luis-a/panda_ws/install/moveit_setup_app_plugins/lib:/home/luis-a/panda_ws/install/moveit_setup_framework/lib:/home/luis-a/panda_ws/install/moveit_ros_visualization/lib:/home/luis-a/panda_ws/install/moveit_ros_planning_interface/lib:/home/luis-a/panda_ws/install/moveit_ros_move_group/lib:/home/luis-a/panda_ws/install/moveit_ros_warehouse/lib:/home/luis-a/panda_ws/install/moveit_ros_robot_interaction/lib:/home/luis-a/panda_ws/install/moveit_planners_ompl/lib:/home/luis-a/panda_ws/install/moveit_kinematics/lib:/home/luis-a/panda_ws/install/moveit_ros_planning/lib:/home/luis-a/panda_ws/install/moveit_simple_controller_manager/lib:/home/luis-a/panda_ws/install/moveit_ros_occupancy_map_monitor/lib:/home/luis-a/panda_ws/install/moveit_core/lib:/home/luis-a/panda_ws/install/srdfdom/lib:${LD_LIBRARY_PATH} PATH=/home/luis-a/panda_ws/install/moveit_core/bin:${PATH} PYTHONPATH=/home/luis-a/panda_ws/install/moveit_configs_utils/lib/python3.10/site-packages:/home/luis-a/panda_ws/install/srdfdom/local/lib/python3.10/dist-packages:/home/luis-a/panda_ws/install/launch_param_builder/lib/python3.10/site-packages:${PYTHONPATH} /usr/bin/cmake /home/luis-a/panda_ws/src/moveit2/moveit_setup_assistant/moveit_setup_assistant -DCMAKE_BUILD_TYPE=Release -DCMAKE_INSTALL_PREFIX=/home/luis-a/panda_ws/install/moveit_setup_assistant
[0.068s] -- The C compiler identification is GNU 11.4.0
[0.100s] -- The CXX compiler identification is GNU 11.4.0
[0.104s] -- Detecting C compiler ABI info
[0.150s] -- Detecting C compiler ABI info - done
[0.153s] -- Check for working C compiler: /usr/bin/cc - skipped
[0.153s] -- Detecting C compile features
[0.154s] -- Detecting C compile features - done
[0.155s] -- Detecting CXX compiler ABI info
[0.205s] -- Detecting CXX compiler ABI info - done
[0.208s] -- Check for working CXX compiler: /usr/bin/c++ - skipped
[0.208s] -- Detecting CXX compile features
[0.209s] -- Detecting CXX compile features - done
[0.211s] -- Found moveit_common: 2.5.6 (/home/luis-a/panda_ws/install/moveit_common/share/moveit_common/cmake)
[0.213s] -- Found ament_cmake: 1.3.10 (/opt/ros/humble/share/ament_cmake/cmake)
[0.297s] -- Found Python3: /usr/bin/python3 (found version "3.10.12") found components: Interpreter 
[0.395s] -- Found ament_index_cpp: 1.4.0 (/opt/ros/humble/share/ament_index_cpp/cmake)
[0.405s] -- Found Boost: /usr/lib/x86_64-linux-gnu/cmake/Boost-1.74.0/BoostConfig.cmake (found version "1.74.0") found components: program_options 
[0.405s] -- Found moveit_setup_framework: 2.5.6 (/home/luis-a/panda_ws/install/moveit_setup_framework/share/moveit_setup_framework/cmake)
[0.444s] -- Found rosidl_generator_c: 3.1.5 (/opt/ros/humble/share/rosidl_generator_c/cmake)
[0.449s] -- Found rosidl_adapter: 3.1.5 (/opt/ros/humble/share/rosidl_adapter/cmake)
[0.456s] -- Found rosidl_generator_cpp: 3.1.5 (/opt/ros/humble/share/rosidl_generator_cpp/cmake)
[0.466s] -- Using all available rosidl_typesupport_c: rosidl_typesupport_fastrtps_c;rosidl_typesupport_introspection_c
[0.478s] -- Using all available rosidl_typesupport_cpp: rosidl_typesupport_fastrtps_cpp;rosidl_typesupport_introspection_cpp
[0.516s] -- Found rmw_implementation_cmake: 6.1.2 (/opt/ros/humble/share/rmw_implementation_cmake/cmake)
[0.519s] -- Found rmw_fastrtps_cpp: 6.2.7 (/opt/ros/humble/share/rmw_fastrtps_cpp/cmake)
[0.594s] -- Found OpenSSL: /usr/lib/x86_64-linux-gnu/libcrypto.so (found version "3.0.2")  
[0.612s] -- Found FastRTPS: /opt/ros/humble/include  
[0.641s] -- Using RMW implementation 'rmw_fastrtps_cpp' as default
[0.650s] -- Looking for pthread.h
[0.700s] -- Looking for pthread.h - found
[0.700s] -- Performing Test CMAKE_HAVE_LIBC_PTHREAD
[0.750s] -- Performing Test CMAKE_HAVE_LIBC_PTHREAD - Success
[0.751s] -- Found Threads: TRUE  
[0.820s] -- Found Boost: /usr/lib/x86_64-linux-gnu/cmake/Boost-1.74.0/BoostConfig.cmake (found version "1.74.0") found components: chrono date_time filesystem iostreams program_options regex serialization system thread 
[0.857s] -- Found parameter_traits: 0.3.9 (/opt/ros/humble/share/parameter_traits/cmake)
[0.867s] -- Found Eigen3: TRUE (found version "3.4.0") 
[0.870s] -- Found rclcpp_lifecycle: 16.0.10 (/opt/ros/humble/share/rclcpp_lifecycle/cmake)
[0.886s] -- Found Boost: /usr/lib/x86_64-linux-gnu/cmake/Boost-1.74.0/BoostConfig.cmake (found version "1.74.0") found components: filesystem 
[0.976s] -- library: /usr/lib/x86_64-linux-gnu/libcurl.so
[1.019s] -- Ensuring Eigen3 include directory is part of orocos-kdl CMake target
[1.185s] -- Found Boost: /usr/lib/x86_64-linux-gnu/cmake/Boost-1.74.0/BoostConfig.cmake (found version "1.74.0") found components: system filesystem date_time program_options thread chrono 
[1.201s] -- Found Boost: /usr/lib/x86_64-linux-gnu/cmake/Boost-1.74.0/BoostConfig.cmake (found version "1.74.0") found components: thread date_time system filesystem 
[1.210s] -- Found Boost: /usr/lib/x86_64-linux-gnu/cmake/Boost-1.74.0/BoostConfig.cmake (found version "1.74.0") found components: date_time filesystem program_options system thread 
[1.218s] -- Found Boost: /usr/lib/x86_64-linux-gnu/cmake/Boost-1.74.0/BoostConfig.cmake (found version "1.74.0") found components: thread system filesystem regex date_time program_options 
[1.231s] -- Found Boost: /usr/lib/x86_64-linux-gnu/cmake/Boost-1.74.0/BoostConfig.cmake (found version "1.74.0") found components: system filesystem date_time program_options thread 
[1.267s] -- Setting OGRE_DIR to: '/opt/ros/humble/share/rviz_ogre_vendor/cmake/../../../opt/rviz_ogre_vendor/lib/OGRE/cmake'
[1.268s] -- Found OGRE
[1.268s] --   static     : OFF
[1.268s] --   components : HLMS;MeshLodGenerator;Overlay;Paging;Property;RTShaderSystem;Terrain;Volume
[1.268s] --   plugins    : Plugin_BSPSceneManager;Plugin_OctreeSceneManager;Plugin_PCZSceneManager;Plugin_ParticleFX;RenderSystem_GL;RenderSystem_GL3Plus;Codec_STBI
[1.268s] --   media      : /opt/ros/humble/opt/rviz_ogre_vendor/share/OGRE/Media
[1.268s] -- OGRE_LIBRARIES: OgreHLMS;OgreMeshLodGenerator;OgreOverlay;OgrePaging;OgreProperty;OgreRTShaderSystem;OgreTerrain;OgreVolume;OgreMain
[1.268s] -- OGRE_LIBRARY_DIRS: /opt/ros/humble/opt/rviz_ogre_vendor/lib
[1.268s] -- OGRE_PLUGINS: Plugin_BSPSceneManager;Plugin_OctreeSceneManager;Plugin_PCZSceneManager;Plugin_ParticleFX;RenderSystem_GL;RenderSystem_GL3Plus;Codec_STBI
[1.268s] -- OGRE_PLUGIN_DIR: /opt/ros/humble/opt/rviz_ogre_vendor/lib/OGRE
[1.268s] -- rviz_ogre_vendor::OgreOverlay for IMPORTED_LOCATION_RELEASE: /opt/ros/humble/opt/rviz_ogre_vendor/lib/libOgreOverlay.so
[1.268s] -- rviz_ogre_vendor::OgreOverlay for IMPORTED_LOCATION_DEBUG: /opt/ros/humble/opt/rviz_ogre_vendor/lib/libOgreOverlay.so
[1.268s] -- rviz_ogre_vendor::OgreMain for IMPORTED_LOCATION_RELEASE: /opt/ros/humble/opt/rviz_ogre_vendor/lib/libOgreMain.so
[1.268s] -- rviz_ogre_vendor::OgreMain for IMPORTED_LOCATION_DEBUG: /opt/ros/humble/opt/rviz_ogre_vendor/lib/libOgreMain.so
[1.269s] -- Could not find freeimage library
[1.281s] -- Found ZLIB: /usr/lib/x86_64-linux-gnu/libz.so (found version "1.2.11") 
[1.284s] -- Found OpenGL: /usr/lib/x86_64-linux-gnu/libOpenGL.so   
[1.357s] -- Found X11: /usr/include   
[1.357s] -- Looking for XOpenDisplay in /usr/lib/x86_64-linux-gnu/libX11.so;/usr/lib/x86_64-linux-gnu/libXext.so
[1.408s] -- Looking for XOpenDisplay in /usr/lib/x86_64-linux-gnu/libX11.so;/usr/lib/x86_64-linux-gnu/libXext.so - found
[1.408s] -- Looking for gethostbyname
[1.456s] -- Looking for gethostbyname - found
[1.456s] -- Looking for connect
[1.505s] -- Looking for connect - found
[1.505s] -- Looking for remove
[1.553s] -- Looking for remove - found
[1.553s] -- Looking for shmat
[1.601s] -- Looking for shmat - found
[1.601s] -- Looking for IceConnectionNumber in ICE
[1.650s] -- Looking for IceConnectionNumber in ICE - found
[1.663s] -- Setting assimp_DIR to: '/opt/ros/humble/share/rviz_assimp_vendor/cmake/../../../opt/rviz_assimp_vendor/lib/cmake/assimp-4.1'
[1.721s] -- Found moveit_setup_srdf_plugins: 2.5.6 (/home/luis-a/panda_ws/install/moveit_setup_srdf_plugins/share/moveit_setup_srdf_plugins/cmake)
[1.733s] -- Found ament_lint_auto: 0.12.11 (/opt/ros/humble/share/ament_lint_auto/cmake)
[1.752s] -- Added test 'lint_cmake' to check CMake code style
[1.752s] -- Added test 'xmllint' to check XML markup files
[1.753s] -- Configuring done
[1.811s] -- Generating done
[1.813s] -- Build files have been written to: /home/luis-a/panda_ws/build/moveit_setup_assistant
[1.824s] Invoked command in '/home/luis-a/panda_ws/build/moveit_setup_assistant' returned '0': AMENT_PREFIX_PATH=/home/luis-a/panda_ws/install/moveit_setup_srdf_plugins:/home/luis-a/panda_ws/install/moveit_setup_core_plugins:/home/luis-a/panda_ws/install/moveit_setup_controllers:/home/luis-a/panda_ws/install/moveit_setup_app_plugins:/home/luis-a/panda_ws/install/moveit_setup_framework:/home/luis-a/panda_ws/install/moveit_ros_visualization:/home/luis-a/panda_ws/install/moveit_ros_planning_interface:/home/luis-a/panda_ws/install/moveit_ros_move_group:/home/luis-a/panda_ws/install/moveit_ros_warehouse:/home/luis-a/panda_ws/install/moveit_ros_robot_interaction:/home/luis-a/panda_ws/install/moveit_planners_ompl:/home/luis-a/panda_ws/install/moveit_kinematics:/home/luis-a/panda_ws/install/moveit_ros_planning:/home/luis-a/panda_ws/install/moveit_simple_controller_manager:/home/luis-a/panda_ws/install/moveit_ros_occupancy_map_monitor:/home/luis-a/panda_ws/install/moveit_core:/home/luis-a/panda_ws/install/moveit_resources_panda_moveit_config:/home/luis-a/panda_ws/install/moveit_resources_fanuc_moveit_config:/home/luis-a/panda_ws/install/moveit_configs_utils:/home/luis-a/panda_ws/install/srdfdom:/home/luis-a/panda_ws/install/moveit_resources_pr2_description:/home/luis-a/panda_ws/install/moveit_resources_panda_description:/home/luis-a/panda_ws/install/moveit_resources_fanuc_description:/home/luis-a/panda_ws/install/moveit_common:/home/luis-a/panda_ws/install/launch_param_builder:${AMENT_PREFIX_PATH} CMAKE_PREFIX_PATH=/home/luis-a/panda_ws/install/moveit_setup_srdf_plugins:/home/luis-a/panda_ws/install/moveit_setup_core_plugins:/home/luis-a/panda_ws/install/moveit_setup_controllers:/home/luis-a/panda_ws/install/moveit_setup_app_plugins:/home/luis-a/panda_ws/install/moveit_setup_framework:/home/luis-a/panda_ws/install/moveit_ros_visualization:/home/luis-a/panda_ws/install/moveit_ros_planning_interface:/home/luis-a/panda_ws/install/moveit_ros_move_group:/home/luis-a/panda_ws/install/moveit_ros_warehouse:/home/luis-a/panda_ws/install/moveit_ros_robot_interaction:/home/luis-a/panda_ws/install/moveit_planners_ompl:/home/luis-a/panda_ws/install/moveit_kinematics:/home/luis-a/panda_ws/install/moveit_ros_planning:/home/luis-a/panda_ws/install/moveit_simple_controller_manager:/home/luis-a/panda_ws/install/moveit_ros_occupancy_map_monitor:/home/luis-a/panda_ws/install/moveit_core:/home/luis-a/panda_ws/install/moveit_resources_panda_moveit_config:/home/luis-a/panda_ws/install/moveit_resources_fanuc_moveit_config:/home/luis-a/panda_ws/install/srdfdom:/home/luis-a/panda_ws/install/moveit_resources_pr2_description:/home/luis-a/panda_ws/install/moveit_resources_panda_description:/home/luis-a/panda_ws/install/moveit_resources_fanuc_description:/home/luis-a/panda_ws/install/moveit_common:/opt/ros/humble LD_LIBRARY_PATH=/home/luis-a/panda_ws/install/moveit_setup_srdf_plugins/lib:/home/luis-a/panda_ws/install/moveit_setup_core_plugins/lib:/home/luis-a/panda_ws/install/moveit_setup_controllers/lib:/home/luis-a/panda_ws/install/moveit_setup_app_plugins/lib:/home/luis-a/panda_ws/install/moveit_setup_framework/lib:/home/luis-a/panda_ws/install/moveit_ros_visualization/lib:/home/luis-a/panda_ws/install/moveit_ros_planning_interface/lib:/home/luis-a/panda_ws/install/moveit_ros_move_group/lib:/home/luis-a/panda_ws/install/moveit_ros_warehouse/lib:/home/luis-a/panda_ws/install/moveit_ros_robot_interaction/lib:/home/luis-a/panda_ws/install/moveit_planners_ompl/lib:/home/luis-a/panda_ws/install/moveit_kinematics/lib:/home/luis-a/panda_ws/install/moveit_ros_planning/lib:/home/luis-a/panda_ws/install/moveit_simple_controller_manager/lib:/home/luis-a/panda_ws/install/moveit_ros_occupancy_map_monitor/lib:/home/luis-a/panda_ws/install/moveit_core/lib:/home/luis-a/panda_ws/install/srdfdom/lib:${LD_LIBRARY_PATH} PATH=/home/luis-a/panda_ws/install/moveit_core/bin:${PATH} PYTHONPATH=/home/luis-a/panda_ws/install/moveit_configs_utils/lib/python3.10/site-packages:/home/luis-a/panda_ws/install/srdfdom/local/lib/python3.10/dist-packages:/home/luis-a/panda_ws/install/launch_param_builder/lib/python3.10/site-packages:${PYTHONPATH} /usr/bin/cmake /home/luis-a/panda_ws/src/moveit2/moveit_setup_assistant/moveit_setup_assistant -DCMAKE_BUILD_TYPE=Release -DCMAKE_INSTALL_PREFIX=/home/luis-a/panda_ws/install/moveit_setup_assistant
[1.825s] Invoking command in '/home/luis-a/panda_ws/build/moveit_setup_assistant': AMENT_PREFIX_PATH=/home/luis-a/panda_ws/install/moveit_setup_srdf_plugins:/home/luis-a/panda_ws/install/moveit_setup_core_plugins:/home/luis-a/panda_ws/install/moveit_setup_controllers:/home/luis-a/panda_ws/install/moveit_setup_app_plugins:/home/luis-a/panda_ws/install/moveit_setup_framework:/home/luis-a/panda_ws/install/moveit_ros_visualization:/home/luis-a/panda_ws/install/moveit_ros_planning_interface:/home/luis-a/panda_ws/install/moveit_ros_move_group:/home/luis-a/panda_ws/install/moveit_ros_warehouse:/home/luis-a/panda_ws/install/moveit_ros_robot_interaction:/home/luis-a/panda_ws/install/moveit_planners_ompl:/home/luis-a/panda_ws/install/moveit_kinematics:/home/luis-a/panda_ws/install/moveit_ros_planning:/home/luis-a/panda_ws/install/moveit_simple_controller_manager:/home/luis-a/panda_ws/install/moveit_ros_occupancy_map_monitor:/home/luis-a/panda_ws/install/moveit_core:/home/luis-a/panda_ws/install/moveit_resources_panda_moveit_config:/home/luis-a/panda_ws/install/moveit_resources_fanuc_moveit_config:/home/luis-a/panda_ws/install/moveit_configs_utils:/home/luis-a/panda_ws/install/srdfdom:/home/luis-a/panda_ws/install/moveit_resources_pr2_description:/home/luis-a/panda_ws/install/moveit_resources_panda_description:/home/luis-a/panda_ws/install/moveit_resources_fanuc_description:/home/luis-a/panda_ws/install/moveit_common:/home/luis-a/panda_ws/install/launch_param_builder:${AMENT_PREFIX_PATH} CMAKE_PREFIX_PATH=/home/luis-a/panda_ws/install/moveit_setup_srdf_plugins:/home/luis-a/panda_ws/install/moveit_setup_core_plugins:/home/luis-a/panda_ws/install/moveit_setup_controllers:/home/luis-a/panda_ws/install/moveit_setup_app_plugins:/home/luis-a/panda_ws/install/moveit_setup_framework:/home/luis-a/panda_ws/install/moveit_ros_visualization:/home/luis-a/panda_ws/install/moveit_ros_planning_interface:/home/luis-a/panda_ws/install/moveit_ros_move_group:/home/luis-a/panda_ws/install/moveit_ros_warehouse:/home/luis-a/panda_ws/install/moveit_ros_robot_interaction:/home/luis-a/panda_ws/install/moveit_planners_ompl:/home/luis-a/panda_ws/install/moveit_kinematics:/home/luis-a/panda_ws/install/moveit_ros_planning:/home/luis-a/panda_ws/install/moveit_simple_controller_manager:/home/luis-a/panda_ws/install/moveit_ros_occupancy_map_monitor:/home/luis-a/panda_ws/install/moveit_core:/home/luis-a/panda_ws/install/moveit_resources_panda_moveit_config:/home/luis-a/panda_ws/install/moveit_resources_fanuc_moveit_config:/home/luis-a/panda_ws/install/srdfdom:/home/luis-a/panda_ws/install/moveit_resources_pr2_description:/home/luis-a/panda_ws/install/moveit_resources_panda_description:/home/luis-a/panda_ws/install/moveit_resources_fanuc_description:/home/luis-a/panda_ws/install/moveit_common:/opt/ros/humble LD_LIBRARY_PATH=/home/luis-a/panda_ws/install/moveit_setup_srdf_plugins/lib:/home/luis-a/panda_ws/install/moveit_setup_core_plugins/lib:/home/luis-a/panda_ws/install/moveit_setup_controllers/lib:/home/luis-a/panda_ws/install/moveit_setup_app_plugins/lib:/home/luis-a/panda_ws/install/moveit_setup_framework/lib:/home/luis-a/panda_ws/install/moveit_ros_visualization/lib:/home/luis-a/panda_ws/install/moveit_ros_planning_interface/lib:/home/luis-a/panda_ws/install/moveit_ros_move_group/lib:/home/luis-a/panda_ws/install/moveit_ros_warehouse/lib:/home/luis-a/panda_ws/install/moveit_ros_robot_interaction/lib:/home/luis-a/panda_ws/install/moveit_planners_ompl/lib:/home/luis-a/panda_ws/install/moveit_kinematics/lib:/home/luis-a/panda_ws/install/moveit_ros_planning/lib:/home/luis-a/panda_ws/install/moveit_simple_controller_manager/lib:/home/luis-a/panda_ws/install/moveit_ros_occupancy_map_monitor/lib:/home/luis-a/panda_ws/install/moveit_core/lib:/home/luis-a/panda_ws/install/srdfdom/lib:${LD_LIBRARY_PATH} PATH=/home/luis-a/panda_ws/install/moveit_core/bin:${PATH} PYTHONPATH=/home/luis-a/panda_ws/install/moveit_configs_utils/lib/python3.10/site-packages:/home/luis-a/panda_ws/install/srdfdom/local/lib/python3.10/dist-packages:/home/luis-a/panda_ws/install/launch_param_builder/lib/python3.10/site-packages:${PYTHONPATH} /usr/bin/cmake --build /home/luis-a/panda_ws/build/moveit_setup_assistant -- -j32 -l32
[1.866s] [  7%] [34m[1mAutomatic MOC for target moveit_setup_assistant_updater[0m
[1.867s] [ 14%] [34m[1mAutomatic MOC for target moveit_setup_assistant[0m
[1.888s] [ 14%] Built target moveit_setup_assistant_updater_autogen
[1.891s] [ 14%] Built target moveit_setup_assistant_autogen
[1.899s] [ 28%] [34m[1mGenerating include/moveit_setup_assistant/moc_navigation_widget.cpp[0m
[1.899s] [ 28%] [34m[1mGenerating include/moveit_setup_assistant/moc_setup_assistant_widget.cpp[0m
[1.904s] [ 42%] [32mBuilding CXX object CMakeFiles/moveit_setup_assistant_updater.dir/src/collisions_updater.cpp.o[0m
[1.904s] [ 42%] [32mBuilding CXX object CMakeFiles/moveit_setup_assistant_updater.dir/moveit_setup_assistant_updater_autogen/mocs_compilation.cpp.o[0m
[1.916s] [ 57%] [32mBuilding CXX object CMakeFiles/moveit_setup_assistant.dir/src/main.cpp.o[0m
[1.916s] [ 57%] [32mBuilding CXX object CMakeFiles/moveit_setup_assistant.dir/moveit_setup_assistant_autogen/mocs_compilation.cpp.o[0m
[1.916s] [ 71%] [32mBuilding CXX object CMakeFiles/moveit_setup_assistant.dir/src/navigation_widget.cpp.o[0m
[1.916s] [ 71%] [32mBuilding CXX object CMakeFiles/moveit_setup_assistant.dir/include/moveit_setup_assistant/moc_setup_assistant_widget.cpp.o[0m
[1.917s] [ 78%] [32mBuilding CXX object CMakeFiles/moveit_setup_assistant.dir/src/setup_assistant_widget.cpp.o[0m
[1.917s] [ 85%] [32mBuilding CXX object CMakeFiles/moveit_setup_assistant.dir/include/moveit_setup_assistant/moc_navigation_widget.cpp.o[0m
[10.071s] [ 92%] [32m[1mLinking CXX executable collisions_updater[0m
[10.432s] [ 92%] Built target moveit_setup_assistant_updater
[11.690s] [100%] [32m[1mLinking CXX executable moveit_setup_assistant[0m
[12.191s] [100%] Built target moveit_setup_assistant
[12.199s] Invoked command in '/home/luis-a/panda_ws/build/moveit_setup_assistant' returned '0': AMENT_PREFIX_PATH=/home/luis-a/panda_ws/install/moveit_setup_srdf_plugins:/home/luis-a/panda_ws/install/moveit_setup_core_plugins:/home/luis-a/panda_ws/install/moveit_setup_controllers:/home/luis-a/panda_ws/install/moveit_setup_app_plugins:/home/luis-a/panda_ws/install/moveit_setup_framework:/home/luis-a/panda_ws/install/moveit_ros_visualization:/home/luis-a/panda_ws/install/moveit_ros_planning_interface:/home/luis-a/panda_ws/install/moveit_ros_move_group:/home/luis-a/panda_ws/install/moveit_ros_warehouse:/home/luis-a/panda_ws/install/moveit_ros_robot_interaction:/home/luis-a/panda_ws/install/moveit_planners_ompl:/home/luis-a/panda_ws/install/moveit_kinematics:/home/luis-a/panda_ws/install/moveit_ros_planning:/home/luis-a/panda_ws/install/moveit_simple_controller_manager:/home/luis-a/panda_ws/install/moveit_ros_occupancy_map_monitor:/home/luis-a/panda_ws/install/moveit_core:/home/luis-a/panda_ws/install/moveit_resources_panda_moveit_config:/home/luis-a/panda_ws/install/moveit_resources_fanuc_moveit_config:/home/luis-a/panda_ws/install/moveit_configs_utils:/home/luis-a/panda_ws/install/srdfdom:/home/luis-a/panda_ws/install/moveit_resources_pr2_description:/home/luis-a/panda_ws/install/moveit_resources_panda_description:/home/luis-a/panda_ws/install/moveit_resources_fanuc_description:/home/luis-a/panda_ws/install/moveit_common:/home/luis-a/panda_ws/install/launch_param_builder:${AMENT_PREFIX_PATH} CMAKE_PREFIX_PATH=/home/luis-a/panda_ws/install/moveit_setup_srdf_plugins:/home/luis-a/panda_ws/install/moveit_setup_core_plugins:/home/luis-a/panda_ws/install/moveit_setup_controllers:/home/luis-a/panda_ws/install/moveit_setup_app_plugins:/home/luis-a/panda_ws/install/moveit_setup_framework:/home/luis-a/panda_ws/install/moveit_ros_visualization:/home/luis-a/panda_ws/install/moveit_ros_planning_interface:/home/luis-a/panda_ws/install/moveit_ros_move_group:/home/luis-a/panda_ws/install/moveit_ros_warehouse:/home/luis-a/panda_ws/install/moveit_ros_robot_interaction:/home/luis-a/panda_ws/install/moveit_planners_ompl:/home/luis-a/panda_ws/install/moveit_kinematics:/home/luis-a/panda_ws/install/moveit_ros_planning:/home/luis-a/panda_ws/install/moveit_simple_controller_manager:/home/luis-a/panda_ws/install/moveit_ros_occupancy_map_monitor:/home/luis-a/panda_ws/install/moveit_core:/home/luis-a/panda_ws/install/moveit_resources_panda_moveit_config:/home/luis-a/panda_ws/install/moveit_resources_fanuc_moveit_config:/home/luis-a/panda_ws/install/srdfdom:/home/luis-a/panda_ws/install/moveit_resources_pr2_description:/home/luis-a/panda_ws/install/moveit_resources_panda_description:/home/luis-a/panda_ws/install/moveit_resources_fanuc_description:/home/luis-a/panda_ws/install/moveit_common:/opt/ros/humble LD_LIBRARY_PATH=/home/luis-a/panda_ws/install/moveit_setup_srdf_plugins/lib:/home/luis-a/panda_ws/install/moveit_setup_core_plugins/lib:/home/luis-a/panda_ws/install/moveit_setup_controllers/lib:/home/luis-a/panda_ws/install/moveit_setup_app_plugins/lib:/home/luis-a/panda_ws/install/moveit_setup_framework/lib:/home/luis-a/panda_ws/install/moveit_ros_visualization/lib:/home/luis-a/panda_ws/install/moveit_ros_planning_interface/lib:/home/luis-a/panda_ws/install/moveit_ros_move_group/lib:/home/luis-a/panda_ws/install/moveit_ros_warehouse/lib:/home/luis-a/panda_ws/install/moveit_ros_robot_interaction/lib:/home/luis-a/panda_ws/install/moveit_planners_ompl/lib:/home/luis-a/panda_ws/install/moveit_kinematics/lib:/home/luis-a/panda_ws/install/moveit_ros_planning/lib:/home/luis-a/panda_ws/install/moveit_simple_controller_manager/lib:/home/luis-a/panda_ws/install/moveit_ros_occupancy_map_monitor/lib:/home/luis-a/panda_ws/install/moveit_core/lib:/home/luis-a/panda_ws/install/srdfdom/lib:${LD_LIBRARY_PATH} PATH=/home/luis-a/panda_ws/install/moveit_core/bin:${PATH} PYTHONPATH=/home/luis-a/panda_ws/install/moveit_configs_utils/lib/python3.10/site-packages:/home/luis-a/panda_ws/install/srdfdom/local/lib/python3.10/dist-packages:/home/luis-a/panda_ws/install/launch_param_builder/lib/python3.10/site-packages:${PYTHONPATH} /usr/bin/cmake --build /home/luis-a/panda_ws/build/moveit_setup_assistant -- -j32 -l32
[12.223s] Invoking command in '/home/luis-a/panda_ws/build/moveit_setup_assistant': AMENT_PREFIX_PATH=/home/luis-a/panda_ws/install/moveit_setup_srdf_plugins:/home/luis-a/panda_ws/install/moveit_setup_core_plugins:/home/luis-a/panda_ws/install/moveit_setup_controllers:/home/luis-a/panda_ws/install/moveit_setup_app_plugins:/home/luis-a/panda_ws/install/moveit_setup_framework:/home/luis-a/panda_ws/install/moveit_ros_visualization:/home/luis-a/panda_ws/install/moveit_ros_planning_interface:/home/luis-a/panda_ws/install/moveit_ros_move_group:/home/luis-a/panda_ws/install/moveit_ros_warehouse:/home/luis-a/panda_ws/install/moveit_ros_robot_interaction:/home/luis-a/panda_ws/install/moveit_planners_ompl:/home/luis-a/panda_ws/install/moveit_kinematics:/home/luis-a/panda_ws/install/moveit_ros_planning:/home/luis-a/panda_ws/install/moveit_simple_controller_manager:/home/luis-a/panda_ws/install/moveit_ros_occupancy_map_monitor:/home/luis-a/panda_ws/install/moveit_core:/home/luis-a/panda_ws/install/moveit_resources_panda_moveit_config:/home/luis-a/panda_ws/install/moveit_resources_fanuc_moveit_config:/home/luis-a/panda_ws/install/moveit_configs_utils:/home/luis-a/panda_ws/install/srdfdom:/home/luis-a/panda_ws/install/moveit_resources_pr2_description:/home/luis-a/panda_ws/install/moveit_resources_panda_description:/home/luis-a/panda_ws/install/moveit_resources_fanuc_description:/home/luis-a/panda_ws/install/moveit_common:/home/luis-a/panda_ws/install/launch_param_builder:${AMENT_PREFIX_PATH} CMAKE_PREFIX_PATH=/home/luis-a/panda_ws/install/moveit_setup_srdf_plugins:/home/luis-a/panda_ws/install/moveit_setup_core_plugins:/home/luis-a/panda_ws/install/moveit_setup_controllers:/home/luis-a/panda_ws/install/moveit_setup_app_plugins:/home/luis-a/panda_ws/install/moveit_setup_framework:/home/luis-a/panda_ws/install/moveit_ros_visualization:/home/luis-a/panda_ws/install/moveit_ros_planning_interface:/home/luis-a/panda_ws/install/moveit_ros_move_group:/home/luis-a/panda_ws/install/moveit_ros_warehouse:/home/luis-a/panda_ws/install/moveit_ros_robot_interaction:/home/luis-a/panda_ws/install/moveit_planners_ompl:/home/luis-a/panda_ws/install/moveit_kinematics:/home/luis-a/panda_ws/install/moveit_ros_planning:/home/luis-a/panda_ws/install/moveit_simple_controller_manager:/home/luis-a/panda_ws/install/moveit_ros_occupancy_map_monitor:/home/luis-a/panda_ws/install/moveit_core:/home/luis-a/panda_ws/install/moveit_resources_panda_moveit_config:/home/luis-a/panda_ws/install/moveit_resources_fanuc_moveit_config:/home/luis-a/panda_ws/install/srdfdom:/home/luis-a/panda_ws/install/moveit_resources_pr2_description:/home/luis-a/panda_ws/install/moveit_resources_panda_description:/home/luis-a/panda_ws/install/moveit_resources_fanuc_description:/home/luis-a/panda_ws/install/moveit_common:/opt/ros/humble LD_LIBRARY_PATH=/home/luis-a/panda_ws/install/moveit_setup_srdf_plugins/lib:/home/luis-a/panda_ws/install/moveit_setup_core_plugins/lib:/home/luis-a/panda_ws/install/moveit_setup_controllers/lib:/home/luis-a/panda_ws/install/moveit_setup_app_plugins/lib:/home/luis-a/panda_ws/install/moveit_setup_framework/lib:/home/luis-a/panda_ws/install/moveit_ros_visualization/lib:/home/luis-a/panda_ws/install/moveit_ros_planning_interface/lib:/home/luis-a/panda_ws/install/moveit_ros_move_group/lib:/home/luis-a/panda_ws/install/moveit_ros_warehouse/lib:/home/luis-a/panda_ws/install/moveit_ros_robot_interaction/lib:/home/luis-a/panda_ws/install/moveit_planners_ompl/lib:/home/luis-a/panda_ws/install/moveit_kinematics/lib:/home/luis-a/panda_ws/install/moveit_ros_planning/lib:/home/luis-a/panda_ws/install/moveit_simple_controller_manager/lib:/home/luis-a/panda_ws/install/moveit_ros_occupancy_map_monitor/lib:/home/luis-a/panda_ws/install/moveit_core/lib:/home/luis-a/panda_ws/install/srdfdom/lib:${LD_LIBRARY_PATH} PATH=/home/luis-a/panda_ws/install/moveit_core/bin:${PATH} PYTHONPATH=/home/luis-a/panda_ws/install/moveit_configs_utils/lib/python3.10/site-packages:/home/luis-a/panda_ws/install/srdfdom/local/lib/python3.10/dist-packages:/home/luis-a/panda_ws/install/launch_param_builder/lib/python3.10/site-packages:${PYTHONPATH} /usr/bin/cmake --install /home/luis-a/panda_ws/build/moveit_setup_assistant
[12.228s] -- Install configuration: "Release"
[12.228s] -- Installing: /home/luis-a/panda_ws/install/moveit_setup_assistant/lib/moveit_setup_assistant/moveit_setup_assistant
[12.229s] -- Set runtime path of "/home/luis-a/panda_ws/install/moveit_setup_assistant/lib/moveit_setup_assistant/moveit_setup_assistant" to ""
[12.229s] -- Installing: /home/luis-a/panda_ws/install/moveit_setup_assistant/lib/moveit_setup_assistant/collisions_updater
[12.230s] -- Set runtime path of "/home/luis-a/panda_ws/install/moveit_setup_assistant/lib/moveit_setup_assistant/collisions_updater" to ""
[12.230s] -- Installing: /home/luis-a/panda_ws/install/moveit_setup_assistant/include
[12.230s] -- Installing: /home/luis-a/panda_ws/install/moveit_setup_assistant/include/moveit_setup_assistant
[12.230s] -- Installing: /home/luis-a/panda_ws/install/moveit_setup_assistant/include/moveit_setup_assistant/navigation_widget.hpp
[12.230s] -- Installing: /home/luis-a/panda_ws/install/moveit_setup_assistant/include/moveit_setup_assistant/setup_assistant_widget.hpp
[12.230s] -- Installing: /home/luis-a/panda_ws/install/moveit_setup_assistant/share/moveit_setup_assistant/launch
[12.230s] -- Installing: /home/luis-a/panda_ws/install/moveit_setup_assistant/share/moveit_setup_assistant/launch/setup_assistant.launch.py
[12.230s] -- Installing: /home/luis-a/panda_ws/install/moveit_setup_assistant/share/moveit_setup_assistant/resources
[12.230s] -- Installing: /home/luis-a/panda_ws/install/moveit_setup_assistant/share/moveit_setup_assistant/resources/MoveIt_Setup_Assistant2.png
[12.230s] -- Installing: /home/luis-a/panda_ws/install/moveit_setup_assistant/share/moveit_setup_assistant/environment/library_path.sh
[12.230s] -- Installing: /home/luis-a/panda_ws/install/moveit_setup_assistant/share/moveit_setup_assistant/environment/library_path.dsv
[12.230s] -- Installing: /home/luis-a/panda_ws/install/moveit_setup_assistant/share/ament_index/resource_index/package_run_dependencies/moveit_setup_assistant
[12.231s] -- Installing: /home/luis-a/panda_ws/install/moveit_setup_assistant/share/ament_index/resource_index/parent_prefix_path/moveit_setup_assistant
[12.231s] -- Installing: /home/luis-a/panda_ws/install/moveit_setup_assistant/share/moveit_setup_assistant/environment/ament_prefix_path.sh
[12.231s] -- Installing: /home/luis-a/panda_ws/install/moveit_setup_assistant/share/moveit_setup_assistant/environment/ament_prefix_path.dsv
[12.231s] -- Installing: /home/luis-a/panda_ws/install/moveit_setup_assistant/share/moveit_setup_assistant/environment/path.sh
[12.231s] -- Installing: /home/luis-a/panda_ws/install/moveit_setup_assistant/share/moveit_setup_assistant/environment/path.dsv
[12.231s] -- Installing: /home/luis-a/panda_ws/install/moveit_setup_assistant/share/moveit_setup_assistant/local_setup.bash
[12.231s] -- Installing: /home/luis-a/panda_ws/install/moveit_setup_assistant/share/moveit_setup_assistant/local_setup.sh
[12.231s] -- Installing: /home/luis-a/panda_ws/install/moveit_setup_assistant/share/moveit_setup_assistant/local_setup.zsh
[12.231s] -- Installing: /home/luis-a/panda_ws/install/moveit_setup_assistant/share/moveit_setup_assistant/local_setup.dsv
[12.231s] -- Installing: /home/luis-a/panda_ws/install/moveit_setup_assistant/share/moveit_setup_assistant/package.dsv
[12.231s] -- Installing: /home/luis-a/panda_ws/install/moveit_setup_assistant/share/ament_index/resource_index/packages/moveit_setup_assistant
[12.231s] -- Installing: /home/luis-a/panda_ws/install/moveit_setup_assistant/share/moveit_setup_assistant/cmake/moveit_setup_assistantTargetsExport.cmake
[12.232s] -- Installing: /home/luis-a/panda_ws/install/moveit_setup_assistant/share/moveit_setup_assistant/cmake/moveit_setup_assistantTargetsExport-release.cmake
[12.232s] -- Installing: /home/luis-a/panda_ws/install/moveit_setup_assistant/share/moveit_setup_assistant/cmake/ament_cmake_export_include_directories-extras.cmake
[12.232s] -- Installing: /home/luis-a/panda_ws/install/moveit_setup_assistant/share/moveit_setup_assistant/cmake/ament_cmake_export_targets-extras.cmake
[12.232s] -- Installing: /home/luis-a/panda_ws/install/moveit_setup_assistant/share/moveit_setup_assistant/cmake/ament_cmake_export_dependencies-extras.cmake
[12.232s] -- Installing: /home/luis-a/panda_ws/install/moveit_setup_assistant/share/moveit_setup_assistant/cmake/moveit_setup_assistantConfig.cmake
[12.232s] -- Installing: /home/luis-a/panda_ws/install/moveit_setup_assistant/share/moveit_setup_assistant/cmake/moveit_setup_assistantConfig-version.cmake
[12.232s] -- Installing: /home/luis-a/panda_ws/install/moveit_setup_assistant/share/moveit_setup_assistant/package.xml
[12.233s] Invoked command in '/home/luis-a/panda_ws/build/moveit_setup_assistant' returned '0': AMENT_PREFIX_PATH=/home/luis-a/panda_ws/install/moveit_setup_srdf_plugins:/home/luis-a/panda_ws/install/moveit_setup_core_plugins:/home/luis-a/panda_ws/install/moveit_setup_controllers:/home/luis-a/panda_ws/install/moveit_setup_app_plugins:/home/luis-a/panda_ws/install/moveit_setup_framework:/home/luis-a/panda_ws/install/moveit_ros_visualization:/home/luis-a/panda_ws/install/moveit_ros_planning_interface:/home/luis-a/panda_ws/install/moveit_ros_move_group:/home/luis-a/panda_ws/install/moveit_ros_warehouse:/home/luis-a/panda_ws/install/moveit_ros_robot_interaction:/home/luis-a/panda_ws/install/moveit_planners_ompl:/home/luis-a/panda_ws/install/moveit_kinematics:/home/luis-a/panda_ws/install/moveit_ros_planning:/home/luis-a/panda_ws/install/moveit_simple_controller_manager:/home/luis-a/panda_ws/install/moveit_ros_occupancy_map_monitor:/home/luis-a/panda_ws/install/moveit_core:/home/luis-a/panda_ws/install/moveit_resources_panda_moveit_config:/home/luis-a/panda_ws/install/moveit_resources_fanuc_moveit_config:/home/luis-a/panda_ws/install/moveit_configs_utils:/home/luis-a/panda_ws/install/srdfdom:/home/luis-a/panda_ws/install/moveit_resources_pr2_description:/home/luis-a/panda_ws/install/moveit_resources_panda_description:/home/luis-a/panda_ws/install/moveit_resources_fanuc_description:/home/luis-a/panda_ws/install/moveit_common:/home/luis-a/panda_ws/install/launch_param_builder:${AMENT_PREFIX_PATH} CMAKE_PREFIX_PATH=/home/luis-a/panda_ws/install/moveit_setup_srdf_plugins:/home/luis-a/panda_ws/install/moveit_setup_core_plugins:/home/luis-a/panda_ws/install/moveit_setup_controllers:/home/luis-a/panda_ws/install/moveit_setup_app_plugins:/home/luis-a/panda_ws/install/moveit_setup_framework:/home/luis-a/panda_ws/install/moveit_ros_visualization:/home/luis-a/panda_ws/install/moveit_ros_planning_interface:/home/luis-a/panda_ws/install/moveit_ros_move_group:/home/luis-a/panda_ws/install/moveit_ros_warehouse:/home/luis-a/panda_ws/install/moveit_ros_robot_interaction:/home/luis-a/panda_ws/install/moveit_planners_ompl:/home/luis-a/panda_ws/install/moveit_kinematics:/home/luis-a/panda_ws/install/moveit_ros_planning:/home/luis-a/panda_ws/install/moveit_simple_controller_manager:/home/luis-a/panda_ws/install/moveit_ros_occupancy_map_monitor:/home/luis-a/panda_ws/install/moveit_core:/home/luis-a/panda_ws/install/moveit_resources_panda_moveit_config:/home/luis-a/panda_ws/install/moveit_resources_fanuc_moveit_config:/home/luis-a/panda_ws/install/srdfdom:/home/luis-a/panda_ws/install/moveit_resources_pr2_description:/home/luis-a/panda_ws/install/moveit_resources_panda_description:/home/luis-a/panda_ws/install/moveit_resources_fanuc_description:/home/luis-a/panda_ws/install/moveit_common:/opt/ros/humble LD_LIBRARY_PATH=/home/luis-a/panda_ws/install/moveit_setup_srdf_plugins/lib:/home/luis-a/panda_ws/install/moveit_setup_core_plugins/lib:/home/luis-a/panda_ws/install/moveit_setup_controllers/lib:/home/luis-a/panda_ws/install/moveit_setup_app_plugins/lib:/home/luis-a/panda_ws/install/moveit_setup_framework/lib:/home/luis-a/panda_ws/install/moveit_ros_visualization/lib:/home/luis-a/panda_ws/install/moveit_ros_planning_interface/lib:/home/luis-a/panda_ws/install/moveit_ros_move_group/lib:/home/luis-a/panda_ws/install/moveit_ros_warehouse/lib:/home/luis-a/panda_ws/install/moveit_ros_robot_interaction/lib:/home/luis-a/panda_ws/install/moveit_planners_ompl/lib:/home/luis-a/panda_ws/install/moveit_kinematics/lib:/home/luis-a/panda_ws/install/moveit_ros_planning/lib:/home/luis-a/panda_ws/install/moveit_simple_controller_manager/lib:/home/luis-a/panda_ws/install/moveit_ros_occupancy_map_monitor/lib:/home/luis-a/panda_ws/install/moveit_core/lib:/home/luis-a/panda_ws/install/srdfdom/lib:${LD_LIBRARY_PATH} PATH=/home/luis-a/panda_ws/install/moveit_core/bin:${PATH} PYTHONPATH=/home/luis-a/panda_ws/install/moveit_configs_utils/lib/python3.10/site-packages:/home/luis-a/panda_ws/install/srdfdom/local/lib/python3.10/dist-packages:/home/luis-a/panda_ws/install/launch_param_builder/lib/python3.10/site-packages:${PYTHONPATH} /usr/bin/cmake --install /home/luis-a/panda_ws/build/moveit_setup_assistant
