[0.019s] Invoking command in '/home/luis-a/panda_ws/build/moveit_common': CMAKE_PREFIX_PATH=/opt/ros/humble /usr/bin/cmake /home/luis-a/panda_ws/src/moveit2/moveit_common -DCMAKE_BUILD_TYPE=Release -DCMAKE_INSTALL_PREFIX=/home/luis-a/panda_ws/install/moveit_common
[0.148s] -- Found ament_cmake: 1.3.10 (/opt/ros/humble/share/ament_cmake/cmake)
[0.148s] -- Found Python3: /usr/bin/python3 (found version "3.10.12") found components: Interpreter 
[0.168s] -- Found ament_lint_auto: 0.12.11 (/opt/ros/humble/share/ament_lint_auto/cmake)
[0.216s] -- Added test 'copyright' to check source files copyright and LICENSE
[0.217s] -- Added test 'lint_cmake' to check CMake code style
[0.218s] -- Added test 'xmllint' to check XML markup files
[0.219s] -- Configuring done
[0.221s] -- Generating done
[0.222s] -- Build files have been written to: /home/luis-a/panda_ws/build/moveit_common
[0.224s] Invoked command in '/home/luis-a/panda_ws/build/moveit_common' returned '0': CMAKE_PREFIX_PATH=/opt/ros/humble /usr/bin/cmake /home/luis-a/panda_ws/src/moveit2/moveit_common -DCMAKE_BUILD_TYPE=Release -DCMAKE_INSTALL_PREFIX=/home/luis-a/panda_ws/install/moveit_common
[0.225s] Invoking command in '/home/luis-a/panda_ws/build/moveit_common': CMAKE_PREFIX_PATH=/opt/ros/humble /usr/bin/cmake --build /home/luis-a/panda_ws/build/moveit_common -- -j32 -l32
[0.249s] Invoked command in '/home/luis-a/panda_ws/build/moveit_common' returned '0': CMAKE_PREFIX_PATH=/opt/ros/humble /usr/bin/cmake --build /home/luis-a/panda_ws/build/moveit_common -- -j32 -l32
[0.270s] Invoking command in '/home/luis-a/panda_ws/build/moveit_common': CMAKE_PREFIX_PATH=/opt/ros/humble /usr/bin/cmake --install /home/luis-a/panda_ws/build/moveit_common
[0.274s] -- Install configuration: "Release"
[0.275s] -- Installing: /home/luis-a/panda_ws/install/moveit_common/share/ament_index/resource_index/package_run_dependencies/moveit_common
[0.275s] -- Installing: /home/luis-a/panda_ws/install/moveit_common/share/ament_index/resource_index/parent_prefix_path/moveit_common
[0.275s] -- Installing: /home/luis-a/panda_ws/install/moveit_common/share/moveit_common/environment/ament_prefix_path.sh
[0.275s] -- Installing: /home/luis-a/panda_ws/install/moveit_common/share/moveit_common/environment/ament_prefix_path.dsv
[0.275s] -- Installing: /home/luis-a/panda_ws/install/moveit_common/share/moveit_common/environment/path.sh
[0.275s] -- Installing: /home/luis-a/panda_ws/install/moveit_common/share/moveit_common/environment/path.dsv
[0.275s] -- Installing: /home/luis-a/panda_ws/install/moveit_common/share/moveit_common/local_setup.bash
[0.275s] -- Installing: /home/luis-a/panda_ws/install/moveit_common/share/moveit_common/local_setup.sh
[0.275s] -- Installing: /home/luis-a/panda_ws/install/moveit_common/share/moveit_common/local_setup.zsh
[0.275s] -- Installing: /home/luis-a/panda_ws/install/moveit_common/share/moveit_common/local_setup.dsv
[0.276s] -- Installing: /home/luis-a/panda_ws/install/moveit_common/share/moveit_common/package.dsv
[0.276s] -- Installing: /home/luis-a/panda_ws/install/moveit_common/share/ament_index/resource_index/packages/moveit_common
[0.276s] -- Installing: /home/luis-a/panda_ws/install/moveit_common/share/moveit_common/cmake/moveit_common-extras.cmake
[0.276s] -- Installing: /home/luis-a/panda_ws/install/moveit_common/share/moveit_common/cmake/moveit_commonConfig.cmake
[0.276s] -- Installing: /home/luis-a/panda_ws/install/moveit_common/share/moveit_common/cmake/moveit_commonConfig-version.cmake
[0.276s] -- Installing: /home/luis-a/panda_ws/install/moveit_common/share/moveit_common/package.xml
[0.276s] -- Up-to-date: /home/luis-a/panda_ws/install/moveit_common/share/moveit_common/cmake
[0.276s] -- Installing: /home/luis-a/panda_ws/install/moveit_common/share/moveit_common/cmake/moveit_package.cmake
[0.278s] Invoked command in '/home/luis-a/panda_ws/build/moveit_common' returned '0': CMAKE_PREFIX_PATH=/opt/ros/humble /usr/bin/cmake --install /home/luis-a/panda_ws/build/moveit_common
