[0.137s] Invoking command in '/home/luis-a/panda_ws/build/moveit_resources_fanuc_description': CMAKE_PREFIX_PATH=/opt/ros/humble /usr/bin/cmake /home/luis-a/panda_ws/src/moveit_resources/fanuc_description -DCMAKE_BUILD_TYPE=Release -DCMAKE_INSTALL_PREFIX=/home/luis-a/panda_ws/install/moveit_resources_fanuc_description
[0.170s] -- The C compiler identification is GNU 11.4.0
[0.205s] -- The CXX compiler identification is GNU 11.4.0
[0.209s] -- Detecting C compiler ABI info
[0.254s] -- Detecting C compiler ABI info - done
[0.258s] -- Check for working C compiler: /usr/bin/cc - skipped
[0.258s] -- Detecting C compile features
[0.258s] -- Detecting C compile features - done
[0.260s] -- Detecting CXX compiler ABI info
[0.310s] -- Detecting CXX compiler ABI info - done
[0.314s] -- Check for working CXX compiler: /usr/bin/c++ - skipped
[0.315s] -- Detecting CXX compile features
[0.315s] -- Detecting CXX compile features - done
[0.316s] -- Found ament_cmake: 1.3.10 (/opt/ros/humble/share/ament_cmake/cmake)
[0.401s] -- Found Python3: /usr/bin/python3 (found version "3.10.12") found components: Interpreter 
[0.477s] -- Configuring done
[0.478s] -- Generating done
[0.478s] -- Build files have been written to: /home/luis-a/panda_ws/build/moveit_resources_fanuc_description
[0.481s] Invoked command in '/home/luis-a/panda_ws/build/moveit_resources_fanuc_description' returned '0': CMAKE_PREFIX_PATH=/opt/ros/humble /usr/bin/cmake /home/luis-a/panda_ws/src/moveit_resources/fanuc_description -DCMAKE_BUILD_TYPE=Release -DCMAKE_INSTALL_PREFIX=/home/luis-a/panda_ws/install/moveit_resources_fanuc_description
[0.482s] Invoking command in '/home/luis-a/panda_ws/build/moveit_resources_fanuc_description': CMAKE_PREFIX_PATH=/opt/ros/humble /usr/bin/cmake --build /home/luis-a/panda_ws/build/moveit_resources_fanuc_description -- -j32 -l32
[0.506s] Invoked command in '/home/luis-a/panda_ws/build/moveit_resources_fanuc_description' returned '0': CMAKE_PREFIX_PATH=/opt/ros/humble /usr/bin/cmake --build /home/luis-a/panda_ws/build/moveit_resources_fanuc_description -- -j32 -l32
[0.520s] Invoking command in '/home/luis-a/panda_ws/build/moveit_resources_fanuc_description': CMAKE_PREFIX_PATH=/opt/ros/humble /usr/bin/cmake --install /home/luis-a/panda_ws/build/moveit_resources_fanuc_description
[0.525s] -- Install configuration: "Release"
[0.525s] -- Installing: /home/luis-a/panda_ws/install/moveit_resources_fanuc_description/share/ament_index/resource_index/package_run_dependencies/moveit_resources_fanuc_description
[0.525s] -- Installing: /home/luis-a/panda_ws/install/moveit_resources_fanuc_description/share/ament_index/resource_index/parent_prefix_path/moveit_resources_fanuc_description
[0.526s] -- Installing: /home/luis-a/panda_ws/install/moveit_resources_fanuc_description/share/moveit_resources_fanuc_description/environment/ament_prefix_path.sh
[0.526s] -- Installing: /home/luis-a/panda_ws/install/moveit_resources_fanuc_description/share/moveit_resources_fanuc_description/environment/ament_prefix_path.dsv
[0.526s] -- Installing: /home/luis-a/panda_ws/install/moveit_resources_fanuc_description/share/moveit_resources_fanuc_description/environment/path.sh
[0.526s] -- Installing: /home/luis-a/panda_ws/install/moveit_resources_fanuc_description/share/moveit_resources_fanuc_description/environment/path.dsv
[0.526s] -- Installing: /home/luis-a/panda_ws/install/moveit_resources_fanuc_description/share/moveit_resources_fanuc_description/local_setup.bash
[0.526s] -- Installing: /home/luis-a/panda_ws/install/moveit_resources_fanuc_description/share/moveit_resources_fanuc_description/local_setup.sh
[0.526s] -- Installing: /home/luis-a/panda_ws/install/moveit_resources_fanuc_description/share/moveit_resources_fanuc_description/local_setup.zsh
[0.526s] -- Installing: /home/luis-a/panda_ws/install/moveit_resources_fanuc_description/share/moveit_resources_fanuc_description/local_setup.dsv
[0.526s] -- Installing: /home/luis-a/panda_ws/install/moveit_resources_fanuc_description/share/moveit_resources_fanuc_description/package.dsv
[0.526s] -- Installing: /home/luis-a/panda_ws/install/moveit_resources_fanuc_description/share/ament_index/resource_index/packages/moveit_resources_fanuc_description
[0.526s] -- Installing: /home/luis-a/panda_ws/install/moveit_resources_fanuc_description/share/moveit_resources_fanuc_description/cmake/moveit_resources_fanuc_descriptionConfig.cmake
[0.526s] -- Installing: /home/luis-a/panda_ws/install/moveit_resources_fanuc_description/share/moveit_resources_fanuc_description/cmake/moveit_resources_fanuc_descriptionConfig-version.cmake
[0.527s] -- Installing: /home/luis-a/panda_ws/install/moveit_resources_fanuc_description/share/moveit_resources_fanuc_description/package.xml
[0.527s] -- Installing: /home/luis-a/panda_ws/install/moveit_resources_fanuc_description/share/moveit_resources_fanuc_description/meshes
[0.527s] -- Installing: /home/luis-a/panda_ws/install/moveit_resources_fanuc_description/share/moveit_resources_fanuc_description/meshes/collision
[0.527s] -- Installing: /home/luis-a/panda_ws/install/moveit_resources_fanuc_description/share/moveit_resources_fanuc_description/meshes/collision/base_link.stl
[0.527s] -- Installing: /home/luis-a/panda_ws/install/moveit_resources_fanuc_description/share/moveit_resources_fanuc_description/meshes/collision/link_1.stl
[0.527s] -- Installing: /home/luis-a/panda_ws/install/moveit_resources_fanuc_description/share/moveit_resources_fanuc_description/meshes/collision/link_4.stl
[0.527s] -- Installing: /home/luis-a/panda_ws/install/moveit_resources_fanuc_description/share/moveit_resources_fanuc_description/meshes/collision/link_6.stl
[0.527s] -- Installing: /home/luis-a/panda_ws/install/moveit_resources_fanuc_description/share/moveit_resources_fanuc_description/meshes/collision/link_2.stl
[0.527s] -- Installing: /home/luis-a/panda_ws/install/moveit_resources_fanuc_description/share/moveit_resources_fanuc_description/meshes/collision/link_3.stl
[0.527s] -- Installing: /home/luis-a/panda_ws/install/moveit_resources_fanuc_description/share/moveit_resources_fanuc_description/meshes/collision/link_5.stl
[0.528s] -- Installing: /home/luis-a/panda_ws/install/moveit_resources_fanuc_description/share/moveit_resources_fanuc_description/meshes/visual
[0.528s] -- Installing: /home/luis-a/panda_ws/install/moveit_resources_fanuc_description/share/moveit_resources_fanuc_description/meshes/visual/base_link.stl
[0.528s] -- Installing: /home/luis-a/panda_ws/install/moveit_resources_fanuc_description/share/moveit_resources_fanuc_description/meshes/visual/link_1.stl
[0.528s] -- Installing: /home/luis-a/panda_ws/install/moveit_resources_fanuc_description/share/moveit_resources_fanuc_description/meshes/visual/link_4.stl
[0.528s] -- Installing: /home/luis-a/panda_ws/install/moveit_resources_fanuc_description/share/moveit_resources_fanuc_description/meshes/visual/link_6.stl
[0.528s] -- Installing: /home/luis-a/panda_ws/install/moveit_resources_fanuc_description/share/moveit_resources_fanuc_description/meshes/visual/link_2.stl
[0.528s] -- Installing: /home/luis-a/panda_ws/install/moveit_resources_fanuc_description/share/moveit_resources_fanuc_description/meshes/visual/link_3.stl
[0.528s] -- Installing: /home/luis-a/panda_ws/install/moveit_resources_fanuc_description/share/moveit_resources_fanuc_description/meshes/visual/link_5.stl
[0.528s] -- Installing: /home/luis-a/panda_ws/install/moveit_resources_fanuc_description/share/moveit_resources_fanuc_description/urdf
[0.528s] -- Installing: /home/luis-a/panda_ws/install/moveit_resources_fanuc_description/share/moveit_resources_fanuc_description/urdf/fanuc.urdf
[0.530s] Invoked command in '/home/luis-a/panda_ws/build/moveit_resources_fanuc_description' returned '0': CMAKE_PREFIX_PATH=/opt/ros/humble /usr/bin/cmake --install /home/luis-a/panda_ws/build/moveit_resources_fanuc_description
