[0.010s] Invoking command in '/home/luis-a/panda_ws/build/moveit_planners_chomp': AMENT_PREFIX_PATH=/home/luis-a/panda_ws/install/chomp_motion_planner:/home/luis-a/panda_ws/install/moveit_core:/home/luis-a/panda_ws/install/moveit_resources_panda_moveit_config:/home/luis-a/panda_ws/install/srdfdom:/home/luis-a/panda_ws/install/moveit_resources_pr2_description:/home/luis-a/panda_ws/install/moveit_resources_panda_description:/home/luis-a/panda_ws/install/moveit_common:${AMENT_PREFIX_PATH} CMAKE_PREFIX_PATH=/home/luis-a/panda_ws/install/chomp_motion_planner:/home/luis-a/panda_ws/install/moveit_core:/home/luis-a/panda_ws/install/moveit_resources_panda_moveit_config:/home/luis-a/panda_ws/install/srdfdom:/home/luis-a/panda_ws/install/moveit_resources_pr2_description:/home/luis-a/panda_ws/install/moveit_resources_panda_description:/home/luis-a/panda_ws/install/moveit_common:/opt/ros/humble LD_LIBRARY_PATH=/home/luis-a/panda_ws/install/chomp_motion_planner/lib:/home/luis-a/panda_ws/install/moveit_core/lib:/home/luis-a/panda_ws/install/srdfdom/lib:${LD_LIBRARY_PATH} PATH=/home/luis-a/panda_ws/install/moveit_core/bin:${PATH} PYTHONPATH=/home/luis-a/panda_ws/install/srdfdom/local/lib/python3.10/dist-packages:${PYTHONPATH} /usr/bin/cmake /home/luis-a/panda_ws/src/moveit2/moveit_planners/chomp/chomp_interface -DCMAKE_BUILD_TYPE=Release -DCMAKE_INSTALL_PREFIX=/home/luis-a/panda_ws/install/moveit_planners_chomp
[0.041s] -- The C compiler identification is GNU 11.4.0
[0.072s] -- The CXX compiler identification is GNU 11.4.0
[0.077s] -- Detecting C compiler ABI info
[0.119s] -- Detecting C compiler ABI info - done
[0.122s] -- Check for working C compiler: /usr/bin/cc - skipped
[0.123s] -- Detecting C compile features
[0.123s] -- Detecting C compile features - done
[0.124s] -- Detecting CXX compiler ABI info
[0.171s] -- Detecting CXX compiler ABI info - done
[0.174s] -- Check for working CXX compiler: /usr/bin/c++ - skipped
[0.175s] -- Detecting CXX compile features
[0.175s] -- Detecting CXX compile features - done
[0.176s] -- Found moveit_common: 2.5.6 (/home/luis-a/panda_ws/install/moveit_common/share/moveit_common/cmake)
[0.177s] -- Found ament_cmake: 1.3.10 (/opt/ros/humble/share/ament_cmake/cmake)
[0.253s] -- Found Python3: /usr/bin/python3 (found version "3.10.12") found components: Interpreter 
[0.331s] -- Found moveit_core: 2.5.6 (/home/luis-a/panda_ws/install/moveit_core/share/moveit_core/cmake)
[0.433s] -- Found Boost: /usr/lib/x86_64-linux-gnu/cmake/Boost-1.74.0/BoostConfig.cmake (found version "1.74.0") found components: chrono date_time filesystem iostreams program_options regex serialization system thread 
[0.464s] -- Found parameter_traits: 0.3.9 (/opt/ros/humble/share/parameter_traits/cmake)
[0.487s] -- Found rosidl_generator_c: 3.1.5 (/opt/ros/humble/share/rosidl_generator_c/cmake)
[0.491s] -- Found rosidl_adapter: 3.1.5 (/opt/ros/humble/share/rosidl_adapter/cmake)
[0.496s] -- Found rosidl_generator_cpp: 3.1.5 (/opt/ros/humble/share/rosidl_generator_cpp/cmake)
[0.502s] -- Using all available rosidl_typesupport_c: rosidl_typesupport_fastrtps_c;rosidl_typesupport_introspection_c
[0.512s] -- Using all available rosidl_typesupport_cpp: rosidl_typesupport_fastrtps_cpp;rosidl_typesupport_introspection_cpp
[0.538s] -- Found rmw_implementation_cmake: 6.1.2 (/opt/ros/humble/share/rmw_implementation_cmake/cmake)
[0.539s] -- Found rmw_fastrtps_cpp: 6.2.7 (/opt/ros/humble/share/rmw_fastrtps_cpp/cmake)
[0.592s] -- Found OpenSSL: /usr/lib/x86_64-linux-gnu/libcrypto.so (found version "3.0.2")  
[0.605s] -- Found FastRTPS: /opt/ros/humble/include  
[0.628s] -- Using RMW implementation 'rmw_fastrtps_cpp' as default
[0.634s] -- Found Threads: TRUE  
[0.664s] -- Found Eigen3: TRUE (found version "3.4.0") 
[0.666s] -- Found rclcpp_lifecycle: 16.0.10 (/opt/ros/humble/share/rclcpp_lifecycle/cmake)
[0.679s] -- Found Boost: /usr/lib/x86_64-linux-gnu/cmake/Boost-1.74.0/BoostConfig.cmake (found version "1.74.0") found components: filesystem 
[0.741s] -- library: /usr/lib/x86_64-linux-gnu/libcurl.so
[0.776s] -- Ensuring Eigen3 include directory is part of orocos-kdl CMake target
[0.905s] -- Found chomp_motion_planner: 2.5.6 (/home/luis-a/panda_ws/install/chomp_motion_planner/share/chomp_motion_planner/cmake)
[0.910s] -- Found ament_lint_auto: 0.12.11 (/opt/ros/humble/share/ament_lint_auto/cmake)
[0.918s] -- Added test 'cppcheck' to perform static code analysis on C / C++ code
[0.918s] -- Configured cppcheck include dirs: /home/luis-a/panda_ws/src/moveit2/moveit_planners/chomp/chomp_interface/include
[0.918s] -- Configured cppcheck exclude dirs and/or files: 
[0.918s] -- Added test 'xmllint' to check XML markup files
[0.919s] -- Configuring done
[0.941s] -- Generating done
[0.942s] -- Build files have been written to: /home/luis-a/panda_ws/build/moveit_planners_chomp
[0.951s] Invoked command in '/home/luis-a/panda_ws/build/moveit_planners_chomp' returned '0': AMENT_PREFIX_PATH=/home/luis-a/panda_ws/install/chomp_motion_planner:/home/luis-a/panda_ws/install/moveit_core:/home/luis-a/panda_ws/install/moveit_resources_panda_moveit_config:/home/luis-a/panda_ws/install/srdfdom:/home/luis-a/panda_ws/install/moveit_resources_pr2_description:/home/luis-a/panda_ws/install/moveit_resources_panda_description:/home/luis-a/panda_ws/install/moveit_common:${AMENT_PREFIX_PATH} CMAKE_PREFIX_PATH=/home/luis-a/panda_ws/install/chomp_motion_planner:/home/luis-a/panda_ws/install/moveit_core:/home/luis-a/panda_ws/install/moveit_resources_panda_moveit_config:/home/luis-a/panda_ws/install/srdfdom:/home/luis-a/panda_ws/install/moveit_resources_pr2_description:/home/luis-a/panda_ws/install/moveit_resources_panda_description:/home/luis-a/panda_ws/install/moveit_common:/opt/ros/humble LD_LIBRARY_PATH=/home/luis-a/panda_ws/install/chomp_motion_planner/lib:/home/luis-a/panda_ws/install/moveit_core/lib:/home/luis-a/panda_ws/install/srdfdom/lib:${LD_LIBRARY_PATH} PATH=/home/luis-a/panda_ws/install/moveit_core/bin:${PATH} PYTHONPATH=/home/luis-a/panda_ws/install/srdfdom/local/lib/python3.10/dist-packages:${PYTHONPATH} /usr/bin/cmake /home/luis-a/panda_ws/src/moveit2/moveit_planners/chomp/chomp_interface -DCMAKE_BUILD_TYPE=Release -DCMAKE_INSTALL_PREFIX=/home/luis-a/panda_ws/install/moveit_planners_chomp
[0.952s] Invoking command in '/home/luis-a/panda_ws/build/moveit_planners_chomp': AMENT_PREFIX_PATH=/home/luis-a/panda_ws/install/chomp_motion_planner:/home/luis-a/panda_ws/install/moveit_core:/home/luis-a/panda_ws/install/moveit_resources_panda_moveit_config:/home/luis-a/panda_ws/install/srdfdom:/home/luis-a/panda_ws/install/moveit_resources_pr2_description:/home/luis-a/panda_ws/install/moveit_resources_panda_description:/home/luis-a/panda_ws/install/moveit_common:${AMENT_PREFIX_PATH} CMAKE_PREFIX_PATH=/home/luis-a/panda_ws/install/chomp_motion_planner:/home/luis-a/panda_ws/install/moveit_core:/home/luis-a/panda_ws/install/moveit_resources_panda_moveit_config:/home/luis-a/panda_ws/install/srdfdom:/home/luis-a/panda_ws/install/moveit_resources_pr2_description:/home/luis-a/panda_ws/install/moveit_resources_panda_description:/home/luis-a/panda_ws/install/moveit_common:/opt/ros/humble LD_LIBRARY_PATH=/home/luis-a/panda_ws/install/chomp_motion_planner/lib:/home/luis-a/panda_ws/install/moveit_core/lib:/home/luis-a/panda_ws/install/srdfdom/lib:${LD_LIBRARY_PATH} PATH=/home/luis-a/panda_ws/install/moveit_core/bin:${PATH} PYTHONPATH=/home/luis-a/panda_ws/install/srdfdom/local/lib/python3.10/dist-packages:${PYTHONPATH} /usr/bin/cmake --build /home/luis-a/panda_ws/build/moveit_planners_chomp -- -j32 -l32
[0.981s] [ 20%] [32mBuilding CXX object CMakeFiles/moveit_chomp_interface.dir/src/chomp_interface.cpp.o[0m
[0.981s] [ 40%] [32mBuilding CXX object CMakeFiles/moveit_chomp_interface.dir/src/chomp_planning_context.cpp.o[0m
[5.524s] [ 60%] [32m[1mLinking CXX shared library libmoveit_chomp_interface.so[0m
[5.629s] [ 60%] Built target moveit_chomp_interface
[5.646s] [ 80%] [32mBuilding CXX object CMakeFiles/moveit_chomp_planner_plugin.dir/src/chomp_plugin.cpp.o[0m
[11.642s] [100%] [32m[1mLinking CXX shared library libmoveit_chomp_planner_plugin.so[0m
[11.729s] [100%] Built target moveit_chomp_planner_plugin
[11.736s] Invoked command in '/home/luis-a/panda_ws/build/moveit_planners_chomp' returned '0': AMENT_PREFIX_PATH=/home/luis-a/panda_ws/install/chomp_motion_planner:/home/luis-a/panda_ws/install/moveit_core:/home/luis-a/panda_ws/install/moveit_resources_panda_moveit_config:/home/luis-a/panda_ws/install/srdfdom:/home/luis-a/panda_ws/install/moveit_resources_pr2_description:/home/luis-a/panda_ws/install/moveit_resources_panda_description:/home/luis-a/panda_ws/install/moveit_common:${AMENT_PREFIX_PATH} CMAKE_PREFIX_PATH=/home/luis-a/panda_ws/install/chomp_motion_planner:/home/luis-a/panda_ws/install/moveit_core:/home/luis-a/panda_ws/install/moveit_resources_panda_moveit_config:/home/luis-a/panda_ws/install/srdfdom:/home/luis-a/panda_ws/install/moveit_resources_pr2_description:/home/luis-a/panda_ws/install/moveit_resources_panda_description:/home/luis-a/panda_ws/install/moveit_common:/opt/ros/humble LD_LIBRARY_PATH=/home/luis-a/panda_ws/install/chomp_motion_planner/lib:/home/luis-a/panda_ws/install/moveit_core/lib:/home/luis-a/panda_ws/install/srdfdom/lib:${LD_LIBRARY_PATH} PATH=/home/luis-a/panda_ws/install/moveit_core/bin:${PATH} PYTHONPATH=/home/luis-a/panda_ws/install/srdfdom/local/lib/python3.10/dist-packages:${PYTHONPATH} /usr/bin/cmake --build /home/luis-a/panda_ws/build/moveit_planners_chomp -- -j32 -l32
[11.753s] Invoking command in '/home/luis-a/panda_ws/build/moveit_planners_chomp': AMENT_PREFIX_PATH=/home/luis-a/panda_ws/install/chomp_motion_planner:/home/luis-a/panda_ws/install/moveit_core:/home/luis-a/panda_ws/install/moveit_resources_panda_moveit_config:/home/luis-a/panda_ws/install/srdfdom:/home/luis-a/panda_ws/install/moveit_resources_pr2_description:/home/luis-a/panda_ws/install/moveit_resources_panda_description:/home/luis-a/panda_ws/install/moveit_common:${AMENT_PREFIX_PATH} CMAKE_PREFIX_PATH=/home/luis-a/panda_ws/install/chomp_motion_planner:/home/luis-a/panda_ws/install/moveit_core:/home/luis-a/panda_ws/install/moveit_resources_panda_moveit_config:/home/luis-a/panda_ws/install/srdfdom:/home/luis-a/panda_ws/install/moveit_resources_pr2_description:/home/luis-a/panda_ws/install/moveit_resources_panda_description:/home/luis-a/panda_ws/install/moveit_common:/opt/ros/humble LD_LIBRARY_PATH=/home/luis-a/panda_ws/install/chomp_motion_planner/lib:/home/luis-a/panda_ws/install/moveit_core/lib:/home/luis-a/panda_ws/install/srdfdom/lib:${LD_LIBRARY_PATH} PATH=/home/luis-a/panda_ws/install/moveit_core/bin:${PATH} PYTHONPATH=/home/luis-a/panda_ws/install/srdfdom/local/lib/python3.10/dist-packages:${PYTHONPATH} /usr/bin/cmake --install /home/luis-a/panda_ws/build/moveit_planners_chomp
[11.757s] -- Install configuration: "Release"
[11.757s] -- Installing: /home/luis-a/panda_ws/install/moveit_planners_chomp/lib/libmoveit_chomp_interface.so.2.5.6
[11.757s] -- Set runtime path of "/home/luis-a/panda_ws/install/moveit_planners_chomp/lib/libmoveit_chomp_interface.so.2.5.6" to ""
[11.757s] -- Installing: /home/luis-a/panda_ws/install/moveit_planners_chomp/lib/libmoveit_chomp_interface.so
[11.757s] -- Installing: /home/luis-a/panda_ws/install/moveit_planners_chomp/lib/libmoveit_chomp_planner_plugin.so
[11.758s] -- Set runtime path of "/home/luis-a/panda_ws/install/moveit_planners_chomp/lib/libmoveit_chomp_planner_plugin.so" to ""
[11.758s] -- Installing: /home/luis-a/panda_ws/install/moveit_planners_chomp/share/moveit_planners_chomp/environment/library_path.sh
[11.758s] -- Installing: /home/luis-a/panda_ws/install/moveit_planners_chomp/share/moveit_planners_chomp/environment/library_path.dsv
[11.758s] -- Installing: /home/luis-a/panda_ws/install/moveit_planners_chomp/share/moveit_planners_chomp/chomp_interface_plugin_description.xml
[11.758s] -- Installing: /home/luis-a/panda_ws/install/moveit_planners_chomp/share/ament_index/resource_index/package_run_dependencies/moveit_planners_chomp
[11.758s] -- Installing: /home/luis-a/panda_ws/install/moveit_planners_chomp/share/ament_index/resource_index/parent_prefix_path/moveit_planners_chomp
[11.758s] -- Installing: /home/luis-a/panda_ws/install/moveit_planners_chomp/share/moveit_planners_chomp/environment/ament_prefix_path.sh
[11.758s] -- Installing: /home/luis-a/panda_ws/install/moveit_planners_chomp/share/moveit_planners_chomp/environment/ament_prefix_path.dsv
[11.758s] -- Installing: /home/luis-a/panda_ws/install/moveit_planners_chomp/share/moveit_planners_chomp/environment/path.sh
[11.758s] -- Installing: /home/luis-a/panda_ws/install/moveit_planners_chomp/share/moveit_planners_chomp/environment/path.dsv
[11.758s] -- Installing: /home/luis-a/panda_ws/install/moveit_planners_chomp/share/moveit_planners_chomp/local_setup.bash
[11.759s] -- Installing: /home/luis-a/panda_ws/install/moveit_planners_chomp/share/moveit_planners_chomp/local_setup.sh
[11.759s] -- Installing: /home/luis-a/panda_ws/install/moveit_planners_chomp/share/moveit_planners_chomp/local_setup.zsh
[11.759s] -- Installing: /home/luis-a/panda_ws/install/moveit_planners_chomp/share/moveit_planners_chomp/local_setup.dsv
[11.759s] -- Installing: /home/luis-a/panda_ws/install/moveit_planners_chomp/share/moveit_planners_chomp/package.dsv
[11.759s] -- Installing: /home/luis-a/panda_ws/install/moveit_planners_chomp/share/ament_index/resource_index/packages/moveit_planners_chomp
[11.759s] -- Installing: /home/luis-a/panda_ws/install/moveit_planners_chomp/share/ament_index/resource_index/moveit_core__pluginlib__plugin/moveit_planners_chomp
[11.759s] -- Installing: /home/luis-a/panda_ws/install/moveit_planners_chomp/share/moveit_planners_chomp/cmake/moveit_planners_chompTargetsExport.cmake
[11.759s] -- Installing: /home/luis-a/panda_ws/install/moveit_planners_chomp/share/moveit_planners_chomp/cmake/moveit_planners_chompTargetsExport-release.cmake
[11.759s] -- Installing: /home/luis-a/panda_ws/install/moveit_planners_chomp/share/moveit_planners_chomp/cmake/ament_cmake_export_targets-extras.cmake
[11.759s] -- Installing: /home/luis-a/panda_ws/install/moveit_planners_chomp/share/moveit_planners_chomp/cmake/ament_cmake_export_dependencies-extras.cmake
[11.759s] -- Installing: /home/luis-a/panda_ws/install/moveit_planners_chomp/share/moveit_planners_chomp/cmake/moveit_planners_chompConfig.cmake
[11.759s] -- Installing: /home/luis-a/panda_ws/install/moveit_planners_chomp/share/moveit_planners_chomp/cmake/moveit_planners_chompConfig-version.cmake
[11.760s] -- Installing: /home/luis-a/panda_ws/install/moveit_planners_chomp/share/moveit_planners_chomp/package.xml
[11.761s] Invoked command in '/home/luis-a/panda_ws/build/moveit_planners_chomp' returned '0': AMENT_PREFIX_PATH=/home/luis-a/panda_ws/install/chomp_motion_planner:/home/luis-a/panda_ws/install/moveit_core:/home/luis-a/panda_ws/install/moveit_resources_panda_moveit_config:/home/luis-a/panda_ws/install/srdfdom:/home/luis-a/panda_ws/install/moveit_resources_pr2_description:/home/luis-a/panda_ws/install/moveit_resources_panda_description:/home/luis-a/panda_ws/install/moveit_common:${AMENT_PREFIX_PATH} CMAKE_PREFIX_PATH=/home/luis-a/panda_ws/install/chomp_motion_planner:/home/luis-a/panda_ws/install/moveit_core:/home/luis-a/panda_ws/install/moveit_resources_panda_moveit_config:/home/luis-a/panda_ws/install/srdfdom:/home/luis-a/panda_ws/install/moveit_resources_pr2_description:/home/luis-a/panda_ws/install/moveit_resources_panda_description:/home/luis-a/panda_ws/install/moveit_common:/opt/ros/humble LD_LIBRARY_PATH=/home/luis-a/panda_ws/install/chomp_motion_planner/lib:/home/luis-a/panda_ws/install/moveit_core/lib:/home/luis-a/panda_ws/install/srdfdom/lib:${LD_LIBRARY_PATH} PATH=/home/luis-a/panda_ws/install/moveit_core/bin:${PATH} PYTHONPATH=/home/luis-a/panda_ws/install/srdfdom/local/lib/python3.10/dist-packages:${PYTHONPATH} /usr/bin/cmake --install /home/luis-a/panda_ws/build/moveit_planners_chomp
