[0.027s] Invoking command in '/home/luis-a/panda_ws/build/moveit_setup_app_plugins': AMENT_PREFIX_PATH=/home/luis-a/panda_ws/install/moveit_setup_framework:/home/luis-a/panda_ws/install/moveit_ros_visualization:/home/luis-a/panda_ws/install/moveit_ros_planning_interface:/home/luis-a/panda_ws/install/moveit_ros_move_group:/home/luis-a/panda_ws/install/moveit_ros_warehouse:/home/luis-a/panda_ws/install/moveit_ros_robot_interaction:/home/luis-a/panda_ws/install/moveit_planners_ompl:/home/luis-a/panda_ws/install/moveit_kinematics:/home/luis-a/panda_ws/install/moveit_ros_planning:/home/luis-a/panda_ws/install/moveit_simple_controller_manager:/home/luis-a/panda_ws/install/moveit_ros_occupancy_map_monitor:/home/luis-a/panda_ws/install/moveit_core:/home/luis-a/panda_ws/install/moveit_resources_panda_moveit_config:/home/luis-a/panda_ws/install/moveit_resources_fanuc_moveit_config:/home/luis-a/panda_ws/install/moveit_configs_utils:/home/luis-a/panda_ws/install/srdfdom:/home/luis-a/panda_ws/install/moveit_resources_pr2_description:/home/luis-a/panda_ws/install/moveit_resources_panda_description:/home/luis-a/panda_ws/install/moveit_resources_fanuc_description:/home/luis-a/panda_ws/install/moveit_common:/home/luis-a/panda_ws/install/launch_param_builder:${AMENT_PREFIX_PATH} CMAKE_PREFIX_PATH=/home/luis-a/panda_ws/install/moveit_setup_framework:/home/luis-a/panda_ws/install/moveit_ros_visualization:/home/luis-a/panda_ws/install/moveit_ros_planning_interface:/home/luis-a/panda_ws/install/moveit_ros_move_group:/home/luis-a/panda_ws/install/moveit_ros_warehouse:/home/luis-a/panda_ws/install/moveit_ros_robot_interaction:/home/luis-a/panda_ws/install/moveit_planners_ompl:/home/luis-a/panda_ws/install/moveit_kinematics:/home/luis-a/panda_ws/install/moveit_ros_planning:/home/luis-a/panda_ws/install/moveit_simple_controller_manager:/home/luis-a/panda_ws/install/moveit_ros_occupancy_map_monitor:/home/luis-a/panda_ws/install/moveit_core:/home/luis-a/panda_ws/install/moveit_resources_panda_moveit_config:/home/luis-a/panda_ws/install/moveit_resources_fanuc_moveit_config:/home/luis-a/panda_ws/install/srdfdom:/home/luis-a/panda_ws/install/moveit_resources_pr2_description:/home/luis-a/panda_ws/install/moveit_resources_panda_description:/home/luis-a/panda_ws/install/moveit_resources_fanuc_description:/home/luis-a/panda_ws/install/moveit_common:/opt/ros/humble LD_LIBRARY_PATH=/home/luis-a/panda_ws/install/moveit_setup_framework/lib:/home/luis-a/panda_ws/install/moveit_ros_visualization/lib:/home/luis-a/panda_ws/install/moveit_ros_planning_interface/lib:/home/luis-a/panda_ws/install/moveit_ros_move_group/lib:/home/luis-a/panda_ws/install/moveit_ros_warehouse/lib:/home/luis-a/panda_ws/install/moveit_ros_robot_interaction/lib:/home/luis-a/panda_ws/install/moveit_planners_ompl/lib:/home/luis-a/panda_ws/install/moveit_kinematics/lib:/home/luis-a/panda_ws/install/moveit_ros_planning/lib:/home/luis-a/panda_ws/install/moveit_simple_controller_manager/lib:/home/luis-a/panda_ws/install/moveit_ros_occupancy_map_monitor/lib:/home/luis-a/panda_ws/install/moveit_core/lib:/home/luis-a/panda_ws/install/srdfdom/lib:${LD_LIBRARY_PATH} PATH=/home/luis-a/panda_ws/install/moveit_core/bin:${PATH} PYTHONPATH=/home/luis-a/panda_ws/install/moveit_configs_utils/lib/python3.10/site-packages:/home/luis-a/panda_ws/install/srdfdom/local/lib/python3.10/dist-packages:/home/luis-a/panda_ws/install/launch_param_builder/lib/python3.10/site-packages:${PYTHONPATH} /usr/bin/cmake /home/luis-a/panda_ws/src/moveit2/moveit_setup_assistant/moveit_setup_app_plugins -DCMAKE_BUILD_TYPE=Release -DCMAKE_INSTALL_PREFIX=/home/luis-a/panda_ws/install/moveit_setup_app_plugins
[0.063s] -- The C compiler identification is GNU 11.4.0
[0.096s] -- The CXX compiler identification is GNU 11.4.0
[0.100s] -- Detecting C compiler ABI info
[0.148s] -- Detecting C compiler ABI info - done
[0.152s] -- Check for working C compiler: /usr/bin/cc - skipped
[0.152s] -- Detecting C compile features
[0.152s] -- Detecting C compile features - done
[0.154s] -- Detecting CXX compiler ABI info
[0.207s] -- Detecting CXX compiler ABI info - done
[0.210s] -- Check for working CXX compiler: /usr/bin/c++ - skipped
[0.210s] -- Detecting CXX compile features
[0.211s] -- Detecting CXX compile features - done
[0.212s] -- Found moveit_common: 2.5.6 (/home/luis-a/panda_ws/install/moveit_common/share/moveit_common/cmake)
[0.215s] -- Found ament_cmake: 1.3.10 (/opt/ros/humble/share/ament_cmake/cmake)
[0.299s] -- Found Python3: /usr/bin/python3 (found version "3.10.12") found components: Interpreter 
[0.398s] -- Found ament_cmake_ros: 0.10.0 (/opt/ros/humble/share/ament_cmake_ros/cmake)
[0.407s] -- Found ament_index_cpp: 1.4.0 (/opt/ros/humble/share/ament_index_cpp/cmake)
[0.408s] -- Found moveit_ros_visualization: 2.5.6 (/home/luis-a/panda_ws/install/moveit_ros_visualization/share/moveit_ros_visualization/cmake)
[0.523s] -- Found Boost: /usr/lib/x86_64-linux-gnu/cmake/Boost-1.74.0/BoostConfig.cmake (found version "1.74.0") found components: thread date_time system filesystem 
[0.546s] -- Found Boost: /usr/lib/x86_64-linux-gnu/cmake/Boost-1.74.0/BoostConfig.cmake (found version "1.74.0") found components: filesystem 
[0.584s] -- Found rosidl_generator_c: 3.1.5 (/opt/ros/humble/share/rosidl_generator_c/cmake)
[0.589s] -- Found rosidl_adapter: 3.1.5 (/opt/ros/humble/share/rosidl_adapter/cmake)
[0.595s] -- Found rosidl_generator_cpp: 3.1.5 (/opt/ros/humble/share/rosidl_generator_cpp/cmake)
[0.604s] -- Using all available rosidl_typesupport_c: rosidl_typesupport_fastrtps_c;rosidl_typesupport_introspection_c
[0.613s] -- Using all available rosidl_typesupport_cpp: rosidl_typesupport_fastrtps_cpp;rosidl_typesupport_introspection_cpp
[0.671s] -- Found rmw_implementation_cmake: 6.1.2 (/opt/ros/humble/share/rmw_implementation_cmake/cmake)
[0.674s] -- Found rmw_fastrtps_cpp: 6.2.7 (/opt/ros/humble/share/rmw_fastrtps_cpp/cmake)
[0.744s] -- Found OpenSSL: /usr/lib/x86_64-linux-gnu/libcrypto.so (found version "3.0.2")  
[0.761s] -- Found FastRTPS: /opt/ros/humble/include  
[0.791s] -- Using RMW implementation 'rmw_fastrtps_cpp' as default
[0.802s] -- Found Threads: TRUE  
[0.887s] -- library: /usr/lib/x86_64-linux-gnu/libcurl.so
[0.935s] -- Found Boost: /usr/lib/x86_64-linux-gnu/cmake/Boost-1.74.0/BoostConfig.cmake (found version "1.74.0") found components: system filesystem date_time program_options thread chrono 
[1.034s] -- Found Boost: /usr/lib/x86_64-linux-gnu/cmake/Boost-1.74.0/BoostConfig.cmake (found version "1.74.0") found components: chrono date_time filesystem iostreams program_options regex serialization system thread 
[1.060s] -- Found parameter_traits: 0.3.9 (/opt/ros/humble/share/parameter_traits/cmake)
[1.070s] -- Found Eigen3: TRUE (found version "3.4.0") 
[1.072s] -- Found rclcpp_lifecycle: 16.0.10 (/opt/ros/humble/share/rclcpp_lifecycle/cmake)
[1.094s] -- Ensuring Eigen3 include directory is part of orocos-kdl CMake target
[1.174s] -- Found Boost: /usr/lib/x86_64-linux-gnu/cmake/Boost-1.74.0/BoostConfig.cmake (found version "1.74.0") found components: date_time filesystem program_options system thread 
[1.181s] -- Found Boost: /usr/lib/x86_64-linux-gnu/cmake/Boost-1.74.0/BoostConfig.cmake (found version "1.74.0") found components: thread system filesystem regex date_time program_options 
[1.194s] -- Found Boost: /usr/lib/x86_64-linux-gnu/cmake/Boost-1.74.0/BoostConfig.cmake (found version "1.74.0") found components: system filesystem date_time program_options thread 
[1.228s] -- Setting OGRE_DIR to: '/opt/ros/humble/share/rviz_ogre_vendor/cmake/../../../opt/rviz_ogre_vendor/lib/OGRE/cmake'
[1.229s] -- Found OGRE
[1.229s] --   static     : OFF
[1.229s] --   components : HLMS;MeshLodGenerator;Overlay;Paging;Property;RTShaderSystem;Terrain;Volume
[1.229s] --   plugins    : Plugin_BSPSceneManager;Plugin_OctreeSceneManager;Plugin_PCZSceneManager;Plugin_ParticleFX;RenderSystem_GL;RenderSystem_GL3Plus;Codec_STBI
[1.229s] --   media      : /opt/ros/humble/opt/rviz_ogre_vendor/share/OGRE/Media
[1.229s] -- OGRE_LIBRARIES: OgreHLMS;OgreMeshLodGenerator;OgreOverlay;OgrePaging;OgreProperty;OgreRTShaderSystem;OgreTerrain;OgreVolume;OgreMain
[1.229s] -- OGRE_LIBRARY_DIRS: /opt/ros/humble/opt/rviz_ogre_vendor/lib
[1.229s] -- OGRE_PLUGINS: Plugin_BSPSceneManager;Plugin_OctreeSceneManager;Plugin_PCZSceneManager;Plugin_ParticleFX;RenderSystem_GL;RenderSystem_GL3Plus;Codec_STBI
[1.229s] -- OGRE_PLUGIN_DIR: /opt/ros/humble/opt/rviz_ogre_vendor/lib/OGRE
[1.229s] -- rviz_ogre_vendor::OgreOverlay for IMPORTED_LOCATION_RELEASE: /opt/ros/humble/opt/rviz_ogre_vendor/lib/libOgreOverlay.so
[1.229s] -- rviz_ogre_vendor::OgreOverlay for IMPORTED_LOCATION_DEBUG: /opt/ros/humble/opt/rviz_ogre_vendor/lib/libOgreOverlay.so
[1.229s] -- rviz_ogre_vendor::OgreMain for IMPORTED_LOCATION_RELEASE: /opt/ros/humble/opt/rviz_ogre_vendor/lib/libOgreMain.so
[1.229s] -- rviz_ogre_vendor::OgreMain for IMPORTED_LOCATION_DEBUG: /opt/ros/humble/opt/rviz_ogre_vendor/lib/libOgreMain.so
[1.231s] -- Could not find freeimage library
[1.241s] -- Found ZLIB: /usr/lib/x86_64-linux-gnu/libz.so (found version "1.2.11") 
[1.244s] -- Found OpenGL: /usr/lib/x86_64-linux-gnu/libOpenGL.so   
[1.311s] -- Found X11: /usr/include   
[1.311s] -- Looking for XOpenDisplay in /usr/lib/x86_64-linux-gnu/libX11.so;/usr/lib/x86_64-linux-gnu/libXext.so
[1.360s] -- Looking for XOpenDisplay in /usr/lib/x86_64-linux-gnu/libX11.so;/usr/lib/x86_64-linux-gnu/libXext.so - found
[1.360s] -- Looking for gethostbyname
[1.406s] -- Looking for gethostbyname - found
[1.406s] -- Looking for connect
[1.452s] -- Looking for connect - found
[1.453s] -- Looking for remove
[1.499s] -- Looking for remove - found
[1.499s] -- Looking for shmat
[1.543s] -- Looking for shmat - found
[1.543s] -- Looking for IceConnectionNumber in ICE
[1.590s] -- Looking for IceConnectionNumber in ICE - found
[1.606s] -- Setting assimp_DIR to: '/opt/ros/humble/share/rviz_assimp_vendor/cmake/../../../opt/rviz_assimp_vendor/lib/cmake/assimp-4.1'
[1.659s] -- Found moveit_setup_framework: 2.5.6 (/home/luis-a/panda_ws/install/moveit_setup_framework/share/moveit_setup_framework/cmake)
[1.669s] -- Found ament_lint_auto: 0.12.11 (/opt/ros/humble/share/ament_lint_auto/cmake)
[1.684s] -- Found gtest sources under '/opt/ros/humble/src/gtest_vendor': C++ tests using 'Google Test' will be built
[1.690s] -- Added test 'lint_cmake' to check CMake code style
[1.690s] -- Added test 'xmllint' to check XML markup files
[1.692s] -- Configuring done
[1.759s] -- Generating done
[1.761s] -- Build files have been written to: /home/luis-a/panda_ws/build/moveit_setup_app_plugins
[1.778s] Invoked command in '/home/luis-a/panda_ws/build/moveit_setup_app_plugins' returned '0': AMENT_PREFIX_PATH=/home/luis-a/panda_ws/install/moveit_setup_framework:/home/luis-a/panda_ws/install/moveit_ros_visualization:/home/luis-a/panda_ws/install/moveit_ros_planning_interface:/home/luis-a/panda_ws/install/moveit_ros_move_group:/home/luis-a/panda_ws/install/moveit_ros_warehouse:/home/luis-a/panda_ws/install/moveit_ros_robot_interaction:/home/luis-a/panda_ws/install/moveit_planners_ompl:/home/luis-a/panda_ws/install/moveit_kinematics:/home/luis-a/panda_ws/install/moveit_ros_planning:/home/luis-a/panda_ws/install/moveit_simple_controller_manager:/home/luis-a/panda_ws/install/moveit_ros_occupancy_map_monitor:/home/luis-a/panda_ws/install/moveit_core:/home/luis-a/panda_ws/install/moveit_resources_panda_moveit_config:/home/luis-a/panda_ws/install/moveit_resources_fanuc_moveit_config:/home/luis-a/panda_ws/install/moveit_configs_utils:/home/luis-a/panda_ws/install/srdfdom:/home/luis-a/panda_ws/install/moveit_resources_pr2_description:/home/luis-a/panda_ws/install/moveit_resources_panda_description:/home/luis-a/panda_ws/install/moveit_resources_fanuc_description:/home/luis-a/panda_ws/install/moveit_common:/home/luis-a/panda_ws/install/launch_param_builder:${AMENT_PREFIX_PATH} CMAKE_PREFIX_PATH=/home/luis-a/panda_ws/install/moveit_setup_framework:/home/luis-a/panda_ws/install/moveit_ros_visualization:/home/luis-a/panda_ws/install/moveit_ros_planning_interface:/home/luis-a/panda_ws/install/moveit_ros_move_group:/home/luis-a/panda_ws/install/moveit_ros_warehouse:/home/luis-a/panda_ws/install/moveit_ros_robot_interaction:/home/luis-a/panda_ws/install/moveit_planners_ompl:/home/luis-a/panda_ws/install/moveit_kinematics:/home/luis-a/panda_ws/install/moveit_ros_planning:/home/luis-a/panda_ws/install/moveit_simple_controller_manager:/home/luis-a/panda_ws/install/moveit_ros_occupancy_map_monitor:/home/luis-a/panda_ws/install/moveit_core:/home/luis-a/panda_ws/install/moveit_resources_panda_moveit_config:/home/luis-a/panda_ws/install/moveit_resources_fanuc_moveit_config:/home/luis-a/panda_ws/install/srdfdom:/home/luis-a/panda_ws/install/moveit_resources_pr2_description:/home/luis-a/panda_ws/install/moveit_resources_panda_description:/home/luis-a/panda_ws/install/moveit_resources_fanuc_description:/home/luis-a/panda_ws/install/moveit_common:/opt/ros/humble LD_LIBRARY_PATH=/home/luis-a/panda_ws/install/moveit_setup_framework/lib:/home/luis-a/panda_ws/install/moveit_ros_visualization/lib:/home/luis-a/panda_ws/install/moveit_ros_planning_interface/lib:/home/luis-a/panda_ws/install/moveit_ros_move_group/lib:/home/luis-a/panda_ws/install/moveit_ros_warehouse/lib:/home/luis-a/panda_ws/install/moveit_ros_robot_interaction/lib:/home/luis-a/panda_ws/install/moveit_planners_ompl/lib:/home/luis-a/panda_ws/install/moveit_kinematics/lib:/home/luis-a/panda_ws/install/moveit_ros_planning/lib:/home/luis-a/panda_ws/install/moveit_simple_controller_manager/lib:/home/luis-a/panda_ws/install/moveit_ros_occupancy_map_monitor/lib:/home/luis-a/panda_ws/install/moveit_core/lib:/home/luis-a/panda_ws/install/srdfdom/lib:${LD_LIBRARY_PATH} PATH=/home/luis-a/panda_ws/install/moveit_core/bin:${PATH} PYTHONPATH=/home/luis-a/panda_ws/install/moveit_configs_utils/lib/python3.10/site-packages:/home/luis-a/panda_ws/install/srdfdom/local/lib/python3.10/dist-packages:/home/luis-a/panda_ws/install/launch_param_builder/lib/python3.10/site-packages:${PYTHONPATH} /usr/bin/cmake /home/luis-a/panda_ws/src/moveit2/moveit_setup_assistant/moveit_setup_app_plugins -DCMAKE_BUILD_TYPE=Release -DCMAKE_INSTALL_PREFIX=/home/luis-a/panda_ws/install/moveit_setup_app_plugins
[1.779s] Invoking command in '/home/luis-a/panda_ws/build/moveit_setup_app_plugins': AMENT_PREFIX_PATH=/home/luis-a/panda_ws/install/moveit_setup_framework:/home/luis-a/panda_ws/install/moveit_ros_visualization:/home/luis-a/panda_ws/install/moveit_ros_planning_interface:/home/luis-a/panda_ws/install/moveit_ros_move_group:/home/luis-a/panda_ws/install/moveit_ros_warehouse:/home/luis-a/panda_ws/install/moveit_ros_robot_interaction:/home/luis-a/panda_ws/install/moveit_planners_ompl:/home/luis-a/panda_ws/install/moveit_kinematics:/home/luis-a/panda_ws/install/moveit_ros_planning:/home/luis-a/panda_ws/install/moveit_simple_controller_manager:/home/luis-a/panda_ws/install/moveit_ros_occupancy_map_monitor:/home/luis-a/panda_ws/install/moveit_core:/home/luis-a/panda_ws/install/moveit_resources_panda_moveit_config:/home/luis-a/panda_ws/install/moveit_resources_fanuc_moveit_config:/home/luis-a/panda_ws/install/moveit_configs_utils:/home/luis-a/panda_ws/install/srdfdom:/home/luis-a/panda_ws/install/moveit_resources_pr2_description:/home/luis-a/panda_ws/install/moveit_resources_panda_description:/home/luis-a/panda_ws/install/moveit_resources_fanuc_description:/home/luis-a/panda_ws/install/moveit_common:/home/luis-a/panda_ws/install/launch_param_builder:${AMENT_PREFIX_PATH} CMAKE_PREFIX_PATH=/home/luis-a/panda_ws/install/moveit_setup_framework:/home/luis-a/panda_ws/install/moveit_ros_visualization:/home/luis-a/panda_ws/install/moveit_ros_planning_interface:/home/luis-a/panda_ws/install/moveit_ros_move_group:/home/luis-a/panda_ws/install/moveit_ros_warehouse:/home/luis-a/panda_ws/install/moveit_ros_robot_interaction:/home/luis-a/panda_ws/install/moveit_planners_ompl:/home/luis-a/panda_ws/install/moveit_kinematics:/home/luis-a/panda_ws/install/moveit_ros_planning:/home/luis-a/panda_ws/install/moveit_simple_controller_manager:/home/luis-a/panda_ws/install/moveit_ros_occupancy_map_monitor:/home/luis-a/panda_ws/install/moveit_core:/home/luis-a/panda_ws/install/moveit_resources_panda_moveit_config:/home/luis-a/panda_ws/install/moveit_resources_fanuc_moveit_config:/home/luis-a/panda_ws/install/srdfdom:/home/luis-a/panda_ws/install/moveit_resources_pr2_description:/home/luis-a/panda_ws/install/moveit_resources_panda_description:/home/luis-a/panda_ws/install/moveit_resources_fanuc_description:/home/luis-a/panda_ws/install/moveit_common:/opt/ros/humble LD_LIBRARY_PATH=/home/luis-a/panda_ws/install/moveit_setup_framework/lib:/home/luis-a/panda_ws/install/moveit_ros_visualization/lib:/home/luis-a/panda_ws/install/moveit_ros_planning_interface/lib:/home/luis-a/panda_ws/install/moveit_ros_move_group/lib:/home/luis-a/panda_ws/install/moveit_ros_warehouse/lib:/home/luis-a/panda_ws/install/moveit_ros_robot_interaction/lib:/home/luis-a/panda_ws/install/moveit_planners_ompl/lib:/home/luis-a/panda_ws/install/moveit_kinematics/lib:/home/luis-a/panda_ws/install/moveit_ros_planning/lib:/home/luis-a/panda_ws/install/moveit_simple_controller_manager/lib:/home/luis-a/panda_ws/install/moveit_ros_occupancy_map_monitor/lib:/home/luis-a/panda_ws/install/moveit_core/lib:/home/luis-a/panda_ws/install/srdfdom/lib:${LD_LIBRARY_PATH} PATH=/home/luis-a/panda_ws/install/moveit_core/bin:${PATH} PYTHONPATH=/home/luis-a/panda_ws/install/moveit_configs_utils/lib/python3.10/site-packages:/home/luis-a/panda_ws/install/srdfdom/local/lib/python3.10/dist-packages:/home/luis-a/panda_ws/install/launch_param_builder/lib/python3.10/site-packages:${PYTHONPATH} /usr/bin/cmake --build /home/luis-a/panda_ws/build/moveit_setup_app_plugins -- -j32 -l32
[1.833s] [  4%] [34m[1mAutomatic MOC for target gtest_main[0m
[1.842s] [  8%] [34m[1mAutomatic MOC for target moveit_setup_app_plugins[0m
[1.849s] [ 12%] [34m[1mAutomatic MOC for target gtest[0m
[1.899s] [ 12%] Built target gtest_main_autogen
[1.913s] [ 12%] Built target moveit_setup_app_plugins_autogen
[1.914s] [ 12%] Built target gtest_autogen
[1.936s] [ 16%] [34m[1mGenerating include/moveit_setup_app_plugins/moc_perception_widget.cpp[0m
[1.941s] [ 20%] [34m[1mGenerating include/moveit_setup_app_plugins/moc_launches_widget.cpp[0m
[1.953s] [ 24%] [32mBuilding CXX object gtest/CMakeFiles/gtest_main.dir/src/gtest_main.cc.o[0m
[1.955s] [ 28%] [32mBuilding CXX object gtest/CMakeFiles/gtest_main.dir/gtest_main_autogen/mocs_compilation.cpp.o[0m
[1.971s] [ 32%] [32mBuilding CXX object gtest/CMakeFiles/gtest.dir/gtest_autogen/mocs_compilation.cpp.o[0m
[1.977s] [ 36%] [32mBuilding CXX object gtest/CMakeFiles/gtest.dir/src/gtest-all.cc.o[0m
[2.000s] [ 40%] [32mBuilding CXX object CMakeFiles/moveit_setup_app_plugins.dir/moveit_setup_app_plugins_autogen/mocs_compilation.cpp.o[0m
[2.000s] [ 44%] [32mBuilding CXX object CMakeFiles/moveit_setup_app_plugins.dir/src/launches.cpp.o[0m
[2.000s] [ 48%] [32mBuilding CXX object CMakeFiles/moveit_setup_app_plugins.dir/src/launches_widget.cpp.o[0m
[2.002s] [ 52%] [32mBuilding CXX object CMakeFiles/moveit_setup_app_plugins.dir/src/launches_config.cpp.o[0m
[2.010s] [ 56%] [32mBuilding CXX object CMakeFiles/moveit_setup_app_plugins.dir/src/perception_config.cpp.o[0m
[2.013s] [ 68%] [32mBuilding CXX object CMakeFiles/moveit_setup_app_plugins.dir/include/moveit_setup_app_plugins/moc_perception_widget.cpp.o[0m
[2.013s] [ 60%] [32mBuilding CXX object CMakeFiles/moveit_setup_app_plugins.dir/src/perception_widget.cpp.o[0m
[2.013s] [ 72%] [32mBuilding CXX object CMakeFiles/moveit_setup_app_plugins.dir/src/perception.cpp.o[0m
[2.016s] [ 64%] [32mBuilding CXX object CMakeFiles/moveit_setup_app_plugins.dir/include/moveit_setup_app_plugins/moc_launches_widget.cpp.o[0m
[3.281s] [ 76%] [32m[1mLinking CXX static library libgtest_main.a[0m
[3.377s] [ 76%] Built target gtest_main
[16.094s] [ 80%] [32m[1mLinking CXX static library libgtest.a[0m
[16.205s] [ 80%] Built target gtest
[28.248s] [ 84%] [32m[1mLinking CXX shared library libmoveit_setup_app_plugins.so[0m
[28.820s] [ 84%] Built target moveit_setup_app_plugins
[28.839s] [ 88%] [34m[1mAutomatic MOC for target test_perception[0m
[28.866s] [ 88%] Built target test_perception_autogen
[28.886s] [ 92%] [32mBuilding CXX object CMakeFiles/test_perception.dir/test/test_perception.cpp.o[0m
[28.886s] [ 96%] [32mBuilding CXX object CMakeFiles/test_perception.dir/test_perception_autogen/mocs_compilation.cpp.o[0m
[33.942s] [100%] [32m[1mLinking CXX executable test_perception[0m
[34.366s] [100%] Built target test_perception
[34.375s] Invoked command in '/home/luis-a/panda_ws/build/moveit_setup_app_plugins' returned '0': AMENT_PREFIX_PATH=/home/luis-a/panda_ws/install/moveit_setup_framework:/home/luis-a/panda_ws/install/moveit_ros_visualization:/home/luis-a/panda_ws/install/moveit_ros_planning_interface:/home/luis-a/panda_ws/install/moveit_ros_move_group:/home/luis-a/panda_ws/install/moveit_ros_warehouse:/home/luis-a/panda_ws/install/moveit_ros_robot_interaction:/home/luis-a/panda_ws/install/moveit_planners_ompl:/home/luis-a/panda_ws/install/moveit_kinematics:/home/luis-a/panda_ws/install/moveit_ros_planning:/home/luis-a/panda_ws/install/moveit_simple_controller_manager:/home/luis-a/panda_ws/install/moveit_ros_occupancy_map_monitor:/home/luis-a/panda_ws/install/moveit_core:/home/luis-a/panda_ws/install/moveit_resources_panda_moveit_config:/home/luis-a/panda_ws/install/moveit_resources_fanuc_moveit_config:/home/luis-a/panda_ws/install/moveit_configs_utils:/home/luis-a/panda_ws/install/srdfdom:/home/luis-a/panda_ws/install/moveit_resources_pr2_description:/home/luis-a/panda_ws/install/moveit_resources_panda_description:/home/luis-a/panda_ws/install/moveit_resources_fanuc_description:/home/luis-a/panda_ws/install/moveit_common:/home/luis-a/panda_ws/install/launch_param_builder:${AMENT_PREFIX_PATH} CMAKE_PREFIX_PATH=/home/luis-a/panda_ws/install/moveit_setup_framework:/home/luis-a/panda_ws/install/moveit_ros_visualization:/home/luis-a/panda_ws/install/moveit_ros_planning_interface:/home/luis-a/panda_ws/install/moveit_ros_move_group:/home/luis-a/panda_ws/install/moveit_ros_warehouse:/home/luis-a/panda_ws/install/moveit_ros_robot_interaction:/home/luis-a/panda_ws/install/moveit_planners_ompl:/home/luis-a/panda_ws/install/moveit_kinematics:/home/luis-a/panda_ws/install/moveit_ros_planning:/home/luis-a/panda_ws/install/moveit_simple_controller_manager:/home/luis-a/panda_ws/install/moveit_ros_occupancy_map_monitor:/home/luis-a/panda_ws/install/moveit_core:/home/luis-a/panda_ws/install/moveit_resources_panda_moveit_config:/home/luis-a/panda_ws/install/moveit_resources_fanuc_moveit_config:/home/luis-a/panda_ws/install/srdfdom:/home/luis-a/panda_ws/install/moveit_resources_pr2_description:/home/luis-a/panda_ws/install/moveit_resources_panda_description:/home/luis-a/panda_ws/install/moveit_resources_fanuc_description:/home/luis-a/panda_ws/install/moveit_common:/opt/ros/humble LD_LIBRARY_PATH=/home/luis-a/panda_ws/install/moveit_setup_framework/lib:/home/luis-a/panda_ws/install/moveit_ros_visualization/lib:/home/luis-a/panda_ws/install/moveit_ros_planning_interface/lib:/home/luis-a/panda_ws/install/moveit_ros_move_group/lib:/home/luis-a/panda_ws/install/moveit_ros_warehouse/lib:/home/luis-a/panda_ws/install/moveit_ros_robot_interaction/lib:/home/luis-a/panda_ws/install/moveit_planners_ompl/lib:/home/luis-a/panda_ws/install/moveit_kinematics/lib:/home/luis-a/panda_ws/install/moveit_ros_planning/lib:/home/luis-a/panda_ws/install/moveit_simple_controller_manager/lib:/home/luis-a/panda_ws/install/moveit_ros_occupancy_map_monitor/lib:/home/luis-a/panda_ws/install/moveit_core/lib:/home/luis-a/panda_ws/install/srdfdom/lib:${LD_LIBRARY_PATH} PATH=/home/luis-a/panda_ws/install/moveit_core/bin:${PATH} PYTHONPATH=/home/luis-a/panda_ws/install/moveit_configs_utils/lib/python3.10/site-packages:/home/luis-a/panda_ws/install/srdfdom/local/lib/python3.10/dist-packages:/home/luis-a/panda_ws/install/launch_param_builder/lib/python3.10/site-packages:${PYTHONPATH} /usr/bin/cmake --build /home/luis-a/panda_ws/build/moveit_setup_app_plugins -- -j32 -l32
[34.408s] Invoking command in '/home/luis-a/panda_ws/build/moveit_setup_app_plugins': AMENT_PREFIX_PATH=/home/luis-a/panda_ws/install/moveit_setup_framework:/home/luis-a/panda_ws/install/moveit_ros_visualization:/home/luis-a/panda_ws/install/moveit_ros_planning_interface:/home/luis-a/panda_ws/install/moveit_ros_move_group:/home/luis-a/panda_ws/install/moveit_ros_warehouse:/home/luis-a/panda_ws/install/moveit_ros_robot_interaction:/home/luis-a/panda_ws/install/moveit_planners_ompl:/home/luis-a/panda_ws/install/moveit_kinematics:/home/luis-a/panda_ws/install/moveit_ros_planning:/home/luis-a/panda_ws/install/moveit_simple_controller_manager:/home/luis-a/panda_ws/install/moveit_ros_occupancy_map_monitor:/home/luis-a/panda_ws/install/moveit_core:/home/luis-a/panda_ws/install/moveit_resources_panda_moveit_config:/home/luis-a/panda_ws/install/moveit_resources_fanuc_moveit_config:/home/luis-a/panda_ws/install/moveit_configs_utils:/home/luis-a/panda_ws/install/srdfdom:/home/luis-a/panda_ws/install/moveit_resources_pr2_description:/home/luis-a/panda_ws/install/moveit_resources_panda_description:/home/luis-a/panda_ws/install/moveit_resources_fanuc_description:/home/luis-a/panda_ws/install/moveit_common:/home/luis-a/panda_ws/install/launch_param_builder:${AMENT_PREFIX_PATH} CMAKE_PREFIX_PATH=/home/luis-a/panda_ws/install/moveit_setup_framework:/home/luis-a/panda_ws/install/moveit_ros_visualization:/home/luis-a/panda_ws/install/moveit_ros_planning_interface:/home/luis-a/panda_ws/install/moveit_ros_move_group:/home/luis-a/panda_ws/install/moveit_ros_warehouse:/home/luis-a/panda_ws/install/moveit_ros_robot_interaction:/home/luis-a/panda_ws/install/moveit_planners_ompl:/home/luis-a/panda_ws/install/moveit_kinematics:/home/luis-a/panda_ws/install/moveit_ros_planning:/home/luis-a/panda_ws/install/moveit_simple_controller_manager:/home/luis-a/panda_ws/install/moveit_ros_occupancy_map_monitor:/home/luis-a/panda_ws/install/moveit_core:/home/luis-a/panda_ws/install/moveit_resources_panda_moveit_config:/home/luis-a/panda_ws/install/moveit_resources_fanuc_moveit_config:/home/luis-a/panda_ws/install/srdfdom:/home/luis-a/panda_ws/install/moveit_resources_pr2_description:/home/luis-a/panda_ws/install/moveit_resources_panda_description:/home/luis-a/panda_ws/install/moveit_resources_fanuc_description:/home/luis-a/panda_ws/install/moveit_common:/opt/ros/humble LD_LIBRARY_PATH=/home/luis-a/panda_ws/install/moveit_setup_framework/lib:/home/luis-a/panda_ws/install/moveit_ros_visualization/lib:/home/luis-a/panda_ws/install/moveit_ros_planning_interface/lib:/home/luis-a/panda_ws/install/moveit_ros_move_group/lib:/home/luis-a/panda_ws/install/moveit_ros_warehouse/lib:/home/luis-a/panda_ws/install/moveit_ros_robot_interaction/lib:/home/luis-a/panda_ws/install/moveit_planners_ompl/lib:/home/luis-a/panda_ws/install/moveit_kinematics/lib:/home/luis-a/panda_ws/install/moveit_ros_planning/lib:/home/luis-a/panda_ws/install/moveit_simple_controller_manager/lib:/home/luis-a/panda_ws/install/moveit_ros_occupancy_map_monitor/lib:/home/luis-a/panda_ws/install/moveit_core/lib:/home/luis-a/panda_ws/install/srdfdom/lib:${LD_LIBRARY_PATH} PATH=/home/luis-a/panda_ws/install/moveit_core/bin:${PATH} PYTHONPATH=/home/luis-a/panda_ws/install/moveit_configs_utils/lib/python3.10/site-packages:/home/luis-a/panda_ws/install/srdfdom/local/lib/python3.10/dist-packages:/home/luis-a/panda_ws/install/launch_param_builder/lib/python3.10/site-packages:${PYTHONPATH} /usr/bin/cmake --install /home/luis-a/panda_ws/build/moveit_setup_app_plugins
[34.413s] -- Install configuration: "Release"
[34.413s] -- Installing: /home/luis-a/panda_ws/install/moveit_setup_app_plugins/share/moveit_setup_app_plugins/templates
[34.413s] -- Installing: /home/luis-a/panda_ws/install/moveit_setup_app_plugins/share/moveit_setup_app_plugins/templates/config
[34.413s] -- Installing: /home/luis-a/panda_ws/install/moveit_setup_app_plugins/share/moveit_setup_app_plugins/templates/config/moveit.rviz
[34.413s] -- Installing: /home/luis-a/panda_ws/install/moveit_setup_app_plugins/share/moveit_setup_app_plugins/templates/config/sensors_3d.yaml
[34.414s] -- Installing: /home/luis-a/panda_ws/install/moveit_setup_app_plugins/share/moveit_setup_app_plugins/templates/launch
[34.414s] -- Installing: /home/luis-a/panda_ws/install/moveit_setup_app_plugins/share/moveit_setup_app_plugins/templates/launch/generic.launch.py.template
[34.414s] -- Installing: /home/luis-a/panda_ws/install/moveit_setup_app_plugins/lib/libmoveit_setup_app_plugins.so
[34.414s] -- Set runtime path of "/home/luis-a/panda_ws/install/moveit_setup_app_plugins/lib/libmoveit_setup_app_plugins.so" to ""
[34.414s] -- Installing: /home/luis-a/panda_ws/install/moveit_setup_app_plugins/share/moveit_setup_app_plugins/moveit_setup_framework_plugins.xml
[34.414s] -- Installing: /home/luis-a/panda_ws/install/moveit_setup_app_plugins/include
[34.414s] -- Installing: /home/luis-a/panda_ws/install/moveit_setup_app_plugins/include/moveit_setup_app_plugins
[34.414s] -- Installing: /home/luis-a/panda_ws/install/moveit_setup_app_plugins/include/moveit_setup_app_plugins/launch_bundle.hpp
[34.414s] -- Installing: /home/luis-a/panda_ws/install/moveit_setup_app_plugins/include/moveit_setup_app_plugins/launches_config.hpp
[34.415s] -- Installing: /home/luis-a/panda_ws/install/moveit_setup_app_plugins/include/moveit_setup_app_plugins/perception_config.hpp
[34.415s] -- Installing: /home/luis-a/panda_ws/install/moveit_setup_app_plugins/include/moveit_setup_app_plugins/perception_widget.hpp
[34.415s] -- Installing: /home/luis-a/panda_ws/install/moveit_setup_app_plugins/include/moveit_setup_app_plugins/launches.hpp
[34.415s] -- Installing: /home/luis-a/panda_ws/install/moveit_setup_app_plugins/include/moveit_setup_app_plugins/perception.hpp
[34.415s] -- Installing: /home/luis-a/panda_ws/install/moveit_setup_app_plugins/include/moveit_setup_app_plugins/launches_widget.hpp
[34.415s] -- Installing: /home/luis-a/panda_ws/install/moveit_setup_app_plugins/share/moveit_setup_app_plugins/environment/library_path.sh
[34.415s] -- Installing: /home/luis-a/panda_ws/install/moveit_setup_app_plugins/share/moveit_setup_app_plugins/environment/library_path.dsv
[34.415s] -- Up-to-date: /home/luis-a/panda_ws/install/moveit_setup_app_plugins/share/moveit_setup_app_plugins/moveit_setup_framework_plugins.xml
[34.415s] -- Installing: /home/luis-a/panda_ws/install/moveit_setup_app_plugins/share/ament_index/resource_index/package_run_dependencies/moveit_setup_app_plugins
[34.415s] -- Installing: /home/luis-a/panda_ws/install/moveit_setup_app_plugins/share/ament_index/resource_index/parent_prefix_path/moveit_setup_app_plugins
[34.415s] -- Installing: /home/luis-a/panda_ws/install/moveit_setup_app_plugins/share/moveit_setup_app_plugins/environment/ament_prefix_path.sh
[34.415s] -- Installing: /home/luis-a/panda_ws/install/moveit_setup_app_plugins/share/moveit_setup_app_plugins/environment/ament_prefix_path.dsv
[34.416s] -- Installing: /home/luis-a/panda_ws/install/moveit_setup_app_plugins/share/moveit_setup_app_plugins/environment/path.sh
[34.416s] -- Installing: /home/luis-a/panda_ws/install/moveit_setup_app_plugins/share/moveit_setup_app_plugins/environment/path.dsv
[34.416s] -- Installing: /home/luis-a/panda_ws/install/moveit_setup_app_plugins/share/moveit_setup_app_plugins/local_setup.bash
[34.416s] -- Installing: /home/luis-a/panda_ws/install/moveit_setup_app_plugins/share/moveit_setup_app_plugins/local_setup.sh
[34.416s] -- Installing: /home/luis-a/panda_ws/install/moveit_setup_app_plugins/share/moveit_setup_app_plugins/local_setup.zsh
[34.416s] -- Installing: /home/luis-a/panda_ws/install/moveit_setup_app_plugins/share/moveit_setup_app_plugins/local_setup.dsv
[34.416s] -- Installing: /home/luis-a/panda_ws/install/moveit_setup_app_plugins/share/moveit_setup_app_plugins/package.dsv
[34.416s] -- Installing: /home/luis-a/panda_ws/install/moveit_setup_app_plugins/share/ament_index/resource_index/packages/moveit_setup_app_plugins
[34.416s] -- Installing: /home/luis-a/panda_ws/install/moveit_setup_app_plugins/share/ament_index/resource_index/moveit_setup_framework__pluginlib__plugin/moveit_setup_app_plugins
[34.416s] -- Installing: /home/luis-a/panda_ws/install/moveit_setup_app_plugins/share/moveit_setup_app_plugins/cmake/export_moveit_setup_app_pluginsExport.cmake
[34.416s] -- Installing: /home/luis-a/panda_ws/install/moveit_setup_app_plugins/share/moveit_setup_app_plugins/cmake/export_moveit_setup_app_pluginsExport-release.cmake
[34.416s] -- Installing: /home/luis-a/panda_ws/install/moveit_setup_app_plugins/share/moveit_setup_app_plugins/cmake/ament_cmake_export_include_directories-extras.cmake
[34.417s] -- Installing: /home/luis-a/panda_ws/install/moveit_setup_app_plugins/share/moveit_setup_app_plugins/cmake/ament_cmake_export_libraries-extras.cmake
[34.417s] -- Installing: /home/luis-a/panda_ws/install/moveit_setup_app_plugins/share/moveit_setup_app_plugins/cmake/ament_cmake_export_targets-extras.cmake
[34.417s] -- Installing: /home/luis-a/panda_ws/install/moveit_setup_app_plugins/share/moveit_setup_app_plugins/cmake/moveit_setup_app_pluginsConfig.cmake
[34.417s] -- Installing: /home/luis-a/panda_ws/install/moveit_setup_app_plugins/share/moveit_setup_app_plugins/cmake/moveit_setup_app_pluginsConfig-version.cmake
[34.417s] -- Installing: /home/luis-a/panda_ws/install/moveit_setup_app_plugins/share/moveit_setup_app_plugins/package.xml
[34.419s] Invoked command in '/home/luis-a/panda_ws/build/moveit_setup_app_plugins' returned '0': AMENT_PREFIX_PATH=/home/luis-a/panda_ws/install/moveit_setup_framework:/home/luis-a/panda_ws/install/moveit_ros_visualization:/home/luis-a/panda_ws/install/moveit_ros_planning_interface:/home/luis-a/panda_ws/install/moveit_ros_move_group:/home/luis-a/panda_ws/install/moveit_ros_warehouse:/home/luis-a/panda_ws/install/moveit_ros_robot_interaction:/home/luis-a/panda_ws/install/moveit_planners_ompl:/home/luis-a/panda_ws/install/moveit_kinematics:/home/luis-a/panda_ws/install/moveit_ros_planning:/home/luis-a/panda_ws/install/moveit_simple_controller_manager:/home/luis-a/panda_ws/install/moveit_ros_occupancy_map_monitor:/home/luis-a/panda_ws/install/moveit_core:/home/luis-a/panda_ws/install/moveit_resources_panda_moveit_config:/home/luis-a/panda_ws/install/moveit_resources_fanuc_moveit_config:/home/luis-a/panda_ws/install/moveit_configs_utils:/home/luis-a/panda_ws/install/srdfdom:/home/luis-a/panda_ws/install/moveit_resources_pr2_description:/home/luis-a/panda_ws/install/moveit_resources_panda_description:/home/luis-a/panda_ws/install/moveit_resources_fanuc_description:/home/luis-a/panda_ws/install/moveit_common:/home/luis-a/panda_ws/install/launch_param_builder:${AMENT_PREFIX_PATH} CMAKE_PREFIX_PATH=/home/luis-a/panda_ws/install/moveit_setup_framework:/home/luis-a/panda_ws/install/moveit_ros_visualization:/home/luis-a/panda_ws/install/moveit_ros_planning_interface:/home/luis-a/panda_ws/install/moveit_ros_move_group:/home/luis-a/panda_ws/install/moveit_ros_warehouse:/home/luis-a/panda_ws/install/moveit_ros_robot_interaction:/home/luis-a/panda_ws/install/moveit_planners_ompl:/home/luis-a/panda_ws/install/moveit_kinematics:/home/luis-a/panda_ws/install/moveit_ros_planning:/home/luis-a/panda_ws/install/moveit_simple_controller_manager:/home/luis-a/panda_ws/install/moveit_ros_occupancy_map_monitor:/home/luis-a/panda_ws/install/moveit_core:/home/luis-a/panda_ws/install/moveit_resources_panda_moveit_config:/home/luis-a/panda_ws/install/moveit_resources_fanuc_moveit_config:/home/luis-a/panda_ws/install/srdfdom:/home/luis-a/panda_ws/install/moveit_resources_pr2_description:/home/luis-a/panda_ws/install/moveit_resources_panda_description:/home/luis-a/panda_ws/install/moveit_resources_fanuc_description:/home/luis-a/panda_ws/install/moveit_common:/opt/ros/humble LD_LIBRARY_PATH=/home/luis-a/panda_ws/install/moveit_setup_framework/lib:/home/luis-a/panda_ws/install/moveit_ros_visualization/lib:/home/luis-a/panda_ws/install/moveit_ros_planning_interface/lib:/home/luis-a/panda_ws/install/moveit_ros_move_group/lib:/home/luis-a/panda_ws/install/moveit_ros_warehouse/lib:/home/luis-a/panda_ws/install/moveit_ros_robot_interaction/lib:/home/luis-a/panda_ws/install/moveit_planners_ompl/lib:/home/luis-a/panda_ws/install/moveit_kinematics/lib:/home/luis-a/panda_ws/install/moveit_ros_planning/lib:/home/luis-a/panda_ws/install/moveit_simple_controller_manager/lib:/home/luis-a/panda_ws/install/moveit_ros_occupancy_map_monitor/lib:/home/luis-a/panda_ws/install/moveit_core/lib:/home/luis-a/panda_ws/install/srdfdom/lib:${LD_LIBRARY_PATH} PATH=/home/luis-a/panda_ws/install/moveit_core/bin:${PATH} PYTHONPATH=/home/luis-a/panda_ws/install/moveit_configs_utils/lib/python3.10/site-packages:/home/luis-a/panda_ws/install/srdfdom/local/lib/python3.10/dist-packages:/home/luis-a/panda_ws/install/launch_param_builder/lib/python3.10/site-packages:${PYTHONPATH} /usr/bin/cmake --install /home/luis-a/panda_ws/build/moveit_setup_app_plugins
