[0.004s] Invoking command in '/home/luis-a/panda_ws/build/rviz_marker_tools': AMENT_PREFIX_PATH=/home/luis-a/panda_ws/install/moveit_common:${AMENT_PREFIX_PATH} CMAKE_PREFIX_PATH=/home/luis-a/panda_ws/install/moveit_common:/opt/ros/humble /usr/bin/cmake /home/luis-a/panda_ws/src/moveit_task_constructor/rviz_marker_tools -DCMAKE_BUILD_TYPE=Release -DCMAKE_INSTALL_PREFIX=/home/luis-a/panda_ws/install/rviz_marker_tools
[0.037s] -- The C compiler identification is GNU 11.4.0
[0.072s] -- The CXX compiler identification is GNU 11.4.0
[0.076s] -- Detecting C compiler ABI info
[0.117s] -- Detecting C compiler ABI info - done
[0.121s] -- Check for working C compiler: /usr/bin/cc - skipped
[0.121s] -- Detecting C compile features
[0.121s] -- Detecting C compile features - done
[0.123s] -- Detecting CXX compiler ABI info
[0.173s] -- Detecting CXX compiler ABI info - done
[0.176s] -- Check for working CXX compiler: /usr/bin/c++ - skipped
[0.176s] -- Detecting CXX compile features
[0.177s] -- Detecting CXX compile features - done
[0.178s] -- Found ament_cmake: 1.3.10 (/opt/ros/humble/share/ament_cmake/cmake)
[0.258s] -- Found Python3: /usr/bin/python3 (found version "3.10.12") found components: Interpreter 
[0.302s] -- Found moveit_common: 2.5.6 (/home/luis-a/panda_ws/install/moveit_common/share/moveit_common/cmake)
[0.335s] -- Found eigen3_cmake_module: 0.1.1 (/opt/ros/humble/share/eigen3_cmake_module/cmake)
[0.341s] -- Found Eigen3: TRUE (found version "3.4.0") 
[0.342s] -- Found geometry_msgs: 4.2.4 (/opt/ros/humble/share/geometry_msgs/cmake)
[0.362s] -- Found rosidl_generator_c: 3.1.5 (/opt/ros/humble/share/rosidl_generator_c/cmake)
[0.365s] -- Found rosidl_adapter: 3.1.5 (/opt/ros/humble/share/rosidl_adapter/cmake)
[0.369s] -- Found rosidl_generator_cpp: 3.1.5 (/opt/ros/humble/share/rosidl_generator_cpp/cmake)
[0.375s] -- Using all available rosidl_typesupport_c: rosidl_typesupport_fastrtps_c;rosidl_typesupport_introspection_c
[0.383s] -- Using all available rosidl_typesupport_cpp: rosidl_typesupport_fastrtps_cpp;rosidl_typesupport_introspection_cpp
[0.411s] -- Found rclcpp: 16.0.10 (/opt/ros/humble/share/rclcpp/cmake)
[0.431s] -- Found rmw_implementation_cmake: 6.1.2 (/opt/ros/humble/share/rmw_implementation_cmake/cmake)
[0.432s] -- Found rmw_fastrtps_cpp: 6.2.7 (/opt/ros/humble/share/rmw_fastrtps_cpp/cmake)
[0.489s] -- Found OpenSSL: /usr/lib/x86_64-linux-gnu/libcrypto.so (found version "3.0.2")  
[0.507s] -- Found FastRTPS: /opt/ros/humble/include  
[0.531s] -- Using RMW implementation 'rmw_fastrtps_cpp' as default
[0.536s] -- Looking for pthread.h
[0.578s] -- Looking for pthread.h - found
[0.578s] -- Performing Test CMAKE_HAVE_LIBC_PTHREAD
[0.622s] -- Performing Test CMAKE_HAVE_LIBC_PTHREAD - Success
[0.622s] -- Found Threads: TRUE  
[0.642s] -- Found tf2_eigen: 0.25.8 (/opt/ros/humble/share/tf2_eigen/cmake)
[0.696s] -- Found visualization_msgs: 4.2.4 (/opt/ros/humble/share/visualization_msgs/cmake)
[0.718s] -- Configuring done
[0.725s] -- Generating done
[0.726s] -- Build files have been written to: /home/luis-a/panda_ws/build/rviz_marker_tools
[0.734s] Invoked command in '/home/luis-a/panda_ws/build/rviz_marker_tools' returned '0': AMENT_PREFIX_PATH=/home/luis-a/panda_ws/install/moveit_common:${AMENT_PREFIX_PATH} CMAKE_PREFIX_PATH=/home/luis-a/panda_ws/install/moveit_common:/opt/ros/humble /usr/bin/cmake /home/luis-a/panda_ws/src/moveit_task_constructor/rviz_marker_tools -DCMAKE_BUILD_TYPE=Release -DCMAKE_INSTALL_PREFIX=/home/luis-a/panda_ws/install/rviz_marker_tools
[0.734s] Invoking command in '/home/luis-a/panda_ws/build/rviz_marker_tools': AMENT_PREFIX_PATH=/home/luis-a/panda_ws/install/moveit_common:${AMENT_PREFIX_PATH} CMAKE_PREFIX_PATH=/home/luis-a/panda_ws/install/moveit_common:/opt/ros/humble /usr/bin/cmake --build /home/luis-a/panda_ws/build/rviz_marker_tools -- -j32 -l32
[0.765s] [ 50%] [32mBuilding CXX object CMakeFiles/rviz_marker_tools.dir/src/marker_creation.cpp.o[0m
[4.215s] [100%] [32m[1mLinking CXX shared library librviz_marker_tools.so[0m
[4.277s] [100%] Built target rviz_marker_tools
[4.284s] Invoked command in '/home/luis-a/panda_ws/build/rviz_marker_tools' returned '0': AMENT_PREFIX_PATH=/home/luis-a/panda_ws/install/moveit_common:${AMENT_PREFIX_PATH} CMAKE_PREFIX_PATH=/home/luis-a/panda_ws/install/moveit_common:/opt/ros/humble /usr/bin/cmake --build /home/luis-a/panda_ws/build/rviz_marker_tools -- -j32 -l32
[4.299s] Invoking command in '/home/luis-a/panda_ws/build/rviz_marker_tools': AMENT_PREFIX_PATH=/home/luis-a/panda_ws/install/moveit_common:${AMENT_PREFIX_PATH} CMAKE_PREFIX_PATH=/home/luis-a/panda_ws/install/moveit_common:/opt/ros/humble /usr/bin/cmake --install /home/luis-a/panda_ws/build/rviz_marker_tools
[4.303s] -- Install configuration: "Release"
[4.303s] -- Installing: /home/luis-a/panda_ws/install/rviz_marker_tools/include
[4.303s] -- Installing: /home/luis-a/panda_ws/install/rviz_marker_tools/include/rviz_marker_tools
[4.303s] -- Installing: /home/luis-a/panda_ws/install/rviz_marker_tools/include/rviz_marker_tools/marker_creation.h
[4.303s] -- Installing: /home/luis-a/panda_ws/install/rviz_marker_tools/lib/librviz_marker_tools.so
[4.303s] -- Set runtime path of "/home/luis-a/panda_ws/install/rviz_marker_tools/lib/librviz_marker_tools.so" to ""
[4.303s] -- Installing: /home/luis-a/panda_ws/install/rviz_marker_tools/share/rviz_marker_tools/environment/library_path.sh
[4.303s] -- Installing: /home/luis-a/panda_ws/install/rviz_marker_tools/share/rviz_marker_tools/environment/library_path.dsv
[4.303s] -- Installing: /home/luis-a/panda_ws/install/rviz_marker_tools/share/ament_index/resource_index/package_run_dependencies/rviz_marker_tools
[4.304s] -- Installing: /home/luis-a/panda_ws/install/rviz_marker_tools/share/ament_index/resource_index/parent_prefix_path/rviz_marker_tools
[4.304s] -- Installing: /home/luis-a/panda_ws/install/rviz_marker_tools/share/rviz_marker_tools/environment/ament_prefix_path.sh
[4.304s] -- Installing: /home/luis-a/panda_ws/install/rviz_marker_tools/share/rviz_marker_tools/environment/ament_prefix_path.dsv
[4.304s] -- Installing: /home/luis-a/panda_ws/install/rviz_marker_tools/share/rviz_marker_tools/environment/path.sh
[4.304s] -- Installing: /home/luis-a/panda_ws/install/rviz_marker_tools/share/rviz_marker_tools/environment/path.dsv
[4.304s] -- Installing: /home/luis-a/panda_ws/install/rviz_marker_tools/share/rviz_marker_tools/local_setup.bash
[4.304s] -- Installing: /home/luis-a/panda_ws/install/rviz_marker_tools/share/rviz_marker_tools/local_setup.sh
[4.304s] -- Installing: /home/luis-a/panda_ws/install/rviz_marker_tools/share/rviz_marker_tools/local_setup.zsh
[4.304s] -- Installing: /home/luis-a/panda_ws/install/rviz_marker_tools/share/rviz_marker_tools/local_setup.dsv
[4.304s] -- Installing: /home/luis-a/panda_ws/install/rviz_marker_tools/share/rviz_marker_tools/package.dsv
[4.304s] -- Installing: /home/luis-a/panda_ws/install/rviz_marker_tools/share/ament_index/resource_index/packages/rviz_marker_tools
[4.304s] -- Installing: /home/luis-a/panda_ws/install/rviz_marker_tools/share/rviz_marker_tools/cmake/rviz_marker_toolsTargetsExport.cmake
[4.305s] -- Installing: /home/luis-a/panda_ws/install/rviz_marker_tools/share/rviz_marker_tools/cmake/rviz_marker_toolsTargetsExport-release.cmake
[4.305s] -- Installing: /home/luis-a/panda_ws/install/rviz_marker_tools/share/rviz_marker_tools/cmake/ament_cmake_export_targets-extras.cmake
[4.305s] -- Installing: /home/luis-a/panda_ws/install/rviz_marker_tools/share/rviz_marker_tools/cmake/ament_cmake_export_dependencies-extras.cmake
[4.305s] -- Installing: /home/luis-a/panda_ws/install/rviz_marker_tools/share/rviz_marker_tools/cmake/rviz_marker_toolsConfig.cmake
[4.305s] -- Installing: /home/luis-a/panda_ws/install/rviz_marker_tools/share/rviz_marker_tools/cmake/rviz_marker_toolsConfig-version.cmake
[4.305s] -- Installing: /home/luis-a/panda_ws/install/rviz_marker_tools/share/rviz_marker_tools/package.xml
[4.306s] Invoked command in '/home/luis-a/panda_ws/build/rviz_marker_tools' returned '0': AMENT_PREFIX_PATH=/home/luis-a/panda_ws/install/moveit_common:${AMENT_PREFIX_PATH} CMAKE_PREFIX_PATH=/home/luis-a/panda_ws/install/moveit_common:/opt/ros/humble /usr/bin/cmake --install /home/luis-a/panda_ws/build/rviz_marker_tools
