[0.137s] Invoking command in '/home/luis-a/panda_ws/build/moveit_resources_prbt_support': CMAKE_PREFIX_PATH=/opt/ros/humble /usr/bin/cmake /home/luis-a/panda_ws/src/moveit2/moveit_planners/test_configs/prbt_support -DCMAKE_BUILD_TYPE=Release -DCMAKE_INSTALL_PREFIX=/home/luis-a/panda_ws/install/moveit_resources_prbt_support
[0.169s] -- The C compiler identification is GNU 11.4.0
[0.203s] -- The CXX compiler identification is GNU 11.4.0
[0.208s] -- Detecting C compiler ABI info
[0.252s] -- Detecting C compiler ABI info - done
[0.256s] -- Check for working C compiler: /usr/bin/cc - skipped
[0.256s] -- Detecting C compile features
[0.256s] -- Detecting C compile features - done
[0.258s] -- Detecting CXX compiler ABI info
[0.309s] -- Detecting CXX compiler ABI info - done
[0.313s] -- Check for working CXX compiler: /usr/bin/c++ - skipped
[0.313s] -- Detecting CXX compile features
[0.314s] -- Detecting CXX compile features - done
[0.315s] -- Found ament_cmake: 1.3.10 (/opt/ros/humble/share/ament_cmake/cmake)
[0.399s] -- Found Python3: /usr/bin/python3 (found version "3.10.12") found components: Interpreter 
[0.476s] -- Configuring done
[0.478s] -- Generating done
[0.478s] -- Build files have been written to: /home/luis-a/panda_ws/build/moveit_resources_prbt_support
[0.481s] Invoked command in '/home/luis-a/panda_ws/build/moveit_resources_prbt_support' returned '0': CMAKE_PREFIX_PATH=/opt/ros/humble /usr/bin/cmake /home/luis-a/panda_ws/src/moveit2/moveit_planners/test_configs/prbt_support -DCMAKE_BUILD_TYPE=Release -DCMAKE_INSTALL_PREFIX=/home/luis-a/panda_ws/install/moveit_resources_prbt_support
[0.482s] Invoking command in '/home/luis-a/panda_ws/build/moveit_resources_prbt_support': CMAKE_PREFIX_PATH=/opt/ros/humble /usr/bin/cmake --build /home/luis-a/panda_ws/build/moveit_resources_prbt_support -- -j32 -l32
[0.506s] Invoked command in '/home/luis-a/panda_ws/build/moveit_resources_prbt_support' returned '0': CMAKE_PREFIX_PATH=/opt/ros/humble /usr/bin/cmake --build /home/luis-a/panda_ws/build/moveit_resources_prbt_support -- -j32 -l32
[0.520s] Invoking command in '/home/luis-a/panda_ws/build/moveit_resources_prbt_support': CMAKE_PREFIX_PATH=/opt/ros/humble /usr/bin/cmake --install /home/luis-a/panda_ws/build/moveit_resources_prbt_support
[0.525s] -- Install configuration: "Release"
[0.525s] -- Installing: /home/luis-a/panda_ws/install/moveit_resources_prbt_support/share/ament_index/resource_index/package_run_dependencies/moveit_resources_prbt_support
[0.525s] -- Installing: /home/luis-a/panda_ws/install/moveit_resources_prbt_support/share/ament_index/resource_index/parent_prefix_path/moveit_resources_prbt_support
[0.525s] -- Installing: /home/luis-a/panda_ws/install/moveit_resources_prbt_support/share/moveit_resources_prbt_support/environment/ament_prefix_path.sh
[0.525s] -- Installing: /home/luis-a/panda_ws/install/moveit_resources_prbt_support/share/moveit_resources_prbt_support/environment/ament_prefix_path.dsv
[0.526s] -- Installing: /home/luis-a/panda_ws/install/moveit_resources_prbt_support/share/moveit_resources_prbt_support/environment/path.sh
[0.526s] -- Installing: /home/luis-a/panda_ws/install/moveit_resources_prbt_support/share/moveit_resources_prbt_support/environment/path.dsv
[0.526s] -- Installing: /home/luis-a/panda_ws/install/moveit_resources_prbt_support/share/moveit_resources_prbt_support/local_setup.bash
[0.526s] -- Installing: /home/luis-a/panda_ws/install/moveit_resources_prbt_support/share/moveit_resources_prbt_support/local_setup.sh
[0.526s] -- Installing: /home/luis-a/panda_ws/install/moveit_resources_prbt_support/share/moveit_resources_prbt_support/local_setup.zsh
[0.526s] -- Installing: /home/luis-a/panda_ws/install/moveit_resources_prbt_support/share/moveit_resources_prbt_support/local_setup.dsv
[0.526s] -- Installing: /home/luis-a/panda_ws/install/moveit_resources_prbt_support/share/moveit_resources_prbt_support/package.dsv
[0.526s] -- Installing: /home/luis-a/panda_ws/install/moveit_resources_prbt_support/share/ament_index/resource_index/packages/moveit_resources_prbt_support
[0.526s] -- Installing: /home/luis-a/panda_ws/install/moveit_resources_prbt_support/share/moveit_resources_prbt_support/cmake/moveit_resources_prbt_supportConfig.cmake
[0.526s] -- Installing: /home/luis-a/panda_ws/install/moveit_resources_prbt_support/share/moveit_resources_prbt_support/cmake/moveit_resources_prbt_supportConfig-version.cmake
[0.526s] -- Installing: /home/luis-a/panda_ws/install/moveit_resources_prbt_support/share/moveit_resources_prbt_support/package.xml
[0.526s] -- Installing: /home/luis-a/panda_ws/install/moveit_resources_prbt_support/share/moveit_resources_prbt_support/urdf
[0.526s] -- Installing: /home/luis-a/panda_ws/install/moveit_resources_prbt_support/share/moveit_resources_prbt_support/urdf/simple_gripper_brackets.urdf.xacro
[0.527s] -- Installing: /home/luis-a/panda_ws/install/moveit_resources_prbt_support/share/moveit_resources_prbt_support/urdf/prbt.xacro
[0.527s] -- Installing: /home/luis-a/panda_ws/install/moveit_resources_prbt_support/share/moveit_resources_prbt_support/urdf/prbt_macro.xacro
[0.527s] -- Installing: /home/luis-a/panda_ws/install/moveit_resources_prbt_support/share/moveit_resources_prbt_support/urdf/prbt.ros2_control.xacro
[0.527s] -- Installing: /home/luis-a/panda_ws/install/moveit_resources_prbt_support/share/moveit_resources_prbt_support/meshes
[0.527s] -- Installing: /home/luis-a/panda_ws/install/moveit_resources_prbt_support/share/moveit_resources_prbt_support/meshes/foot.stl
[0.527s] -- Installing: /home/luis-a/panda_ws/install/moveit_resources_prbt_support/share/moveit_resources_prbt_support/meshes/link_1.stl
[0.527s] -- Installing: /home/luis-a/panda_ws/install/moveit_resources_prbt_support/share/moveit_resources_prbt_support/meshes/link_4.stl
[0.527s] -- Installing: /home/luis-a/panda_ws/install/moveit_resources_prbt_support/share/moveit_resources_prbt_support/meshes/link_4.dae
[0.528s] -- Installing: /home/luis-a/panda_ws/install/moveit_resources_prbt_support/share/moveit_resources_prbt_support/meshes/link_2.dae
[0.529s] -- Installing: /home/luis-a/panda_ws/install/moveit_resources_prbt_support/share/moveit_resources_prbt_support/meshes/link_1.dae
[0.529s] -- Installing: /home/luis-a/panda_ws/install/moveit_resources_prbt_support/share/moveit_resources_prbt_support/meshes/foot.dae
[0.530s] -- Installing: /home/luis-a/panda_ws/install/moveit_resources_prbt_support/share/moveit_resources_prbt_support/meshes/link_3.dae
[0.530s] -- Installing: /home/luis-a/panda_ws/install/moveit_resources_prbt_support/share/moveit_resources_prbt_support/meshes/link_5.dae
[0.530s] -- Installing: /home/luis-a/panda_ws/install/moveit_resources_prbt_support/share/moveit_resources_prbt_support/meshes/link_2.stl
[0.530s] -- Installing: /home/luis-a/panda_ws/install/moveit_resources_prbt_support/share/moveit_resources_prbt_support/meshes/link_3.stl
[0.530s] -- Installing: /home/luis-a/panda_ws/install/moveit_resources_prbt_support/share/moveit_resources_prbt_support/meshes/flange.stl
[0.530s] -- Installing: /home/luis-a/panda_ws/install/moveit_resources_prbt_support/share/moveit_resources_prbt_support/meshes/link_5.stl
[0.530s] -- Installing: /home/luis-a/panda_ws/install/moveit_resources_prbt_support/share/moveit_resources_prbt_support/meshes/flange.dae
[0.531s] -- Installing: /home/luis-a/panda_ws/install/moveit_resources_prbt_support/share/moveit_resources_prbt_support/config
[0.531s] -- Installing: /home/luis-a/panda_ws/install/moveit_resources_prbt_support/share/moveit_resources_prbt_support/config/manipulator_driver.yaml
[0.531s] -- Installing: /home/luis-a/panda_ws/install/moveit_resources_prbt_support/share/moveit_resources_prbt_support/config/manipulator_controller.yaml
[0.531s] -- Installing: /home/luis-a/panda_ws/install/moveit_resources_prbt_support/share/moveit_resources_prbt_support/config/prbt_0_1.dcf
[0.532s] Invoked command in '/home/luis-a/panda_ws/build/moveit_resources_prbt_support' returned '0': CMAKE_PREFIX_PATH=/opt/ros/humble /usr/bin/cmake --install /home/luis-a/panda_ws/build/moveit_resources_prbt_support
