[0.012s] Invoking command in '/home/luis-a/panda_ws/build/moveit_kinematics': AMENT_PREFIX_PATH=/home/luis-a/panda_ws/install/moveit_ros_planning:/home/luis-a/panda_ws/install/moveit_ros_occupancy_map_monitor:/home/luis-a/panda_ws/install/moveit_core:/home/luis-a/panda_ws/install/moveit_resources_panda_moveit_config:/home/luis-a/panda_ws/install/moveit_resources_fanuc_moveit_config:/home/luis-a/panda_ws/install/moveit_configs_utils:/home/luis-a/panda_ws/install/srdfdom:/home/luis-a/panda_ws/install/moveit_resources_pr2_description:/home/luis-a/panda_ws/install/moveit_resources_panda_description:/home/luis-a/panda_ws/install/moveit_resources_fanuc_description:/home/luis-a/panda_ws/install/moveit_common:/home/luis-a/panda_ws/install/launch_param_builder:${AMENT_PREFIX_PATH} CMAKE_PREFIX_PATH=/home/luis-a/panda_ws/install/moveit_ros_planning:/home/luis-a/panda_ws/install/moveit_ros_occupancy_map_monitor:/home/luis-a/panda_ws/install/moveit_core:/home/luis-a/panda_ws/install/moveit_resources_panda_moveit_config:/home/luis-a/panda_ws/install/moveit_resources_fanuc_moveit_config:/home/luis-a/panda_ws/install/srdfdom:/home/luis-a/panda_ws/install/moveit_resources_pr2_description:/home/luis-a/panda_ws/install/moveit_resources_panda_description:/home/luis-a/panda_ws/install/moveit_resources_fanuc_description:/home/luis-a/panda_ws/install/moveit_common:/opt/ros/humble LD_LIBRARY_PATH=/home/luis-a/panda_ws/install/moveit_ros_planning/lib:/home/luis-a/panda_ws/install/moveit_ros_occupancy_map_monitor/lib:/home/luis-a/panda_ws/install/moveit_core/lib:/home/luis-a/panda_ws/install/srdfdom/lib:${LD_LIBRARY_PATH} PATH=/home/luis-a/panda_ws/install/moveit_core/bin:${PATH} PYTHONPATH=/home/luis-a/panda_ws/install/moveit_configs_utils/lib/python3.10/site-packages:/home/luis-a/panda_ws/install/srdfdom/local/lib/python3.10/dist-packages:/home/luis-a/panda_ws/install/launch_param_builder/lib/python3.10/site-packages:${PYTHONPATH} /usr/bin/cmake /home/luis-a/panda_ws/src/moveit2/moveit_kinematics -DCMAKE_BUILD_TYPE=Release -DCMAKE_INSTALL_PREFIX=/home/luis-a/panda_ws/install/moveit_kinematics
[0.044s] -- The C compiler identification is GNU 11.4.0
[0.075s] -- The CXX compiler identification is GNU 11.4.0
[0.079s] -- Detecting C compiler ABI info
[0.122s] -- Detecting C compiler ABI info - done
[0.125s] -- Check for working C compiler: /usr/bin/cc - skipped
[0.125s] -- Detecting C compile features
[0.126s] -- Detecting C compile features - done
[0.127s] -- Detecting CXX compiler ABI info
[0.176s] -- Detecting CXX compiler ABI info - done
[0.179s] -- Check for working CXX compiler: /usr/bin/c++ - skipped
[0.179s] -- Detecting CXX compile features
[0.179s] -- Detecting CXX compile features - done
[0.181s] -- Found moveit_common: 2.5.6 (/home/luis-a/panda_ws/install/moveit_common/share/moveit_common/cmake)
[0.182s] -- Found ament_cmake: 1.3.10 (/opt/ros/humble/share/ament_cmake/cmake)
[0.263s] -- Found Python3: /usr/bin/python3 (found version "3.10.12") found components: Interpreter 
[0.354s] -- Found tf2_kdl: 0.25.8 (/opt/ros/humble/share/tf2_kdl/cmake)
[0.378s] -- Found rosidl_generator_c: 3.1.5 (/opt/ros/humble/share/rosidl_generator_c/cmake)
[0.381s] -- Found rosidl_adapter: 3.1.5 (/opt/ros/humble/share/rosidl_adapter/cmake)
[0.387s] -- Found rosidl_generator_cpp: 3.1.5 (/opt/ros/humble/share/rosidl_generator_cpp/cmake)
[0.394s] -- Using all available rosidl_typesupport_c: rosidl_typesupport_fastrtps_c;rosidl_typesupport_introspection_c
[0.404s] -- Using all available rosidl_typesupport_cpp: rosidl_typesupport_fastrtps_cpp;rosidl_typesupport_introspection_cpp
[0.431s] -- Found eigen3_cmake_module: 0.1.1 (/opt/ros/humble/share/eigen3_cmake_module/cmake)
[0.432s] -- Found Eigen3: TRUE (found version "3.4.0") 
[0.432s] -- Ensuring Eigen3 include directory is part of orocos-kdl CMake target
[0.480s] -- Found rmw_implementation_cmake: 6.1.2 (/opt/ros/humble/share/rmw_implementation_cmake/cmake)
[0.483s] -- Found rmw_fastrtps_cpp: 6.2.7 (/opt/ros/humble/share/rmw_fastrtps_cpp/cmake)
[0.537s] -- Found OpenSSL: /usr/lib/x86_64-linux-gnu/libcrypto.so (found version "3.0.2")  
[0.553s] -- Found FastRTPS: /opt/ros/humble/include  
[0.579s] -- Using RMW implementation 'rmw_fastrtps_cpp' as default
[0.585s] -- Looking for pthread.h
[0.628s] -- Looking for pthread.h - found
[0.628s] -- Performing Test CMAKE_HAVE_LIBC_PTHREAD
[0.670s] -- Performing Test CMAKE_HAVE_LIBC_PTHREAD - Success
[0.670s] -- Found Threads: TRUE  
[0.728s] -- Found kdl_parser: 2.6.4 (/opt/ros/humble/share/kdl_parser/cmake)
[0.731s] -- Found random_numbers: 2.0.1 (/opt/ros/humble/share/random_numbers/cmake)
[0.739s] -- Found pluginlib: 5.1.0 (/opt/ros/humble/share/pluginlib/cmake)
[0.749s] -- Found moveit_core: 2.5.6 (/home/luis-a/panda_ws/install/moveit_core/share/moveit_core/cmake)
[0.770s] -- Found Boost: /usr/lib/x86_64-linux-gnu/cmake/Boost-1.74.0/BoostConfig.cmake (found version "1.74.0") found components: chrono date_time filesystem iostreams program_options regex serialization system thread 
[0.792s] -- Found parameter_traits: 0.3.9 (/opt/ros/humble/share/parameter_traits/cmake)
[0.801s] -- Found rclcpp_lifecycle: 16.0.10 (/opt/ros/humble/share/rclcpp_lifecycle/cmake)
[0.816s] -- Found Boost: /usr/lib/x86_64-linux-gnu/cmake/Boost-1.74.0/BoostConfig.cmake (found version "1.74.0") found components: filesystem 
[0.867s] -- library: /usr/lib/x86_64-linux-gnu/libcurl.so
[0.964s] -- Found moveit_ros_planning: 2.5.6 (/home/luis-a/panda_ws/install/moveit_ros_planning/share/moveit_ros_planning/cmake)
[0.966s] -- Found Boost: /usr/lib/x86_64-linux-gnu/cmake/Boost-1.74.0/BoostConfig.cmake (found version "1.74.0") found components: system filesystem date_time program_options thread chrono 
[0.980s] -- Found Boost: /usr/lib/x86_64-linux-gnu/cmake/Boost-1.74.0/BoostConfig.cmake (found version "1.74.0") found components: program_options system 
[1.009s] -- Found ament_cmake_gtest: 1.3.10 (/opt/ros/humble/share/ament_cmake_gtest/cmake)
[1.011s] -- Found ros_testing: 0.4.0 (/opt/ros/humble/share/ros_testing/cmake)
[1.012s] -- Found launch_testing_ament_cmake: 1.0.6 (/opt/ros/humble/share/launch_testing_ament_cmake/cmake)
[1.013s] -- Found python_cmake_module: 0.10.0 (/opt/ros/humble/share/python_cmake_module/cmake)
[1.025s] -- Found PythonInterp: /usr/bin/python3 (found suitable version "3.10.12", minimum required is "3.6") 
[1.029s] -- Found PythonLibs: /usr/lib/x86_64-linux-gnu/libpython3.10.so (found suitable version "3.10.12", minimum required is "3.5") 
[1.029s] -- Using PYTHON_EXECUTABLE: /usr/bin/python3
[1.029s] -- Using PYTHON_INCLUDE_DIRS: /usr/include/python3.10
[1.029s] -- Using PYTHON_LIBRARIES: /usr/lib/x86_64-linux-gnu/libpython3.10.so
[1.042s] -- Found PythonExtra: .so  
[1.043s] -- Found moveit_resources_fanuc_description: 2.0.7 (/home/luis-a/panda_ws/install/moveit_resources_fanuc_description/share/moveit_resources_fanuc_description/cmake)
[1.043s] -- Found moveit_resources_fanuc_moveit_config: 2.0.7 (/home/luis-a/panda_ws/install/moveit_resources_fanuc_moveit_config/share/moveit_resources_fanuc_moveit_config/cmake)
[1.044s] -- Found moveit_resources_panda_description: 2.0.7 (/home/luis-a/panda_ws/install/moveit_resources_panda_description/share/moveit_resources_panda_description/cmake)
[1.044s] -- Found moveit_resources_panda_moveit_config: 2.0.7 (/home/luis-a/panda_ws/install/moveit_resources_panda_moveit_config/share/moveit_resources_panda_moveit_config/cmake)
[1.046s] -- Found gtest sources under '/opt/ros/humble/src/gtest_vendor': C++ tests using 'Google Test' will be built
[1.055s] -- Found ament_lint_auto: 0.12.11 (/opt/ros/humble/share/ament_lint_auto/cmake)
[1.061s] -- Found launch_testing_ament_cmake: 1.0.6 (/opt/ros/humble/share/launch_testing_ament_cmake/cmake)
[1.061s] -- Found python_cmake_module: 0.10.0 (/opt/ros/humble/share/python_cmake_module/cmake)
[1.074s] -- Using PYTHON_EXECUTABLE: /usr/bin/python3
[1.074s] -- Using PYTHON_INCLUDE_DIRS: /usr/include/python3.10
[1.074s] -- Using PYTHON_LIBRARIES: /usr/lib/x86_64-linux-gnu/libpython3.10.so
[1.095s] -- Added test 'cppcheck' to perform static code analysis on C / C++ code
[1.095s] -- Configured cppcheck include dirs: /home/luis-a/panda_ws/src/moveit2/moveit_kinematics/kdl_kinematics_plugin/include;/home/luis-a/panda_ws/src/moveit2/moveit_kinematics/lma_kinematics_plugin/include;/home/luis-a/panda_ws/src/moveit2/moveit_kinematics/srv_kinematics_plugin/include;/home/luis-a/panda_ws/src/moveit2/moveit_kinematics/cached_ik_kinematics_plugin/include
[1.095s] -- Configured cppcheck exclude dirs and/or files: 
[1.096s] -- Added test 'lint_cmake' to check CMake code style
[1.097s] -- Configuring done
[1.158s] -- Generating done
[1.160s] -- Build files have been written to: /home/luis-a/panda_ws/build/moveit_kinematics
[1.174s] Invoked command in '/home/luis-a/panda_ws/build/moveit_kinematics' returned '0': AMENT_PREFIX_PATH=/home/luis-a/panda_ws/install/moveit_ros_planning:/home/luis-a/panda_ws/install/moveit_ros_occupancy_map_monitor:/home/luis-a/panda_ws/install/moveit_core:/home/luis-a/panda_ws/install/moveit_resources_panda_moveit_config:/home/luis-a/panda_ws/install/moveit_resources_fanuc_moveit_config:/home/luis-a/panda_ws/install/moveit_configs_utils:/home/luis-a/panda_ws/install/srdfdom:/home/luis-a/panda_ws/install/moveit_resources_pr2_description:/home/luis-a/panda_ws/install/moveit_resources_panda_description:/home/luis-a/panda_ws/install/moveit_resources_fanuc_description:/home/luis-a/panda_ws/install/moveit_common:/home/luis-a/panda_ws/install/launch_param_builder:${AMENT_PREFIX_PATH} CMAKE_PREFIX_PATH=/home/luis-a/panda_ws/install/moveit_ros_planning:/home/luis-a/panda_ws/install/moveit_ros_occupancy_map_monitor:/home/luis-a/panda_ws/install/moveit_core:/home/luis-a/panda_ws/install/moveit_resources_panda_moveit_config:/home/luis-a/panda_ws/install/moveit_resources_fanuc_moveit_config:/home/luis-a/panda_ws/install/srdfdom:/home/luis-a/panda_ws/install/moveit_resources_pr2_description:/home/luis-a/panda_ws/install/moveit_resources_panda_description:/home/luis-a/panda_ws/install/moveit_resources_fanuc_description:/home/luis-a/panda_ws/install/moveit_common:/opt/ros/humble LD_LIBRARY_PATH=/home/luis-a/panda_ws/install/moveit_ros_planning/lib:/home/luis-a/panda_ws/install/moveit_ros_occupancy_map_monitor/lib:/home/luis-a/panda_ws/install/moveit_core/lib:/home/luis-a/panda_ws/install/srdfdom/lib:${LD_LIBRARY_PATH} PATH=/home/luis-a/panda_ws/install/moveit_core/bin:${PATH} PYTHONPATH=/home/luis-a/panda_ws/install/moveit_configs_utils/lib/python3.10/site-packages:/home/luis-a/panda_ws/install/srdfdom/local/lib/python3.10/dist-packages:/home/luis-a/panda_ws/install/launch_param_builder/lib/python3.10/site-packages:${PYTHONPATH} /usr/bin/cmake /home/luis-a/panda_ws/src/moveit2/moveit_kinematics -DCMAKE_BUILD_TYPE=Release -DCMAKE_INSTALL_PREFIX=/home/luis-a/panda_ws/install/moveit_kinematics
[1.175s] Invoking command in '/home/luis-a/panda_ws/build/moveit_kinematics': AMENT_PREFIX_PATH=/home/luis-a/panda_ws/install/moveit_ros_planning:/home/luis-a/panda_ws/install/moveit_ros_occupancy_map_monitor:/home/luis-a/panda_ws/install/moveit_core:/home/luis-a/panda_ws/install/moveit_resources_panda_moveit_config:/home/luis-a/panda_ws/install/moveit_resources_fanuc_moveit_config:/home/luis-a/panda_ws/install/moveit_configs_utils:/home/luis-a/panda_ws/install/srdfdom:/home/luis-a/panda_ws/install/moveit_resources_pr2_description:/home/luis-a/panda_ws/install/moveit_resources_panda_description:/home/luis-a/panda_ws/install/moveit_resources_fanuc_description:/home/luis-a/panda_ws/install/moveit_common:/home/luis-a/panda_ws/install/launch_param_builder:${AMENT_PREFIX_PATH} CMAKE_PREFIX_PATH=/home/luis-a/panda_ws/install/moveit_ros_planning:/home/luis-a/panda_ws/install/moveit_ros_occupancy_map_monitor:/home/luis-a/panda_ws/install/moveit_core:/home/luis-a/panda_ws/install/moveit_resources_panda_moveit_config:/home/luis-a/panda_ws/install/moveit_resources_fanuc_moveit_config:/home/luis-a/panda_ws/install/srdfdom:/home/luis-a/panda_ws/install/moveit_resources_pr2_description:/home/luis-a/panda_ws/install/moveit_resources_panda_description:/home/luis-a/panda_ws/install/moveit_resources_fanuc_description:/home/luis-a/panda_ws/install/moveit_common:/opt/ros/humble LD_LIBRARY_PATH=/home/luis-a/panda_ws/install/moveit_ros_planning/lib:/home/luis-a/panda_ws/install/moveit_ros_occupancy_map_monitor/lib:/home/luis-a/panda_ws/install/moveit_core/lib:/home/luis-a/panda_ws/install/srdfdom/lib:${LD_LIBRARY_PATH} PATH=/home/luis-a/panda_ws/install/moveit_core/bin:${PATH} PYTHONPATH=/home/luis-a/panda_ws/install/moveit_configs_utils/lib/python3.10/site-packages:/home/luis-a/panda_ws/install/srdfdom/local/lib/python3.10/dist-packages:/home/luis-a/panda_ws/install/launch_param_builder/lib/python3.10/site-packages:${PYTHONPATH} /usr/bin/cmake --build /home/luis-a/panda_ws/build/moveit_kinematics -- -j32 -l32
[1.207s] [  5%] [32mBuilding CXX object gtest/CMakeFiles/gtest_main.dir/src/gtest_main.cc.o[0m
[1.208s] [ 10%] [32mBuilding CXX object cached_ik_kinematics_plugin/CMakeFiles/moveit_cached_ik_kinematics_base.dir/src/ik_cache.cpp.o[0m
[1.208s] [ 15%] [32mBuilding CXX object kdl_kinematics_plugin/CMakeFiles/moveit_kdl_kinematics_plugin.dir/src/kdl_kinematics_plugin.cpp.o[0m
[1.208s] [ 21%] [32mBuilding CXX object gtest/CMakeFiles/gtest.dir/src/gtest-all.cc.o[0m
[1.209s] [ 31%] [32mBuilding CXX object lma_kinematics_plugin/CMakeFiles/moveit_lma_kinematics_plugin.dir/src/lma_kinematics_plugin.cpp.o[0m
[1.209s] [ 31%] [32mBuilding CXX object kdl_kinematics_plugin/CMakeFiles/moveit_kdl_kinematics_plugin.dir/src/chainiksolver_vel_mimic_svd.cpp.o[0m
[1.209s] [ 36%] [32mBuilding CXX object test/CMakeFiles/benchmark_ik.dir/benchmark_ik.cpp.o[0m
[1.209s] [ 42%] [32mBuilding CXX object srv_kinematics_plugin/CMakeFiles/moveit_srv_kinematics_plugin.dir/src/srv_kinematics_plugin.cpp.o[0m
[2.292s] [ 47%] [32m[1mLinking CXX static library libgtest_main.a[0m
[2.380s] [ 47%] Built target gtest_main
[10.260s] [ 52%] [32m[1mLinking CXX static library libgtest.a[0m
[10.331s] [ 52%] Built target gtest
[12.118s] [ 57%] [32m[1mLinking CXX shared library libmoveit_lma_kinematics_plugin.so[0m
[12.304s] [ 57%] Built target moveit_lma_kinematics_plugin
[13.312s] [ 63%] [32m[1mLinking CXX executable benchmark_ik[0m
[13.319s] [ 68%] [32m[1mLinking CXX shared library libmoveit_kdl_kinematics_plugin.so[0m
[13.440s] [ 68%] Built target moveit_kdl_kinematics_plugin
[13.457s] [ 73%] [32mBuilding CXX object test/CMakeFiles/test_kinematics_plugin.dir/test_kinematics_plugin.cpp.o[0m
[13.513s] [ 73%] Built target benchmark_ik
[13.657s] [ 78%] [32m[1mLinking CXX shared library libmoveit_cached_ik_kinematics_base.so[0m
[13.836s] [ 78%] Built target moveit_cached_ik_kinematics_base
[13.902s] [ 84%] [32m[1mLinking CXX shared library libmoveit_srv_kinematics_plugin.so[0m
[14.017s] [ 84%] Built target moveit_srv_kinematics_plugin
[14.033s] [ 89%] [32mBuilding CXX object cached_ik_kinematics_plugin/CMakeFiles/moveit_cached_ik_kinematics_plugin.dir/src/cached_ik_kinematics_plugin.cpp.o[0m
[19.104s] [ 94%] [32m[1mLinking CXX shared library libmoveit_cached_ik_kinematics_plugin.so[0m
[19.219s] [ 94%] Built target moveit_cached_ik_kinematics_plugin
[25.623s] [100%] [32m[1mLinking CXX executable test_kinematics_plugin[0m
[25.794s] [100%] Built target test_kinematics_plugin
[25.801s] Invoked command in '/home/luis-a/panda_ws/build/moveit_kinematics' returned '0': AMENT_PREFIX_PATH=/home/luis-a/panda_ws/install/moveit_ros_planning:/home/luis-a/panda_ws/install/moveit_ros_occupancy_map_monitor:/home/luis-a/panda_ws/install/moveit_core:/home/luis-a/panda_ws/install/moveit_resources_panda_moveit_config:/home/luis-a/panda_ws/install/moveit_resources_fanuc_moveit_config:/home/luis-a/panda_ws/install/moveit_configs_utils:/home/luis-a/panda_ws/install/srdfdom:/home/luis-a/panda_ws/install/moveit_resources_pr2_description:/home/luis-a/panda_ws/install/moveit_resources_panda_description:/home/luis-a/panda_ws/install/moveit_resources_fanuc_description:/home/luis-a/panda_ws/install/moveit_common:/home/luis-a/panda_ws/install/launch_param_builder:${AMENT_PREFIX_PATH} CMAKE_PREFIX_PATH=/home/luis-a/panda_ws/install/moveit_ros_planning:/home/luis-a/panda_ws/install/moveit_ros_occupancy_map_monitor:/home/luis-a/panda_ws/install/moveit_core:/home/luis-a/panda_ws/install/moveit_resources_panda_moveit_config:/home/luis-a/panda_ws/install/moveit_resources_fanuc_moveit_config:/home/luis-a/panda_ws/install/srdfdom:/home/luis-a/panda_ws/install/moveit_resources_pr2_description:/home/luis-a/panda_ws/install/moveit_resources_panda_description:/home/luis-a/panda_ws/install/moveit_resources_fanuc_description:/home/luis-a/panda_ws/install/moveit_common:/opt/ros/humble LD_LIBRARY_PATH=/home/luis-a/panda_ws/install/moveit_ros_planning/lib:/home/luis-a/panda_ws/install/moveit_ros_occupancy_map_monitor/lib:/home/luis-a/panda_ws/install/moveit_core/lib:/home/luis-a/panda_ws/install/srdfdom/lib:${LD_LIBRARY_PATH} PATH=/home/luis-a/panda_ws/install/moveit_core/bin:${PATH} PYTHONPATH=/home/luis-a/panda_ws/install/moveit_configs_utils/lib/python3.10/site-packages:/home/luis-a/panda_ws/install/srdfdom/local/lib/python3.10/dist-packages:/home/luis-a/panda_ws/install/launch_param_builder/lib/python3.10/site-packages:${PYTHONPATH} /usr/bin/cmake --build /home/luis-a/panda_ws/build/moveit_kinematics -- -j32 -l32
[25.818s] Invoking command in '/home/luis-a/panda_ws/build/moveit_kinematics': AMENT_PREFIX_PATH=/home/luis-a/panda_ws/install/moveit_ros_planning:/home/luis-a/panda_ws/install/moveit_ros_occupancy_map_monitor:/home/luis-a/panda_ws/install/moveit_core:/home/luis-a/panda_ws/install/moveit_resources_panda_moveit_config:/home/luis-a/panda_ws/install/moveit_resources_fanuc_moveit_config:/home/luis-a/panda_ws/install/moveit_configs_utils:/home/luis-a/panda_ws/install/srdfdom:/home/luis-a/panda_ws/install/moveit_resources_pr2_description:/home/luis-a/panda_ws/install/moveit_resources_panda_description:/home/luis-a/panda_ws/install/moveit_resources_fanuc_description:/home/luis-a/panda_ws/install/moveit_common:/home/luis-a/panda_ws/install/launch_param_builder:${AMENT_PREFIX_PATH} CMAKE_PREFIX_PATH=/home/luis-a/panda_ws/install/moveit_ros_planning:/home/luis-a/panda_ws/install/moveit_ros_occupancy_map_monitor:/home/luis-a/panda_ws/install/moveit_core:/home/luis-a/panda_ws/install/moveit_resources_panda_moveit_config:/home/luis-a/panda_ws/install/moveit_resources_fanuc_moveit_config:/home/luis-a/panda_ws/install/srdfdom:/home/luis-a/panda_ws/install/moveit_resources_pr2_description:/home/luis-a/panda_ws/install/moveit_resources_panda_description:/home/luis-a/panda_ws/install/moveit_resources_fanuc_description:/home/luis-a/panda_ws/install/moveit_common:/opt/ros/humble LD_LIBRARY_PATH=/home/luis-a/panda_ws/install/moveit_ros_planning/lib:/home/luis-a/panda_ws/install/moveit_ros_occupancy_map_monitor/lib:/home/luis-a/panda_ws/install/moveit_core/lib:/home/luis-a/panda_ws/install/srdfdom/lib:${LD_LIBRARY_PATH} PATH=/home/luis-a/panda_ws/install/moveit_core/bin:${PATH} PYTHONPATH=/home/luis-a/panda_ws/install/moveit_configs_utils/lib/python3.10/site-packages:/home/luis-a/panda_ws/install/srdfdom/local/lib/python3.10/dist-packages:/home/luis-a/panda_ws/install/launch_param_builder/lib/python3.10/site-packages:${PYTHONPATH} /usr/bin/cmake --install /home/luis-a/panda_ws/build/moveit_kinematics
[25.822s] -- Install configuration: "Release"
[25.822s] -- Installing: /home/luis-a/panda_ws/install/moveit_kinematics/share/moveit_kinematics/kdl_kinematics_plugin_description.xml
[25.822s] -- Installing: /home/luis-a/panda_ws/install/moveit_kinematics/share/moveit_kinematics/lma_kinematics_plugin_description.xml
[25.822s] -- Installing: /home/luis-a/panda_ws/install/moveit_kinematics/share/moveit_kinematics/srv_kinematics_plugin_description.xml
[25.822s] -- Installing: /home/luis-a/panda_ws/install/moveit_kinematics/share/moveit_kinematics/cached_ik_kinematics_plugin_description.xml
[25.823s] -- Installing: /home/luis-a/panda_ws/install/moveit_kinematics/include
[25.823s] -- Installing: /home/luis-a/panda_ws/install/moveit_kinematics/include/moveit
[25.823s] -- Installing: /home/luis-a/panda_ws/install/moveit_kinematics/include/moveit/cached_ik_kinematics_plugin
[25.823s] -- Installing: /home/luis-a/panda_ws/install/moveit_kinematics/include/moveit/cached_ik_kinematics_plugin/cached_ik_kinematics_plugin.h
[25.823s] -- Installing: /home/luis-a/panda_ws/install/moveit_kinematics/include/moveit/cached_ik_kinematics_plugin/cached_ik_kinematics_plugin-inl.h
[25.823s] -- Installing: /home/luis-a/panda_ws/install/moveit_kinematics/include/moveit/cached_ik_kinematics_plugin/detail
[25.823s] -- Installing: /home/luis-a/panda_ws/install/moveit_kinematics/include/moveit/cached_ik_kinematics_plugin/detail/NearestNeighbors.h
[25.823s] -- Installing: /home/luis-a/panda_ws/install/moveit_kinematics/include/moveit/cached_ik_kinematics_plugin/detail/NearestNeighborsGNAT.h
[25.823s] -- Installing: /home/luis-a/panda_ws/install/moveit_kinematics/include/moveit/cached_ik_kinematics_plugin/detail/GreedyKCenters.h
[25.823s] -- Installing: /home/luis-a/panda_ws/install/moveit_kinematics/share/moveit_kinematics/launch
[25.823s] -- Installing: /home/luis-a/panda_ws/install/moveit_kinematics/share/moveit_kinematics/launch/measure_ik_call_cost.launch
[25.823s] -- Installing: /home/luis-a/panda_ws/install/moveit_kinematics/lib/moveit_kinematics/auto_create_ikfast_moveit_plugin.sh
[25.824s] -- Installing: /home/luis-a/panda_ws/install/moveit_kinematics/lib/moveit_kinematics/create_ikfast_moveit_plugin.py
[25.824s] -- Installing: /home/luis-a/panda_ws/install/moveit_kinematics/lib/moveit_kinematics/round_collada_numbers.py
[25.824s] -- Installing: /home/luis-a/panda_ws/install/moveit_kinematics/share/moveit_kinematics/ikfast_kinematics_plugin/templates
[25.824s] -- Installing: /home/luis-a/panda_ws/install/moveit_kinematics/share/moveit_kinematics/ikfast_kinematics_plugin/templates/ikfast61_moveit_plugin_template.cpp
[25.824s] -- Installing: /home/luis-a/panda_ws/install/moveit_kinematics/share/moveit_kinematics/ikfast_kinematics_plugin/templates/CMakeLists.txt
[25.824s] -- Installing: /home/luis-a/panda_ws/install/moveit_kinematics/share/moveit_kinematics/ikfast_kinematics_plugin/templates/ikfast.h
[25.824s] -- Up-to-date: /home/luis-a/panda_ws/install/moveit_kinematics/include
[25.824s] -- Up-to-date: /home/luis-a/panda_ws/install/moveit_kinematics/include/moveit
[25.824s] -- Installing: /home/luis-a/panda_ws/install/moveit_kinematics/include/moveit/kdl_kinematics_plugin
[25.824s] -- Installing: /home/luis-a/panda_ws/install/moveit_kinematics/include/moveit/kdl_kinematics_plugin/kdl_kinematics_plugin.h
[25.824s] -- Installing: /home/luis-a/panda_ws/install/moveit_kinematics/include/moveit/kdl_kinematics_plugin/joint_mimic.hpp
[25.824s] -- Installing: /home/luis-a/panda_ws/install/moveit_kinematics/include/moveit/kdl_kinematics_plugin/chainiksolver_vel_mimic_svd.hpp
[25.824s] -- Up-to-date: /home/luis-a/panda_ws/install/moveit_kinematics/include
[25.824s] -- Up-to-date: /home/luis-a/panda_ws/install/moveit_kinematics/include/moveit
[25.824s] -- Installing: /home/luis-a/panda_ws/install/moveit_kinematics/include/moveit/lma_kinematics_plugin
[25.825s] -- Installing: /home/luis-a/panda_ws/install/moveit_kinematics/include/moveit/lma_kinematics_plugin/lma_kinematics_plugin.h
[25.825s] -- Up-to-date: /home/luis-a/panda_ws/install/moveit_kinematics/include
[25.825s] -- Up-to-date: /home/luis-a/panda_ws/install/moveit_kinematics/include/moveit
[25.825s] -- Installing: /home/luis-a/panda_ws/install/moveit_kinematics/include/moveit/srv_kinematics_plugin
[25.825s] -- Installing: /home/luis-a/panda_ws/install/moveit_kinematics/include/moveit/srv_kinematics_plugin/srv_kinematics_plugin.h
[25.825s] -- Installing: /home/luis-a/panda_ws/install/moveit_kinematics/share/moveit_kinematics/config
[25.825s] -- Installing: /home/luis-a/panda_ws/install/moveit_kinematics/share/moveit_kinematics/config/fanuc-kdl-singular-test.yaml
[25.825s] -- Installing: /home/luis-a/panda_ws/install/moveit_kinematics/share/moveit_kinematics/config/fanuc-kdl-test.yaml
[25.825s] -- Installing: /home/luis-a/panda_ws/install/moveit_kinematics/share/moveit_kinematics/config/fanuc-lma-singular-test.yaml
[25.825s] -- Installing: /home/luis-a/panda_ws/install/moveit_kinematics/share/moveit_kinematics/config/panda-kdl-test.yaml
[25.825s] -- Installing: /home/luis-a/panda_ws/install/moveit_kinematics/share/moveit_kinematics/config/panda-kdl-singular-test.yaml
[25.825s] -- Installing: /home/luis-a/panda_ws/install/moveit_kinematics/share/moveit_kinematics/config/panda-lma-singular-test.yaml
[25.825s] -- Installing: /home/luis-a/panda_ws/install/moveit_kinematics/share/moveit_kinematics/config/panda-lma-test.yaml
[25.825s] -- Installing: /home/luis-a/panda_ws/install/moveit_kinematics/share/moveit_kinematics/config/fanuc-lma-test.yaml
[25.825s] -- Up-to-date: /home/luis-a/panda_ws/install/moveit_kinematics/share/moveit_kinematics/launch
[25.826s] -- Installing: /home/luis-a/panda_ws/install/moveit_kinematics/share/moveit_kinematics/launch/fanuc-kdl-singular.test.py
[25.826s] -- Installing: /home/luis-a/panda_ws/install/moveit_kinematics/share/moveit_kinematics/launch/panda-kdl-singular.test.py
[25.826s] -- Installing: /home/luis-a/panda_ws/install/moveit_kinematics/share/moveit_kinematics/launch/panda-lma-singular.test.py
[25.826s] -- Installing: /home/luis-a/panda_ws/install/moveit_kinematics/share/moveit_kinematics/launch/fanuc-kdl.test.py
[25.826s] -- Installing: /home/luis-a/panda_ws/install/moveit_kinematics/share/moveit_kinematics/launch/panda-lma.test.py
[25.826s] -- Installing: /home/luis-a/panda_ws/install/moveit_kinematics/share/moveit_kinematics/launch/fanuc-lma.test.py
[25.826s] -- Installing: /home/luis-a/panda_ws/install/moveit_kinematics/share/moveit_kinematics/launch/panda-kdl.test.py
[25.826s] -- Installing: /home/luis-a/panda_ws/install/moveit_kinematics/share/moveit_kinematics/launch/fanuc-lma-singular.test.py
[25.826s] -- Installing: /home/luis-a/panda_ws/install/moveit_kinematics/lib/moveit_kinematics/benchmark_ik
[25.826s] -- Set runtime path of "/home/luis-a/panda_ws/install/moveit_kinematics/lib/moveit_kinematics/benchmark_ik" to ""
[25.826s] -- Installing: /home/luis-a/panda_ws/install/moveit_kinematics/lib/moveit_kinematics/test_kinematics_plugin
[25.827s] -- Set runtime path of "/home/luis-a/panda_ws/install/moveit_kinematics/lib/moveit_kinematics/test_kinematics_plugin" to ""
[25.827s] -- Installing: /home/luis-a/panda_ws/install/moveit_kinematics/lib/libmoveit_cached_ik_kinematics_base.so.2.5.6
[25.828s] -- Set runtime path of "/home/luis-a/panda_ws/install/moveit_kinematics/lib/libmoveit_cached_ik_kinematics_base.so.2.5.6" to ""
[25.828s] -- Installing: /home/luis-a/panda_ws/install/moveit_kinematics/lib/libmoveit_cached_ik_kinematics_base.so
[25.828s] -- Installing: /home/luis-a/panda_ws/install/moveit_kinematics/lib/libmoveit_cached_ik_kinematics_plugin.so.2.5.6
[25.828s] -- Set runtime path of "/home/luis-a/panda_ws/install/moveit_kinematics/lib/libmoveit_cached_ik_kinematics_plugin.so.2.5.6" to ""
[25.828s] -- Installing: /home/luis-a/panda_ws/install/moveit_kinematics/lib/libmoveit_cached_ik_kinematics_plugin.so
[25.828s] -- Installing: /home/luis-a/panda_ws/install/moveit_kinematics/lib/libmoveit_kdl_kinematics_plugin.so
[25.829s] -- Set runtime path of "/home/luis-a/panda_ws/install/moveit_kinematics/lib/libmoveit_kdl_kinematics_plugin.so" to ""
[25.829s] -- Installing: /home/luis-a/panda_ws/install/moveit_kinematics/lib/libmoveit_lma_kinematics_plugin.so.2.5.6
[25.829s] -- Set runtime path of "/home/luis-a/panda_ws/install/moveit_kinematics/lib/libmoveit_lma_kinematics_plugin.so.2.5.6" to ""
[25.829s] -- Installing: /home/luis-a/panda_ws/install/moveit_kinematics/lib/libmoveit_lma_kinematics_plugin.so
[25.829s] -- Installing: /home/luis-a/panda_ws/install/moveit_kinematics/lib/libmoveit_srv_kinematics_plugin.so.2.5.6
[25.829s] -- Set runtime path of "/home/luis-a/panda_ws/install/moveit_kinematics/lib/libmoveit_srv_kinematics_plugin.so.2.5.6" to ""
[25.829s] -- Installing: /home/luis-a/panda_ws/install/moveit_kinematics/lib/libmoveit_srv_kinematics_plugin.so
[25.829s] -- Installing: /home/luis-a/panda_ws/install/moveit_kinematics/share/moveit_kinematics/environment/library_path.sh
[25.829s] -- Installing: /home/luis-a/panda_ws/install/moveit_kinematics/share/moveit_kinematics/environment/library_path.dsv
[25.830s] -- Installing: /home/luis-a/panda_ws/install/moveit_kinematics/share/ament_index/resource_index/package_run_dependencies/moveit_kinematics
[25.830s] -- Installing: /home/luis-a/panda_ws/install/moveit_kinematics/share/ament_index/resource_index/parent_prefix_path/moveit_kinematics
[25.830s] -- Installing: /home/luis-a/panda_ws/install/moveit_kinematics/share/moveit_kinematics/environment/ament_prefix_path.sh
[25.830s] -- Installing: /home/luis-a/panda_ws/install/moveit_kinematics/share/moveit_kinematics/environment/ament_prefix_path.dsv
[25.830s] -- Installing: /home/luis-a/panda_ws/install/moveit_kinematics/share/moveit_kinematics/environment/path.sh
[25.830s] -- Installing: /home/luis-a/panda_ws/install/moveit_kinematics/share/moveit_kinematics/environment/path.dsv
[25.830s] -- Installing: /home/luis-a/panda_ws/install/moveit_kinematics/share/moveit_kinematics/local_setup.bash
[25.830s] -- Installing: /home/luis-a/panda_ws/install/moveit_kinematics/share/moveit_kinematics/local_setup.sh
[25.830s] -- Installing: /home/luis-a/panda_ws/install/moveit_kinematics/share/moveit_kinematics/local_setup.zsh
[25.830s] -- Installing: /home/luis-a/panda_ws/install/moveit_kinematics/share/moveit_kinematics/local_setup.dsv
[25.831s] -- Installing: /home/luis-a/panda_ws/install/moveit_kinematics/share/moveit_kinematics/package.dsv
[25.831s] -- Installing: /home/luis-a/panda_ws/install/moveit_kinematics/share/ament_index/resource_index/packages/moveit_kinematics
[25.831s] -- Installing: /home/luis-a/panda_ws/install/moveit_kinematics/share/ament_index/resource_index/moveit_core__pluginlib__plugin/moveit_kinematics
[25.831s] -- Installing: /home/luis-a/panda_ws/install/moveit_kinematics/share/moveit_kinematics/cmake/export_moveit_kinematicsExport.cmake
[25.831s] -- Installing: /home/luis-a/panda_ws/install/moveit_kinematics/share/moveit_kinematics/cmake/export_moveit_kinematicsExport-release.cmake
[25.831s] -- Installing: /home/luis-a/panda_ws/install/moveit_kinematics/share/moveit_kinematics/cmake/ConfigExtras.cmake
[25.831s] -- Installing: /home/luis-a/panda_ws/install/moveit_kinematics/share/moveit_kinematics/cmake/ament_cmake_export_targets-extras.cmake
[25.831s] -- Installing: /home/luis-a/panda_ws/install/moveit_kinematics/share/moveit_kinematics/cmake/ament_cmake_export_dependencies-extras.cmake
[25.831s] -- Installing: /home/luis-a/panda_ws/install/moveit_kinematics/share/moveit_kinematics/cmake/moveit_kinematicsConfig.cmake
[25.831s] -- Installing: /home/luis-a/panda_ws/install/moveit_kinematics/share/moveit_kinematics/cmake/moveit_kinematicsConfig-version.cmake
[25.831s] -- Installing: /home/luis-a/panda_ws/install/moveit_kinematics/share/moveit_kinematics/package.xml
[25.833s] Invoked command in '/home/luis-a/panda_ws/build/moveit_kinematics' returned '0': AMENT_PREFIX_PATH=/home/luis-a/panda_ws/install/moveit_ros_planning:/home/luis-a/panda_ws/install/moveit_ros_occupancy_map_monitor:/home/luis-a/panda_ws/install/moveit_core:/home/luis-a/panda_ws/install/moveit_resources_panda_moveit_config:/home/luis-a/panda_ws/install/moveit_resources_fanuc_moveit_config:/home/luis-a/panda_ws/install/moveit_configs_utils:/home/luis-a/panda_ws/install/srdfdom:/home/luis-a/panda_ws/install/moveit_resources_pr2_description:/home/luis-a/panda_ws/install/moveit_resources_panda_description:/home/luis-a/panda_ws/install/moveit_resources_fanuc_description:/home/luis-a/panda_ws/install/moveit_common:/home/luis-a/panda_ws/install/launch_param_builder:${AMENT_PREFIX_PATH} CMAKE_PREFIX_PATH=/home/luis-a/panda_ws/install/moveit_ros_planning:/home/luis-a/panda_ws/install/moveit_ros_occupancy_map_monitor:/home/luis-a/panda_ws/install/moveit_core:/home/luis-a/panda_ws/install/moveit_resources_panda_moveit_config:/home/luis-a/panda_ws/install/moveit_resources_fanuc_moveit_config:/home/luis-a/panda_ws/install/srdfdom:/home/luis-a/panda_ws/install/moveit_resources_pr2_description:/home/luis-a/panda_ws/install/moveit_resources_panda_description:/home/luis-a/panda_ws/install/moveit_resources_fanuc_description:/home/luis-a/panda_ws/install/moveit_common:/opt/ros/humble LD_LIBRARY_PATH=/home/luis-a/panda_ws/install/moveit_ros_planning/lib:/home/luis-a/panda_ws/install/moveit_ros_occupancy_map_monitor/lib:/home/luis-a/panda_ws/install/moveit_core/lib:/home/luis-a/panda_ws/install/srdfdom/lib:${LD_LIBRARY_PATH} PATH=/home/luis-a/panda_ws/install/moveit_core/bin:${PATH} PYTHONPATH=/home/luis-a/panda_ws/install/moveit_configs_utils/lib/python3.10/site-packages:/home/luis-a/panda_ws/install/srdfdom/local/lib/python3.10/dist-packages:/home/luis-a/panda_ws/install/launch_param_builder/lib/python3.10/site-packages:${PYTHONPATH} /usr/bin/cmake --install /home/luis-a/panda_ws/build/moveit_kinematics
