[0.010s] Invoking command in '/home/luis-a/panda_ws/build/moveit_resources_prbt_ikfast_manipulator_plugin': AMENT_PREFIX_PATH=/home/luis-a/panda_ws/install/moveit_core:/home/luis-a/panda_ws/install/moveit_resources_panda_moveit_config:/home/luis-a/panda_ws/install/srdfdom:/home/luis-a/panda_ws/install/moveit_resources_pr2_description:/home/luis-a/panda_ws/install/moveit_resources_panda_description:/home/luis-a/panda_ws/install/moveit_common:${AMENT_PREFIX_PATH} CMAKE_PREFIX_PATH=/home/luis-a/panda_ws/install/moveit_core:/home/luis-a/panda_ws/install/moveit_resources_panda_moveit_config:/home/luis-a/panda_ws/install/srdfdom:/home/luis-a/panda_ws/install/moveit_resources_pr2_description:/home/luis-a/panda_ws/install/moveit_resources_panda_description:/home/luis-a/panda_ws/install/moveit_common:/opt/ros/humble LD_LIBRARY_PATH=/home/luis-a/panda_ws/install/moveit_core/lib:/home/luis-a/panda_ws/install/srdfdom/lib:${LD_LIBRARY_PATH} PATH=/home/luis-a/panda_ws/install/moveit_core/bin:${PATH} PYTHONPATH=/home/luis-a/panda_ws/install/srdfdom/local/lib/python3.10/dist-packages:${PYTHONPATH} /usr/bin/cmake /home/luis-a/panda_ws/src/moveit2/moveit_planners/test_configs/prbt_ikfast_manipulator_plugin -DCMAKE_BUILD_TYPE=Release -DCMAKE_INSTALL_PREFIX=/home/luis-a/panda_ws/install/moveit_resources_prbt_ikfast_manipulator_plugin
[0.039s] -- The C compiler identification is GNU 11.4.0
[0.069s] -- The CXX compiler identification is GNU 11.4.0
[0.073s] -- Detecting C compiler ABI info
[0.114s] -- Detecting C compiler ABI info - done
[0.117s] -- Check for working C compiler: /usr/bin/cc - skipped
[0.118s] -- Detecting C compile features
[0.118s] -- Detecting C compile features - done
[0.119s] -- Detecting CXX compiler ABI info
[0.167s] -- Detecting CXX compiler ABI info - done
[0.170s] -- Check for working CXX compiler: /usr/bin/c++ - skipped
[0.170s] -- Detecting CXX compile features
[0.171s] -- Detecting CXX compile features - done
[0.172s] -- Found ament_cmake: 1.3.10 (/opt/ros/humble/share/ament_cmake/cmake)
[0.251s] -- Found Python3: /usr/bin/python3 (found version "3.10.12") found components: Interpreter 
[0.298s] -- Found moveit_core: 2.5.6 (/home/luis-a/panda_ws/install/moveit_core/share/moveit_core/cmake)
[0.406s] -- Found Boost: /usr/lib/x86_64-linux-gnu/cmake/Boost-1.74.0/BoostConfig.cmake (found version "1.74.0") found components: chrono date_time filesystem iostreams program_options regex serialization system thread 
[0.440s] -- Found parameter_traits: 0.3.9 (/opt/ros/humble/share/parameter_traits/cmake)
[0.463s] -- Found rosidl_generator_c: 3.1.5 (/opt/ros/humble/share/rosidl_generator_c/cmake)
[0.467s] -- Found rosidl_adapter: 3.1.5 (/opt/ros/humble/share/rosidl_adapter/cmake)
[0.472s] -- Found rosidl_generator_cpp: 3.1.5 (/opt/ros/humble/share/rosidl_generator_cpp/cmake)
[0.479s] -- Using all available rosidl_typesupport_c: rosidl_typesupport_fastrtps_c;rosidl_typesupport_introspection_c
[0.488s] -- Using all available rosidl_typesupport_cpp: rosidl_typesupport_fastrtps_cpp;rosidl_typesupport_introspection_cpp
[0.514s] -- Found rmw_implementation_cmake: 6.1.2 (/opt/ros/humble/share/rmw_implementation_cmake/cmake)
[0.516s] -- Found rmw_fastrtps_cpp: 6.2.7 (/opt/ros/humble/share/rmw_fastrtps_cpp/cmake)
[0.574s] -- Found OpenSSL: /usr/lib/x86_64-linux-gnu/libcrypto.so (found version "3.0.2")  
[0.588s] -- Found FastRTPS: /opt/ros/humble/include  
[0.612s] -- Using RMW implementation 'rmw_fastrtps_cpp' as default
[0.618s] -- Found Threads: TRUE  
[0.649s] -- Found Eigen3: TRUE (found version "3.4.0") 
[0.650s] -- Found rclcpp_lifecycle: 16.0.10 (/opt/ros/humble/share/rclcpp_lifecycle/cmake)
[0.664s] -- Found Boost: /usr/lib/x86_64-linux-gnu/cmake/Boost-1.74.0/BoostConfig.cmake (found version "1.74.0") found components: filesystem 
[0.727s] -- library: /usr/lib/x86_64-linux-gnu/libcurl.so
[0.763s] -- Ensuring Eigen3 include directory is part of orocos-kdl CMake target
[0.898s] -- Found tf2_eigen_kdl: 0.25.8 (/opt/ros/humble/share/tf2_eigen_kdl/cmake)
[0.934s] -- Configuring done
[0.948s] -- Generating done
[0.949s] -- Build files have been written to: /home/luis-a/panda_ws/build/moveit_resources_prbt_ikfast_manipulator_plugin
[0.959s] Invoked command in '/home/luis-a/panda_ws/build/moveit_resources_prbt_ikfast_manipulator_plugin' returned '0': AMENT_PREFIX_PATH=/home/luis-a/panda_ws/install/moveit_core:/home/luis-a/panda_ws/install/moveit_resources_panda_moveit_config:/home/luis-a/panda_ws/install/srdfdom:/home/luis-a/panda_ws/install/moveit_resources_pr2_description:/home/luis-a/panda_ws/install/moveit_resources_panda_description:/home/luis-a/panda_ws/install/moveit_common:${AMENT_PREFIX_PATH} CMAKE_PREFIX_PATH=/home/luis-a/panda_ws/install/moveit_core:/home/luis-a/panda_ws/install/moveit_resources_panda_moveit_config:/home/luis-a/panda_ws/install/srdfdom:/home/luis-a/panda_ws/install/moveit_resources_pr2_description:/home/luis-a/panda_ws/install/moveit_resources_panda_description:/home/luis-a/panda_ws/install/moveit_common:/opt/ros/humble LD_LIBRARY_PATH=/home/luis-a/panda_ws/install/moveit_core/lib:/home/luis-a/panda_ws/install/srdfdom/lib:${LD_LIBRARY_PATH} PATH=/home/luis-a/panda_ws/install/moveit_core/bin:${PATH} PYTHONPATH=/home/luis-a/panda_ws/install/srdfdom/local/lib/python3.10/dist-packages:${PYTHONPATH} /usr/bin/cmake /home/luis-a/panda_ws/src/moveit2/moveit_planners/test_configs/prbt_ikfast_manipulator_plugin -DCMAKE_BUILD_TYPE=Release -DCMAKE_INSTALL_PREFIX=/home/luis-a/panda_ws/install/moveit_resources_prbt_ikfast_manipulator_plugin
[0.960s] Invoking command in '/home/luis-a/panda_ws/build/moveit_resources_prbt_ikfast_manipulator_plugin': AMENT_PREFIX_PATH=/home/luis-a/panda_ws/install/moveit_core:/home/luis-a/panda_ws/install/moveit_resources_panda_moveit_config:/home/luis-a/panda_ws/install/srdfdom:/home/luis-a/panda_ws/install/moveit_resources_pr2_description:/home/luis-a/panda_ws/install/moveit_resources_panda_description:/home/luis-a/panda_ws/install/moveit_common:${AMENT_PREFIX_PATH} CMAKE_PREFIX_PATH=/home/luis-a/panda_ws/install/moveit_core:/home/luis-a/panda_ws/install/moveit_resources_panda_moveit_config:/home/luis-a/panda_ws/install/srdfdom:/home/luis-a/panda_ws/install/moveit_resources_pr2_description:/home/luis-a/panda_ws/install/moveit_resources_panda_description:/home/luis-a/panda_ws/install/moveit_common:/opt/ros/humble LD_LIBRARY_PATH=/home/luis-a/panda_ws/install/moveit_core/lib:/home/luis-a/panda_ws/install/srdfdom/lib:${LD_LIBRARY_PATH} PATH=/home/luis-a/panda_ws/install/moveit_core/bin:${PATH} PYTHONPATH=/home/luis-a/panda_ws/install/srdfdom/local/lib/python3.10/dist-packages:${PYTHONPATH} /usr/bin/cmake --build /home/luis-a/panda_ws/build/moveit_resources_prbt_ikfast_manipulator_plugin -- -j32 -l32
[0.992s] [ 50%] [32mBuilding CXX object CMakeFiles/prbt_manipulator_moveit_ikfast_plugin.dir/src/prbt_manipulator_ikfast_moveit_plugin.cpp.o[0m
[12.834s] [100%] [32m[1mLinking CXX shared library libprbt_manipulator_moveit_ikfast_plugin.so[0m
[12.929s] [100%] Built target prbt_manipulator_moveit_ikfast_plugin
[12.936s] Invoked command in '/home/luis-a/panda_ws/build/moveit_resources_prbt_ikfast_manipulator_plugin' returned '0': AMENT_PREFIX_PATH=/home/luis-a/panda_ws/install/moveit_core:/home/luis-a/panda_ws/install/moveit_resources_panda_moveit_config:/home/luis-a/panda_ws/install/srdfdom:/home/luis-a/panda_ws/install/moveit_resources_pr2_description:/home/luis-a/panda_ws/install/moveit_resources_panda_description:/home/luis-a/panda_ws/install/moveit_common:${AMENT_PREFIX_PATH} CMAKE_PREFIX_PATH=/home/luis-a/panda_ws/install/moveit_core:/home/luis-a/panda_ws/install/moveit_resources_panda_moveit_config:/home/luis-a/panda_ws/install/srdfdom:/home/luis-a/panda_ws/install/moveit_resources_pr2_description:/home/luis-a/panda_ws/install/moveit_resources_panda_description:/home/luis-a/panda_ws/install/moveit_common:/opt/ros/humble LD_LIBRARY_PATH=/home/luis-a/panda_ws/install/moveit_core/lib:/home/luis-a/panda_ws/install/srdfdom/lib:${LD_LIBRARY_PATH} PATH=/home/luis-a/panda_ws/install/moveit_core/bin:${PATH} PYTHONPATH=/home/luis-a/panda_ws/install/srdfdom/local/lib/python3.10/dist-packages:${PYTHONPATH} /usr/bin/cmake --build /home/luis-a/panda_ws/build/moveit_resources_prbt_ikfast_manipulator_plugin -- -j32 -l32
[12.952s] Invoking command in '/home/luis-a/panda_ws/build/moveit_resources_prbt_ikfast_manipulator_plugin': AMENT_PREFIX_PATH=/home/luis-a/panda_ws/install/moveit_core:/home/luis-a/panda_ws/install/moveit_resources_panda_moveit_config:/home/luis-a/panda_ws/install/srdfdom:/home/luis-a/panda_ws/install/moveit_resources_pr2_description:/home/luis-a/panda_ws/install/moveit_resources_panda_description:/home/luis-a/panda_ws/install/moveit_common:${AMENT_PREFIX_PATH} CMAKE_PREFIX_PATH=/home/luis-a/panda_ws/install/moveit_core:/home/luis-a/panda_ws/install/moveit_resources_panda_moveit_config:/home/luis-a/panda_ws/install/srdfdom:/home/luis-a/panda_ws/install/moveit_resources_pr2_description:/home/luis-a/panda_ws/install/moveit_resources_panda_description:/home/luis-a/panda_ws/install/moveit_common:/opt/ros/humble LD_LIBRARY_PATH=/home/luis-a/panda_ws/install/moveit_core/lib:/home/luis-a/panda_ws/install/srdfdom/lib:${LD_LIBRARY_PATH} PATH=/home/luis-a/panda_ws/install/moveit_core/bin:${PATH} PYTHONPATH=/home/luis-a/panda_ws/install/srdfdom/local/lib/python3.10/dist-packages:${PYTHONPATH} /usr/bin/cmake --install /home/luis-a/panda_ws/build/moveit_resources_prbt_ikfast_manipulator_plugin
[12.956s] -- Install configuration: "Release"
[12.957s] -- Installing: /home/luis-a/panda_ws/install/moveit_resources_prbt_ikfast_manipulator_plugin/share/moveit_resources_prbt_ikfast_manipulator_plugin/prbt_manipulator_moveit_ikfast_plugin_description.xml
[12.957s] -- Installing: /home/luis-a/panda_ws/install/moveit_resources_prbt_ikfast_manipulator_plugin/lib/libprbt_manipulator_moveit_ikfast_plugin.so
[12.957s] -- Set runtime path of "/home/luis-a/panda_ws/install/moveit_resources_prbt_ikfast_manipulator_plugin/lib/libprbt_manipulator_moveit_ikfast_plugin.so" to ""
[12.957s] -- Installing: /home/luis-a/panda_ws/install/moveit_resources_prbt_ikfast_manipulator_plugin/share/moveit_resources_prbt_ikfast_manipulator_plugin/environment/library_path.sh
[12.957s] -- Installing: /home/luis-a/panda_ws/install/moveit_resources_prbt_ikfast_manipulator_plugin/share/moveit_resources_prbt_ikfast_manipulator_plugin/environment/library_path.dsv
[12.958s] -- Installing: /home/luis-a/panda_ws/install/moveit_resources_prbt_ikfast_manipulator_plugin/share/ament_index/resource_index/package_run_dependencies/moveit_resources_prbt_ikfast_manipulator_plugin
[12.958s] -- Installing: /home/luis-a/panda_ws/install/moveit_resources_prbt_ikfast_manipulator_plugin/share/ament_index/resource_index/parent_prefix_path/moveit_resources_prbt_ikfast_manipulator_plugin
[12.958s] -- Installing: /home/luis-a/panda_ws/install/moveit_resources_prbt_ikfast_manipulator_plugin/share/moveit_resources_prbt_ikfast_manipulator_plugin/environment/ament_prefix_path.sh
[12.958s] -- Installing: /home/luis-a/panda_ws/install/moveit_resources_prbt_ikfast_manipulator_plugin/share/moveit_resources_prbt_ikfast_manipulator_plugin/environment/ament_prefix_path.dsv
[12.958s] -- Installing: /home/luis-a/panda_ws/install/moveit_resources_prbt_ikfast_manipulator_plugin/share/moveit_resources_prbt_ikfast_manipulator_plugin/environment/path.sh
[12.958s] -- Installing: /home/luis-a/panda_ws/install/moveit_resources_prbt_ikfast_manipulator_plugin/share/moveit_resources_prbt_ikfast_manipulator_plugin/environment/path.dsv
[12.958s] -- Installing: /home/luis-a/panda_ws/install/moveit_resources_prbt_ikfast_manipulator_plugin/share/moveit_resources_prbt_ikfast_manipulator_plugin/local_setup.bash
[12.958s] -- Installing: /home/luis-a/panda_ws/install/moveit_resources_prbt_ikfast_manipulator_plugin/share/moveit_resources_prbt_ikfast_manipulator_plugin/local_setup.sh
[12.958s] -- Installing: /home/luis-a/panda_ws/install/moveit_resources_prbt_ikfast_manipulator_plugin/share/moveit_resources_prbt_ikfast_manipulator_plugin/local_setup.zsh
[12.958s] -- Installing: /home/luis-a/panda_ws/install/moveit_resources_prbt_ikfast_manipulator_plugin/share/moveit_resources_prbt_ikfast_manipulator_plugin/local_setup.dsv
[12.958s] -- Installing: /home/luis-a/panda_ws/install/moveit_resources_prbt_ikfast_manipulator_plugin/share/moveit_resources_prbt_ikfast_manipulator_plugin/package.dsv
[12.958s] -- Installing: /home/luis-a/panda_ws/install/moveit_resources_prbt_ikfast_manipulator_plugin/share/ament_index/resource_index/packages/moveit_resources_prbt_ikfast_manipulator_plugin
[12.959s] -- Installing: /home/luis-a/panda_ws/install/moveit_resources_prbt_ikfast_manipulator_plugin/share/ament_index/resource_index/moveit_core__pluginlib__plugin/moveit_resources_prbt_ikfast_manipulator_plugin
[12.959s] -- Installing: /home/luis-a/panda_ws/install/moveit_resources_prbt_ikfast_manipulator_plugin/share/moveit_resources_prbt_ikfast_manipulator_plugin/cmake/export_moveit_resources_prbt_ikfast_manipulator_pluginExport.cmake
[12.959s] -- Installing: /home/luis-a/panda_ws/install/moveit_resources_prbt_ikfast_manipulator_plugin/share/moveit_resources_prbt_ikfast_manipulator_plugin/cmake/export_moveit_resources_prbt_ikfast_manipulator_pluginExport-release.cmake
[12.959s] -- Installing: /home/luis-a/panda_ws/install/moveit_resources_prbt_ikfast_manipulator_plugin/share/moveit_resources_prbt_ikfast_manipulator_plugin/cmake/ament_cmake_export_targets-extras.cmake
[12.959s] -- Installing: /home/luis-a/panda_ws/install/moveit_resources_prbt_ikfast_manipulator_plugin/share/moveit_resources_prbt_ikfast_manipulator_plugin/cmake/moveit_resources_prbt_ikfast_manipulator_pluginConfig.cmake
[12.959s] -- Installing: /home/luis-a/panda_ws/install/moveit_resources_prbt_ikfast_manipulator_plugin/share/moveit_resources_prbt_ikfast_manipulator_plugin/cmake/moveit_resources_prbt_ikfast_manipulator_pluginConfig-version.cmake
[12.959s] -- Installing: /home/luis-a/panda_ws/install/moveit_resources_prbt_ikfast_manipulator_plugin/share/moveit_resources_prbt_ikfast_manipulator_plugin/package.xml
[12.960s] Invoked command in '/home/luis-a/panda_ws/build/moveit_resources_prbt_ikfast_manipulator_plugin' returned '0': AMENT_PREFIX_PATH=/home/luis-a/panda_ws/install/moveit_core:/home/luis-a/panda_ws/install/moveit_resources_panda_moveit_config:/home/luis-a/panda_ws/install/srdfdom:/home/luis-a/panda_ws/install/moveit_resources_pr2_description:/home/luis-a/panda_ws/install/moveit_resources_panda_description:/home/luis-a/panda_ws/install/moveit_common:${AMENT_PREFIX_PATH} CMAKE_PREFIX_PATH=/home/luis-a/panda_ws/install/moveit_core:/home/luis-a/panda_ws/install/moveit_resources_panda_moveit_config:/home/luis-a/panda_ws/install/srdfdom:/home/luis-a/panda_ws/install/moveit_resources_pr2_description:/home/luis-a/panda_ws/install/moveit_resources_panda_description:/home/luis-a/panda_ws/install/moveit_common:/opt/ros/humble LD_LIBRARY_PATH=/home/luis-a/panda_ws/install/moveit_core/lib:/home/luis-a/panda_ws/install/srdfdom/lib:${LD_LIBRARY_PATH} PATH=/home/luis-a/panda_ws/install/moveit_core/bin:${PATH} PYTHONPATH=/home/luis-a/panda_ws/install/srdfdom/local/lib/python3.10/dist-packages:${PYTHONPATH} /usr/bin/cmake --install /home/luis-a/panda_ws/build/moveit_resources_prbt_ikfast_manipulator_plugin
