[0.036s] Invoking command in '/home/luis-a/panda_ws/build/moveit_task_constructor_core': AMENT_PREFIX_PATH=/home/luis-a/panda_ws/install/moveit_planners:/home/luis-a/panda_ws/install/pilz_industrial_motion_planner:/home/luis-a/panda_ws/install/moveit_resources_prbt_pg70_support:/home/luis-a/panda_ws/install/moveit_ros_planning_interface:/home/luis-a/panda_ws/install/moveit_resources_prbt_moveit_config:/home/luis-a/panda_ws/install/moveit_ros_move_group:/home/luis-a/panda_ws/install/moveit_ros_warehouse:/home/luis-a/panda_ws/install/moveit_planners_ompl:/home/luis-a/panda_ws/install/moveit_kinematics:/home/luis-a/panda_ws/install/moveit_ros_planning:/home/luis-a/panda_ws/install/pilz_industrial_motion_planner_testutils:/home/luis-a/panda_ws/install/moveit_simple_controller_manager:/home/luis-a/panda_ws/install/moveit_ros_occupancy_map_monitor:/home/luis-a/panda_ws/install/moveit_resources_prbt_ikfast_manipulator_plugin:/home/luis-a/panda_ws/install/moveit_core:/home/luis-a/panda_ws/install/rviz_marker_tools:/home/luis-a/panda_ws/install/moveit_resources_panda_moveit_config:/home/luis-a/panda_ws/install/moveit_resources_fanuc_moveit_config:/home/luis-a/panda_ws/install/moveit_configs_utils:/home/luis-a/panda_ws/install/srdfdom:/home/luis-a/panda_ws/install/moveit_task_constructor_msgs:/home/luis-a/panda_ws/install/moveit_resources_prbt_support:/home/luis-a/panda_ws/install/moveit_resources_pr2_description:/home/luis-a/panda_ws/install/moveit_resources_panda_description:/home/luis-a/panda_ws/install/moveit_resources_fanuc_description:/home/luis-a/panda_ws/install/moveit_common:/home/luis-a/panda_ws/install/launch_param_builder:${AMENT_PREFIX_PATH} CMAKE_PREFIX_PATH=/home/luis-a/panda_ws/install/moveit_planners:/home/luis-a/panda_ws/install/pilz_industrial_motion_planner:/home/luis-a/panda_ws/install/moveit_resources_prbt_pg70_support:/home/luis-a/panda_ws/install/moveit_ros_planning_interface:/home/luis-a/panda_ws/install/moveit_resources_prbt_moveit_config:/home/luis-a/panda_ws/install/moveit_ros_move_group:/home/luis-a/panda_ws/install/moveit_ros_warehouse:/home/luis-a/panda_ws/install/moveit_planners_ompl:/home/luis-a/panda_ws/install/moveit_kinematics:/home/luis-a/panda_ws/install/moveit_ros_planning:/home/luis-a/panda_ws/install/pilz_industrial_motion_planner_testutils:/home/luis-a/panda_ws/install/moveit_simple_controller_manager:/home/luis-a/panda_ws/install/moveit_ros_occupancy_map_monitor:/home/luis-a/panda_ws/install/moveit_resources_prbt_ikfast_manipulator_plugin:/home/luis-a/panda_ws/install/moveit_core:/home/luis-a/panda_ws/install/rviz_marker_tools:/home/luis-a/panda_ws/install/moveit_resources_panda_moveit_config:/home/luis-a/panda_ws/install/moveit_resources_fanuc_moveit_config:/home/luis-a/panda_ws/install/srdfdom:/home/luis-a/panda_ws/install/moveit_task_constructor_msgs:/home/luis-a/panda_ws/install/moveit_resources_prbt_support:/home/luis-a/panda_ws/install/moveit_resources_pr2_description:/home/luis-a/panda_ws/install/moveit_resources_panda_description:/home/luis-a/panda_ws/install/moveit_resources_fanuc_description:/home/luis-a/panda_ws/install/moveit_common:/opt/ros/humble LD_LIBRARY_PATH=/home/luis-a/panda_ws/install/pilz_industrial_motion_planner/lib:/home/luis-a/panda_ws/install/moveit_ros_planning_interface/lib:/home/luis-a/panda_ws/install/moveit_ros_move_group/lib:/home/luis-a/panda_ws/install/moveit_ros_warehouse/lib:/home/luis-a/panda_ws/install/moveit_planners_ompl/lib:/home/luis-a/panda_ws/install/moveit_kinematics/lib:/home/luis-a/panda_ws/install/moveit_ros_planning/lib:/home/luis-a/panda_ws/install/pilz_industrial_motion_planner_testutils/lib:/home/luis-a/panda_ws/install/moveit_simple_controller_manager/lib:/home/luis-a/panda_ws/install/moveit_ros_occupancy_map_monitor/lib:/home/luis-a/panda_ws/install/moveit_resources_prbt_ikfast_manipulator_plugin/lib:/home/luis-a/panda_ws/install/moveit_core/lib:/home/luis-a/panda_ws/install/rviz_marker_tools/lib:/home/luis-a/panda_ws/install/srdfdom/lib:/home/luis-a/panda_ws/install/moveit_task_constructor_msgs/lib:${LD_LIBRARY_PATH} PATH=/home/luis-a/panda_ws/install/moveit_core/bin:${PATH} PYTHONPATH=/home/luis-a/panda_ws/install/moveit_configs_utils/lib/python3.10/site-packages:/home/luis-a/panda_ws/install/srdfdom/local/lib/python3.10/dist-packages:/home/luis-a/panda_ws/install/moveit_task_constructor_msgs/local/lib/python3.10/dist-packages:/home/luis-a/panda_ws/install/launch_param_builder/lib/python3.10/site-packages:${PYTHONPATH} /usr/bin/cmake /home/luis-a/panda_ws/src/moveit_task_constructor/core -DCMAKE_BUILD_TYPE=Release -DCMAKE_INSTALL_PREFIX=/home/luis-a/panda_ws/install/moveit_task_constructor_core
[0.075s] -- The C compiler identification is GNU 11.4.0
[0.112s] -- The CXX compiler identification is GNU 11.4.0
[0.118s] -- Detecting C compiler ABI info
[0.170s] -- Detecting C compiler ABI info - done
[0.174s] -- Check for working C compiler: /usr/bin/cc - skipped
[0.174s] -- Detecting C compile features
[0.174s] -- Detecting C compile features - done
[0.176s] -- Detecting CXX compiler ABI info
[0.235s] -- Detecting CXX compiler ABI info - done
[0.239s] -- Check for working CXX compiler: /usr/bin/c++ - skipped
[0.239s] -- Detecting CXX compile features
[0.239s] -- Detecting CXX compile features - done
[0.242s] -- Found ament_cmake: 1.3.10 (/opt/ros/humble/share/ament_cmake/cmake)
[0.339s] -- Found Python3: /usr/bin/python3 (found version "3.10.12") found components: Interpreter 
[0.418s] -- Found Boost: /usr/lib/x86_64-linux-gnu/cmake/Boost-1.74.0/BoostConfig.cmake (found version "1.74.0")  
[0.423s] -- Found geometry_msgs: 4.2.4 (/opt/ros/humble/share/geometry_msgs/cmake)
[0.458s] -- Found rosidl_generator_c: 3.1.5 (/opt/ros/humble/share/rosidl_generator_c/cmake)
[0.464s] -- Found rosidl_adapter: 3.1.5 (/opt/ros/humble/share/rosidl_adapter/cmake)
[0.472s] -- Found rosidl_generator_cpp: 3.1.5 (/opt/ros/humble/share/rosidl_generator_cpp/cmake)
[0.482s] -- Using all available rosidl_typesupport_c: rosidl_typesupport_fastrtps_c;rosidl_typesupport_introspection_c
[0.495s] -- Using all available rosidl_typesupport_cpp: rosidl_typesupport_fastrtps_cpp;rosidl_typesupport_introspection_cpp
[0.521s] -- Found moveit_common: 2.5.6 (/home/luis-a/panda_ws/install/moveit_common/share/moveit_common/cmake)
[0.556s] -- Found moveit_core: 2.5.6 (/home/luis-a/panda_ws/install/moveit_core/share/moveit_core/cmake)
[0.689s] -- Found Boost: /usr/lib/x86_64-linux-gnu/cmake/Boost-1.74.0/BoostConfig.cmake (found version "1.74.0") found components: chrono date_time filesystem iostreams program_options regex serialization system thread 
[0.730s] -- Found parameter_traits: 0.3.9 (/opt/ros/humble/share/parameter_traits/cmake)
[0.769s] -- Found rmw_implementation_cmake: 6.1.2 (/opt/ros/humble/share/rmw_implementation_cmake/cmake)
[0.772s] -- Found rmw_fastrtps_cpp: 6.2.7 (/opt/ros/humble/share/rmw_fastrtps_cpp/cmake)
[0.851s] -- Found OpenSSL: /usr/lib/x86_64-linux-gnu/libcrypto.so (found version "3.0.2")  
[0.868s] -- Found FastRTPS: /opt/ros/humble/include  
[0.898s] -- Using RMW implementation 'rmw_fastrtps_cpp' as default
[0.907s] -- Found Threads: TRUE  
[0.938s] -- Found Eigen3: TRUE (found version "3.4.0") 
[0.941s] -- Found rclcpp_lifecycle: 16.0.10 (/opt/ros/humble/share/rclcpp_lifecycle/cmake)
[0.959s] -- Found Boost: /usr/lib/x86_64-linux-gnu/cmake/Boost-1.74.0/BoostConfig.cmake (found version "1.74.0") found components: filesystem 
[1.045s] -- library: /usr/lib/x86_64-linux-gnu/libcurl.so
[1.089s] -- Ensuring Eigen3 include directory is part of orocos-kdl CMake target
[1.254s] -- Found moveit_ros_planning: 2.5.6 (/home/luis-a/panda_ws/install/moveit_ros_planning/share/moveit_ros_planning/cmake)
[1.257s] -- Found Boost: /usr/lib/x86_64-linux-gnu/cmake/Boost-1.74.0/BoostConfig.cmake (found version "1.74.0") found components: system filesystem date_time program_options thread chrono 
[1.270s] -- Found moveit_ros_planning_interface: 2.5.6 (/home/luis-a/panda_ws/install/moveit_ros_planning_interface/share/moveit_ros_planning_interface/cmake)
[1.273s] -- Found Boost: /usr/lib/x86_64-linux-gnu/cmake/Boost-1.74.0/BoostConfig.cmake (found version "1.74.0") found components: date_time filesystem program_options system thread 
[1.280s] -- Found Boost: /usr/lib/x86_64-linux-gnu/cmake/Boost-1.74.0/BoostConfig.cmake (found version "1.74.0") found components: thread system filesystem regex date_time program_options 
[1.294s] -- Found Boost: /usr/lib/x86_64-linux-gnu/cmake/Boost-1.74.0/BoostConfig.cmake (found version "1.74.0") found components: system filesystem date_time program_options thread 
[1.312s] -- Found moveit_task_constructor_msgs: 0.1.3 (/home/luis-a/panda_ws/install/moveit_task_constructor_msgs/share/moveit_task_constructor_msgs/cmake)
[1.329s] -- Found py_binding_tools: 2.0.1 (/opt/ros/humble/share/py_binding_tools/cmake)
[1.331s] -- Found rviz_marker_tools: 0.1.3 (/home/luis-a/panda_ws/install/rviz_marker_tools/share/rviz_marker_tools/cmake)
[1.459s] -- Found Python3: /usr/bin/python3 (found version "3.10.12") found components: Interpreter Development Development.Module Development.Embed 
[1.464s] -- pybind11 v2.13.0 dev1
[1.477s] -- Found PythonInterp: /usr/bin/python3 (found suitable version "3.10.12", minimum required is "3.6") 
[1.492s] -- Found PythonLibs: /usr/lib/x86_64-linux-gnu/libpython3.10.so
[1.492s] -- Performing Test HAS_FLTO
[1.573s] -- Performing Test HAS_FLTO - Success
[1.578s] -- Found ament_cmake_pytest: 1.3.10 (/opt/ros/humble/share/ament_cmake_pytest/cmake)
[1.581s] -- Found launch_testing_ament_cmake: 1.0.6 (/opt/ros/humble/share/launch_testing_ament_cmake/cmake)
[1.583s] -- Found python_cmake_module: 0.10.0 (/opt/ros/humble/share/python_cmake_module/cmake)
[1.617s] -- Found PythonLibs: /usr/lib/x86_64-linux-gnu/libpython3.10.so (found suitable version "3.10.12", minimum required is "3.5") 
[1.618s] -- Using PYTHON_EXECUTABLE: /usr/bin/python3
[1.618s] -- Using PYTHON_INCLUDE_DIRS: /usr/include/python3.10
[1.618s] -- Using PYTHON_LIBRARIES: /usr/lib/x86_64-linux-gnu/libpython3.10.so
[1.630s] -- Found PythonExtra: .so  
[1.794s] -- Found ament_cmake_gtest: 1.3.10 (/opt/ros/humble/share/ament_cmake_gtest/cmake)
[1.797s] -- Found ament_cmake_gmock: 1.3.10 (/opt/ros/humble/share/ament_cmake_gmock/cmake)
[1.797s] -- Found launch_testing_ament_cmake: 1.0.6 (/opt/ros/humble/share/launch_testing_ament_cmake/cmake)
[1.797s] -- Found python_cmake_module: 0.10.0 (/opt/ros/humble/share/python_cmake_module/cmake)
[1.811s] -- Using PYTHON_EXECUTABLE: /usr/bin/python3
[1.811s] -- Using PYTHON_INCLUDE_DIRS: /usr/include/python3.10
[1.811s] -- Using PYTHON_LIBRARIES: /usr/lib/x86_64-linux-gnu/libpython3.10.so
[1.814s] -- Found gmock sources under '/opt/ros/humble/src/gmock_vendor': C++ tests using 'Google Mock' will be built
[1.818s] -- Found gtest sources under '/opt/ros/humble/src/gtest_vendor': C++ tests using 'Google Test' will be built
[1.831s] -- Configuring done
[2.073s] -- Generating done
[2.076s] -- Build files have been written to: /home/luis-a/panda_ws/build/moveit_task_constructor_core
[2.099s] Invoked command in '/home/luis-a/panda_ws/build/moveit_task_constructor_core' returned '0': AMENT_PREFIX_PATH=/home/luis-a/panda_ws/install/moveit_planners:/home/luis-a/panda_ws/install/pilz_industrial_motion_planner:/home/luis-a/panda_ws/install/moveit_resources_prbt_pg70_support:/home/luis-a/panda_ws/install/moveit_ros_planning_interface:/home/luis-a/panda_ws/install/moveit_resources_prbt_moveit_config:/home/luis-a/panda_ws/install/moveit_ros_move_group:/home/luis-a/panda_ws/install/moveit_ros_warehouse:/home/luis-a/panda_ws/install/moveit_planners_ompl:/home/luis-a/panda_ws/install/moveit_kinematics:/home/luis-a/panda_ws/install/moveit_ros_planning:/home/luis-a/panda_ws/install/pilz_industrial_motion_planner_testutils:/home/luis-a/panda_ws/install/moveit_simple_controller_manager:/home/luis-a/panda_ws/install/moveit_ros_occupancy_map_monitor:/home/luis-a/panda_ws/install/moveit_resources_prbt_ikfast_manipulator_plugin:/home/luis-a/panda_ws/install/moveit_core:/home/luis-a/panda_ws/install/rviz_marker_tools:/home/luis-a/panda_ws/install/moveit_resources_panda_moveit_config:/home/luis-a/panda_ws/install/moveit_resources_fanuc_moveit_config:/home/luis-a/panda_ws/install/moveit_configs_utils:/home/luis-a/panda_ws/install/srdfdom:/home/luis-a/panda_ws/install/moveit_task_constructor_msgs:/home/luis-a/panda_ws/install/moveit_resources_prbt_support:/home/luis-a/panda_ws/install/moveit_resources_pr2_description:/home/luis-a/panda_ws/install/moveit_resources_panda_description:/home/luis-a/panda_ws/install/moveit_resources_fanuc_description:/home/luis-a/panda_ws/install/moveit_common:/home/luis-a/panda_ws/install/launch_param_builder:${AMENT_PREFIX_PATH} CMAKE_PREFIX_PATH=/home/luis-a/panda_ws/install/moveit_planners:/home/luis-a/panda_ws/install/pilz_industrial_motion_planner:/home/luis-a/panda_ws/install/moveit_resources_prbt_pg70_support:/home/luis-a/panda_ws/install/moveit_ros_planning_interface:/home/luis-a/panda_ws/install/moveit_resources_prbt_moveit_config:/home/luis-a/panda_ws/install/moveit_ros_move_group:/home/luis-a/panda_ws/install/moveit_ros_warehouse:/home/luis-a/panda_ws/install/moveit_planners_ompl:/home/luis-a/panda_ws/install/moveit_kinematics:/home/luis-a/panda_ws/install/moveit_ros_planning:/home/luis-a/panda_ws/install/pilz_industrial_motion_planner_testutils:/home/luis-a/panda_ws/install/moveit_simple_controller_manager:/home/luis-a/panda_ws/install/moveit_ros_occupancy_map_monitor:/home/luis-a/panda_ws/install/moveit_resources_prbt_ikfast_manipulator_plugin:/home/luis-a/panda_ws/install/moveit_core:/home/luis-a/panda_ws/install/rviz_marker_tools:/home/luis-a/panda_ws/install/moveit_resources_panda_moveit_config:/home/luis-a/panda_ws/install/moveit_resources_fanuc_moveit_config:/home/luis-a/panda_ws/install/srdfdom:/home/luis-a/panda_ws/install/moveit_task_constructor_msgs:/home/luis-a/panda_ws/install/moveit_resources_prbt_support:/home/luis-a/panda_ws/install/moveit_resources_pr2_description:/home/luis-a/panda_ws/install/moveit_resources_panda_description:/home/luis-a/panda_ws/install/moveit_resources_fanuc_description:/home/luis-a/panda_ws/install/moveit_common:/opt/ros/humble LD_LIBRARY_PATH=/home/luis-a/panda_ws/install/pilz_industrial_motion_planner/lib:/home/luis-a/panda_ws/install/moveit_ros_planning_interface/lib:/home/luis-a/panda_ws/install/moveit_ros_move_group/lib:/home/luis-a/panda_ws/install/moveit_ros_warehouse/lib:/home/luis-a/panda_ws/install/moveit_planners_ompl/lib:/home/luis-a/panda_ws/install/moveit_kinematics/lib:/home/luis-a/panda_ws/install/moveit_ros_planning/lib:/home/luis-a/panda_ws/install/pilz_industrial_motion_planner_testutils/lib:/home/luis-a/panda_ws/install/moveit_simple_controller_manager/lib:/home/luis-a/panda_ws/install/moveit_ros_occupancy_map_monitor/lib:/home/luis-a/panda_ws/install/moveit_resources_prbt_ikfast_manipulator_plugin/lib:/home/luis-a/panda_ws/install/moveit_core/lib:/home/luis-a/panda_ws/install/rviz_marker_tools/lib:/home/luis-a/panda_ws/install/srdfdom/lib:/home/luis-a/panda_ws/install/moveit_task_constructor_msgs/lib:${LD_LIBRARY_PATH} PATH=/home/luis-a/panda_ws/install/moveit_core/bin:${PATH} PYTHONPATH=/home/luis-a/panda_ws/install/moveit_configs_utils/lib/python3.10/site-packages:/home/luis-a/panda_ws/install/srdfdom/local/lib/python3.10/dist-packages:/home/luis-a/panda_ws/install/moveit_task_constructor_msgs/local/lib/python3.10/dist-packages:/home/luis-a/panda_ws/install/launch_param_builder/lib/python3.10/site-packages:${PYTHONPATH} /usr/bin/cmake /home/luis-a/panda_ws/src/moveit_task_constructor/core -DCMAKE_BUILD_TYPE=Release -DCMAKE_INSTALL_PREFIX=/home/luis-a/panda_ws/install/moveit_task_constructor_core
[2.100s] Invoking command in '/home/luis-a/panda_ws/build/moveit_task_constructor_core': AMENT_PREFIX_PATH=/home/luis-a/panda_ws/install/moveit_planners:/home/luis-a/panda_ws/install/pilz_industrial_motion_planner:/home/luis-a/panda_ws/install/moveit_resources_prbt_pg70_support:/home/luis-a/panda_ws/install/moveit_ros_planning_interface:/home/luis-a/panda_ws/install/moveit_resources_prbt_moveit_config:/home/luis-a/panda_ws/install/moveit_ros_move_group:/home/luis-a/panda_ws/install/moveit_ros_warehouse:/home/luis-a/panda_ws/install/moveit_planners_ompl:/home/luis-a/panda_ws/install/moveit_kinematics:/home/luis-a/panda_ws/install/moveit_ros_planning:/home/luis-a/panda_ws/install/pilz_industrial_motion_planner_testutils:/home/luis-a/panda_ws/install/moveit_simple_controller_manager:/home/luis-a/panda_ws/install/moveit_ros_occupancy_map_monitor:/home/luis-a/panda_ws/install/moveit_resources_prbt_ikfast_manipulator_plugin:/home/luis-a/panda_ws/install/moveit_core:/home/luis-a/panda_ws/install/rviz_marker_tools:/home/luis-a/panda_ws/install/moveit_resources_panda_moveit_config:/home/luis-a/panda_ws/install/moveit_resources_fanuc_moveit_config:/home/luis-a/panda_ws/install/moveit_configs_utils:/home/luis-a/panda_ws/install/srdfdom:/home/luis-a/panda_ws/install/moveit_task_constructor_msgs:/home/luis-a/panda_ws/install/moveit_resources_prbt_support:/home/luis-a/panda_ws/install/moveit_resources_pr2_description:/home/luis-a/panda_ws/install/moveit_resources_panda_description:/home/luis-a/panda_ws/install/moveit_resources_fanuc_description:/home/luis-a/panda_ws/install/moveit_common:/home/luis-a/panda_ws/install/launch_param_builder:${AMENT_PREFIX_PATH} CMAKE_PREFIX_PATH=/home/luis-a/panda_ws/install/moveit_planners:/home/luis-a/panda_ws/install/pilz_industrial_motion_planner:/home/luis-a/panda_ws/install/moveit_resources_prbt_pg70_support:/home/luis-a/panda_ws/install/moveit_ros_planning_interface:/home/luis-a/panda_ws/install/moveit_resources_prbt_moveit_config:/home/luis-a/panda_ws/install/moveit_ros_move_group:/home/luis-a/panda_ws/install/moveit_ros_warehouse:/home/luis-a/panda_ws/install/moveit_planners_ompl:/home/luis-a/panda_ws/install/moveit_kinematics:/home/luis-a/panda_ws/install/moveit_ros_planning:/home/luis-a/panda_ws/install/pilz_industrial_motion_planner_testutils:/home/luis-a/panda_ws/install/moveit_simple_controller_manager:/home/luis-a/panda_ws/install/moveit_ros_occupancy_map_monitor:/home/luis-a/panda_ws/install/moveit_resources_prbt_ikfast_manipulator_plugin:/home/luis-a/panda_ws/install/moveit_core:/home/luis-a/panda_ws/install/rviz_marker_tools:/home/luis-a/panda_ws/install/moveit_resources_panda_moveit_config:/home/luis-a/panda_ws/install/moveit_resources_fanuc_moveit_config:/home/luis-a/panda_ws/install/srdfdom:/home/luis-a/panda_ws/install/moveit_task_constructor_msgs:/home/luis-a/panda_ws/install/moveit_resources_prbt_support:/home/luis-a/panda_ws/install/moveit_resources_pr2_description:/home/luis-a/panda_ws/install/moveit_resources_panda_description:/home/luis-a/panda_ws/install/moveit_resources_fanuc_description:/home/luis-a/panda_ws/install/moveit_common:/opt/ros/humble LD_LIBRARY_PATH=/home/luis-a/panda_ws/install/pilz_industrial_motion_planner/lib:/home/luis-a/panda_ws/install/moveit_ros_planning_interface/lib:/home/luis-a/panda_ws/install/moveit_ros_move_group/lib:/home/luis-a/panda_ws/install/moveit_ros_warehouse/lib:/home/luis-a/panda_ws/install/moveit_planners_ompl/lib:/home/luis-a/panda_ws/install/moveit_kinematics/lib:/home/luis-a/panda_ws/install/moveit_ros_planning/lib:/home/luis-a/panda_ws/install/pilz_industrial_motion_planner_testutils/lib:/home/luis-a/panda_ws/install/moveit_simple_controller_manager/lib:/home/luis-a/panda_ws/install/moveit_ros_occupancy_map_monitor/lib:/home/luis-a/panda_ws/install/moveit_resources_prbt_ikfast_manipulator_plugin/lib:/home/luis-a/panda_ws/install/moveit_core/lib:/home/luis-a/panda_ws/install/rviz_marker_tools/lib:/home/luis-a/panda_ws/install/srdfdom/lib:/home/luis-a/panda_ws/install/moveit_task_constructor_msgs/lib:${LD_LIBRARY_PATH} PATH=/home/luis-a/panda_ws/install/moveit_core/bin:${PATH} PYTHONPATH=/home/luis-a/panda_ws/install/moveit_configs_utils/lib/python3.10/site-packages:/home/luis-a/panda_ws/install/srdfdom/local/lib/python3.10/dist-packages:/home/luis-a/panda_ws/install/moveit_task_constructor_msgs/local/lib/python3.10/dist-packages:/home/luis-a/panda_ws/install/launch_param_builder/lib/python3.10/site-packages:${PYTHONPATH} /usr/bin/cmake --build /home/luis-a/panda_ws/build/moveit_task_constructor_core -- -j32 -l32
[2.143s] [  1%] [32mBuilding CXX object gmock/CMakeFiles/gmock.dir/opt/ros/humble/src/gtest_vendor/src/gtest-all.cc.o[0m
[2.143s] [  2%] [32mBuilding CXX object gmock/CMakeFiles/gmock_main.dir/src/gmock_main.cc.o[0m
[2.143s] [  4%] [32mBuilding CXX object gtest/CMakeFiles/gtest_main.dir/src/gtest_main.cc.o[0m
[2.143s] [  4%] [32mBuilding CXX object src/CMakeFiles/moveit_task_constructor_core.dir/container.cpp.o[0m
[2.144s] [  7%] [32mBuilding CXX object gtest/CMakeFiles/gtest.dir/src/gtest-all.cc.o[0m
[2.144s] [  7%] [32mBuilding CXX object gmock/CMakeFiles/gmock.dir/src/gmock-all.cc.o[0m
[2.144s] [  8%] [32mBuilding CXX object src/CMakeFiles/moveit_task_constructor_core.dir/cost_terms.cpp.o[0m
[2.144s] [  9%] [32mBuilding CXX object src/CMakeFiles/moveit_task_constructor_core.dir/stage.cpp.o[0m
[2.144s] [ 10%] [32mBuilding CXX object src/CMakeFiles/moveit_task_constructor_core.dir/introspection.cpp.o[0m
[2.145s] [ 11%] [32mBuilding CXX object src/CMakeFiles/moveit_task_constructor_core.dir/merge.cpp.o[0m
[2.145s] [ 12%] [32mBuilding CXX object src/CMakeFiles/moveit_task_constructor_core.dir/marker_tools.cpp.o[0m
[2.145s] [ 14%] [32mBuilding CXX object src/CMakeFiles/moveit_task_constructor_core.dir/properties.cpp.o[0m
[2.146s] [ 16%] [32mBuilding CXX object src/CMakeFiles/moveit_task_constructor_core.dir/storage.cpp.o[0m
[2.146s] [ 16%] [32mBuilding CXX object src/CMakeFiles/moveit_task_constructor_core.dir/task.cpp.o[0m
[2.146s] [ 17%] [32mBuilding CXX object src/CMakeFiles/moveit_task_constructor_core.dir/solvers/planner_interface.cpp.o[0m
[2.146s] [ 20%] [32mBuilding CXX object src/CMakeFiles/moveit_task_constructor_core.dir/utils.cpp.o[0m
[2.146s] [ 20%] [32mBuilding CXX object src/CMakeFiles/moveit_task_constructor_core.dir/solvers/cartesian_path.cpp.o[0m
[2.146s] [ 21%] [32mBuilding CXX object src/CMakeFiles/moveit_task_constructor_core.dir/solvers/multi_planner.cpp.o[0m
[2.146s] [ 22%] [32mBuilding CXX object src/CMakeFiles/moveit_task_constructor_core.dir/solvers/joint_interpolation.cpp.o[0m
[2.147s] [ 23%] [32mBuilding CXX object src/CMakeFiles/moveit_task_constructor_core.dir/solvers/pipeline_planner.cpp.o[0m
[2.152s] [ 23%] Built target ament_cmake_python_copy_moveit
[2.319s] running egg_info
[2.319s] creating moveit.egg-info
[2.319s] writing moveit.egg-info/PKG-INFO
[2.320s] writing dependency_links to moveit.egg-info/dependency_links.txt
[2.320s] writing top-level names to moveit.egg-info/top_level.txt
[2.320s] writing manifest file 'moveit.egg-info/SOURCES.txt'
[2.321s] reading manifest file 'moveit.egg-info/SOURCES.txt'
[2.321s] writing manifest file 'moveit.egg-info/SOURCES.txt'
[2.346s] [ 23%] Built target ament_cmake_python_build_moveit_egg
[2.639s] [ 24%] [32m[1mLinking CXX static library libgtest_main.a[0m
[2.677s] [ 24%] Built target gtest_main
[3.092s] [ 25%] [32m[1mLinking CXX static library libgmock_main.a[0m
[3.135s] [ 25%] Built target gmock_main
[6.341s] [ 27%] [32m[1mLinking CXX static library libgtest.a[0m
[6.375s] [ 27%] Built target gtest
[7.776s] [ 28%] [32m[1mLinking CXX static library libgmock.a[0m
[7.816s] [ 28%] Built target gmock
[13.679s] [ 29%] [32m[1mLinking CXX shared library libmoveit_task_constructor_core.so[0m
[13.872s] [ 29%] Built target moveit_task_constructor_core
[13.896s] [ 31%] [32mBuilding CXX object test/CMakeFiles/gtest_utils.dir/gtest_value_printers.cpp.o[0m
[13.897s] [ 31%] [32mBuilding CXX object src/stages/CMakeFiles/moveit_task_constructor_core_stages.dir/generate_random_pose.cpp.o[0m
[13.897s] [ 34%] [32mBuilding CXX object src/stages/CMakeFiles/moveit_task_constructor_core_stages.dir/compute_ik.cpp.o[0m
[13.897s] [ 34%] [32mBuilding CXX object src/stages/CMakeFiles/moveit_task_constructor_core_stages.dir/generate_grasp_pose.cpp.o[0m
[13.897s] [ 35%] [32mBuilding CXX object src/stages/CMakeFiles/moveit_task_constructor_core_stages.dir/fix_collision_objects.cpp.o[0m
[13.897s] [ 38%] [32mBuilding CXX object src/stages/CMakeFiles/moveit_task_constructor_core_stages.dir/predicate_filter.cpp.o[0m
[13.897s] [ 38%] [32mBuilding CXX object src/stages/CMakeFiles/moveit_task_constructor_core_stages.dir/current_state.cpp.o[0m
[13.897s] [ 38%] [32mBuilding CXX object src/stages/CMakeFiles/moveit_task_constructor_core_stages.dir/generate_place_pose.cpp.o[0m
[13.897s] [ 40%] [32mBuilding CXX object src/stages/CMakeFiles/moveit_task_constructor_core_stages.dir/generate_pose.cpp.o[0m
[13.897s] [ 41%] [32mBuilding CXX object src/stages/CMakeFiles/moveit_task_constructor_core_stages.dir/connect.cpp.o[0m
[13.897s] [ 43%] [32mBuilding CXX object src/stages/CMakeFiles/moveit_task_constructor_core_stages.dir/move_to.cpp.o[0m
[13.898s] [ 42%] [32mBuilding CXX object src/stages/CMakeFiles/moveit_task_constructor_core_stages.dir/passthrough.cpp.o[0m
[13.898s] [ 44%] [32mBuilding CXX object src/stages/CMakeFiles/moveit_task_constructor_core_stages.dir/fixed_state.cpp.o[0m
[13.898s] [ 45%] [32mBuilding CXX object test/CMakeFiles/gtest_utils.dir/stage_mockups.cpp.o[0m
[13.898s] [ 47%] [32mBuilding CXX object test/CMakeFiles/gtest_utils.dir/models.cpp.o[0m
[13.898s] [ 48%] [32mBuilding CXX object src/stages/CMakeFiles/moveit_task_constructor_core_stages.dir/fixed_cartesian_poses.cpp.o[0m
[13.898s] [ 49%] [32mBuilding CXX object src/stages/CMakeFiles/moveit_task_constructor_core_stages.dir/modify_planning_scene.cpp.o[0m
[13.900s] [ 50%] [32mBuilding CXX object src/stages/CMakeFiles/moveit_task_constructor_core_stages.dir/simple_grasp.cpp.o[0m
[13.901s] [ 51%] [32mBuilding CXX object src/stages/CMakeFiles/moveit_task_constructor_core_stages.dir/move_relative.cpp.o[0m
[13.902s] [ 52%] [32mBuilding CXX object src/stages/CMakeFiles/moveit_task_constructor_core_stages.dir/pick.cpp.o[0m
[23.108s] [ 54%] [32m[1mLinking CXX shared library libgtest_utils.so[0m
[23.292s] [ 54%] Built target gtest_utils
[28.883s] [ 55%] [32m[1mLinking CXX shared library libmoveit_task_constructor_core_stages.so[0m
[29.043s] [ 55%] Built target moveit_task_constructor_core_stages
[29.063s] [ 57%] [32mBuilding CXX object test/CMakeFiles/moveit_task_constructor_core-test-container.dir/test_container.cpp.o[0m
[29.063s] [ 57%] [32mBuilding CXX object src/stages/CMakeFiles/moveit_task_constructor_core_stage_plugins.dir/plugins.cpp.o[0m
[29.063s] [ 58%] [32mBuilding CXX object test/CMakeFiles/moveit_task_constructor_core-test-fallback.dir/test_fallback.cpp.o[0m
[29.063s] [ 62%] [32mBuilding CXX object test/CMakeFiles/moveit_task_constructor_core-test-stage.dir/test_stage.cpp.o[0m
[29.063s] [ 62%] [32mBuilding CXX object test/CMakeFiles/moveit_task_constructor_core-test-mockups.dir/test_mockups.cpp.o[0m
[29.064s] [ 62%] [32mBuilding CXX object test/CMakeFiles/moveit_task_constructor_core-test-cost-queue.dir/test_cost_queue.cpp.o[0m
[29.064s] [ 65%] [32mBuilding CXX object test/CMakeFiles/moveit_task_constructor_core-test-move-to.dir/test_move_to.cpp.o[0m
[29.064s] [ 65%] [32mBuilding CXX object python/bindings/CMakeFiles/pymoveit_mtc.dir/src/solvers.cpp.o[0m
[29.064s] [ 68%] [32mBuilding CXX object test/CMakeFiles/pick_ur5.dir/pick_ur5.cpp.o[0m
[29.064s] [ 68%] [32mBuilding CXX object python/bindings/CMakeFiles/pymoveit_mtc.dir/src/core.cpp.o[0m
[29.064s] [ 68%] [32mBuilding CXX object test/CMakeFiles/moveit_task_constructor_core-test-cost-terms.dir/test_cost_terms.cpp.o[0m
[29.064s] [ 70%] [32mBuilding CXX object python/bindings/CMakeFiles/pymoveit_mtc.dir/src/properties.cpp.o[0m
[29.064s] [ 70%] [32mBuilding CXX object test/CMakeFiles/moveit_task_constructor_core-test-serial.dir/test_serial.cpp.o[0m
[29.064s] [ 72%] [32mBuilding CXX object python/bindings/CMakeFiles/pymoveit_mtc.dir/src/module.cpp.o[0m
[29.064s] [ 72%] [32mBuilding CXX object python/bindings/CMakeFiles/pymoveit_mtc.dir/src/stages.cpp.o[0m
[29.064s] [ 74%] [32mBuilding CXX object test/CMakeFiles/pick_pa10.dir/pick_pa10.cpp.o[0m
[29.064s] [ 75%] [32mBuilding CXX object test/CMakeFiles/moveit_task_constructor_core-test-properties.dir/test_properties.cpp.o[0m
[29.065s] [ 76%] [32mBuilding CXX object test/CMakeFiles/moveit_task_constructor_core-test-interface-state.dir/test_interface_state.cpp.o[0m
[29.065s] [ 77%] [32mBuilding CXX object test/CMakeFiles/moveit_task_constructor_core-test-pruning.dir/test_pruning.cpp.o[0m
[29.065s] [ 78%] [32mBuilding CXX object test/CMakeFiles/moveit_task_constructor_core-test-move-relative.dir/test_move_relative.cpp.o[0m
[29.065s] [ 80%] [32mBuilding CXX object test/CMakeFiles/pick_pr2.dir/pick_pr2.cpp.o[0m
[30.659s] [ 81%] [32m[1mLinking CXX executable moveit_task_constructor_core-test-properties[0m
[30.880s] [ 81%] Built target moveit_task_constructor_core-test-properties
[30.892s] [ 82%] [32m[1mLinking CXX shared library libmoveit_task_constructor_core_stage_plugins.so[0m
[31.006s] [ 82%] Built target moveit_task_constructor_core_stage_plugins
[31.928s] [ 83%] [32m[1mLinking CXX executable moveit_task_constructor_core-test-cost-queue[0m
[32.133s] [ 83%] Built target moveit_task_constructor_core-test-cost-queue
[35.588s] [ 84%] [32m[1mLinking CXX executable pick_ur5[0m
[35.768s] [ 85%] [32m[1mLinking CXX executable moveit_task_constructor_core-test-stage[0m
[35.826s] [ 87%] [32m[1mLinking CXX executable pick_pr2[0m
[35.843s] [ 88%] [32m[1mLinking CXX executable moveit_task_constructor_core-test-serial[0m
[35.871s] [ 88%] Built target pick_ur5
[36.056s] [ 88%] Built target pick_pr2
[36.065s] [ 88%] Built target moveit_task_constructor_core-test-serial
[36.140s] [ 88%] Built target moveit_task_constructor_core-test-stage
[36.267s] [ 89%] [32m[1mLinking CXX executable moveit_task_constructor_core-test-interface-state[0m
[36.395s] [ 90%] [32m[1mLinking CXX executable pick_pa10[0m
[36.500s] [ 90%] Built target moveit_task_constructor_core-test-interface-state
[36.599s] [ 90%] Built target pick_pa10
[36.749s] [ 91%] [32m[1mLinking CXX executable moveit_task_constructor_core-test-pruning[0m
[36.839s] [ 92%] [32m[1mLinking CXX executable moveit_task_constructor_core-test-move-relative[0m
[36.982s] [ 92%] Built target moveit_task_constructor_core-test-pruning
[37.042s] [ 94%] [32m[1mLinking CXX executable moveit_task_constructor_core-test-mockups[0m
[37.068s] [ 94%] Built target moveit_task_constructor_core-test-move-relative
[37.242s] [ 94%] Built target moveit_task_constructor_core-test-mockups
[37.622s] [ 95%] [32m[1mLinking CXX executable moveit_task_constructor_core-test-move-to[0m
[37.658s] [ 96%] [32m[1mLinking CXX executable moveit_task_constructor_core-test-container[0m
[37.824s] [ 96%] Built target moveit_task_constructor_core-test-move-to
[37.890s] [ 96%] Built target moveit_task_constructor_core-test-container
[38.268s] [ 97%] [32m[1mLinking CXX executable moveit_task_constructor_core-test-fallback[0m
[38.433s] [ 98%] [32m[1mLinking CXX executable moveit_task_constructor_core-test-cost-terms[0m
[38.461s] [ 98%] Built target moveit_task_constructor_core-test-fallback
[38.617s] [ 98%] Built target moveit_task_constructor_core-test-cost-terms
[41.813s] [100%] [32m[1mLinking CXX shared module pymoveit_mtc.cpython-310-x86_64-linux-gnu.so[0m
[42.708s] lto-wrapper: warning: using serial compilation of 12 LTRANS jobs
[48.273s] [100%] Built target pymoveit_mtc
[48.282s] Invoked command in '/home/luis-a/panda_ws/build/moveit_task_constructor_core' returned '0': AMENT_PREFIX_PATH=/home/luis-a/panda_ws/install/moveit_planners:/home/luis-a/panda_ws/install/pilz_industrial_motion_planner:/home/luis-a/panda_ws/install/moveit_resources_prbt_pg70_support:/home/luis-a/panda_ws/install/moveit_ros_planning_interface:/home/luis-a/panda_ws/install/moveit_resources_prbt_moveit_config:/home/luis-a/panda_ws/install/moveit_ros_move_group:/home/luis-a/panda_ws/install/moveit_ros_warehouse:/home/luis-a/panda_ws/install/moveit_planners_ompl:/home/luis-a/panda_ws/install/moveit_kinematics:/home/luis-a/panda_ws/install/moveit_ros_planning:/home/luis-a/panda_ws/install/pilz_industrial_motion_planner_testutils:/home/luis-a/panda_ws/install/moveit_simple_controller_manager:/home/luis-a/panda_ws/install/moveit_ros_occupancy_map_monitor:/home/luis-a/panda_ws/install/moveit_resources_prbt_ikfast_manipulator_plugin:/home/luis-a/panda_ws/install/moveit_core:/home/luis-a/panda_ws/install/rviz_marker_tools:/home/luis-a/panda_ws/install/moveit_resources_panda_moveit_config:/home/luis-a/panda_ws/install/moveit_resources_fanuc_moveit_config:/home/luis-a/panda_ws/install/moveit_configs_utils:/home/luis-a/panda_ws/install/srdfdom:/home/luis-a/panda_ws/install/moveit_task_constructor_msgs:/home/luis-a/panda_ws/install/moveit_resources_prbt_support:/home/luis-a/panda_ws/install/moveit_resources_pr2_description:/home/luis-a/panda_ws/install/moveit_resources_panda_description:/home/luis-a/panda_ws/install/moveit_resources_fanuc_description:/home/luis-a/panda_ws/install/moveit_common:/home/luis-a/panda_ws/install/launch_param_builder:${AMENT_PREFIX_PATH} CMAKE_PREFIX_PATH=/home/luis-a/panda_ws/install/moveit_planners:/home/luis-a/panda_ws/install/pilz_industrial_motion_planner:/home/luis-a/panda_ws/install/moveit_resources_prbt_pg70_support:/home/luis-a/panda_ws/install/moveit_ros_planning_interface:/home/luis-a/panda_ws/install/moveit_resources_prbt_moveit_config:/home/luis-a/panda_ws/install/moveit_ros_move_group:/home/luis-a/panda_ws/install/moveit_ros_warehouse:/home/luis-a/panda_ws/install/moveit_planners_ompl:/home/luis-a/panda_ws/install/moveit_kinematics:/home/luis-a/panda_ws/install/moveit_ros_planning:/home/luis-a/panda_ws/install/pilz_industrial_motion_planner_testutils:/home/luis-a/panda_ws/install/moveit_simple_controller_manager:/home/luis-a/panda_ws/install/moveit_ros_occupancy_map_monitor:/home/luis-a/panda_ws/install/moveit_resources_prbt_ikfast_manipulator_plugin:/home/luis-a/panda_ws/install/moveit_core:/home/luis-a/panda_ws/install/rviz_marker_tools:/home/luis-a/panda_ws/install/moveit_resources_panda_moveit_config:/home/luis-a/panda_ws/install/moveit_resources_fanuc_moveit_config:/home/luis-a/panda_ws/install/srdfdom:/home/luis-a/panda_ws/install/moveit_task_constructor_msgs:/home/luis-a/panda_ws/install/moveit_resources_prbt_support:/home/luis-a/panda_ws/install/moveit_resources_pr2_description:/home/luis-a/panda_ws/install/moveit_resources_panda_description:/home/luis-a/panda_ws/install/moveit_resources_fanuc_description:/home/luis-a/panda_ws/install/moveit_common:/opt/ros/humble LD_LIBRARY_PATH=/home/luis-a/panda_ws/install/pilz_industrial_motion_planner/lib:/home/luis-a/panda_ws/install/moveit_ros_planning_interface/lib:/home/luis-a/panda_ws/install/moveit_ros_move_group/lib:/home/luis-a/panda_ws/install/moveit_ros_warehouse/lib:/home/luis-a/panda_ws/install/moveit_planners_ompl/lib:/home/luis-a/panda_ws/install/moveit_kinematics/lib:/home/luis-a/panda_ws/install/moveit_ros_planning/lib:/home/luis-a/panda_ws/install/pilz_industrial_motion_planner_testutils/lib:/home/luis-a/panda_ws/install/moveit_simple_controller_manager/lib:/home/luis-a/panda_ws/install/moveit_ros_occupancy_map_monitor/lib:/home/luis-a/panda_ws/install/moveit_resources_prbt_ikfast_manipulator_plugin/lib:/home/luis-a/panda_ws/install/moveit_core/lib:/home/luis-a/panda_ws/install/rviz_marker_tools/lib:/home/luis-a/panda_ws/install/srdfdom/lib:/home/luis-a/panda_ws/install/moveit_task_constructor_msgs/lib:${LD_LIBRARY_PATH} PATH=/home/luis-a/panda_ws/install/moveit_core/bin:${PATH} PYTHONPATH=/home/luis-a/panda_ws/install/moveit_configs_utils/lib/python3.10/site-packages:/home/luis-a/panda_ws/install/srdfdom/local/lib/python3.10/dist-packages:/home/luis-a/panda_ws/install/moveit_task_constructor_msgs/local/lib/python3.10/dist-packages:/home/luis-a/panda_ws/install/launch_param_builder/lib/python3.10/site-packages:${PYTHONPATH} /usr/bin/cmake --build /home/luis-a/panda_ws/build/moveit_task_constructor_core -- -j32 -l32
[48.307s] Invoking command in '/home/luis-a/panda_ws/build/moveit_task_constructor_core': AMENT_PREFIX_PATH=/home/luis-a/panda_ws/install/moveit_planners:/home/luis-a/panda_ws/install/pilz_industrial_motion_planner:/home/luis-a/panda_ws/install/moveit_resources_prbt_pg70_support:/home/luis-a/panda_ws/install/moveit_ros_planning_interface:/home/luis-a/panda_ws/install/moveit_resources_prbt_moveit_config:/home/luis-a/panda_ws/install/moveit_ros_move_group:/home/luis-a/panda_ws/install/moveit_ros_warehouse:/home/luis-a/panda_ws/install/moveit_planners_ompl:/home/luis-a/panda_ws/install/moveit_kinematics:/home/luis-a/panda_ws/install/moveit_ros_planning:/home/luis-a/panda_ws/install/pilz_industrial_motion_planner_testutils:/home/luis-a/panda_ws/install/moveit_simple_controller_manager:/home/luis-a/panda_ws/install/moveit_ros_occupancy_map_monitor:/home/luis-a/panda_ws/install/moveit_resources_prbt_ikfast_manipulator_plugin:/home/luis-a/panda_ws/install/moveit_core:/home/luis-a/panda_ws/install/rviz_marker_tools:/home/luis-a/panda_ws/install/moveit_resources_panda_moveit_config:/home/luis-a/panda_ws/install/moveit_resources_fanuc_moveit_config:/home/luis-a/panda_ws/install/moveit_configs_utils:/home/luis-a/panda_ws/install/srdfdom:/home/luis-a/panda_ws/install/moveit_task_constructor_msgs:/home/luis-a/panda_ws/install/moveit_resources_prbt_support:/home/luis-a/panda_ws/install/moveit_resources_pr2_description:/home/luis-a/panda_ws/install/moveit_resources_panda_description:/home/luis-a/panda_ws/install/moveit_resources_fanuc_description:/home/luis-a/panda_ws/install/moveit_common:/home/luis-a/panda_ws/install/launch_param_builder:${AMENT_PREFIX_PATH} CMAKE_PREFIX_PATH=/home/luis-a/panda_ws/install/moveit_planners:/home/luis-a/panda_ws/install/pilz_industrial_motion_planner:/home/luis-a/panda_ws/install/moveit_resources_prbt_pg70_support:/home/luis-a/panda_ws/install/moveit_ros_planning_interface:/home/luis-a/panda_ws/install/moveit_resources_prbt_moveit_config:/home/luis-a/panda_ws/install/moveit_ros_move_group:/home/luis-a/panda_ws/install/moveit_ros_warehouse:/home/luis-a/panda_ws/install/moveit_planners_ompl:/home/luis-a/panda_ws/install/moveit_kinematics:/home/luis-a/panda_ws/install/moveit_ros_planning:/home/luis-a/panda_ws/install/pilz_industrial_motion_planner_testutils:/home/luis-a/panda_ws/install/moveit_simple_controller_manager:/home/luis-a/panda_ws/install/moveit_ros_occupancy_map_monitor:/home/luis-a/panda_ws/install/moveit_resources_prbt_ikfast_manipulator_plugin:/home/luis-a/panda_ws/install/moveit_core:/home/luis-a/panda_ws/install/rviz_marker_tools:/home/luis-a/panda_ws/install/moveit_resources_panda_moveit_config:/home/luis-a/panda_ws/install/moveit_resources_fanuc_moveit_config:/home/luis-a/panda_ws/install/srdfdom:/home/luis-a/panda_ws/install/moveit_task_constructor_msgs:/home/luis-a/panda_ws/install/moveit_resources_prbt_support:/home/luis-a/panda_ws/install/moveit_resources_pr2_description:/home/luis-a/panda_ws/install/moveit_resources_panda_description:/home/luis-a/panda_ws/install/moveit_resources_fanuc_description:/home/luis-a/panda_ws/install/moveit_common:/opt/ros/humble LD_LIBRARY_PATH=/home/luis-a/panda_ws/install/pilz_industrial_motion_planner/lib:/home/luis-a/panda_ws/install/moveit_ros_planning_interface/lib:/home/luis-a/panda_ws/install/moveit_ros_move_group/lib:/home/luis-a/panda_ws/install/moveit_ros_warehouse/lib:/home/luis-a/panda_ws/install/moveit_planners_ompl/lib:/home/luis-a/panda_ws/install/moveit_kinematics/lib:/home/luis-a/panda_ws/install/moveit_ros_planning/lib:/home/luis-a/panda_ws/install/pilz_industrial_motion_planner_testutils/lib:/home/luis-a/panda_ws/install/moveit_simple_controller_manager/lib:/home/luis-a/panda_ws/install/moveit_ros_occupancy_map_monitor/lib:/home/luis-a/panda_ws/install/moveit_resources_prbt_ikfast_manipulator_plugin/lib:/home/luis-a/panda_ws/install/moveit_core/lib:/home/luis-a/panda_ws/install/rviz_marker_tools/lib:/home/luis-a/panda_ws/install/srdfdom/lib:/home/luis-a/panda_ws/install/moveit_task_constructor_msgs/lib:${LD_LIBRARY_PATH} PATH=/home/luis-a/panda_ws/install/moveit_core/bin:${PATH} PYTHONPATH=/home/luis-a/panda_ws/install/moveit_configs_utils/lib/python3.10/site-packages:/home/luis-a/panda_ws/install/srdfdom/local/lib/python3.10/dist-packages:/home/luis-a/panda_ws/install/moveit_task_constructor_msgs/local/lib/python3.10/dist-packages:/home/luis-a/panda_ws/install/launch_param_builder/lib/python3.10/site-packages:${PYTHONPATH} /usr/bin/cmake --install /home/luis-a/panda_ws/build/moveit_task_constructor_core
[48.312s] -- Install configuration: "Release"
[48.312s] -- Installing: /home/luis-a/panda_ws/install/moveit_task_constructor_core/share/moveit_task_constructor_core/environment/pythonpath.sh
[48.312s] -- Installing: /home/luis-a/panda_ws/install/moveit_task_constructor_core/share/moveit_task_constructor_core/environment/pythonpath.dsv
[48.312s] -- Installing: /home/luis-a/panda_ws/install/moveit_task_constructor_core/local/lib/python3.10/dist-packages/moveit-0.1.3-py3.10.egg-info
[48.312s] -- Installing: /home/luis-a/panda_ws/install/moveit_task_constructor_core/local/lib/python3.10/dist-packages/moveit-0.1.3-py3.10.egg-info/top_level.txt
[48.312s] -- Installing: /home/luis-a/panda_ws/install/moveit_task_constructor_core/local/lib/python3.10/dist-packages/moveit-0.1.3-py3.10.egg-info/PKG-INFO
[48.312s] -- Installing: /home/luis-a/panda_ws/install/moveit_task_constructor_core/local/lib/python3.10/dist-packages/moveit-0.1.3-py3.10.egg-info/dependency_links.txt
[48.312s] -- Installing: /home/luis-a/panda_ws/install/moveit_task_constructor_core/local/lib/python3.10/dist-packages/moveit-0.1.3-py3.10.egg-info/SOURCES.txt
[48.312s] -- Installing: /home/luis-a/panda_ws/install/moveit_task_constructor_core/local/lib/python3.10/dist-packages/moveit
[48.312s] -- Installing: /home/luis-a/panda_ws/install/moveit_task_constructor_core/local/lib/python3.10/dist-packages/moveit/__init__.py
[48.312s] -- Installing: /home/luis-a/panda_ws/install/moveit_task_constructor_core/local/lib/python3.10/dist-packages/moveit/task_constructor
[48.312s] -- Installing: /home/luis-a/panda_ws/install/moveit_task_constructor_core/local/lib/python3.10/dist-packages/moveit/task_constructor/__init__.py
[48.313s] -- Installing: /home/luis-a/panda_ws/install/moveit_task_constructor_core/local/lib/python3.10/dist-packages/moveit/task_constructor/core.py
[48.313s] -- Installing: /home/luis-a/panda_ws/install/moveit_task_constructor_core/local/lib/python3.10/dist-packages/moveit/task_constructor/stages.py
[48.330s] Listing '/home/luis-a/panda_ws/install/moveit_task_constructor_core/local/lib/python3.10/dist-packages/moveit'...
[48.330s] Compiling '/home/luis-a/panda_ws/install/moveit_task_constructor_core/local/lib/python3.10/dist-packages/moveit/__init__.py'...
[48.330s] Listing '/home/luis-a/panda_ws/install/moveit_task_constructor_core/local/lib/python3.10/dist-packages/moveit/task_constructor'...
[48.330s] Compiling '/home/luis-a/panda_ws/install/moveit_task_constructor_core/local/lib/python3.10/dist-packages/moveit/task_constructor/__init__.py'...
[48.330s] Compiling '/home/luis-a/panda_ws/install/moveit_task_constructor_core/local/lib/python3.10/dist-packages/moveit/task_constructor/core.py'...
[48.330s] Compiling '/home/luis-a/panda_ws/install/moveit_task_constructor_core/local/lib/python3.10/dist-packages/moveit/task_constructor/stages.py'...
[48.332s] -- Installing: /home/luis-a/panda_ws/install/moveit_task_constructor_core/include
[48.332s] -- Installing: /home/luis-a/panda_ws/install/moveit_task_constructor_core/include/moveit
[48.332s] -- Installing: /home/luis-a/panda_ws/install/moveit_task_constructor_core/include/moveit/python
[48.332s] -- Installing: /home/luis-a/panda_ws/install/moveit_task_constructor_core/include/moveit/python/task_constructor
[48.332s] -- Installing: /home/luis-a/panda_ws/install/moveit_task_constructor_core/include/moveit/python/task_constructor/properties.h
[48.332s] -- Installing: /home/luis-a/panda_ws/install/moveit_task_constructor_core/include/moveit/task_constructor
[48.332s] -- Installing: /home/luis-a/panda_ws/install/moveit_task_constructor_core/include/moveit/task_constructor/task.h
[48.332s] -- Installing: /home/luis-a/panda_ws/install/moveit_task_constructor_core/include/moveit/task_constructor/trajectory_execution_info.h
[48.332s] -- Installing: /home/luis-a/panda_ws/install/moveit_task_constructor_core/include/moveit/task_constructor/marker_tools.h
[48.332s] -- Installing: /home/luis-a/panda_ws/install/moveit_task_constructor_core/include/moveit/task_constructor/storage.h
[48.332s] -- Installing: /home/luis-a/panda_ws/install/moveit_task_constructor_core/include/moveit/task_constructor/solvers.h
[48.332s] -- Installing: /home/luis-a/panda_ws/install/moveit_task_constructor_core/include/moveit/task_constructor/stages.h
[48.332s] -- Installing: /home/luis-a/panda_ws/install/moveit_task_constructor_core/include/moveit/task_constructor/solvers
[48.332s] -- Installing: /home/luis-a/panda_ws/install/moveit_task_constructor_core/include/moveit/task_constructor/solvers/cartesian_path.h
[48.332s] -- Installing: /home/luis-a/panda_ws/install/moveit_task_constructor_core/include/moveit/task_constructor/solvers/pipeline_planner.h
[48.332s] -- Installing: /home/luis-a/panda_ws/install/moveit_task_constructor_core/include/moveit/task_constructor/solvers/multi_planner.h
[48.333s] -- Installing: /home/luis-a/panda_ws/install/moveit_task_constructor_core/include/moveit/task_constructor/solvers/planner_interface.h
[48.333s] -- Installing: /home/luis-a/panda_ws/install/moveit_task_constructor_core/include/moveit/task_constructor/solvers/joint_interpolation.h
[48.333s] -- Installing: /home/luis-a/panda_ws/install/moveit_task_constructor_core/include/moveit/task_constructor/utils.h
[48.333s] -- Installing: /home/luis-a/panda_ws/install/moveit_task_constructor_core/include/moveit/task_constructor/introspection.h
[48.333s] -- Installing: /home/luis-a/panda_ws/install/moveit_task_constructor_core/include/moveit/task_constructor/container.h
[48.333s] -- Installing: /home/luis-a/panda_ws/install/moveit_task_constructor_core/include/moveit/task_constructor/properties.h
[48.333s] -- Installing: /home/luis-a/panda_ws/install/moveit_task_constructor_core/include/moveit/task_constructor/cost_terms.h
[48.333s] -- Installing: /home/luis-a/panda_ws/install/moveit_task_constructor_core/include/moveit/task_constructor/moveit_compat.h
[48.333s] -- Installing: /home/luis-a/panda_ws/install/moveit_task_constructor_core/include/moveit/task_constructor/type_traits.h
[48.333s] -- Installing: /home/luis-a/panda_ws/install/moveit_task_constructor_core/include/moveit/task_constructor/stages
[48.333s] -- Installing: /home/luis-a/panda_ws/install/moveit_task_constructor_core/include/moveit/task_constructor/stages/compute_ik.h
[48.333s] -- Installing: /home/luis-a/panda_ws/install/moveit_task_constructor_core/include/moveit/task_constructor/stages/fixed_cartesian_poses.h
[48.333s] -- Installing: /home/luis-a/panda_ws/install/moveit_task_constructor_core/include/moveit/task_constructor/stages/fixed_state.h
[48.333s] -- Installing: /home/luis-a/panda_ws/install/moveit_task_constructor_core/include/moveit/task_constructor/stages/predicate_filter.h
[48.333s] -- Installing: /home/luis-a/panda_ws/install/moveit_task_constructor_core/include/moveit/task_constructor/stages/generate_grasp_pose.h
[48.334s] -- Installing: /home/luis-a/panda_ws/install/moveit_task_constructor_core/include/moveit/task_constructor/stages/generate_random_pose.h
[48.334s] -- Installing: /home/luis-a/panda_ws/install/moveit_task_constructor_core/include/moveit/task_constructor/stages/modify_planning_scene.h
[48.334s] -- Installing: /home/luis-a/panda_ws/install/moveit_task_constructor_core/include/moveit/task_constructor/stages/current_state.h
[48.334s] -- Installing: /home/luis-a/panda_ws/install/moveit_task_constructor_core/include/moveit/task_constructor/stages/generate_place_pose.h
[48.334s] -- Installing: /home/luis-a/panda_ws/install/moveit_task_constructor_core/include/moveit/task_constructor/stages/fix_collision_objects.h
[48.334s] -- Installing: /home/luis-a/panda_ws/install/moveit_task_constructor_core/include/moveit/task_constructor/stages/pick.h
[48.334s] -- Installing: /home/luis-a/panda_ws/install/moveit_task_constructor_core/include/moveit/task_constructor/stages/generate_pose.h
[48.334s] -- Installing: /home/luis-a/panda_ws/install/moveit_task_constructor_core/include/moveit/task_constructor/stages/move_relative.h
[48.334s] -- Installing: /home/luis-a/panda_ws/install/moveit_task_constructor_core/include/moveit/task_constructor/stages/move_to.h
[48.334s] -- Installing: /home/luis-a/panda_ws/install/moveit_task_constructor_core/include/moveit/task_constructor/stages/connect.h
[48.334s] -- Installing: /home/luis-a/panda_ws/install/moveit_task_constructor_core/include/moveit/task_constructor/stages/noop.h
[48.334s] -- Installing: /home/luis-a/panda_ws/install/moveit_task_constructor_core/include/moveit/task_constructor/stages/passthrough.h
[48.334s] -- Installing: /home/luis-a/panda_ws/install/moveit_task_constructor_core/include/moveit/task_constructor/stages/simple_grasp.h
[48.334s] -- Installing: /home/luis-a/panda_ws/install/moveit_task_constructor_core/include/moveit/task_constructor/cost_queue.h
[48.334s] -- Installing: /home/luis-a/panda_ws/install/moveit_task_constructor_core/include/moveit/task_constructor/stage.h
[48.335s] -- Installing: /home/luis-a/panda_ws/install/moveit_task_constructor_core/include/moveit/task_constructor/merge.h
[48.335s] -- Installing: /home/luis-a/panda_ws/install/moveit_task_constructor_core/share/moveit_task_constructor_core/motion_planning_stages_plugin_description.xml
[48.335s] -- Installing: /home/luis-a/panda_ws/install/moveit_task_constructor_core/share/moveit_task_constructor_core/environment/library_path.sh
[48.335s] -- Installing: /home/luis-a/panda_ws/install/moveit_task_constructor_core/share/moveit_task_constructor_core/environment/library_path.dsv
[48.335s] -- Installing: /home/luis-a/panda_ws/install/moveit_task_constructor_core/share/ament_index/resource_index/package_run_dependencies/moveit_task_constructor_core
[48.335s] -- Installing: /home/luis-a/panda_ws/install/moveit_task_constructor_core/share/ament_index/resource_index/parent_prefix_path/moveit_task_constructor_core
[48.335s] -- Installing: /home/luis-a/panda_ws/install/moveit_task_constructor_core/share/moveit_task_constructor_core/environment/ament_prefix_path.sh
[48.335s] -- Installing: /home/luis-a/panda_ws/install/moveit_task_constructor_core/share/moveit_task_constructor_core/environment/ament_prefix_path.dsv
[48.335s] -- Installing: /home/luis-a/panda_ws/install/moveit_task_constructor_core/share/moveit_task_constructor_core/environment/path.sh
[48.335s] -- Installing: /home/luis-a/panda_ws/install/moveit_task_constructor_core/share/moveit_task_constructor_core/environment/path.dsv
[48.335s] -- Installing: /home/luis-a/panda_ws/install/moveit_task_constructor_core/share/moveit_task_constructor_core/local_setup.bash
[48.336s] -- Installing: /home/luis-a/panda_ws/install/moveit_task_constructor_core/share/moveit_task_constructor_core/local_setup.sh
[48.336s] -- Installing: /home/luis-a/panda_ws/install/moveit_task_constructor_core/share/moveit_task_constructor_core/local_setup.zsh
[48.336s] -- Installing: /home/luis-a/panda_ws/install/moveit_task_constructor_core/share/moveit_task_constructor_core/local_setup.dsv
[48.336s] -- Installing: /home/luis-a/panda_ws/install/moveit_task_constructor_core/share/moveit_task_constructor_core/package.dsv
[48.336s] -- Installing: /home/luis-a/panda_ws/install/moveit_task_constructor_core/share/ament_index/resource_index/packages/moveit_task_constructor_core
[48.336s] -- Installing: /home/luis-a/panda_ws/install/moveit_task_constructor_core/share/ament_index/resource_index/moveit_task_constructor_core__pluginlib__plugin/moveit_task_constructor_core
[48.336s] -- Installing: /home/luis-a/panda_ws/install/moveit_task_constructor_core/share/moveit_task_constructor_core/cmake/moveit_task_constructor_coreTargetsExport.cmake
[48.336s] -- Installing: /home/luis-a/panda_ws/install/moveit_task_constructor_core/share/moveit_task_constructor_core/cmake/moveit_task_constructor_coreTargetsExport-release.cmake
[48.336s] -- Installing: /home/luis-a/panda_ws/install/moveit_task_constructor_core/share/moveit_task_constructor_core/cmake/ament_cmake_export_targets-extras.cmake
[48.336s] -- Installing: /home/luis-a/panda_ws/install/moveit_task_constructor_core/share/moveit_task_constructor_core/cmake/ament_cmake_export_dependencies-extras.cmake
[48.336s] -- Installing: /home/luis-a/panda_ws/install/moveit_task_constructor_core/share/moveit_task_constructor_core/cmake/moveit_task_constructor_coreConfig.cmake
[48.336s] -- Installing: /home/luis-a/panda_ws/install/moveit_task_constructor_core/share/moveit_task_constructor_core/cmake/moveit_task_constructor_coreConfig-version.cmake
[48.337s] -- Installing: /home/luis-a/panda_ws/install/moveit_task_constructor_core/share/moveit_task_constructor_core/package.xml
[48.337s] -- Installing: /home/luis-a/panda_ws/install/moveit_task_constructor_core/lib/libmoveit_task_constructor_core.so
[48.338s] -- Set runtime path of "/home/luis-a/panda_ws/install/moveit_task_constructor_core/lib/libmoveit_task_constructor_core.so" to ""
[48.338s] -- Installing: /home/luis-a/panda_ws/install/moveit_task_constructor_core/lib/libmoveit_task_constructor_core_stages.so
[48.339s] -- Set runtime path of "/home/luis-a/panda_ws/install/moveit_task_constructor_core/lib/libmoveit_task_constructor_core_stages.so" to ""
[48.339s] -- Installing: /home/luis-a/panda_ws/install/moveit_task_constructor_core/lib/libmoveit_task_constructor_core_stage_plugins.so
[48.339s] -- Set runtime path of "/home/luis-a/panda_ws/install/moveit_task_constructor_core/lib/libmoveit_task_constructor_core_stage_plugins.so" to ""
[48.340s] -- Installing: /home/luis-a/panda_ws/install/moveit_task_constructor_core/include/moveit/python/pybind11
[48.340s] -- Installing: /home/luis-a/panda_ws/install/moveit_task_constructor_core/include/moveit/python/pybind11/cast.h
[48.340s] -- Installing: /home/luis-a/panda_ws/install/moveit_task_constructor_core/include/moveit/python/pybind11/eigen.h
[48.340s] -- Installing: /home/luis-a/panda_ws/install/moveit_task_constructor_core/include/moveit/python/pybind11/gil.h
[48.340s] -- Installing: /home/luis-a/panda_ws/install/moveit_task_constructor_core/include/moveit/python/pybind11/complex.h
[48.340s] -- Installing: /home/luis-a/panda_ws/install/moveit_task_constructor_core/include/moveit/python/pybind11/embed.h
[48.340s] -- Installing: /home/luis-a/panda_ws/install/moveit_task_constructor_core/include/moveit/python/pybind11/iostream.h
[48.340s] -- Installing: /home/luis-a/panda_ws/install/moveit_task_constructor_core/include/moveit/python/pybind11/stl
[48.340s] -- Installing: /home/luis-a/panda_ws/install/moveit_task_constructor_core/include/moveit/python/pybind11/stl/filesystem.h
[48.340s] -- Installing: /home/luis-a/panda_ws/install/moveit_task_constructor_core/include/moveit/python/pybind11/smart_holder.h
[48.340s] -- Installing: /home/luis-a/panda_ws/install/moveit_task_constructor_core/include/moveit/python/pybind11/gil_safe_call_once.h
[48.340s] -- Installing: /home/luis-a/panda_ws/install/moveit_task_constructor_core/include/moveit/python/pybind11/stl_bind.h
[48.340s] -- Installing: /home/luis-a/panda_ws/install/moveit_task_constructor_core/include/moveit/python/pybind11/numpy.h
[48.341s] -- Installing: /home/luis-a/panda_ws/install/moveit_task_constructor_core/include/moveit/python/pybind11/operators.h
[48.341s] -- Installing: /home/luis-a/panda_ws/install/moveit_task_constructor_core/include/moveit/python/pybind11/type_caster_pyobject_ptr.h
[48.341s] -- Installing: /home/luis-a/panda_ws/install/moveit_task_constructor_core/include/moveit/python/pybind11/options.h
[48.341s] -- Installing: /home/luis-a/panda_ws/install/moveit_task_constructor_core/include/moveit/python/pybind11/chrono.h
[48.341s] -- Installing: /home/luis-a/panda_ws/install/moveit_task_constructor_core/include/moveit/python/pybind11/eval.h
[48.341s] -- Installing: /home/luis-a/panda_ws/install/moveit_task_constructor_core/include/moveit/python/pybind11/typing.h
[48.341s] -- Installing: /home/luis-a/panda_ws/install/moveit_task_constructor_core/include/moveit/python/pybind11/pytypes.h
[48.341s] -- Installing: /home/luis-a/panda_ws/install/moveit_task_constructor_core/include/moveit/python/pybind11/stl.h
[48.341s] -- Installing: /home/luis-a/panda_ws/install/moveit_task_constructor_core/include/moveit/python/pybind11/pybind11.h
[48.341s] -- Installing: /home/luis-a/panda_ws/install/moveit_task_constructor_core/include/moveit/python/pybind11/detail
[48.341s] -- Installing: /home/luis-a/panda_ws/install/moveit_task_constructor_core/include/moveit/python/pybind11/detail/smart_holder_poc.h
[48.341s] -- Installing: /home/luis-a/panda_ws/install/moveit_task_constructor_core/include/moveit/python/pybind11/detail/type_caster_base.h
[48.342s] -- Installing: /home/luis-a/panda_ws/install/moveit_task_constructor_core/include/moveit/python/pybind11/detail/internals.h
[48.342s] -- Installing: /home/luis-a/panda_ws/install/moveit_task_constructor_core/include/moveit/python/pybind11/detail/smart_holder_sfinae_hooks_only.h
[48.342s] -- Installing: /home/luis-a/panda_ws/install/moveit_task_constructor_core/include/moveit/python/pybind11/detail/smart_holder_type_casters.h
[48.342s] -- Installing: /home/luis-a/panda_ws/install/moveit_task_constructor_core/include/moveit/python/pybind11/detail/typeid.h
[48.342s] -- Installing: /home/luis-a/panda_ws/install/moveit_task_constructor_core/include/moveit/python/pybind11/detail/dynamic_raw_ptr_cast_if_possible.h
[48.342s] -- Installing: /home/luis-a/panda_ws/install/moveit_task_constructor_core/include/moveit/python/pybind11/detail/common.h
[48.342s] -- Installing: /home/luis-a/panda_ws/install/moveit_task_constructor_core/include/moveit/python/pybind11/detail/class.h
[48.342s] -- Installing: /home/luis-a/panda_ws/install/moveit_task_constructor_core/include/moveit/python/pybind11/detail/descr.h
[48.342s] -- Installing: /home/luis-a/panda_ws/install/moveit_task_constructor_core/include/moveit/python/pybind11/detail/type_caster_odr_guard.h
[48.342s] -- Installing: /home/luis-a/panda_ws/install/moveit_task_constructor_core/include/moveit/python/pybind11/detail/init.h
[48.342s] -- Installing: /home/luis-a/panda_ws/install/moveit_task_constructor_core/include/moveit/python/pybind11/functional.h
[48.342s] -- Installing: /home/luis-a/panda_ws/install/moveit_task_constructor_core/include/moveit/python/pybind11/common.h
[48.342s] -- Installing: /home/luis-a/panda_ws/install/moveit_task_constructor_core/include/moveit/python/pybind11/attr.h
[48.343s] -- Installing: /home/luis-a/panda_ws/install/moveit_task_constructor_core/include/moveit/python/pybind11/trampoline_self_life_support.h
[48.343s] -- Installing: /home/luis-a/panda_ws/install/moveit_task_constructor_core/include/moveit/python/pybind11/eigen
[48.343s] -- Installing: /home/luis-a/panda_ws/install/moveit_task_constructor_core/include/moveit/python/pybind11/eigen/tensor.h
[48.343s] -- Installing: /home/luis-a/panda_ws/install/moveit_task_constructor_core/include/moveit/python/pybind11/eigen/matrix.h
[48.343s] -- Installing: /home/luis-a/panda_ws/install/moveit_task_constructor_core/include/moveit/python/pybind11/eigen/common.h
[48.343s] -- Installing: /home/luis-a/panda_ws/install/moveit_task_constructor_core/include/moveit/python/pybind11/buffer_info.h
[48.343s] -- Installing: /home/luis-a/panda_ws/install/moveit_task_constructor_core/share/moveit_task_constructor_core/cmake/pybind11Config.cmake
[48.343s] -- Installing: /home/luis-a/panda_ws/install/moveit_task_constructor_core/share/moveit_task_constructor_core/cmake/pybind11ConfigVersion.cmake
[48.343s] -- Installing: /home/luis-a/panda_ws/install/moveit_task_constructor_core/share/moveit_task_constructor_core/cmake/FindPythonLibsNew.cmake
[48.343s] -- Installing: /home/luis-a/panda_ws/install/moveit_task_constructor_core/share/moveit_task_constructor_core/cmake/pybind11Common.cmake
[48.343s] -- Installing: /home/luis-a/panda_ws/install/moveit_task_constructor_core/share/moveit_task_constructor_core/cmake/pybind11Tools.cmake
[48.343s] -- Installing: /home/luis-a/panda_ws/install/moveit_task_constructor_core/share/moveit_task_constructor_core/cmake/pybind11NewTools.cmake
[48.343s] -- Installing: /home/luis-a/panda_ws/install/moveit_task_constructor_core/share/moveit_task_constructor_core/cmake/pybind11Targets.cmake
[48.344s] -- Installing: /home/luis-a/panda_ws/install/moveit_task_constructor_core/share/pkgconfig/pybind11.pc
[48.344s] -- Installing: /home/luis-a/panda_ws/install/moveit_task_constructor_core/local/lib/python3.10/dist-packages/pymoveit_mtc.cpython-310-x86_64-linux-gnu.so
[48.345s] -- Set runtime path of "/home/luis-a/panda_ws/install/moveit_task_constructor_core/local/lib/python3.10/dist-packages/pymoveit_mtc.cpython-310-x86_64-linux-gnu.so" to ""
[48.346s] Invoked command in '/home/luis-a/panda_ws/build/moveit_task_constructor_core' returned '0': AMENT_PREFIX_PATH=/home/luis-a/panda_ws/install/moveit_planners:/home/luis-a/panda_ws/install/pilz_industrial_motion_planner:/home/luis-a/panda_ws/install/moveit_resources_prbt_pg70_support:/home/luis-a/panda_ws/install/moveit_ros_planning_interface:/home/luis-a/panda_ws/install/moveit_resources_prbt_moveit_config:/home/luis-a/panda_ws/install/moveit_ros_move_group:/home/luis-a/panda_ws/install/moveit_ros_warehouse:/home/luis-a/panda_ws/install/moveit_planners_ompl:/home/luis-a/panda_ws/install/moveit_kinematics:/home/luis-a/panda_ws/install/moveit_ros_planning:/home/luis-a/panda_ws/install/pilz_industrial_motion_planner_testutils:/home/luis-a/panda_ws/install/moveit_simple_controller_manager:/home/luis-a/panda_ws/install/moveit_ros_occupancy_map_monitor:/home/luis-a/panda_ws/install/moveit_resources_prbt_ikfast_manipulator_plugin:/home/luis-a/panda_ws/install/moveit_core:/home/luis-a/panda_ws/install/rviz_marker_tools:/home/luis-a/panda_ws/install/moveit_resources_panda_moveit_config:/home/luis-a/panda_ws/install/moveit_resources_fanuc_moveit_config:/home/luis-a/panda_ws/install/moveit_configs_utils:/home/luis-a/panda_ws/install/srdfdom:/home/luis-a/panda_ws/install/moveit_task_constructor_msgs:/home/luis-a/panda_ws/install/moveit_resources_prbt_support:/home/luis-a/panda_ws/install/moveit_resources_pr2_description:/home/luis-a/panda_ws/install/moveit_resources_panda_description:/home/luis-a/panda_ws/install/moveit_resources_fanuc_description:/home/luis-a/panda_ws/install/moveit_common:/home/luis-a/panda_ws/install/launch_param_builder:${AMENT_PREFIX_PATH} CMAKE_PREFIX_PATH=/home/luis-a/panda_ws/install/moveit_planners:/home/luis-a/panda_ws/install/pilz_industrial_motion_planner:/home/luis-a/panda_ws/install/moveit_resources_prbt_pg70_support:/home/luis-a/panda_ws/install/moveit_ros_planning_interface:/home/luis-a/panda_ws/install/moveit_resources_prbt_moveit_config:/home/luis-a/panda_ws/install/moveit_ros_move_group:/home/luis-a/panda_ws/install/moveit_ros_warehouse:/home/luis-a/panda_ws/install/moveit_planners_ompl:/home/luis-a/panda_ws/install/moveit_kinematics:/home/luis-a/panda_ws/install/moveit_ros_planning:/home/luis-a/panda_ws/install/pilz_industrial_motion_planner_testutils:/home/luis-a/panda_ws/install/moveit_simple_controller_manager:/home/luis-a/panda_ws/install/moveit_ros_occupancy_map_monitor:/home/luis-a/panda_ws/install/moveit_resources_prbt_ikfast_manipulator_plugin:/home/luis-a/panda_ws/install/moveit_core:/home/luis-a/panda_ws/install/rviz_marker_tools:/home/luis-a/panda_ws/install/moveit_resources_panda_moveit_config:/home/luis-a/panda_ws/install/moveit_resources_fanuc_moveit_config:/home/luis-a/panda_ws/install/srdfdom:/home/luis-a/panda_ws/install/moveit_task_constructor_msgs:/home/luis-a/panda_ws/install/moveit_resources_prbt_support:/home/luis-a/panda_ws/install/moveit_resources_pr2_description:/home/luis-a/panda_ws/install/moveit_resources_panda_description:/home/luis-a/panda_ws/install/moveit_resources_fanuc_description:/home/luis-a/panda_ws/install/moveit_common:/opt/ros/humble LD_LIBRARY_PATH=/home/luis-a/panda_ws/install/pilz_industrial_motion_planner/lib:/home/luis-a/panda_ws/install/moveit_ros_planning_interface/lib:/home/luis-a/panda_ws/install/moveit_ros_move_group/lib:/home/luis-a/panda_ws/install/moveit_ros_warehouse/lib:/home/luis-a/panda_ws/install/moveit_planners_ompl/lib:/home/luis-a/panda_ws/install/moveit_kinematics/lib:/home/luis-a/panda_ws/install/moveit_ros_planning/lib:/home/luis-a/panda_ws/install/pilz_industrial_motion_planner_testutils/lib:/home/luis-a/panda_ws/install/moveit_simple_controller_manager/lib:/home/luis-a/panda_ws/install/moveit_ros_occupancy_map_monitor/lib:/home/luis-a/panda_ws/install/moveit_resources_prbt_ikfast_manipulator_plugin/lib:/home/luis-a/panda_ws/install/moveit_core/lib:/home/luis-a/panda_ws/install/rviz_marker_tools/lib:/home/luis-a/panda_ws/install/srdfdom/lib:/home/luis-a/panda_ws/install/moveit_task_constructor_msgs/lib:${LD_LIBRARY_PATH} PATH=/home/luis-a/panda_ws/install/moveit_core/bin:${PATH} PYTHONPATH=/home/luis-a/panda_ws/install/moveit_configs_utils/lib/python3.10/site-packages:/home/luis-a/panda_ws/install/srdfdom/local/lib/python3.10/dist-packages:/home/luis-a/panda_ws/install/moveit_task_constructor_msgs/local/lib/python3.10/dist-packages:/home/luis-a/panda_ws/install/launch_param_builder/lib/python3.10/site-packages:${PYTHONPATH} /usr/bin/cmake --install /home/luis-a/panda_ws/build/moveit_task_constructor_core
