[0.013s] Invoking command in '/home/luis-a/panda_ws/build/moveit_ros_move_group': AMENT_PREFIX_PATH=/home/luis-a/panda_ws/install/moveit_kinematics:/home/luis-a/panda_ws/install/moveit_ros_planning:/home/luis-a/panda_ws/install/moveit_ros_occupancy_map_monitor:/home/luis-a/panda_ws/install/moveit_core:/home/luis-a/panda_ws/install/moveit_resources_panda_moveit_config:/home/luis-a/panda_ws/install/moveit_resources_fanuc_moveit_config:/home/luis-a/panda_ws/install/moveit_configs_utils:/home/luis-a/panda_ws/install/srdfdom:/home/luis-a/panda_ws/install/moveit_resources_pr2_description:/home/luis-a/panda_ws/install/moveit_resources_panda_description:/home/luis-a/panda_ws/install/moveit_resources_fanuc_description:/home/luis-a/panda_ws/install/moveit_common:/home/luis-a/panda_ws/install/launch_param_builder:${AMENT_PREFIX_PATH} CMAKE_PREFIX_PATH=/home/luis-a/panda_ws/install/moveit_kinematics:/home/luis-a/panda_ws/install/moveit_ros_planning:/home/luis-a/panda_ws/install/moveit_ros_occupancy_map_monitor:/home/luis-a/panda_ws/install/moveit_core:/home/luis-a/panda_ws/install/moveit_resources_panda_moveit_config:/home/luis-a/panda_ws/install/moveit_resources_fanuc_moveit_config:/home/luis-a/panda_ws/install/srdfdom:/home/luis-a/panda_ws/install/moveit_resources_pr2_description:/home/luis-a/panda_ws/install/moveit_resources_panda_description:/home/luis-a/panda_ws/install/moveit_resources_fanuc_description:/home/luis-a/panda_ws/install/moveit_common:/opt/ros/humble LD_LIBRARY_PATH=/home/luis-a/panda_ws/install/moveit_kinematics/lib:/home/luis-a/panda_ws/install/moveit_ros_planning/lib:/home/luis-a/panda_ws/install/moveit_ros_occupancy_map_monitor/lib:/home/luis-a/panda_ws/install/moveit_core/lib:/home/luis-a/panda_ws/install/srdfdom/lib:${LD_LIBRARY_PATH} PATH=/home/luis-a/panda_ws/install/moveit_core/bin:${PATH} PYTHONPATH=/home/luis-a/panda_ws/install/moveit_configs_utils/lib/python3.10/site-packages:/home/luis-a/panda_ws/install/srdfdom/local/lib/python3.10/dist-packages:/home/luis-a/panda_ws/install/launch_param_builder/lib/python3.10/site-packages:${PYTHONPATH} /usr/bin/cmake /home/luis-a/panda_ws/src/moveit2/moveit_ros/move_group -DCMAKE_BUILD_TYPE=Release -DCMAKE_INSTALL_PREFIX=/home/luis-a/panda_ws/install/moveit_ros_move_group
[0.044s] -- The C compiler identification is GNU 11.4.0
[0.075s] -- The CXX compiler identification is GNU 11.4.0
[0.079s] -- Detecting C compiler ABI info
[0.120s] -- Detecting C compiler ABI info - done
[0.123s] -- Check for working C compiler: /usr/bin/cc - skipped
[0.123s] -- Detecting C compile features
[0.124s] -- Detecting C compile features - done
[0.125s] -- Detecting CXX compiler ABI info
[0.171s] -- Detecting CXX compiler ABI info - done
[0.175s] -- Check for working CXX compiler: /usr/bin/c++ - skipped
[0.175s] -- Detecting CXX compile features
[0.175s] -- Detecting CXX compile features - done
[0.177s] -- Found moveit_common: 2.5.6 (/home/luis-a/panda_ws/install/moveit_common/share/moveit_common/cmake)
[0.178s] -- Found ament_cmake: 1.3.10 (/opt/ros/humble/share/ament_cmake/cmake)
[0.259s] -- Found Python3: /usr/bin/python3 (found version "3.10.12") found components: Interpreter 
[0.345s] -- Found moveit_core: 2.5.6 (/home/luis-a/panda_ws/install/moveit_core/share/moveit_core/cmake)
[0.461s] -- Found Boost: /usr/lib/x86_64-linux-gnu/cmake/Boost-1.74.0/BoostConfig.cmake (found version "1.74.0") found components: chrono date_time filesystem iostreams program_options regex serialization system thread 
[0.496s] -- Found parameter_traits: 0.3.9 (/opt/ros/humble/share/parameter_traits/cmake)
[0.524s] -- Found rosidl_generator_c: 3.1.5 (/opt/ros/humble/share/rosidl_generator_c/cmake)
[0.528s] -- Found rosidl_adapter: 3.1.5 (/opt/ros/humble/share/rosidl_adapter/cmake)
[0.533s] -- Found rosidl_generator_cpp: 3.1.5 (/opt/ros/humble/share/rosidl_generator_cpp/cmake)
[0.541s] -- Using all available rosidl_typesupport_c: rosidl_typesupport_fastrtps_c;rosidl_typesupport_introspection_c
[0.552s] -- Using all available rosidl_typesupport_cpp: rosidl_typesupport_fastrtps_cpp;rosidl_typesupport_introspection_cpp
[0.581s] -- Found rmw_implementation_cmake: 6.1.2 (/opt/ros/humble/share/rmw_implementation_cmake/cmake)
[0.583s] -- Found rmw_fastrtps_cpp: 6.2.7 (/opt/ros/humble/share/rmw_fastrtps_cpp/cmake)
[0.641s] -- Found OpenSSL: /usr/lib/x86_64-linux-gnu/libcrypto.so (found version "3.0.2")  
[0.656s] -- Found FastRTPS: /opt/ros/humble/include  
[0.681s] -- Using RMW implementation 'rmw_fastrtps_cpp' as default
[0.688s] -- Found Threads: TRUE  
[0.721s] -- Found Eigen3: TRUE (found version "3.4.0") 
[0.723s] -- Found rclcpp_lifecycle: 16.0.10 (/opt/ros/humble/share/rclcpp_lifecycle/cmake)
[0.738s] -- Found Boost: /usr/lib/x86_64-linux-gnu/cmake/Boost-1.74.0/BoostConfig.cmake (found version "1.74.0") found components: filesystem 
[0.806s] -- library: /usr/lib/x86_64-linux-gnu/libcurl.so
[0.845s] -- Ensuring Eigen3 include directory is part of orocos-kdl CMake target
[0.984s] -- Found moveit_ros_planning: 2.5.6 (/home/luis-a/panda_ws/install/moveit_ros_planning/share/moveit_ros_planning/cmake)
[0.987s] -- Found Boost: /usr/lib/x86_64-linux-gnu/cmake/Boost-1.74.0/BoostConfig.cmake (found version "1.74.0") found components: system filesystem date_time program_options thread chrono 
[1.001s] -- Found std_srvs: 4.2.4 (/opt/ros/humble/share/std_srvs/cmake)
[1.008s] -- Found Boost: /usr/lib/x86_64-linux-gnu/cmake/Boost-1.74.0/BoostConfig.cmake (found version "1.74.0") found components: system filesystem date_time program_options thread 
[1.024s] -- Found ament_lint_auto: 0.12.11 (/opt/ros/humble/share/ament_lint_auto/cmake)
[1.036s] -- Added test 'cppcheck' to perform static code analysis on C / C++ code
[1.036s] -- Configured cppcheck include dirs: /home/luis-a/panda_ws/src/moveit2/moveit_ros/move_group/include
[1.037s] -- Configured cppcheck exclude dirs and/or files: 
[1.037s] -- Added test 'lint_cmake' to check CMake code style
[1.038s] -- Added test 'pep257' to check Python code against some of the docstring style conventions in PEP 257
[1.038s] -- Added test 'xmllint' to check XML markup files
[1.039s] -- Configuring done
[1.081s] -- Generating done
[1.082s] -- Build files have been written to: /home/luis-a/panda_ws/build/moveit_ros_move_group
[1.092s] Invoked command in '/home/luis-a/panda_ws/build/moveit_ros_move_group' returned '0': AMENT_PREFIX_PATH=/home/luis-a/panda_ws/install/moveit_kinematics:/home/luis-a/panda_ws/install/moveit_ros_planning:/home/luis-a/panda_ws/install/moveit_ros_occupancy_map_monitor:/home/luis-a/panda_ws/install/moveit_core:/home/luis-a/panda_ws/install/moveit_resources_panda_moveit_config:/home/luis-a/panda_ws/install/moveit_resources_fanuc_moveit_config:/home/luis-a/panda_ws/install/moveit_configs_utils:/home/luis-a/panda_ws/install/srdfdom:/home/luis-a/panda_ws/install/moveit_resources_pr2_description:/home/luis-a/panda_ws/install/moveit_resources_panda_description:/home/luis-a/panda_ws/install/moveit_resources_fanuc_description:/home/luis-a/panda_ws/install/moveit_common:/home/luis-a/panda_ws/install/launch_param_builder:${AMENT_PREFIX_PATH} CMAKE_PREFIX_PATH=/home/luis-a/panda_ws/install/moveit_kinematics:/home/luis-a/panda_ws/install/moveit_ros_planning:/home/luis-a/panda_ws/install/moveit_ros_occupancy_map_monitor:/home/luis-a/panda_ws/install/moveit_core:/home/luis-a/panda_ws/install/moveit_resources_panda_moveit_config:/home/luis-a/panda_ws/install/moveit_resources_fanuc_moveit_config:/home/luis-a/panda_ws/install/srdfdom:/home/luis-a/panda_ws/install/moveit_resources_pr2_description:/home/luis-a/panda_ws/install/moveit_resources_panda_description:/home/luis-a/panda_ws/install/moveit_resources_fanuc_description:/home/luis-a/panda_ws/install/moveit_common:/opt/ros/humble LD_LIBRARY_PATH=/home/luis-a/panda_ws/install/moveit_kinematics/lib:/home/luis-a/panda_ws/install/moveit_ros_planning/lib:/home/luis-a/panda_ws/install/moveit_ros_occupancy_map_monitor/lib:/home/luis-a/panda_ws/install/moveit_core/lib:/home/luis-a/panda_ws/install/srdfdom/lib:${LD_LIBRARY_PATH} PATH=/home/luis-a/panda_ws/install/moveit_core/bin:${PATH} PYTHONPATH=/home/luis-a/panda_ws/install/moveit_configs_utils/lib/python3.10/site-packages:/home/luis-a/panda_ws/install/srdfdom/local/lib/python3.10/dist-packages:/home/luis-a/panda_ws/install/launch_param_builder/lib/python3.10/site-packages:${PYTHONPATH} /usr/bin/cmake /home/luis-a/panda_ws/src/moveit2/moveit_ros/move_group -DCMAKE_BUILD_TYPE=Release -DCMAKE_INSTALL_PREFIX=/home/luis-a/panda_ws/install/moveit_ros_move_group
[1.093s] Invoking command in '/home/luis-a/panda_ws/build/moveit_ros_move_group': AMENT_PREFIX_PATH=/home/luis-a/panda_ws/install/moveit_kinematics:/home/luis-a/panda_ws/install/moveit_ros_planning:/home/luis-a/panda_ws/install/moveit_ros_occupancy_map_monitor:/home/luis-a/panda_ws/install/moveit_core:/home/luis-a/panda_ws/install/moveit_resources_panda_moveit_config:/home/luis-a/panda_ws/install/moveit_resources_fanuc_moveit_config:/home/luis-a/panda_ws/install/moveit_configs_utils:/home/luis-a/panda_ws/install/srdfdom:/home/luis-a/panda_ws/install/moveit_resources_pr2_description:/home/luis-a/panda_ws/install/moveit_resources_panda_description:/home/luis-a/panda_ws/install/moveit_resources_fanuc_description:/home/luis-a/panda_ws/install/moveit_common:/home/luis-a/panda_ws/install/launch_param_builder:${AMENT_PREFIX_PATH} CMAKE_PREFIX_PATH=/home/luis-a/panda_ws/install/moveit_kinematics:/home/luis-a/panda_ws/install/moveit_ros_planning:/home/luis-a/panda_ws/install/moveit_ros_occupancy_map_monitor:/home/luis-a/panda_ws/install/moveit_core:/home/luis-a/panda_ws/install/moveit_resources_panda_moveit_config:/home/luis-a/panda_ws/install/moveit_resources_fanuc_moveit_config:/home/luis-a/panda_ws/install/srdfdom:/home/luis-a/panda_ws/install/moveit_resources_pr2_description:/home/luis-a/panda_ws/install/moveit_resources_panda_description:/home/luis-a/panda_ws/install/moveit_resources_fanuc_description:/home/luis-a/panda_ws/install/moveit_common:/opt/ros/humble LD_LIBRARY_PATH=/home/luis-a/panda_ws/install/moveit_kinematics/lib:/home/luis-a/panda_ws/install/moveit_ros_planning/lib:/home/luis-a/panda_ws/install/moveit_ros_occupancy_map_monitor/lib:/home/luis-a/panda_ws/install/moveit_core/lib:/home/luis-a/panda_ws/install/srdfdom/lib:${LD_LIBRARY_PATH} PATH=/home/luis-a/panda_ws/install/moveit_core/bin:${PATH} PYTHONPATH=/home/luis-a/panda_ws/install/moveit_configs_utils/lib/python3.10/site-packages:/home/luis-a/panda_ws/install/srdfdom/local/lib/python3.10/dist-packages:/home/luis-a/panda_ws/install/launch_param_builder/lib/python3.10/site-packages:${PYTHONPATH} /usr/bin/cmake --build /home/luis-a/panda_ws/build/moveit_ros_move_group -- -j32 -l32
[1.127s] [ 10%] [32mBuilding CXX object CMakeFiles/list_move_group_capabilities.dir/src/list_capabilities.cpp.o[0m
[1.127s] [ 10%] [32mBuilding CXX object CMakeFiles/moveit_move_group_capabilities_base.dir/src/move_group_context.cpp.o[0m
[1.128s] [ 15%] [32mBuilding CXX object CMakeFiles/moveit_move_group_capabilities_base.dir/src/move_group_capability.cpp.o[0m
[7.480s] [ 21%] [32m[1mLinking CXX shared library libmoveit_move_group_capabilities_base.so[0m
[7.586s] [ 21%] Built target moveit_move_group_capabilities_base
[7.600s] [ 26%] [32mBuilding CXX object CMakeFiles/move_group.dir/src/move_group.cpp.o[0m
[7.602s] [ 47%] [32mBuilding CXX object CMakeFiles/moveit_move_group_default_capabilities.dir/src/default_capabilities/query_planners_service_capability.cpp.o[0m
[7.602s] [ 47%] [32mBuilding CXX object CMakeFiles/moveit_move_group_default_capabilities.dir/src/default_capabilities/plan_service_capability.cpp.o[0m
[7.602s] [ 47%] [32mBuilding CXX object CMakeFiles/moveit_move_group_default_capabilities.dir/src/default_capabilities/execute_trajectory_action_capability.cpp.o[0m
[7.602s] [ 47%] [32mBuilding CXX object CMakeFiles/moveit_move_group_default_capabilities.dir/src/default_capabilities/move_action_capability.cpp.o[0m
[7.602s] [ 52%] [32mBuilding CXX object CMakeFiles/moveit_move_group_default_capabilities.dir/src/default_capabilities/cartesian_path_service_capability.cpp.o[0m
[7.602s] [ 63%] [32mBuilding CXX object CMakeFiles/moveit_move_group_default_capabilities.dir/src/default_capabilities/state_validation_service_capability.cpp.o[0m
[7.602s] [ 63%] [32mBuilding CXX object CMakeFiles/moveit_move_group_default_capabilities.dir/src/default_capabilities/get_planning_scene_service_capability.cpp.o[0m
[7.602s] [ 73%] [32mBuilding CXX object CMakeFiles/moveit_move_group_default_capabilities.dir/src/default_capabilities/kinematics_service_capability.cpp.o[0m
[7.602s] [ 73%] [32mBuilding CXX object CMakeFiles/moveit_move_group_default_capabilities.dir/src/default_capabilities/apply_planning_scene_service_capability.cpp.o[0m
[7.602s] [ 78%] [32mBuilding CXX object CMakeFiles/moveit_move_group_default_capabilities.dir/src/default_capabilities/clear_octomap_service_capability.cpp.o[0m
[7.603s] [ 84%] [32mBuilding CXX object CMakeFiles/moveit_move_group_default_capabilities.dir/src/default_capabilities/tf_publisher_capability.cpp.o[0m
[8.508s] [ 89%] [32m[1mLinking CXX executable list_move_group_capabilities[0m
[8.707s] [ 89%] Built target list_move_group_capabilities
[16.509s] [ 94%] [32m[1mLinking CXX shared library libmoveit_move_group_default_capabilities.so[0m
[16.724s] [ 94%] Built target moveit_move_group_default_capabilities
[16.724s] [100%] [32m[1mLinking CXX executable move_group[0m
[16.886s] [100%] Built target move_group
[16.893s] Invoked command in '/home/luis-a/panda_ws/build/moveit_ros_move_group' returned '0': AMENT_PREFIX_PATH=/home/luis-a/panda_ws/install/moveit_kinematics:/home/luis-a/panda_ws/install/moveit_ros_planning:/home/luis-a/panda_ws/install/moveit_ros_occupancy_map_monitor:/home/luis-a/panda_ws/install/moveit_core:/home/luis-a/panda_ws/install/moveit_resources_panda_moveit_config:/home/luis-a/panda_ws/install/moveit_resources_fanuc_moveit_config:/home/luis-a/panda_ws/install/moveit_configs_utils:/home/luis-a/panda_ws/install/srdfdom:/home/luis-a/panda_ws/install/moveit_resources_pr2_description:/home/luis-a/panda_ws/install/moveit_resources_panda_description:/home/luis-a/panda_ws/install/moveit_resources_fanuc_description:/home/luis-a/panda_ws/install/moveit_common:/home/luis-a/panda_ws/install/launch_param_builder:${AMENT_PREFIX_PATH} CMAKE_PREFIX_PATH=/home/luis-a/panda_ws/install/moveit_kinematics:/home/luis-a/panda_ws/install/moveit_ros_planning:/home/luis-a/panda_ws/install/moveit_ros_occupancy_map_monitor:/home/luis-a/panda_ws/install/moveit_core:/home/luis-a/panda_ws/install/moveit_resources_panda_moveit_config:/home/luis-a/panda_ws/install/moveit_resources_fanuc_moveit_config:/home/luis-a/panda_ws/install/srdfdom:/home/luis-a/panda_ws/install/moveit_resources_pr2_description:/home/luis-a/panda_ws/install/moveit_resources_panda_description:/home/luis-a/panda_ws/install/moveit_resources_fanuc_description:/home/luis-a/panda_ws/install/moveit_common:/opt/ros/humble LD_LIBRARY_PATH=/home/luis-a/panda_ws/install/moveit_kinematics/lib:/home/luis-a/panda_ws/install/moveit_ros_planning/lib:/home/luis-a/panda_ws/install/moveit_ros_occupancy_map_monitor/lib:/home/luis-a/panda_ws/install/moveit_core/lib:/home/luis-a/panda_ws/install/srdfdom/lib:${LD_LIBRARY_PATH} PATH=/home/luis-a/panda_ws/install/moveit_core/bin:${PATH} PYTHONPATH=/home/luis-a/panda_ws/install/moveit_configs_utils/lib/python3.10/site-packages:/home/luis-a/panda_ws/install/srdfdom/local/lib/python3.10/dist-packages:/home/luis-a/panda_ws/install/launch_param_builder/lib/python3.10/site-packages:${PYTHONPATH} /usr/bin/cmake --build /home/luis-a/panda_ws/build/moveit_ros_move_group -- -j32 -l32
[16.928s] Invoking command in '/home/luis-a/panda_ws/build/moveit_ros_move_group': AMENT_PREFIX_PATH=/home/luis-a/panda_ws/install/moveit_kinematics:/home/luis-a/panda_ws/install/moveit_ros_planning:/home/luis-a/panda_ws/install/moveit_ros_occupancy_map_monitor:/home/luis-a/panda_ws/install/moveit_core:/home/luis-a/panda_ws/install/moveit_resources_panda_moveit_config:/home/luis-a/panda_ws/install/moveit_resources_fanuc_moveit_config:/home/luis-a/panda_ws/install/moveit_configs_utils:/home/luis-a/panda_ws/install/srdfdom:/home/luis-a/panda_ws/install/moveit_resources_pr2_description:/home/luis-a/panda_ws/install/moveit_resources_panda_description:/home/luis-a/panda_ws/install/moveit_resources_fanuc_description:/home/luis-a/panda_ws/install/moveit_common:/home/luis-a/panda_ws/install/launch_param_builder:${AMENT_PREFIX_PATH} CMAKE_PREFIX_PATH=/home/luis-a/panda_ws/install/moveit_kinematics:/home/luis-a/panda_ws/install/moveit_ros_planning:/home/luis-a/panda_ws/install/moveit_ros_occupancy_map_monitor:/home/luis-a/panda_ws/install/moveit_core:/home/luis-a/panda_ws/install/moveit_resources_panda_moveit_config:/home/luis-a/panda_ws/install/moveit_resources_fanuc_moveit_config:/home/luis-a/panda_ws/install/srdfdom:/home/luis-a/panda_ws/install/moveit_resources_pr2_description:/home/luis-a/panda_ws/install/moveit_resources_panda_description:/home/luis-a/panda_ws/install/moveit_resources_fanuc_description:/home/luis-a/panda_ws/install/moveit_common:/opt/ros/humble LD_LIBRARY_PATH=/home/luis-a/panda_ws/install/moveit_kinematics/lib:/home/luis-a/panda_ws/install/moveit_ros_planning/lib:/home/luis-a/panda_ws/install/moveit_ros_occupancy_map_monitor/lib:/home/luis-a/panda_ws/install/moveit_core/lib:/home/luis-a/panda_ws/install/srdfdom/lib:${LD_LIBRARY_PATH} PATH=/home/luis-a/panda_ws/install/moveit_core/bin:${PATH} PYTHONPATH=/home/luis-a/panda_ws/install/moveit_configs_utils/lib/python3.10/site-packages:/home/luis-a/panda_ws/install/srdfdom/local/lib/python3.10/dist-packages:/home/luis-a/panda_ws/install/launch_param_builder/lib/python3.10/site-packages:${PYTHONPATH} /usr/bin/cmake --install /home/luis-a/panda_ws/build/moveit_ros_move_group
[16.932s] -- Install configuration: "Release"
[16.932s] -- Installing: /home/luis-a/panda_ws/install/moveit_ros_move_group/lib/moveit_ros_move_group/move_group
[16.932s] -- Set runtime path of "/home/luis-a/panda_ws/install/moveit_ros_move_group/lib/moveit_ros_move_group/move_group" to ""
[16.932s] -- Installing: /home/luis-a/panda_ws/install/moveit_ros_move_group/lib/moveit_ros_move_group/list_move_group_capabilities
[16.933s] -- Set runtime path of "/home/luis-a/panda_ws/install/moveit_ros_move_group/lib/moveit_ros_move_group/list_move_group_capabilities" to ""
[16.933s] -- Installing: /home/luis-a/panda_ws/install/moveit_ros_move_group/lib/libmoveit_move_group_default_capabilities.so.2.5.6
[16.934s] -- Set runtime path of "/home/luis-a/panda_ws/install/moveit_ros_move_group/lib/libmoveit_move_group_default_capabilities.so.2.5.6" to ""
[16.934s] -- Installing: /home/luis-a/panda_ws/install/moveit_ros_move_group/lib/libmoveit_move_group_default_capabilities.so
[16.934s] -- Installing: /home/luis-a/panda_ws/install/moveit_ros_move_group/lib/libmoveit_move_group_capabilities_base.so.2.5.6
[16.934s] -- Set runtime path of "/home/luis-a/panda_ws/install/moveit_ros_move_group/lib/libmoveit_move_group_capabilities_base.so.2.5.6" to ""
[16.934s] -- Installing: /home/luis-a/panda_ws/install/moveit_ros_move_group/lib/libmoveit_move_group_capabilities_base.so
[16.934s] -- Installing: /home/luis-a/panda_ws/install/moveit_ros_move_group/include
[16.934s] -- Installing: /home/luis-a/panda_ws/install/moveit_ros_move_group/include/moveit
[16.934s] -- Installing: /home/luis-a/panda_ws/install/moveit_ros_move_group/include/moveit/move_group
[16.934s] -- Installing: /home/luis-a/panda_ws/install/moveit_ros_move_group/include/moveit/move_group/move_group_context.h
[16.935s] -- Installing: /home/luis-a/panda_ws/install/moveit_ros_move_group/include/moveit/move_group/node_name.h
[16.935s] -- Installing: /home/luis-a/panda_ws/install/moveit_ros_move_group/include/moveit/move_group/move_group_capability.h
[16.935s] -- Installing: /home/luis-a/panda_ws/install/moveit_ros_move_group/include/moveit/move_group/capability_names.h
[16.935s] -- Installing: /home/luis-a/panda_ws/install/moveit_ros_move_group/share/moveit_ros_move_group/environment/library_path.sh
[16.935s] -- Installing: /home/luis-a/panda_ws/install/moveit_ros_move_group/share/moveit_ros_move_group/environment/library_path.dsv
[16.935s] -- Installing: /home/luis-a/panda_ws/install/moveit_ros_move_group/lib/moveit_ros_move_group/load_map
[16.935s] -- Installing: /home/luis-a/panda_ws/install/moveit_ros_move_group/lib/moveit_ros_move_group/save_map
[16.935s] -- Installing: /home/luis-a/panda_ws/install/moveit_ros_move_group/share/moveit_ros_move_group/default_capabilities_plugin_description.xml
[16.935s] -- Installing: /home/luis-a/panda_ws/install/moveit_ros_move_group/share/ament_index/resource_index/package_run_dependencies/moveit_ros_move_group
[16.935s] -- Installing: /home/luis-a/panda_ws/install/moveit_ros_move_group/share/ament_index/resource_index/parent_prefix_path/moveit_ros_move_group
[16.935s] -- Installing: /home/luis-a/panda_ws/install/moveit_ros_move_group/share/moveit_ros_move_group/environment/ament_prefix_path.sh
[16.936s] -- Installing: /home/luis-a/panda_ws/install/moveit_ros_move_group/share/moveit_ros_move_group/environment/ament_prefix_path.dsv
[16.936s] -- Installing: /home/luis-a/panda_ws/install/moveit_ros_move_group/share/moveit_ros_move_group/environment/path.sh
[16.936s] -- Installing: /home/luis-a/panda_ws/install/moveit_ros_move_group/share/moveit_ros_move_group/environment/path.dsv
[16.936s] -- Installing: /home/luis-a/panda_ws/install/moveit_ros_move_group/share/moveit_ros_move_group/local_setup.bash
[16.936s] -- Installing: /home/luis-a/panda_ws/install/moveit_ros_move_group/share/moveit_ros_move_group/local_setup.sh
[16.936s] -- Installing: /home/luis-a/panda_ws/install/moveit_ros_move_group/share/moveit_ros_move_group/local_setup.zsh
[16.936s] -- Installing: /home/luis-a/panda_ws/install/moveit_ros_move_group/share/moveit_ros_move_group/local_setup.dsv
[16.936s] -- Installing: /home/luis-a/panda_ws/install/moveit_ros_move_group/share/moveit_ros_move_group/package.dsv
[16.936s] -- Installing: /home/luis-a/panda_ws/install/moveit_ros_move_group/share/ament_index/resource_index/packages/moveit_ros_move_group
[16.936s] -- Installing: /home/luis-a/panda_ws/install/moveit_ros_move_group/share/ament_index/resource_index/moveit_ros_move_group__pluginlib__plugin/moveit_ros_move_group
[16.936s] -- Installing: /home/luis-a/panda_ws/install/moveit_ros_move_group/share/moveit_ros_move_group/cmake/export_moveit_ros_move_groupExport.cmake
[16.936s] -- Installing: /home/luis-a/panda_ws/install/moveit_ros_move_group/share/moveit_ros_move_group/cmake/export_moveit_ros_move_groupExport-release.cmake
[16.937s] -- Installing: /home/luis-a/panda_ws/install/moveit_ros_move_group/share/moveit_ros_move_group/cmake/ConfigExtras.cmake
[16.937s] -- Installing: /home/luis-a/panda_ws/install/moveit_ros_move_group/share/moveit_ros_move_group/cmake/ament_cmake_export_targets-extras.cmake
[16.937s] -- Installing: /home/luis-a/panda_ws/install/moveit_ros_move_group/share/moveit_ros_move_group/cmake/ament_cmake_export_dependencies-extras.cmake
[16.937s] -- Installing: /home/luis-a/panda_ws/install/moveit_ros_move_group/share/moveit_ros_move_group/cmake/moveit_ros_move_groupConfig.cmake
[16.937s] -- Installing: /home/luis-a/panda_ws/install/moveit_ros_move_group/share/moveit_ros_move_group/cmake/moveit_ros_move_groupConfig-version.cmake
[16.937s] -- Installing: /home/luis-a/panda_ws/install/moveit_ros_move_group/share/moveit_ros_move_group/package.xml
[16.938s] Invoked command in '/home/luis-a/panda_ws/build/moveit_ros_move_group' returned '0': AMENT_PREFIX_PATH=/home/luis-a/panda_ws/install/moveit_kinematics:/home/luis-a/panda_ws/install/moveit_ros_planning:/home/luis-a/panda_ws/install/moveit_ros_occupancy_map_monitor:/home/luis-a/panda_ws/install/moveit_core:/home/luis-a/panda_ws/install/moveit_resources_panda_moveit_config:/home/luis-a/panda_ws/install/moveit_resources_fanuc_moveit_config:/home/luis-a/panda_ws/install/moveit_configs_utils:/home/luis-a/panda_ws/install/srdfdom:/home/luis-a/panda_ws/install/moveit_resources_pr2_description:/home/luis-a/panda_ws/install/moveit_resources_panda_description:/home/luis-a/panda_ws/install/moveit_resources_fanuc_description:/home/luis-a/panda_ws/install/moveit_common:/home/luis-a/panda_ws/install/launch_param_builder:${AMENT_PREFIX_PATH} CMAKE_PREFIX_PATH=/home/luis-a/panda_ws/install/moveit_kinematics:/home/luis-a/panda_ws/install/moveit_ros_planning:/home/luis-a/panda_ws/install/moveit_ros_occupancy_map_monitor:/home/luis-a/panda_ws/install/moveit_core:/home/luis-a/panda_ws/install/moveit_resources_panda_moveit_config:/home/luis-a/panda_ws/install/moveit_resources_fanuc_moveit_config:/home/luis-a/panda_ws/install/srdfdom:/home/luis-a/panda_ws/install/moveit_resources_pr2_description:/home/luis-a/panda_ws/install/moveit_resources_panda_description:/home/luis-a/panda_ws/install/moveit_resources_fanuc_description:/home/luis-a/panda_ws/install/moveit_common:/opt/ros/humble LD_LIBRARY_PATH=/home/luis-a/panda_ws/install/moveit_kinematics/lib:/home/luis-a/panda_ws/install/moveit_ros_planning/lib:/home/luis-a/panda_ws/install/moveit_ros_occupancy_map_monitor/lib:/home/luis-a/panda_ws/install/moveit_core/lib:/home/luis-a/panda_ws/install/srdfdom/lib:${LD_LIBRARY_PATH} PATH=/home/luis-a/panda_ws/install/moveit_core/bin:${PATH} PYTHONPATH=/home/luis-a/panda_ws/install/moveit_configs_utils/lib/python3.10/site-packages:/home/luis-a/panda_ws/install/srdfdom/local/lib/python3.10/dist-packages:/home/luis-a/panda_ws/install/launch_param_builder/lib/python3.10/site-packages:${PYTHONPATH} /usr/bin/cmake --install /home/luis-a/panda_ws/build/moveit_ros_move_group
