[0.007s] Invoking command in '/home/luis-a/panda_ws/build/moveit_core': AMENT_PREFIX_PATH=/home/luis-a/panda_ws/install/moveit_resources_panda_moveit_config:/home/luis-a/panda_ws/install/srdfdom:/home/luis-a/panda_ws/install/moveit_resources_pr2_description:/home/luis-a/panda_ws/install/moveit_resources_panda_description:/home/luis-a/panda_ws/install/moveit_common:${AMENT_PREFIX_PATH} CMAKE_PREFIX_PATH=/home/luis-a/panda_ws/install/moveit_resources_panda_moveit_config:/home/luis-a/panda_ws/install/srdfdom:/home/luis-a/panda_ws/install/moveit_resources_pr2_description:/home/luis-a/panda_ws/install/moveit_resources_panda_description:/home/luis-a/panda_ws/install/moveit_common:/opt/ros/humble LD_LIBRARY_PATH=/home/luis-a/panda_ws/install/srdfdom/lib:${LD_LIBRARY_PATH} PYTHONPATH=/home/luis-a/panda_ws/install/srdfdom/local/lib/python3.10/dist-packages:${PYTHONPATH} /usr/bin/cmake /home/luis-a/panda_ws/src/moveit2/moveit_core -DCMAKE_BUILD_TYPE=Release -DCMAKE_INSTALL_PREFIX=/home/luis-a/panda_ws/install/moveit_core
[0.044s] -- The CXX compiler identification is GNU 11.4.0
[0.048s] -- Detecting CXX compiler ABI info
[0.097s] -- Detecting CXX compiler ABI info - done
[0.101s] -- Check for working CXX compiler: /usr/bin/c++ - skipped
[0.101s] -- Detecting CXX compile features
[0.101s] -- Detecting CXX compile features - done
[0.102s] -- Found moveit_common: 2.5.6 (/home/luis-a/panda_ws/install/moveit_common/share/moveit_common/cmake)
[0.103s] -- Found ament_cmake: 1.3.10 (/opt/ros/humble/share/ament_cmake/cmake)
[0.185s] -- Found Python3: /usr/bin/python3 (found version "3.10.12") found components: Interpreter 
[0.267s] -- Found angles: 1.15.0 (/opt/ros/humble/share/angles/cmake)
[0.280s] -- Found Bullet: /usr/lib/x86_64-linux-gnu/libBulletDynamics.so (Required is at least version "2.87") 
[0.281s] -- Found common_interfaces: 4.2.4 (/opt/ros/humble/share/common_interfaces/cmake)
[0.282s] -- Found eigen_stl_containers: 1.0.0 (/opt/ros/humble/share/eigen_stl_containers/cmake)
[0.288s] -- Found eigen3_cmake_module: 0.1.1 (/opt/ros/humble/share/eigen3_cmake_module/cmake)
[0.290s] -- Found Eigen3: TRUE (found version "3.4.0") 
[0.293s] -- Found generate_parameter_library: 0.3.9 (/opt/ros/humble/share/generate_parameter_library/cmake)
[0.294s] -- Found parameter_traits: 0.3.9 (/opt/ros/humble/share/parameter_traits/cmake)
[0.316s] -- Found rosidl_generator_c: 3.1.5 (/opt/ros/humble/share/rosidl_generator_c/cmake)
[0.319s] -- Found rosidl_adapter: 3.1.5 (/opt/ros/humble/share/rosidl_adapter/cmake)
[0.323s] -- Found rosidl_generator_cpp: 3.1.5 (/opt/ros/humble/share/rosidl_generator_cpp/cmake)
[0.330s] -- Using all available rosidl_typesupport_c: rosidl_typesupport_fastrtps_c;rosidl_typesupport_introspection_c
[0.339s] -- Using all available rosidl_typesupport_cpp: rosidl_typesupport_fastrtps_cpp;rosidl_typesupport_introspection_cpp
[0.363s] -- Found rmw_implementation_cmake: 6.1.2 (/opt/ros/humble/share/rmw_implementation_cmake/cmake)
[0.364s] -- Found rmw_fastrtps_cpp: 6.2.7 (/opt/ros/humble/share/rmw_fastrtps_cpp/cmake)
[0.423s] -- Found OpenSSL: /usr/lib/x86_64-linux-gnu/libcrypto.so (found version "3.0.2")  
[0.437s] -- Found FastRTPS: /opt/ros/humble/include  
[0.462s] -- Using RMW implementation 'rmw_fastrtps_cpp' as default
[0.467s] -- Looking for C++ include pthread.h
[0.516s] -- Looking for C++ include pthread.h - found
[0.516s] -- Performing Test CMAKE_HAVE_LIBC_PTHREAD
[0.566s] -- Performing Test CMAKE_HAVE_LIBC_PTHREAD - Success
[0.566s] -- Found Threads: TRUE  
[0.599s] -- Found rclcpp_lifecycle: 16.0.10 (/opt/ros/humble/share/rclcpp_lifecycle/cmake)
[0.610s] -- Found geometric_shapes: 2.1.3 (/opt/ros/humble/share/geometric_shapes/cmake)
[0.616s] -- Found Boost: /usr/lib/x86_64-linux-gnu/cmake/Boost-1.74.0/BoostConfig.cmake (found version "1.74.0") found components: filesystem 
[0.676s] -- library: /usr/lib/x86_64-linux-gnu/libcurl.so
[0.706s] -- Found kdl_parser: 2.6.4 (/opt/ros/humble/share/kdl_parser/cmake)
[0.710s] -- Ensuring Eigen3 include directory is part of orocos-kdl CMake target
[0.713s] -- Found moveit_msgs: 2.2.1 (/opt/ros/humble/share/moveit_msgs/cmake)
[0.771s] -- Found pluginlib: 5.1.0 (/opt/ros/humble/share/pluginlib/cmake)
[0.783s] -- Found srdfdom: 2.0.7 (/home/luis-a/panda_ws/install/srdfdom/share/srdfdom/cmake)
[0.789s] -- Found tf2_eigen: 0.25.8 (/opt/ros/humble/share/tf2_eigen/cmake)
[0.828s] -- Found tf2_geometry_msgs: 0.25.8 (/opt/ros/humble/share/tf2_geometry_msgs/cmake)
[0.830s] -- Found tf2_kdl: 0.25.8 (/opt/ros/humble/share/tf2_kdl/cmake)
[0.849s] -- Found Boost: /usr/lib/x86_64-linux-gnu/cmake/Boost-1.74.0/BoostConfig.cmake (found version "1.74.0") found components: chrono date_time filesystem iostreams program_options regex serialization system thread 
[0.850s] --  *** Building MoveIt 2.5.6-Alpha ***
[0.852s] -- Performing Test COMPILER_HAS_HIDDEN_VISIBILITY
[0.896s] -- Performing Test COMPILER_HAS_HIDDEN_VISIBILITY - Success
[0.896s] -- Performing Test COMPILER_HAS_HIDDEN_INLINE_VISIBILITY
[0.938s] -- Performing Test COMPILER_HAS_HIDDEN_INLINE_VISIBILITY - Success
[0.938s] -- Performing Test COMPILER_HAS_DEPRECATED_ATTR
[0.981s] -- Performing Test COMPILER_HAS_DEPRECATED_ATTR - Success
[0.983s] -- Found ament_cmake_gtest: 1.3.10 (/opt/ros/humble/share/ament_cmake_gtest/cmake)
[0.985s] -- Found gtest sources under '/opt/ros/humble/src/gtest_vendor': C++ tests using 'Google Test' will be built
[1.008s] -- The C compiler identification is GNU 11.4.0
[1.012s] -- Detecting C compiler ABI info
[1.051s] -- Detecting C compiler ABI info - done
[1.054s] -- Check for working C compiler: /usr/bin/cc - skipped
[1.054s] -- Detecting C compile features
[1.054s] -- Detecting C compile features - done
[1.060s] -- Found ament_cmake_gmock: 1.3.10 (/opt/ros/humble/share/ament_cmake_gmock/cmake)
[1.063s] -- Found gmock sources under '/opt/ros/humble/src/gmock_vendor': C++ tests using 'Google Mock' will be built
[1.064s] -- Found ament_cmake_gtest: 1.3.10 (/opt/ros/humble/share/ament_cmake_gtest/cmake)
[1.065s] -- Found gtest sources under '/opt/ros/humble/src/gtest_vendor': C++ tests using 'Google Test' will be built
[1.070s] -- Found ament_cmake_gtest: 1.3.10 (/opt/ros/humble/share/ament_cmake_gtest/cmake)
[1.070s] -- Found gtest sources under '/opt/ros/humble/src/gtest_vendor': C++ tests using 'Google Test' will be built
[1.080s] -- Found ament_cmake_gtest: 1.3.10 (/opt/ros/humble/share/ament_cmake_gtest/cmake)
[1.080s] -- Found gtest sources under '/opt/ros/humble/src/gtest_vendor': C++ tests using 'Google Test' will be built
[1.087s] -- Found ament_lint_auto: 0.12.11 (/opt/ros/humble/share/ament_lint_auto/cmake)
[1.088s] -- Found ament_cmake_gtest: 1.3.10 (/opt/ros/humble/share/ament_cmake_gtest/cmake)
[1.088s] -- Found gtest sources under '/opt/ros/humble/src/gtest_vendor': C++ tests using 'Google Test' will be built
[1.095s] -- Found ament_cmake_gtest: 1.3.10 (/opt/ros/humble/share/ament_cmake_gtest/cmake)
[1.096s] -- Found gtest sources under '/opt/ros/humble/src/gtest_vendor': C++ tests using 'Google Test' will be built
[1.101s] -- Found ament_cmake_gtest: 1.3.10 (/opt/ros/humble/share/ament_cmake_gtest/cmake)
[1.101s] -- Found gtest sources under '/opt/ros/humble/src/gtest_vendor': C++ tests using 'Google Test' will be built
[1.105s] -- Found ament_cmake_gtest: 1.3.10 (/opt/ros/humble/share/ament_cmake_gtest/cmake)
[1.105s] -- Found gtest sources under '/opt/ros/humble/src/gtest_vendor': C++ tests using 'Google Test' will be built
[1.111s] -- Found gtest sources under '/opt/ros/humble/src/gtest_vendor': C++ tests using 'Google Test' will be built
[1.115s] -- Found gtest sources under '/opt/ros/humble/src/gtest_vendor': C++ tests using 'Google Test' will be built
[1.121s] -- Found ament_cmake_gtest: 1.3.10 (/opt/ros/humble/share/ament_cmake_gtest/cmake)
[1.121s] -- Found gtest sources under '/opt/ros/humble/src/gtest_vendor': C++ tests using 'Google Test' will be built
[1.129s] -- Found gtest sources under '/opt/ros/humble/src/gtest_vendor': C++ tests using 'Google Test' will be built
[1.136s] -- Found gtest sources under '/opt/ros/humble/src/gtest_vendor': C++ tests using 'Google Test' will be built
[1.141s] -- Found gtest sources under '/opt/ros/humble/src/gtest_vendor': C++ tests using 'Google Test' will be built
[1.145s] -- Found ament_lint_auto: 0.12.11 (/opt/ros/humble/share/ament_lint_auto/cmake)
[1.167s] -- Added test 'cppcheck' to perform static code analysis on C / C++ code
[1.168s] -- Configured cppcheck include dirs: /home/luis-a/panda_ws/src/moveit2/moveit_core/exceptions/include;/home/luis-a/panda_ws/src/moveit2/moveit_core/collision_detection/include;/home/luis-a/panda_ws/src/moveit2/moveit_core/collision_detection_fcl/include;/home/luis-a/panda_ws/src/moveit2/moveit_core/collision_detection_bullet/include;/home/luis-a/panda_ws/src/moveit2/moveit_core/constraint_samplers/include;/home/luis-a/panda_ws/src/moveit2/moveit_core/controller_manager/include;/home/luis-a/panda_ws/src/moveit2/moveit_core/distance_field/include;/home/luis-a/panda_ws/src/moveit2/moveit_core/collision_distance_field/include;/home/luis-a/panda_ws/src/moveit2/moveit_core/dynamics_solver/include;/home/luis-a/panda_ws/src/moveit2/moveit_core/kinematics_base/include;/home/luis-a/panda_ws/src/moveit2/moveit_core/kinematics_metrics/include;/home/luis-a/panda_ws/src/moveit2/moveit_core/robot_model/include;/home/luis-a/panda_ws/src/moveit2/moveit_core/transforms/include;/home/luis-a/panda_ws/src/moveit2/moveit_core/robot_state/include;/home/luis-a/panda_ws/src/moveit2/moveit_core/robot_trajectory/include;/home/luis-a/panda_ws/src/moveit2/moveit_core/kinematic_constraints/include;/home/luis-a/panda_ws/src/moveit2/moveit_core/macros/include;/home/luis-a/panda_ws/src/moveit2/moveit_core/online_signal_smoothing/include;/home/luis-a/panda_ws/src/moveit2/moveit_core/planning_interface/include;/home/luis-a/panda_ws/src/moveit2/moveit_core/planning_request_adapter/include;/home/luis-a/panda_ws/src/moveit2/moveit_core/planning_scene/include;/home/luis-a/panda_ws/src/moveit2/moveit_core/sensor_manager/include;/home/luis-a/panda_ws/src/moveit2/moveit_core/trajectory_processing/include;/home/luis-a/panda_ws/src/moveit2/moveit_core/utils/include
[1.168s] -- Configured cppcheck exclude dirs and/or files: 
[1.170s] -- Added test 'pep257' to check Python code against some of the docstring style conventions in PEP 257
[1.172s] -- Added test 'xmllint' to check XML markup files
[1.173s] -- Configuring done
[1.539s] -- Generating done
[1.544s] -- Build files have been written to: /home/luis-a/panda_ws/build/moveit_core
[1.571s] Invoked command in '/home/luis-a/panda_ws/build/moveit_core' returned '0': AMENT_PREFIX_PATH=/home/luis-a/panda_ws/install/moveit_resources_panda_moveit_config:/home/luis-a/panda_ws/install/srdfdom:/home/luis-a/panda_ws/install/moveit_resources_pr2_description:/home/luis-a/panda_ws/install/moveit_resources_panda_description:/home/luis-a/panda_ws/install/moveit_common:${AMENT_PREFIX_PATH} CMAKE_PREFIX_PATH=/home/luis-a/panda_ws/install/moveit_resources_panda_moveit_config:/home/luis-a/panda_ws/install/srdfdom:/home/luis-a/panda_ws/install/moveit_resources_pr2_description:/home/luis-a/panda_ws/install/moveit_resources_panda_description:/home/luis-a/panda_ws/install/moveit_common:/opt/ros/humble LD_LIBRARY_PATH=/home/luis-a/panda_ws/install/srdfdom/lib:${LD_LIBRARY_PATH} PYTHONPATH=/home/luis-a/panda_ws/install/srdfdom/local/lib/python3.10/dist-packages:${PYTHONPATH} /usr/bin/cmake /home/luis-a/panda_ws/src/moveit2/moveit_core -DCMAKE_BUILD_TYPE=Release -DCMAKE_INSTALL_PREFIX=/home/luis-a/panda_ws/install/moveit_core
[1.572s] Invoking command in '/home/luis-a/panda_ws/build/moveit_core': AMENT_PREFIX_PATH=/home/luis-a/panda_ws/install/moveit_resources_panda_moveit_config:/home/luis-a/panda_ws/install/srdfdom:/home/luis-a/panda_ws/install/moveit_resources_pr2_description:/home/luis-a/panda_ws/install/moveit_resources_panda_description:/home/luis-a/panda_ws/install/moveit_common:${AMENT_PREFIX_PATH} CMAKE_PREFIX_PATH=/home/luis-a/panda_ws/install/moveit_resources_panda_moveit_config:/home/luis-a/panda_ws/install/srdfdom:/home/luis-a/panda_ws/install/moveit_resources_pr2_description:/home/luis-a/panda_ws/install/moveit_resources_panda_description:/home/luis-a/panda_ws/install/moveit_common:/opt/ros/humble LD_LIBRARY_PATH=/home/luis-a/panda_ws/install/srdfdom/lib:${LD_LIBRARY_PATH} PYTHONPATH=/home/luis-a/panda_ws/install/srdfdom/local/lib/python3.10/dist-packages:${PYTHONPATH} /usr/bin/cmake --build /home/luis-a/panda_ws/build/moveit_core -- -j32 -l32
[1.606s] [  0%] [32mBuilding CXX object exceptions/CMakeFiles/moveit_exceptions.dir/src/exceptions.cpp.o[0m
[1.606s] [  0%] [32mBuilding CXX object gtest/CMakeFiles/gtest.dir/src/gtest-all.cc.o[0m
[1.606s] [  1%] [32mBuilding CXX object utils/CMakeFiles/moveit_utils.dir/src/message_checks.cpp.o[0m
[1.606s] [  1%] [32mBuilding CXX object distance_field/CMakeFiles/moveit_distance_field.dir/src/distance_field.cpp.o[0m
[1.606s] [  1%] [32mBuilding CXX object gmock/CMakeFiles/gmock_main.dir/src/gmock_main.cc.o[0m
[1.606s] [  1%] [32mBuilding CXX object online_signal_smoothing/CMakeFiles/moveit_smoothing_base.dir/src/smoothing_base_class.cpp.o[0m
[1.606s] [  1%] [32mBuilding CXX object transforms/CMakeFiles/moveit_transforms.dir/src/transforms.cpp.o[0m
[1.606s] [  2%] [32mBuilding CXX object distance_field/CMakeFiles/moveit_distance_field.dir/src/find_internal_points.cpp.o[0m
[1.606s] [  2%] [32mBuilding CXX object gmock/CMakeFiles/gmock.dir/opt/ros/humble/src/gtest_vendor/src/gtest-all.cc.o[0m
[1.606s] [  2%] [32mBuilding CXX object utils/CMakeFiles/moveit_utils.dir/src/rclcpp_utils.cpp.o[0m
[1.606s] [  3%] [34m[1mRunning `/opt/ros/humble/bin/generate_parameter_library_cpp /home/luis-a/panda_ws/build/moveit_core/online_signal_smoothing/moveit_butterworth_parameters/include//moveit_butterworth_parameters.hpp /home/luis-a/panda_ws/src/moveit2/moveit_core/online_signal_smoothing/src/butterworth_parameters.yaml `[0m
[1.606s] [  5%] [32mBuilding CXX object gmock/CMakeFiles/gmock.dir/src/gmock-all.cc.o[0m
[1.606s] [  5%] [32mBuilding CXX object distance_field/CMakeFiles/moveit_distance_field.dir/src/propagation_distance_field.cpp.o[0m
[1.606s] [  6%] [32mBuilding CXX object version/CMakeFiles/moveit_version.dir/version.cpp.o[0m
[1.607s] [  6%] [32mBuilding CXX object kinematics_base/CMakeFiles/moveit_kinematics_base.dir/src/kinematics_base.cpp.o[0m
[1.607s] [  8%] [32mBuilding CXX object gtest/CMakeFiles/gtest_main.dir/src/gtest_main.cc.o[0m
[1.607s] [  8%] [32mBuilding CXX object utils/CMakeFiles/moveit_utils.dir/src/lexical_casts.cpp.o[0m
[1.630s] [  9%] [32m[1mLinking CXX executable moveit_version[0m
[1.661s] [  9%] Built target moveit_version
[1.688s] [  9%] Built target moveit_butterworth_parameters
[1.991s] [ 10%] [32m[1mLinking CXX shared library libmoveit_exceptions.so[0m
[2.057s] [ 10%] Built target moveit_exceptions
[2.095s] [ 10%] [32m[1mLinking CXX static library libgtest_main.a[0m
[2.114s] [ 10%] Built target gtest_main
[2.171s] [ 10%] [32m[1mLinking CXX shared library libmoveit_utils.so[0m
[2.297s] [ 11%] [32m[1mLinking CXX static library libgmock_main.a[0m
[2.318s] [ 11%] Built target gmock_main
[2.515s] [ 11%] Built target moveit_utils
[3.205s] [ 12%] [32m[1mLinking CXX shared library libmoveit_smoothing_base.so[0m
[3.271s] [ 12%] Built target moveit_smoothing_base
[4.267s] [ 13%] [32m[1mLinking CXX shared library libmoveit_kinematics_base.so[0m
[4.336s] [ 13%] Built target moveit_kinematics_base
[4.349s] [ 14%] [32mBuilding CXX object robot_model/CMakeFiles/moveit_robot_model.dir/src/fixed_joint_model.cpp.o[0m
[4.349s] [ 14%] [32mBuilding CXX object robot_model/CMakeFiles/moveit_robot_model.dir/src/joint_model_group.cpp.o[0m
[4.349s] [ 14%] [32mBuilding CXX object robot_model/CMakeFiles/moveit_robot_model.dir/src/aabb.cpp.o[0m
[4.350s] [ 18%] [32mBuilding CXX object robot_model/CMakeFiles/moveit_robot_model.dir/src/floating_joint_model.cpp.o[0m
[4.350s] [ 18%] [32mBuilding CXX object robot_model/CMakeFiles/moveit_robot_model.dir/src/planar_joint_model.cpp.o[0m
[4.350s] [ 18%] [32mBuilding CXX object robot_model/CMakeFiles/moveit_robot_model.dir/src/revolute_joint_model.cpp.o[0m
[4.350s] [ 18%] [32mBuilding CXX object robot_model/CMakeFiles/moveit_robot_model.dir/src/joint_model.cpp.o[0m
[4.350s] [ 18%] [32mBuilding CXX object robot_model/CMakeFiles/moveit_robot_model.dir/src/prismatic_joint_model.cpp.o[0m
[4.350s] [ 19%] [32mBuilding CXX object robot_model/CMakeFiles/moveit_robot_model.dir/src/link_model.cpp.o[0m
[4.350s] [ 19%] [32mBuilding CXX object robot_model/CMakeFiles/moveit_robot_model.dir/src/robot_model.cpp.o[0m
[5.422s] [ 20%] [32m[1mLinking CXX shared library libmoveit_transforms.so[0m
[5.480s] [ 21%] [32m[1mLinking CXX static library libgmock.a[0m
[5.482s] [ 22%] [32m[1mLinking CXX static library libgtest.a[0m
[5.507s] [ 22%] Built target gmock
[5.509s] [ 22%] Built target gtest
[5.511s] [ 22%] Built target moveit_transforms
[5.524s] [ 22%] [32mBuilding CXX object transforms/CMakeFiles/test_transforms.dir/test/test_transforms.cpp.o[0m
[5.609s] [ 22%] [32m[1mLinking CXX shared library libmoveit_distance_field.so[0m
[5.695s] [ 22%] Built target moveit_distance_field
[5.707s] [ 23%] [32mBuilding CXX object distance_field/CMakeFiles/test_voxel_grid.dir/test/test_voxel_grid.cpp.o[0m
[5.707s] [ 23%] [32mBuilding CXX object distance_field/CMakeFiles/test_distance_field.dir/test/test_distance_field.cpp.o[0m
[7.167s] [ 24%] [32m[1mLinking CXX executable test_transforms[0m
[7.244s] [ 24%] Built target test_transforms
[8.128s] [ 24%] [32m[1mLinking CXX executable test_voxel_grid[0m
[8.218s] [ 24%] Built target test_voxel_grid
[9.227s] [ 25%] [32m[1mLinking CXX shared library libmoveit_robot_model.so[0m
[9.313s] [ 25%] Built target moveit_robot_model
[9.325s] [ 26%] [32mBuilding CXX object robot_state/CMakeFiles/moveit_robot_state.dir/src/attached_body.cpp.o[0m
[9.325s] [ 26%] [32mBuilding CXX object robot_state/CMakeFiles/moveit_robot_state.dir/src/conversions.cpp.o[0m
[9.325s] [ 28%] [32mBuilding CXX object robot_state/CMakeFiles/moveit_robot_state.dir/src/cartesian_interpolator.cpp.o[0m
[9.325s] [ 28%] [32mBuilding CXX object utils/CMakeFiles/moveit_test_utils.dir/src/robot_model_test_utils.cpp.o[0m
[9.325s] [ 28%] [32mBuilding CXX object robot_state/CMakeFiles/moveit_robot_state.dir/src/robot_state.cpp.o[0m
[9.327s] [ 29%] [32mBuilding CXX object online_signal_smoothing/CMakeFiles/moveit_butterworth_filter.dir/src/butterworth_filter.cpp.o[0m
[10.716s] [ 30%] [32m[1mLinking CXX executable test_distance_field[0m
[10.822s] [ 30%] Built target test_distance_field
[12.810s] [ 30%] [32m[1mLinking CXX shared library libmoveit_butterworth_filter.so[0m
[12.890s] [ 30%] Built target moveit_butterworth_filter
[12.901s] [ 30%] [32mBuilding CXX object online_signal_smoothing/CMakeFiles/test_butterworth_filter.dir/test/test_butterworth_filter.cpp.o[0m
[14.000s] [ 30%] [32m[1mLinking CXX shared library libmoveit_test_utils.so[0m
[14.086s] [ 30%] Built target moveit_test_utils
[14.097s] [ 31%] [32mBuilding CXX object robot_model/CMakeFiles/test_robot_model.dir/test/test.cpp.o[0m
[16.342s] [ 32%] [32m[1mLinking CXX executable test_butterworth_filter[0m
[16.421s] [ 32%] Built target test_butterworth_filter
[17.070s] [ 32%] [32m[1mLinking CXX executable test_robot_model[0m
[17.180s] [ 32%] Built target test_robot_model
[19.976s] [ 33%] [32m[1mLinking CXX shared library libmoveit_robot_state.so[0m
[20.064s] [ 33%] Built target moveit_robot_state
[20.077s] [ 34%] [32mBuilding CXX object collision_detection/CMakeFiles/moveit_collision_detection.dir/src/allvalid/collision_env_allvalid.cpp.o[0m
[20.077s] [ 35%] [32mBuilding CXX object dynamics_solver/CMakeFiles/moveit_dynamics_solver.dir/src/dynamics_solver.cpp.o[0m
[20.077s] [ 35%] [32mBuilding CXX object kinematics_metrics/CMakeFiles/moveit_kinematics_metrics.dir/src/kinematics_metrics.cpp.o[0m
[20.077s] [ 36%] [32mBuilding CXX object robot_state/CMakeFiles/test_aabb.dir/test/test_aabb.cpp.o[0m
[20.077s] [ 36%] [32mBuilding CXX object robot_state/CMakeFiles/test_robot_state_benchmark.dir/test/robot_state_benchmark.cpp.o[0m
[20.077s] [ 36%] [32mBuilding CXX object collision_detection/CMakeFiles/moveit_collision_detection.dir/src/collision_tools.cpp.o[0m
[20.077s] [ 37%] [32mBuilding CXX object collision_detection/CMakeFiles/moveit_collision_detection.dir/src/world.cpp.o[0m
[20.078s] [ 38%] [32mBuilding CXX object collision_detection/CMakeFiles/moveit_collision_detection.dir/src/collision_env.cpp.o[0m
[20.078s] [ 38%] [32mBuilding CXX object collision_detection/CMakeFiles/moveit_collision_detection.dir/src/world_diff.cpp.o[0m
[20.078s] [ 38%] [32mBuilding CXX object collision_detection/CMakeFiles/moveit_collision_detection.dir/src/collision_common.cpp.o[0m
[20.078s] [ 39%] [32mBuilding CXX object collision_detection/CMakeFiles/moveit_collision_detection.dir/src/collision_matrix.cpp.o[0m
[20.078s] [ 39%] [32mBuilding CXX object robot_trajectory/CMakeFiles/moveit_robot_trajectory.dir/src/robot_trajectory.cpp.o[0m
[20.078s] [ 40%] [32mBuilding CXX object robot_state/CMakeFiles/test_robot_state.dir/test/robot_state_test.cpp.o[0m
[20.078s] [ 40%] [32mBuilding CXX object robot_state/CMakeFiles/test_cartesian_interpolator.dir/test/test_cartesian_interpolator.cpp.o[0m
[20.078s] [ 40%] [32mBuilding CXX object collision_detection/CMakeFiles/moveit_collision_detection.dir/src/collision_plugin_cache.cpp.o[0m
[20.078s] [ 40%] [32mBuilding CXX object robot_state/CMakeFiles/test_robot_state_complex.dir/test/test_kinematic_complex.cpp.o[0m
[20.078s] [ 40%] [32mBuilding CXX object collision_detection/CMakeFiles/moveit_collision_detection.dir/src/collision_octomap_filter.cpp.o[0m
[23.830s] [ 41%] [32m[1mLinking CXX shared library libmoveit_dynamics_solver.so[0m
[23.899s] [ 42%] [32m[1mLinking CXX executable test_cartesian_interpolator[0m
[23.921s] [ 42%] Built target moveit_dynamics_solver
[24.018s] [ 42%] Built target test_cartesian_interpolator
[24.587s] [ 43%] [32m[1mLinking CXX executable test_robot_state_benchmark[0m
[24.710s] [ 43%] Built target test_robot_state_benchmark
[24.714s] [ 44%] [32m[1mLinking CXX executable test_aabb[0m
[24.830s] [ 44%] Built target test_aabb
[25.040s] [ 45%] [32m[1mLinking CXX executable test_robot_state_complex[0m
[25.161s] [ 45%] Built target test_robot_state_complex
[25.194s] [ 46%] [32m[1mLinking CXX shared library libmoveit_robot_trajectory.so[0m
[25.279s] [ 46%] Built target moveit_robot_trajectory
[25.292s] [ 47%] [32mBuilding CXX object planning_interface/CMakeFiles/moveit_planning_interface.dir/src/planning_response.cpp.o[0m
[25.292s] [ 47%] [32mBuilding CXX object robot_trajectory/CMakeFiles/test_robot_trajectory.dir/test/test_robot_trajectory.cpp.o[0m
[25.292s] [ 48%] [32mBuilding CXX object planning_interface/CMakeFiles/moveit_planning_interface.dir/src/planning_interface.cpp.o[0m
[25.293s] [ 48%] [32mBuilding CXX object trajectory_processing/CMakeFiles/moveit_trajectory_processing.dir/src/iterative_spline_parameterization.cpp.o[0m
[25.293s] [ 49%] [32mBuilding CXX object trajectory_processing/CMakeFiles/moveit_trajectory_processing.dir/src/iterative_time_parameterization.cpp.o[0m
[25.293s] [ 50%] [32mBuilding CXX object trajectory_processing/CMakeFiles/moveit_trajectory_processing.dir/src/ruckig_traj_smoothing.cpp.o[0m
[25.293s] [ 51%] [32mBuilding CXX object trajectory_processing/CMakeFiles/moveit_trajectory_processing.dir/src/trajectory_tools.cpp.o[0m
[25.294s] [ 51%] [32mBuilding CXX object trajectory_processing/CMakeFiles/moveit_trajectory_processing.dir/src/time_optimal_trajectory_generation.cpp.o[0m
[25.743s] [ 52%] [32m[1mLinking CXX executable test_robot_state[0m
[25.882s] [ 52%] Built target test_robot_state
[27.348s] [ 53%] [32m[1mLinking CXX shared library libmoveit_collision_detection.so[0m
[27.453s] [ 53%] Built target moveit_collision_detection
[27.466s] [ 53%] [32mBuilding CXX object collision_detection_fcl/CMakeFiles/moveit_collision_detection_fcl.dir/src/collision_common.cpp.o[0m
[27.467s] [ 54%] [32mBuilding CXX object collision_detection/CMakeFiles/test_world.dir/test/test_world.cpp.o[0m
[27.467s] [ 56%] [32mBuilding CXX object collision_detection_fcl/CMakeFiles/moveit_collision_detection_fcl.dir/src/collision_env_fcl.cpp.o[0m
[27.467s] [ 56%] [32mBuilding CXX object collision_detection/CMakeFiles/test_world_diff.dir/test/test_world_diff.cpp.o[0m
[27.467s] [ 56%] [32mBuilding CXX object collision_detection/CMakeFiles/test_all_valid.dir/test/test_all_valid.cpp.o[0m
[27.467s] [ 56%] [32mBuilding CXX object collision_detection_bullet/CMakeFiles/moveit_collision_detection_bullet.dir/src/collision_env_bullet.cpp.o[0m
[27.468s] [ 57%] [32mBuilding CXX object collision_detection_bullet/CMakeFiles/moveit_collision_detection_bullet.dir/src/bullet_integration/bullet_utils.cpp.o[0m
[27.468s] [ 58%] [32mBuilding CXX object collision_detection_bullet/CMakeFiles/moveit_collision_detection_bullet.dir/src/bullet_integration/bullet_discrete_bvh_manager.cpp.o[0m
[27.468s] [ 58%] [32mBuilding CXX object collision_detection_bullet/CMakeFiles/moveit_collision_detection_bullet.dir/src/bullet_integration/bullet_cast_bvh_manager.cpp.o[0m
[27.468s] [ 58%] [32mBuilding CXX object collision_detection_bullet/CMakeFiles/moveit_collision_detection_bullet.dir/src/bullet_integration/ros_bullet_utils.cpp.o[0m
[27.469s] [ 59%] [32mBuilding CXX object collision_detection_bullet/CMakeFiles/moveit_collision_detection_bullet.dir/src/bullet_integration/contact_checker_common.cpp.o[0m
[27.469s] [ 60%] [32mBuilding CXX object collision_detection_bullet/CMakeFiles/moveit_collision_detection_bullet.dir/src/bullet_integration/bullet_bvh_manager.cpp.o[0m
[30.155s] [ 61%] [32m[1mLinking CXX executable test_world_diff[0m
[30.261s] [ 62%] [32m[1mLinking CXX shared library libmoveit_kinematics_metrics.so[0m
[30.305s] [ 62%] Built target test_world_diff
[30.313s] [ 63%] [32m[1mLinking CXX shared library libmoveit_planning_interface.so[0m
[30.370s] [ 63%] Built target moveit_kinematics_metrics
[30.407s] [ 63%] Built target moveit_planning_interface
[30.641s] [ 63%] [32m[1mLinking CXX executable test_world[0m
[30.762s] [ 63%] Built target test_world
[30.859s] [ 63%] [32m[1mLinking CXX executable test_robot_trajectory[0m
[30.987s] [ 64%] [32m[1mLinking CXX shared library libmoveit_trajectory_processing.so[0m
[31.004s] [ 64%] Built target test_robot_trajectory
[31.088s] [ 64%] Built target moveit_trajectory_processing
[31.102s] [ 65%] [32mBuilding CXX object trajectory_processing/CMakeFiles/test_time_parameterization.dir/test/test_time_parameterization.cpp.o[0m
[31.102s] [ 65%] [32mBuilding CXX object trajectory_processing/CMakeFiles/test_ruckig_traj_smoothing.dir/test/test_ruckig_traj_smoothing.cpp.o[0m
[31.103s] [ 66%] [32mBuilding CXX object trajectory_processing/CMakeFiles/test_time_optimal_trajectory_generation.dir/test/test_time_optimal_trajectory_generation.cpp.o[0m
[31.456s] [ 67%] [32m[1mLinking CXX executable test_all_valid[0m
[31.578s] [ 67%] Built target test_all_valid
[32.057s] [ 68%] [32m[1mLinking CXX shared library libmoveit_collision_detection_bullet.so[0m
[32.173s] [ 68%] Built target moveit_collision_detection_bullet
[32.185s] [ 69%] [32mBuilding CXX object collision_detection_bullet/CMakeFiles/test_bullet_continuous_collision_checking.dir/test/test_bullet_continuous_collision_checking.cpp.o[0m
[32.186s] [ 70%] [32mBuilding CXX object collision_detection_bullet/CMakeFiles/test_bullet_collision_detection.dir/test/test_bullet_collision_detection_pr2.cpp.o[0m
[32.186s] [ 71%] [32mBuilding CXX object collision_detection_bullet/CMakeFiles/test_bullet_collision_detection_panda.dir/test/test_bullet_collision_detection_panda.cpp.o[0m
[33.110s] [ 72%] [32m[1mLinking CXX shared library libmoveit_collision_detection_fcl.so[0m
[33.233s] [ 72%] Built target moveit_collision_detection_fcl
[33.246s] [ 73%] [32mBuilding CXX object collision_detection_fcl/CMakeFiles/test_fcl_collision_env.dir/test/test_fcl_env.cpp.o[0m
[33.246s] [ 74%] [32mBuilding CXX object collision_detection_fcl/CMakeFiles/test_fcl_collision_detection_panda.dir/test/test_fcl_collision_detection_panda.cpp.o[0m
[33.246s] [ 74%] [32mBuilding CXX object kinematic_constraints/CMakeFiles/moveit_kinematic_constraints.dir/src/kinematic_constraint.cpp.o[0m
[33.247s] [ 76%] [32mBuilding CXX object collision_detection_fcl/CMakeFiles/test_fcl_collision_detection.dir/test/test_fcl_collision_detection_pr2.cpp.o[0m
[33.247s] [ 76%] [32mBuilding CXX object kinematic_constraints/CMakeFiles/moveit_kinematic_constraints.dir/src/utils.cpp.o[0m
[35.489s] [ 77%] [32m[1mLinking CXX executable test_time_parameterization[0m
[35.515s] [ 77%] [32m[1mLinking CXX executable test_ruckig_traj_smoothing[0m
[35.638s] [ 77%] Built target test_time_parameterization
[35.658s] [ 77%] Built target test_ruckig_traj_smoothing
[36.173s] [ 78%] [32m[1mLinking CXX executable test_time_optimal_trajectory_generation[0m
[36.328s] [ 78%] Built target test_time_optimal_trajectory_generation
[36.951s] [ 78%] [32m[1mLinking CXX executable test_bullet_collision_detection_panda[0m
[37.096s] [ 78%] Built target test_bullet_collision_detection_panda
[37.681s] [ 78%] [32m[1mLinking CXX executable test_bullet_collision_detection[0m
[37.837s] [ 78%] Built target test_bullet_collision_detection
[38.151s] [ 79%] [32m[1mLinking CXX executable test_bullet_continuous_collision_checking[0m
[38.293s] [ 79%] Built target test_bullet_continuous_collision_checking
[38.377s] [ 80%] [32m[1mLinking CXX executable test_fcl_collision_env[0m
[38.521s] [ 80%] Built target test_fcl_collision_env
[38.583s] [ 80%] [32m[1mLinking CXX executable test_fcl_collision_detection_panda[0m
[38.716s] [ 80%] Built target test_fcl_collision_detection_panda
[39.031s] [ 80%] [32m[1mLinking CXX executable test_fcl_collision_detection[0m
[39.171s] [ 80%] Built target test_fcl_collision_detection
[40.863s] [ 81%] [32m[1mLinking CXX shared library libmoveit_kinematic_constraints.so[0m
[40.958s] [ 81%] Built target moveit_kinematic_constraints
[40.969s] [ 82%] [32mBuilding CXX object kinematic_constraints/CMakeFiles/test_constraints.dir/test/test_constraints.cpp.o[0m
[40.969s] [ 82%] [32mBuilding CXX object planning_scene/CMakeFiles/moveit_planning_scene.dir/src/planning_scene.cpp.o[0m
[40.972s] [ 82%] [32mBuilding CXX object kinematic_constraints/CMakeFiles/test_orientation_constraints.dir/test/test_orientation_constraints.cpp.o[0m
[45.834s] [ 83%] [32m[1mLinking CXX executable test_orientation_constraints[0m
[45.956s] [ 83%] Built target test_orientation_constraints
[46.752s] [ 84%] [32m[1mLinking CXX executable test_constraints[0m
[46.875s] [ 84%] Built target test_constraints
[49.939s] [ 84%] [32m[1mLinking CXX shared library libmoveit_planning_scene.so[0m
[50.041s] [ 84%] Built target moveit_planning_scene
[50.054s] [ 85%] [32mBuilding CXX object collision_detection_bullet/CMakeFiles/collision_detector_bullet_plugin.dir/src/collision_detector_bullet_plugin_loader.cpp.o[0m
[50.054s] [ 85%] [32mBuilding CXX object planning_request_adapter/CMakeFiles/moveit_planning_request_adapter.dir/src/planning_request_adapter.cpp.o[0m
[50.054s] [ 85%] [32mBuilding CXX object collision_distance_field/CMakeFiles/moveit_collision_distance_field.dir/src/collision_distance_field_types.cpp.o[0m
[50.054s] [ 85%] [32mBuilding CXX object collision_distance_field/CMakeFiles/moveit_collision_distance_field.dir/src/collision_common_distance_field.cpp.o[0m
[50.054s] [ 86%] [32mBuilding CXX object collision_distance_field/CMakeFiles/moveit_collision_distance_field.dir/src/collision_env_hybrid.cpp.o[0m
[50.055s] [ 86%] [32mBuilding CXX object collision_distance_field/CMakeFiles/moveit_collision_distance_field.dir/src/collision_env_distance_field.cpp.o[0m
[50.055s] [ 88%] [32mBuilding CXX object constraint_samplers/CMakeFiles/moveit_constraint_samplers.dir/src/constraint_sampler.cpp.o[0m
[50.055s] [ 88%] [32mBuilding CXX object planning_scene/CMakeFiles/test_planning_scene.dir/test/test_planning_scene.cpp.o[0m
[50.055s] [ 88%] [32mBuilding CXX object planning_scene/CMakeFiles/test_collision_objects.dir/test/test_collision_objects.cpp.o[0m
[50.055s] [ 89%] [32mBuilding CXX object planning_scene/CMakeFiles/test_multi_threaded.dir/test/test_multi_threaded.cpp.o[0m
[50.055s] [ 89%] [32mBuilding CXX object constraint_samplers/CMakeFiles/moveit_constraint_samplers.dir/src/constraint_sampler_manager.cpp.o[0m
[50.055s] [ 89%] [32mBuilding CXX object collision_detection_fcl/CMakeFiles/collision_detector_fcl_plugin.dir/src/collision_detector_fcl_plugin_loader.cpp.o[0m
[50.055s] [ 89%] [32mBuilding CXX object constraint_samplers/CMakeFiles/moveit_constraint_samplers.dir/src/constraint_sampler_tools.cpp.o[0m
[50.055s] [ 90%] [32mBuilding CXX object constraint_samplers/CMakeFiles/moveit_constraint_samplers.dir/src/default_constraint_samplers.cpp.o[0m
[50.055s] [ 90%] [32mBuilding CXX object constraint_samplers/CMakeFiles/moveit_constraint_samplers.dir/src/union_constraint_sampler.cpp.o[0m
[54.438s] [ 91%] [32m[1mLinking CXX shared library libmoveit_planning_request_adapter.so[0m
[54.533s] [ 91%] Built target moveit_planning_request_adapter
[54.721s] [ 92%] [32m[1mLinking CXX shared library libcollision_detector_bullet_plugin.so[0m
[54.812s] [ 92%] Built target collision_detector_bullet_plugin
[55.216s] [ 93%] [32m[1mLinking CXX executable test_multi_threaded[0m
[55.359s] [ 93%] Built target test_multi_threaded
[55.413s] [ 94%] [32m[1mLinking CXX shared library libcollision_detector_fcl_plugin.so[0m
[55.492s] [ 94%] Built target collision_detector_fcl_plugin
[56.291s] [ 95%] [32m[1mLinking CXX shared library libmoveit_constraint_samplers.so[0m
[56.382s] [ 95%] Built target moveit_constraint_samplers
[56.394s] [ 95%] [32mBuilding CXX object constraint_samplers/CMakeFiles/test_constraint_samplers.dir/test/pr2_arm_ik.cpp.o[0m
[56.394s] [ 96%] [32mBuilding CXX object constraint_samplers/CMakeFiles/test_constraint_samplers.dir/test/test_constraint_samplers.cpp.o[0m
[56.395s] [ 97%] [32mBuilding CXX object constraint_samplers/CMakeFiles/test_constraint_samplers.dir/test/pr2_arm_kinematics_plugin.cpp.o[0m
[56.456s] [ 97%] [32m[1mLinking CXX executable test_collision_objects[0m
[56.588s] [ 97%] Built target test_collision_objects
[58.156s] [ 98%] [32m[1mLinking CXX shared library libmoveit_collision_distance_field.so[0m
[58.173s] [ 98%] [32m[1mLinking CXX executable test_planning_scene[0m
[58.260s] [ 98%] Built target moveit_collision_distance_field
[58.272s] [ 99%] [32mBuilding CXX object collision_distance_field/CMakeFiles/test_collision_distance_field.dir/test/test_collision_distance_field.cpp.o[0m
[58.315s] [ 99%] Built target test_planning_scene
[63.599s] [100%] [32m[1mLinking CXX executable test_constraint_samplers[0m
[63.741s] [100%] Built target test_constraint_samplers
[63.845s] [100%] [32m[1mLinking CXX executable test_collision_distance_field[0m
[63.975s] [100%] Built target test_collision_distance_field
[63.984s] Invoked command in '/home/luis-a/panda_ws/build/moveit_core' returned '0': AMENT_PREFIX_PATH=/home/luis-a/panda_ws/install/moveit_resources_panda_moveit_config:/home/luis-a/panda_ws/install/srdfdom:/home/luis-a/panda_ws/install/moveit_resources_pr2_description:/home/luis-a/panda_ws/install/moveit_resources_panda_description:/home/luis-a/panda_ws/install/moveit_common:${AMENT_PREFIX_PATH} CMAKE_PREFIX_PATH=/home/luis-a/panda_ws/install/moveit_resources_panda_moveit_config:/home/luis-a/panda_ws/install/srdfdom:/home/luis-a/panda_ws/install/moveit_resources_pr2_description:/home/luis-a/panda_ws/install/moveit_resources_panda_description:/home/luis-a/panda_ws/install/moveit_common:/opt/ros/humble LD_LIBRARY_PATH=/home/luis-a/panda_ws/install/srdfdom/lib:${LD_LIBRARY_PATH} PYTHONPATH=/home/luis-a/panda_ws/install/srdfdom/local/lib/python3.10/dist-packages:${PYTHONPATH} /usr/bin/cmake --build /home/luis-a/panda_ws/build/moveit_core -- -j32 -l32
[64.022s] Invoking command in '/home/luis-a/panda_ws/build/moveit_core': AMENT_PREFIX_PATH=/home/luis-a/panda_ws/install/moveit_resources_panda_moveit_config:/home/luis-a/panda_ws/install/srdfdom:/home/luis-a/panda_ws/install/moveit_resources_pr2_description:/home/luis-a/panda_ws/install/moveit_resources_panda_description:/home/luis-a/panda_ws/install/moveit_common:${AMENT_PREFIX_PATH} CMAKE_PREFIX_PATH=/home/luis-a/panda_ws/install/moveit_resources_panda_moveit_config:/home/luis-a/panda_ws/install/srdfdom:/home/luis-a/panda_ws/install/moveit_resources_pr2_description:/home/luis-a/panda_ws/install/moveit_resources_panda_description:/home/luis-a/panda_ws/install/moveit_common:/opt/ros/humble LD_LIBRARY_PATH=/home/luis-a/panda_ws/install/srdfdom/lib:${LD_LIBRARY_PATH} PYTHONPATH=/home/luis-a/panda_ws/install/srdfdom/local/lib/python3.10/dist-packages:${PYTHONPATH} /usr/bin/cmake --install /home/luis-a/panda_ws/build/moveit_core
[64.026s] -- Install configuration: "Release"
[64.026s] -- Installing: /home/luis-a/panda_ws/install/moveit_core/include/moveit/version.h
[64.026s] -- Up-to-date: /home/luis-a/panda_ws/install/moveit_core/include
[64.026s] -- Up-to-date: /home/luis-a/panda_ws/install/moveit_core/include/moveit
[64.026s] -- Installing: /home/luis-a/panda_ws/install/moveit_core/include/moveit/collision_distance_field
[64.026s] -- Installing: /home/luis-a/panda_ws/install/moveit_core/include/moveit/collision_distance_field/collision_env_hybrid.h
[64.026s] -- Installing: /home/luis-a/panda_ws/install/moveit_core/include/moveit/collision_distance_field/collision_detector_allocator_distance_field.h
[64.026s] -- Installing: /home/luis-a/panda_ws/install/moveit_core/include/moveit/collision_distance_field/collision_distance_field_types.h
[64.026s] -- Installing: /home/luis-a/panda_ws/install/moveit_core/include/moveit/collision_distance_field/collision_detector_allocator_hybrid.h
[64.027s] -- Installing: /home/luis-a/panda_ws/install/moveit_core/include/moveit/collision_distance_field/collision_env_distance_field.h
[64.027s] -- Installing: /home/luis-a/panda_ws/install/moveit_core/include/moveit/collision_distance_field/collision_common_distance_field.h
[64.027s] -- Installing: /home/luis-a/panda_ws/install/moveit_core/include/moveit_collision_distance_field_export.h
[64.027s] -- Up-to-date: /home/luis-a/panda_ws/install/moveit_core/include
[64.027s] -- Up-to-date: /home/luis-a/panda_ws/install/moveit_core/include/moveit
[64.027s] -- Installing: /home/luis-a/panda_ws/install/moveit_core/include/moveit/constraint_samplers
[64.027s] -- Installing: /home/luis-a/panda_ws/install/moveit_core/include/moveit/constraint_samplers/default_constraint_samplers.h
[64.027s] -- Installing: /home/luis-a/panda_ws/install/moveit_core/include/moveit/constraint_samplers/constraint_sampler.h
[64.027s] -- Installing: /home/luis-a/panda_ws/install/moveit_core/include/moveit/constraint_samplers/constraint_sampler_manager.h
[64.027s] -- Installing: /home/luis-a/panda_ws/install/moveit_core/include/moveit/constraint_samplers/constraint_sampler_tools.h
[64.027s] -- Installing: /home/luis-a/panda_ws/install/moveit_core/include/moveit/constraint_samplers/union_constraint_sampler.h
[64.027s] -- Installing: /home/luis-a/panda_ws/install/moveit_core/include/moveit/constraint_samplers/constraint_sampler_allocator.h
[64.028s] -- Up-to-date: /home/luis-a/panda_ws/install/moveit_core/include
[64.028s] -- Up-to-date: /home/luis-a/panda_ws/install/moveit_core/include/moveit
[64.028s] -- Installing: /home/luis-a/panda_ws/install/moveit_core/include/moveit/controller_manager
[64.028s] -- Installing: /home/luis-a/panda_ws/install/moveit_core/include/moveit/controller_manager/controller_manager.h
[64.028s] -- Up-to-date: /home/luis-a/panda_ws/install/moveit_core/include
[64.028s] -- Up-to-date: /home/luis-a/panda_ws/install/moveit_core/include/moveit
[64.028s] -- Installing: /home/luis-a/panda_ws/install/moveit_core/include/moveit/distance_field
[64.028s] -- Installing: /home/luis-a/panda_ws/install/moveit_core/include/moveit/distance_field/distance_field.h
[64.028s] -- Installing: /home/luis-a/panda_ws/install/moveit_core/include/moveit/distance_field/propagation_distance_field.h
[64.028s] -- Installing: /home/luis-a/panda_ws/install/moveit_core/include/moveit/distance_field/voxel_grid.h
[64.028s] -- Installing: /home/luis-a/panda_ws/install/moveit_core/include/moveit/distance_field/find_internal_points.h
[64.028s] -- Up-to-date: /home/luis-a/panda_ws/install/moveit_core/include
[64.028s] -- Up-to-date: /home/luis-a/panda_ws/install/moveit_core/include/moveit
[64.028s] -- Installing: /home/luis-a/panda_ws/install/moveit_core/include/moveit/dynamics_solver
[64.028s] -- Installing: /home/luis-a/panda_ws/install/moveit_core/include/moveit/dynamics_solver/dynamics_solver.h
[64.028s] -- Up-to-date: /home/luis-a/panda_ws/install/moveit_core/include
[64.028s] -- Up-to-date: /home/luis-a/panda_ws/install/moveit_core/include/moveit
[64.028s] -- Installing: /home/luis-a/panda_ws/install/moveit_core/include/moveit/exceptions
[64.029s] -- Installing: /home/luis-a/panda_ws/install/moveit_core/include/moveit/exceptions/exceptions.h
[64.029s] -- Up-to-date: /home/luis-a/panda_ws/install/moveit_core/include
[64.029s] -- Up-to-date: /home/luis-a/panda_ws/install/moveit_core/include/moveit
[64.029s] -- Installing: /home/luis-a/panda_ws/install/moveit_core/include/moveit/kinematics_base
[64.029s] -- Installing: /home/luis-a/panda_ws/install/moveit_core/include/moveit/kinematics_base/kinematics_base.h
[64.029s] -- Installing: /home/luis-a/panda_ws/install/moveit_core/include/moveit_kinematics_base_export.h
[64.029s] -- Up-to-date: /home/luis-a/panda_ws/install/moveit_core/include
[64.029s] -- Up-to-date: /home/luis-a/panda_ws/install/moveit_core/include/moveit
[64.029s] -- Installing: /home/luis-a/panda_ws/install/moveit_core/include/moveit/kinematic_constraints
[64.029s] -- Installing: /home/luis-a/panda_ws/install/moveit_core/include/moveit/kinematic_constraints/utils.h
[64.029s] -- Installing: /home/luis-a/panda_ws/install/moveit_core/include/moveit/kinematic_constraints/kinematic_constraint.h
[64.029s] -- Up-to-date: /home/luis-a/panda_ws/install/moveit_core/include
[64.029s] -- Up-to-date: /home/luis-a/panda_ws/install/moveit_core/include/moveit
[64.029s] -- Installing: /home/luis-a/panda_ws/install/moveit_core/include/moveit/kinematics_metrics
[64.029s] -- Installing: /home/luis-a/panda_ws/install/moveit_core/include/moveit/kinematics_metrics/kinematics_metrics.h
[64.029s] -- Up-to-date: /home/luis-a/panda_ws/install/moveit_core/include
[64.029s] -- Up-to-date: /home/luis-a/panda_ws/install/moveit_core/include/moveit
[64.029s] -- Installing: /home/luis-a/panda_ws/install/moveit_core/include/moveit/macros
[64.029s] -- Installing: /home/luis-a/panda_ws/install/moveit_core/include/moveit/macros/console_colors.h
[64.030s] -- Installing: /home/luis-a/panda_ws/install/moveit_core/include/moveit/macros/deprecation.h
[64.030s] -- Installing: /home/luis-a/panda_ws/install/moveit_core/include/moveit/macros/declare_ptr.h
[64.030s] -- Installing: /home/luis-a/panda_ws/install/moveit_core/include/moveit/macros/class_forward.h
[64.030s] -- Installing: /home/luis-a/panda_ws/install/moveit_core/include/moveit_butterworth_parameters
[64.030s] -- Installing: /home/luis-a/panda_ws/install/moveit_core/include/moveit_butterworth_parameters/moveit_butterworth_parameters.hpp
[64.030s] -- Up-to-date: /home/luis-a/panda_ws/install/moveit_core/include
[64.030s] -- Up-to-date: /home/luis-a/panda_ws/install/moveit_core/include/moveit
[64.030s] -- Installing: /home/luis-a/panda_ws/install/moveit_core/include/moveit/online_signal_smoothing
[64.030s] -- Installing: /home/luis-a/panda_ws/install/moveit_core/include/moveit/online_signal_smoothing/butterworth_filter.h
[64.030s] -- Installing: /home/luis-a/panda_ws/install/moveit_core/include/moveit/online_signal_smoothing/smoothing_base_class.h
[64.030s] -- Installing: /home/luis-a/panda_ws/install/moveit_core/include/moveit_smoothing_base_export.h
[64.030s] -- Installing: /home/luis-a/panda_ws/install/moveit_core/include/moveit_butterworth_filter_export.h
[64.030s] -- Up-to-date: /home/luis-a/panda_ws/install/moveit_core/include
[64.030s] -- Up-to-date: /home/luis-a/panda_ws/install/moveit_core/include/moveit
[64.030s] -- Installing: /home/luis-a/panda_ws/install/moveit_core/include/moveit/planning_interface
[64.030s] -- Installing: /home/luis-a/panda_ws/install/moveit_core/include/moveit/planning_interface/planning_request.h
[64.030s] -- Installing: /home/luis-a/panda_ws/install/moveit_core/include/moveit/planning_interface/planning_interface.h
[64.031s] -- Installing: /home/luis-a/panda_ws/install/moveit_core/include/moveit/planning_interface/planning_response.h
[64.031s] -- Up-to-date: /home/luis-a/panda_ws/install/moveit_core/include
[64.031s] -- Up-to-date: /home/luis-a/panda_ws/install/moveit_core/include/moveit
[64.031s] -- Installing: /home/luis-a/panda_ws/install/moveit_core/include/moveit/planning_request_adapter
[64.031s] -- Installing: /home/luis-a/panda_ws/install/moveit_core/include/moveit/planning_request_adapter/planning_request_adapter.h
[64.031s] -- Up-to-date: /home/luis-a/panda_ws/install/moveit_core/include
[64.031s] -- Up-to-date: /home/luis-a/panda_ws/install/moveit_core/include/moveit
[64.031s] -- Installing: /home/luis-a/panda_ws/install/moveit_core/include/moveit/planning_scene
[64.031s] -- Installing: /home/luis-a/panda_ws/install/moveit_core/include/moveit/planning_scene/planning_scene.h
[64.031s] -- Installing: /home/luis-a/panda_ws/install/moveit_core/include/moveit_planning_scene_export.h
[64.031s] -- Up-to-date: /home/luis-a/panda_ws/install/moveit_core/include
[64.031s] -- Up-to-date: /home/luis-a/panda_ws/install/moveit_core/include/moveit
[64.031s] -- Installing: /home/luis-a/panda_ws/install/moveit_core/include/moveit/robot_model
[64.031s] -- Installing: /home/luis-a/panda_ws/install/moveit_core/include/moveit/robot_model/revolute_joint_model.h
[64.031s] -- Installing: /home/luis-a/panda_ws/install/moveit_core/include/moveit/robot_model/fixed_joint_model.h
[64.031s] -- Installing: /home/luis-a/panda_ws/install/moveit_core/include/moveit/robot_model/prismatic_joint_model.h
[64.031s] -- Installing: /home/luis-a/panda_ws/install/moveit_core/include/moveit/robot_model/link_model.h
[64.032s] -- Installing: /home/luis-a/panda_ws/install/moveit_core/include/moveit/robot_model/joint_model_group.h
[64.032s] -- Installing: /home/luis-a/panda_ws/install/moveit_core/include/moveit/robot_model/joint_model.h
[64.032s] -- Installing: /home/luis-a/panda_ws/install/moveit_core/include/moveit/robot_model/robot_model.h
[64.032s] -- Installing: /home/luis-a/panda_ws/install/moveit_core/include/moveit/robot_model/floating_joint_model.h
[64.032s] -- Installing: /home/luis-a/panda_ws/install/moveit_core/include/moveit/robot_model/aabb.h
[64.032s] -- Installing: /home/luis-a/panda_ws/install/moveit_core/include/moveit/robot_model/planar_joint_model.h
[64.032s] -- Up-to-date: /home/luis-a/panda_ws/install/moveit_core/include
[64.032s] -- Up-to-date: /home/luis-a/panda_ws/install/moveit_core/include/moveit
[64.032s] -- Installing: /home/luis-a/panda_ws/install/moveit_core/include/moveit/robot_state
[64.032s] -- Installing: /home/luis-a/panda_ws/install/moveit_core/include/moveit/robot_state/robot_state.h
[64.032s] -- Installing: /home/luis-a/panda_ws/install/moveit_core/include/moveit/robot_state/conversions.h
[64.032s] -- Installing: /home/luis-a/panda_ws/install/moveit_core/include/moveit/robot_state/attached_body.h
[64.032s] -- Installing: /home/luis-a/panda_ws/install/moveit_core/include/moveit/robot_state/cartesian_interpolator.h
[64.033s] -- Up-to-date: /home/luis-a/panda_ws/install/moveit_core/include
[64.033s] -- Up-to-date: /home/luis-a/panda_ws/install/moveit_core/include/moveit
[64.033s] -- Installing: /home/luis-a/panda_ws/install/moveit_core/include/moveit/robot_trajectory
[64.033s] -- Installing: /home/luis-a/panda_ws/install/moveit_core/include/moveit/robot_trajectory/robot_trajectory.h
[64.033s] -- Up-to-date: /home/luis-a/panda_ws/install/moveit_core/include
[64.033s] -- Up-to-date: /home/luis-a/panda_ws/install/moveit_core/include/moveit
[64.033s] -- Installing: /home/luis-a/panda_ws/install/moveit_core/include/moveit/sensor_manager
[64.033s] -- Installing: /home/luis-a/panda_ws/install/moveit_core/include/moveit/sensor_manager/sensor_manager.h
[64.033s] -- Up-to-date: /home/luis-a/panda_ws/install/moveit_core/include
[64.033s] -- Up-to-date: /home/luis-a/panda_ws/install/moveit_core/include/moveit
[64.033s] -- Installing: /home/luis-a/panda_ws/install/moveit_core/include/moveit/trajectory_processing
[64.033s] -- Installing: /home/luis-a/panda_ws/install/moveit_core/include/moveit/trajectory_processing/time_parameterization.h
[64.033s] -- Installing: /home/luis-a/panda_ws/install/moveit_core/include/moveit/trajectory_processing/trajectory_tools.h
[64.033s] -- Installing: /home/luis-a/panda_ws/install/moveit_core/include/moveit/trajectory_processing/iterative_spline_parameterization.h
[64.033s] -- Installing: /home/luis-a/panda_ws/install/moveit_core/include/moveit/trajectory_processing/iterative_time_parameterization.h
[64.033s] -- Installing: /home/luis-a/panda_ws/install/moveit_core/include/moveit/trajectory_processing/time_optimal_trajectory_generation.h
[64.033s] -- Installing: /home/luis-a/panda_ws/install/moveit_core/include/moveit/trajectory_processing/ruckig_traj_smoothing.h
[64.033s] -- Up-to-date: /home/luis-a/panda_ws/install/moveit_core/include
[64.034s] -- Up-to-date: /home/luis-a/panda_ws/install/moveit_core/include/moveit
[64.034s] -- Installing: /home/luis-a/panda_ws/install/moveit_core/include/moveit/transforms
[64.034s] -- Installing: /home/luis-a/panda_ws/install/moveit_core/include/moveit/transforms/transforms.h
[64.034s] -- Up-to-date: /home/luis-a/panda_ws/install/moveit_core/include
[64.034s] -- Up-to-date: /home/luis-a/panda_ws/install/moveit_core/include/moveit
[64.034s] -- Installing: /home/luis-a/panda_ws/install/moveit_core/include/moveit/utils
[64.034s] -- Installing: /home/luis-a/panda_ws/install/moveit_core/include/moveit/utils/moveit_error_code.h
[64.034s] -- Installing: /home/luis-a/panda_ws/install/moveit_core/include/moveit/utils/robot_model_test_utils.h
[64.034s] -- Installing: /home/luis-a/panda_ws/install/moveit_core/include/moveit/utils/rclcpp_utils.h
[64.034s] -- Installing: /home/luis-a/panda_ws/install/moveit_core/include/moveit/utils/lexical_casts.h
[64.034s] -- Installing: /home/luis-a/panda_ws/install/moveit_core/include/moveit/utils/message_checks.h
[64.034s] -- Installing: /home/luis-a/panda_ws/install/moveit_core/bin/moveit_version
[64.034s] -- Up-to-date: /home/luis-a/panda_ws/install/moveit_core/include
[64.034s] -- Up-to-date: /home/luis-a/panda_ws/install/moveit_core/include/moveit
[64.034s] -- Installing: /home/luis-a/panda_ws/install/moveit_core/include/moveit/collision_detection
[64.034s] -- Installing: /home/luis-a/panda_ws/install/moveit_core/include/moveit/collision_detection/world.h
[64.035s] -- Installing: /home/luis-a/panda_ws/install/moveit_core/include/moveit/collision_detection/collision_common.h
[64.035s] -- Installing: /home/luis-a/panda_ws/install/moveit_core/include/moveit/collision_detection/allvalid
[64.035s] -- Installing: /home/luis-a/panda_ws/install/moveit_core/include/moveit/collision_detection/allvalid/collision_detector_allocator_allvalid.h
[64.035s] -- Installing: /home/luis-a/panda_ws/install/moveit_core/include/moveit/collision_detection/allvalid/collision_env_allvalid.h
[64.035s] -- Installing: /home/luis-a/panda_ws/install/moveit_core/include/moveit/collision_detection/collision_plugin_cache.h
[64.035s] -- Installing: /home/luis-a/panda_ws/install/moveit_core/include/moveit/collision_detection/test_collision_common_panda.h
[64.035s] -- Installing: /home/luis-a/panda_ws/install/moveit_core/include/moveit/collision_detection/test_collision_common_pr2.h
[64.035s] -- Installing: /home/luis-a/panda_ws/install/moveit_core/include/moveit/collision_detection/collision_detector_allocator.h
[64.035s] -- Installing: /home/luis-a/panda_ws/install/moveit_core/include/moveit/collision_detection/world_diff.h
[64.035s] -- Installing: /home/luis-a/panda_ws/install/moveit_core/include/moveit/collision_detection/collision_env.h
[64.035s] -- Installing: /home/luis-a/panda_ws/install/moveit_core/include/moveit/collision_detection/collision_plugin.h
[64.035s] -- Installing: /home/luis-a/panda_ws/install/moveit_core/include/moveit/collision_detection/collision_octomap_filter.h
[64.035s] -- Installing: /home/luis-a/panda_ws/install/moveit_core/include/moveit/collision_detection/collision_tools.h
[64.035s] -- Installing: /home/luis-a/panda_ws/install/moveit_core/include/moveit/collision_detection/occupancy_map.h
[64.035s] -- Installing: /home/luis-a/panda_ws/install/moveit_core/include/moveit/collision_detection/collision_matrix.h
[64.036s] -- Installing: /home/luis-a/panda_ws/install/moveit_core/include/moveit_collision_detection_export.h
[64.036s] -- Up-to-date: /home/luis-a/panda_ws/install/moveit_core/include
[64.036s] -- Up-to-date: /home/luis-a/panda_ws/install/moveit_core/include/moveit
[64.036s] -- Installing: /home/luis-a/panda_ws/install/moveit_core/include/moveit/collision_detection_bullet
[64.036s] -- Installing: /home/luis-a/panda_ws/install/moveit_core/include/moveit/collision_detection_bullet/collision_detector_allocator_bullet.h
[64.036s] -- Installing: /home/luis-a/panda_ws/install/moveit_core/include/moveit/collision_detection_bullet/collision_detector_bullet_plugin_loader.h
[64.036s] -- Installing: /home/luis-a/panda_ws/install/moveit_core/include/moveit/collision_detection_bullet/collision_env_bullet.h
[64.036s] -- Installing: /home/luis-a/panda_ws/install/moveit_core/include/moveit/collision_detection_bullet/bullet_integration
[64.036s] -- Installing: /home/luis-a/panda_ws/install/moveit_core/include/moveit/collision_detection_bullet/bullet_integration/bullet_discrete_bvh_manager.h
[64.036s] -- Installing: /home/luis-a/panda_ws/install/moveit_core/include/moveit/collision_detection_bullet/bullet_integration/bullet_bvh_manager.h
[64.036s] -- Installing: /home/luis-a/panda_ws/install/moveit_core/include/moveit/collision_detection_bullet/bullet_integration/contact_checker_common.h
[64.036s] -- Installing: /home/luis-a/panda_ws/install/moveit_core/include/moveit/collision_detection_bullet/bullet_integration/basic_types.h
[64.036s] -- Installing: /home/luis-a/panda_ws/install/moveit_core/include/moveit/collision_detection_bullet/bullet_integration/bullet_cast_bvh_manager.h
[64.036s] -- Installing: /home/luis-a/panda_ws/install/moveit_core/include/moveit/collision_detection_bullet/bullet_integration/ros_bullet_utils.h
[64.036s] -- Installing: /home/luis-a/panda_ws/install/moveit_core/include/moveit/collision_detection_bullet/bullet_integration/bullet_utils.h
[64.037s] -- Installing: /home/luis-a/panda_ws/install/moveit_core/include/moveit_collision_detection_bullet_export.h
[64.037s] -- Up-to-date: /home/luis-a/panda_ws/install/moveit_core/include
[64.037s] -- Up-to-date: /home/luis-a/panda_ws/install/moveit_core/include/moveit
[64.037s] -- Installing: /home/luis-a/panda_ws/install/moveit_core/include/moveit/collision_detection_fcl
[64.037s] -- Installing: /home/luis-a/panda_ws/install/moveit_core/include/moveit/collision_detection_fcl/collision_env_fcl.h
[64.037s] -- Installing: /home/luis-a/panda_ws/install/moveit_core/include/moveit/collision_detection_fcl/collision_common.h
[64.037s] -- Installing: /home/luis-a/panda_ws/install/moveit_core/include/moveit/collision_detection_fcl/collision_detector_allocator_fcl.h
[64.037s] -- Installing: /home/luis-a/panda_ws/install/moveit_core/include/moveit/collision_detection_fcl/collision_detector_fcl_plugin_loader.h
[64.037s] -- Installing: /home/luis-a/panda_ws/install/moveit_core/include/moveit/collision_detection_fcl/fcl_compat.h
[64.037s] -- Installing: /home/luis-a/panda_ws/install/moveit_core/include/moveit_collision_detection_fcl_export.h
[64.037s] -- Installing: /home/luis-a/panda_ws/install/moveit_core/lib/libcollision_detector_bullet_plugin.so.2.5.6
[64.038s] -- Set runtime path of "/home/luis-a/panda_ws/install/moveit_core/lib/libcollision_detector_bullet_plugin.so.2.5.6" to ""
[64.038s] -- Installing: /home/luis-a/panda_ws/install/moveit_core/lib/libcollision_detector_bullet_plugin.so
[64.038s] -- Installing: /home/luis-a/panda_ws/install/moveit_core/lib/libmoveit_butterworth_filter.so.2.5.6
[64.038s] -- Set runtime path of "/home/luis-a/panda_ws/install/moveit_core/lib/libmoveit_butterworth_filter.so.2.5.6" to ""
[64.038s] -- Installing: /home/luis-a/panda_ws/install/moveit_core/lib/libmoveit_butterworth_filter.so
[64.038s] -- Installing: /home/luis-a/panda_ws/install/moveit_core/lib/libmoveit_collision_distance_field.so.2.5.6
[64.038s] -- Set runtime path of "/home/luis-a/panda_ws/install/moveit_core/lib/libmoveit_collision_distance_field.so.2.5.6" to ""
[64.038s] -- Installing: /home/luis-a/panda_ws/install/moveit_core/lib/libmoveit_collision_distance_field.so
[64.038s] -- Installing: /home/luis-a/panda_ws/install/moveit_core/lib/libmoveit_collision_detection.so.2.5.6
[64.039s] -- Set runtime path of "/home/luis-a/panda_ws/install/moveit_core/lib/libmoveit_collision_detection.so.2.5.6" to ""
[64.039s] -- Installing: /home/luis-a/panda_ws/install/moveit_core/lib/libmoveit_collision_detection.so
[64.039s] -- Installing: /home/luis-a/panda_ws/install/moveit_core/lib/libmoveit_collision_detection_fcl.so.2.5.6
[64.040s] -- Set runtime path of "/home/luis-a/panda_ws/install/moveit_core/lib/libmoveit_collision_detection_fcl.so.2.5.6" to ""
[64.040s] -- Installing: /home/luis-a/panda_ws/install/moveit_core/lib/libmoveit_collision_detection_fcl.so
[64.040s] -- Installing: /home/luis-a/panda_ws/install/moveit_core/lib/libmoveit_collision_detection_bullet.so.2.5.6
[64.040s] -- Set runtime path of "/home/luis-a/panda_ws/install/moveit_core/lib/libmoveit_collision_detection_bullet.so.2.5.6" to ""
[64.040s] -- Installing: /home/luis-a/panda_ws/install/moveit_core/lib/libmoveit_collision_detection_bullet.so
[64.040s] -- Installing: /home/luis-a/panda_ws/install/moveit_core/lib/libmoveit_dynamics_solver.so.2.5.6
[64.040s] -- Set runtime path of "/home/luis-a/panda_ws/install/moveit_core/lib/libmoveit_dynamics_solver.so.2.5.6" to ""
[64.041s] -- Installing: /home/luis-a/panda_ws/install/moveit_core/lib/libmoveit_dynamics_solver.so
[64.041s] -- Installing: /home/luis-a/panda_ws/install/moveit_core/lib/libmoveit_constraint_samplers.so.2.5.6
[64.041s] -- Set runtime path of "/home/luis-a/panda_ws/install/moveit_core/lib/libmoveit_constraint_samplers.so.2.5.6" to ""
[64.041s] -- Installing: /home/luis-a/panda_ws/install/moveit_core/lib/libmoveit_constraint_samplers.so
[64.041s] -- Installing: /home/luis-a/panda_ws/install/moveit_core/lib/libmoveit_distance_field.so.2.5.6
[64.041s] -- Set runtime path of "/home/luis-a/panda_ws/install/moveit_core/lib/libmoveit_distance_field.so.2.5.6" to ""
[64.041s] -- Installing: /home/luis-a/panda_ws/install/moveit_core/lib/libmoveit_distance_field.so
[64.041s] -- Installing: /home/luis-a/panda_ws/install/moveit_core/lib/libmoveit_exceptions.so.2.5.6
[64.042s] -- Set runtime path of "/home/luis-a/panda_ws/install/moveit_core/lib/libmoveit_exceptions.so.2.5.6" to ""
[64.042s] -- Installing: /home/luis-a/panda_ws/install/moveit_core/lib/libmoveit_exceptions.so
[64.042s] -- Installing: /home/luis-a/panda_ws/install/moveit_core/lib/libmoveit_kinematics_base.so
[64.042s] -- Set runtime path of "/home/luis-a/panda_ws/install/moveit_core/lib/libmoveit_kinematics_base.so" to ""
[64.042s] -- Installing: /home/luis-a/panda_ws/install/moveit_core/lib/libmoveit_kinematic_constraints.so.2.5.6
[64.042s] -- Set runtime path of "/home/luis-a/panda_ws/install/moveit_core/lib/libmoveit_kinematic_constraints.so.2.5.6" to ""
[64.042s] -- Installing: /home/luis-a/panda_ws/install/moveit_core/lib/libmoveit_kinematic_constraints.so
[64.042s] -- Installing: /home/luis-a/panda_ws/install/moveit_core/lib/libmoveit_kinematics_metrics.so.2.5.6
[64.043s] -- Set runtime path of "/home/luis-a/panda_ws/install/moveit_core/lib/libmoveit_kinematics_metrics.so.2.5.6" to ""
[64.043s] -- Installing: /home/luis-a/panda_ws/install/moveit_core/lib/libmoveit_kinematics_metrics.so
[64.043s] -- Installing: /home/luis-a/panda_ws/install/moveit_core/lib/libmoveit_planning_interface.so.2.5.6
[64.043s] -- Set runtime path of "/home/luis-a/panda_ws/install/moveit_core/lib/libmoveit_planning_interface.so.2.5.6" to ""
[64.043s] -- Installing: /home/luis-a/panda_ws/install/moveit_core/lib/libmoveit_planning_interface.so
[64.043s] -- Installing: /home/luis-a/panda_ws/install/moveit_core/lib/libmoveit_planning_scene.so.2.5.6
[64.044s] -- Set runtime path of "/home/luis-a/panda_ws/install/moveit_core/lib/libmoveit_planning_scene.so.2.5.6" to ""
[64.044s] -- Installing: /home/luis-a/panda_ws/install/moveit_core/lib/libmoveit_planning_scene.so
[64.044s] -- Installing: /home/luis-a/panda_ws/install/moveit_core/lib/libmoveit_planning_request_adapter.so.2.5.6
[64.044s] -- Set runtime path of "/home/luis-a/panda_ws/install/moveit_core/lib/libmoveit_planning_request_adapter.so.2.5.6" to ""
[64.044s] -- Installing: /home/luis-a/panda_ws/install/moveit_core/lib/libmoveit_planning_request_adapter.so
[64.044s] -- Installing: /home/luis-a/panda_ws/install/moveit_core/lib/libmoveit_robot_model.so.2.5.6
[64.045s] -- Set runtime path of "/home/luis-a/panda_ws/install/moveit_core/lib/libmoveit_robot_model.so.2.5.6" to ""
[64.045s] -- Installing: /home/luis-a/panda_ws/install/moveit_core/lib/libmoveit_robot_model.so
[64.045s] -- Installing: /home/luis-a/panda_ws/install/moveit_core/lib/libmoveit_robot_state.so.2.5.6
[64.045s] -- Set runtime path of "/home/luis-a/panda_ws/install/moveit_core/lib/libmoveit_robot_state.so.2.5.6" to ""
[64.045s] -- Installing: /home/luis-a/panda_ws/install/moveit_core/lib/libmoveit_robot_state.so
[64.045s] -- Installing: /home/luis-a/panda_ws/install/moveit_core/lib/libmoveit_robot_trajectory.so.2.5.6
[64.046s] -- Set runtime path of "/home/luis-a/panda_ws/install/moveit_core/lib/libmoveit_robot_trajectory.so.2.5.6" to ""
[64.046s] -- Installing: /home/luis-a/panda_ws/install/moveit_core/lib/libmoveit_robot_trajectory.so
[64.046s] -- Installing: /home/luis-a/panda_ws/install/moveit_core/lib/libmoveit_smoothing_base.so.2.5.6
[64.046s] -- Set runtime path of "/home/luis-a/panda_ws/install/moveit_core/lib/libmoveit_smoothing_base.so.2.5.6" to ""
[64.046s] -- Installing: /home/luis-a/panda_ws/install/moveit_core/lib/libmoveit_smoothing_base.so
[64.046s] -- Installing: /home/luis-a/panda_ws/install/moveit_core/lib/libmoveit_test_utils.so.2.5.6
[64.046s] -- Set runtime path of "/home/luis-a/panda_ws/install/moveit_core/lib/libmoveit_test_utils.so.2.5.6" to ""
[64.046s] -- Installing: /home/luis-a/panda_ws/install/moveit_core/lib/libmoveit_test_utils.so
[64.046s] -- Installing: /home/luis-a/panda_ws/install/moveit_core/lib/libmoveit_trajectory_processing.so.2.5.6
[64.047s] -- Set runtime path of "/home/luis-a/panda_ws/install/moveit_core/lib/libmoveit_trajectory_processing.so.2.5.6" to ""
[64.047s] -- Installing: /home/luis-a/panda_ws/install/moveit_core/lib/libmoveit_trajectory_processing.so
[64.047s] -- Installing: /home/luis-a/panda_ws/install/moveit_core/lib/libmoveit_transforms.so.2.5.6
[64.047s] -- Set runtime path of "/home/luis-a/panda_ws/install/moveit_core/lib/libmoveit_transforms.so.2.5.6" to ""
[64.047s] -- Installing: /home/luis-a/panda_ws/install/moveit_core/lib/libmoveit_transforms.so
[64.047s] -- Installing: /home/luis-a/panda_ws/install/moveit_core/lib/libmoveit_utils.so.2.5.6
[64.047s] -- Set runtime path of "/home/luis-a/panda_ws/install/moveit_core/lib/libmoveit_utils.so.2.5.6" to ""
[64.047s] -- Installing: /home/luis-a/panda_ws/install/moveit_core/lib/libmoveit_utils.so
[64.047s] -- Installing: /home/luis-a/panda_ws/install/moveit_core/share/moveit_core/environment/library_path.sh
[64.048s] -- Installing: /home/luis-a/panda_ws/install/moveit_core/share/moveit_core/environment/library_path.dsv
[64.048s] -- Installing: /home/luis-a/panda_ws/install/moveit_core/share/moveit_core/collision_detector_fcl_description.xml
[64.048s] -- Installing: /home/luis-a/panda_ws/install/moveit_core/share/moveit_core/collision_detector_bullet_description.xml
[64.048s] -- Installing: /home/luis-a/panda_ws/install/moveit_core/share/moveit_core/filter_plugin_butterworth.xml
[64.048s] -- Installing: /home/luis-a/panda_ws/install/moveit_core/share/ament_index/resource_index/package_run_dependencies/moveit_core
[64.048s] -- Installing: /home/luis-a/panda_ws/install/moveit_core/share/ament_index/resource_index/parent_prefix_path/moveit_core
[64.048s] -- Installing: /home/luis-a/panda_ws/install/moveit_core/share/moveit_core/environment/ament_prefix_path.sh
[64.048s] -- Installing: /home/luis-a/panda_ws/install/moveit_core/share/moveit_core/environment/ament_prefix_path.dsv
[64.048s] -- Installing: /home/luis-a/panda_ws/install/moveit_core/share/moveit_core/environment/path.sh
[64.048s] -- Installing: /home/luis-a/panda_ws/install/moveit_core/share/moveit_core/environment/path.dsv
[64.048s] -- Installing: /home/luis-a/panda_ws/install/moveit_core/share/moveit_core/local_setup.bash
[64.048s] -- Installing: /home/luis-a/panda_ws/install/moveit_core/share/moveit_core/local_setup.sh
[64.049s] -- Installing: /home/luis-a/panda_ws/install/moveit_core/share/moveit_core/local_setup.zsh
[64.049s] -- Installing: /home/luis-a/panda_ws/install/moveit_core/share/moveit_core/local_setup.dsv
[64.049s] -- Installing: /home/luis-a/panda_ws/install/moveit_core/share/moveit_core/package.dsv
[64.049s] -- Installing: /home/luis-a/panda_ws/install/moveit_core/share/ament_index/resource_index/packages/moveit_core
[64.049s] -- Installing: /home/luis-a/panda_ws/install/moveit_core/share/ament_index/resource_index/moveit_core__pluginlib__plugin/moveit_core
[64.049s] -- Installing: /home/luis-a/panda_ws/install/moveit_core/share/moveit_core/cmake/export_moveit_coreExport.cmake
[64.049s] -- Installing: /home/luis-a/panda_ws/install/moveit_core/share/moveit_core/cmake/export_moveit_coreExport-release.cmake
[64.049s] -- Installing: /home/luis-a/panda_ws/install/moveit_core/share/moveit_core/cmake/ConfigExtras.cmake
[64.049s] -- Installing: /home/luis-a/panda_ws/install/moveit_core/share/moveit_core/cmake/ament_cmake_export_targets-extras.cmake
[64.049s] -- Installing: /home/luis-a/panda_ws/install/moveit_core/share/moveit_core/cmake/ament_cmake_export_dependencies-extras.cmake
[64.049s] -- Installing: /home/luis-a/panda_ws/install/moveit_core/share/moveit_core/cmake/moveit_coreConfig.cmake
[64.049s] -- Installing: /home/luis-a/panda_ws/install/moveit_core/share/moveit_core/cmake/moveit_coreConfig-version.cmake
[64.050s] -- Installing: /home/luis-a/panda_ws/install/moveit_core/share/moveit_core/package.xml
[64.051s] Invoked command in '/home/luis-a/panda_ws/build/moveit_core' returned '0': AMENT_PREFIX_PATH=/home/luis-a/panda_ws/install/moveit_resources_panda_moveit_config:/home/luis-a/panda_ws/install/srdfdom:/home/luis-a/panda_ws/install/moveit_resources_pr2_description:/home/luis-a/panda_ws/install/moveit_resources_panda_description:/home/luis-a/panda_ws/install/moveit_common:${AMENT_PREFIX_PATH} CMAKE_PREFIX_PATH=/home/luis-a/panda_ws/install/moveit_resources_panda_moveit_config:/home/luis-a/panda_ws/install/srdfdom:/home/luis-a/panda_ws/install/moveit_resources_pr2_description:/home/luis-a/panda_ws/install/moveit_resources_panda_description:/home/luis-a/panda_ws/install/moveit_common:/opt/ros/humble LD_LIBRARY_PATH=/home/luis-a/panda_ws/install/srdfdom/lib:${LD_LIBRARY_PATH} PYTHONPATH=/home/luis-a/panda_ws/install/srdfdom/local/lib/python3.10/dist-packages:${PYTHONPATH} /usr/bin/cmake --install /home/luis-a/panda_ws/build/moveit_core
