[0.011s] Invoking command in '/home/luis-a/panda_ws/build/moveit_ros_perception': AMENT_PREFIX_PATH=/home/luis-a/panda_ws/install/moveit_ros_planning:/home/luis-a/panda_ws/install/moveit_ros_occupancy_map_monitor:/home/luis-a/panda_ws/install/moveit_core:/home/luis-a/panda_ws/install/moveit_resources_panda_moveit_config:/home/luis-a/panda_ws/install/moveit_configs_utils:/home/luis-a/panda_ws/install/srdfdom:/home/luis-a/panda_ws/install/moveit_resources_pr2_description:/home/luis-a/panda_ws/install/moveit_resources_panda_description:/home/luis-a/panda_ws/install/moveit_common:/home/luis-a/panda_ws/install/launch_param_builder:${AMENT_PREFIX_PATH} CMAKE_PREFIX_PATH=/home/luis-a/panda_ws/install/moveit_ros_planning:/home/luis-a/panda_ws/install/moveit_ros_occupancy_map_monitor:/home/luis-a/panda_ws/install/moveit_core:/home/luis-a/panda_ws/install/moveit_resources_panda_moveit_config:/home/luis-a/panda_ws/install/srdfdom:/home/luis-a/panda_ws/install/moveit_resources_pr2_description:/home/luis-a/panda_ws/install/moveit_resources_panda_description:/home/luis-a/panda_ws/install/moveit_common:/opt/ros/humble LD_LIBRARY_PATH=/home/luis-a/panda_ws/install/moveit_ros_planning/lib:/home/luis-a/panda_ws/install/moveit_ros_occupancy_map_monitor/lib:/home/luis-a/panda_ws/install/moveit_core/lib:/home/luis-a/panda_ws/install/srdfdom/lib:${LD_LIBRARY_PATH} PATH=/home/luis-a/panda_ws/install/moveit_core/bin:${PATH} PYTHONPATH=/home/luis-a/panda_ws/install/moveit_configs_utils/lib/python3.10/site-packages:/home/luis-a/panda_ws/install/srdfdom/local/lib/python3.10/dist-packages:/home/luis-a/panda_ws/install/launch_param_builder/lib/python3.10/site-packages:${PYTHONPATH} /usr/bin/cmake /home/luis-a/panda_ws/src/moveit2/moveit_ros/perception -DCMAKE_BUILD_TYPE=Release -DCMAKE_INSTALL_PREFIX=/home/luis-a/panda_ws/install/moveit_ros_perception
[0.042s] -- The C compiler identification is GNU 11.4.0
[0.073s] -- The CXX compiler identification is GNU 11.4.0
[0.078s] -- Detecting C compiler ABI info
[0.117s] -- Detecting C compiler ABI info - done
[0.121s] -- Check for working C compiler: /usr/bin/cc - skipped
[0.121s] -- Detecting C compile features
[0.121s] -- Detecting C compile features - done
[0.123s] -- Detecting CXX compiler ABI info
[0.169s] -- Detecting CXX compiler ABI info - done
[0.173s] -- Check for working CXX compiler: /usr/bin/c++ - skipped
[0.173s] -- Detecting CXX compile features
[0.173s] -- Detecting CXX compile features - done
[0.174s] -- Found moveit_common: 2.5.6 (/home/luis-a/panda_ws/install/moveit_common/share/moveit_common/cmake)
[0.176s] -- Found ament_cmake: 1.3.10 (/opt/ros/humble/share/ament_cmake/cmake)
[0.256s] -- Found Python3: /usr/bin/python3 (found version "3.10.12") found components: Interpreter 
[0.345s] -- Found OpenGL: /usr/lib/x86_64-linux-gnu/libOpenGL.so   
[0.372s] -- Found GLEW: /usr/include (found version "2.2.0") 
[0.375s] -- Found PkgConfig: /usr/bin/pkg-config (found version "0.29.2") 
[0.376s] -- Checking for module 'glut'
[0.377s] --   No package 'glut' found
[0.378s] -- Found GLUT: /usr/lib/x86_64-linux-gnu/libglut.so  
[0.380s] -- Found cv_bridge: 3.2.1 (/opt/ros/humble/share/cv_bridge/cmake)
[0.406s] -- Found rosidl_generator_c: 3.1.5 (/opt/ros/humble/share/rosidl_generator_c/cmake)
[0.409s] -- Found rosidl_adapter: 3.1.5 (/opt/ros/humble/share/rosidl_adapter/cmake)
[0.414s] -- Found rosidl_generator_cpp: 3.1.5 (/opt/ros/humble/share/rosidl_generator_cpp/cmake)
[0.421s] -- Using all available rosidl_typesupport_c: rosidl_typesupport_fastrtps_c;rosidl_typesupport_introspection_c
[0.431s] -- Using all available rosidl_typesupport_cpp: rosidl_typesupport_fastrtps_cpp;rosidl_typesupport_introspection_cpp
[0.463s] -- Found moveit_core: 2.5.6 (/home/luis-a/panda_ws/install/moveit_core/share/moveit_core/cmake)
[0.572s] -- Found Boost: /usr/lib/x86_64-linux-gnu/cmake/Boost-1.74.0/BoostConfig.cmake (found version "1.74.0") found components: chrono date_time filesystem iostreams program_options regex serialization system thread 
[0.601s] -- Found parameter_traits: 0.3.9 (/opt/ros/humble/share/parameter_traits/cmake)
[0.626s] -- Found rmw_implementation_cmake: 6.1.2 (/opt/ros/humble/share/rmw_implementation_cmake/cmake)
[0.628s] -- Found rmw_fastrtps_cpp: 6.2.7 (/opt/ros/humble/share/rmw_fastrtps_cpp/cmake)
[0.682s] -- Found OpenSSL: /usr/lib/x86_64-linux-gnu/libcrypto.so (found version "3.0.2")  
[0.696s] -- Found FastRTPS: /opt/ros/humble/include  
[0.720s] -- Using RMW implementation 'rmw_fastrtps_cpp' as default
[0.726s] -- Found Threads: TRUE  
[0.752s] -- Found Eigen3: TRUE (found version "3.4.0") 
[0.753s] -- Found rclcpp_lifecycle: 16.0.10 (/opt/ros/humble/share/rclcpp_lifecycle/cmake)
[0.767s] -- Found Boost: /usr/lib/x86_64-linux-gnu/cmake/Boost-1.74.0/BoostConfig.cmake (found version "1.74.0") found components: filesystem 
[0.824s] -- library: /usr/lib/x86_64-linux-gnu/libcurl.so
[0.850s] -- Ensuring Eigen3 include directory is part of orocos-kdl CMake target
[0.983s] -- Found image_transport: 3.1.9 (/opt/ros/humble/share/image_transport/cmake)
[0.985s] -- Found moveit_ros_occupancy_map_monitor: 2.5.6 (/home/luis-a/panda_ws/install/moveit_ros_occupancy_map_monitor/share/moveit_ros_occupancy_map_monitor/cmake)
[1.132s] -- Found OpenMP_C: -fopenmp (found version "4.5") 
[1.182s] -- Found OpenMP_CXX: -fopenmp (found version "4.5") 
[1.182s] -- Found OpenMP: TRUE (found version "4.5")  
[1.185s] -- Found OpenCV: /usr (found version "4.5.4") 
[1.187s] -- Found Boost: /usr/lib/x86_64-linux-gnu/cmake/Boost-1.74.0/BoostConfig.cmake (found version "1.74.0") found components: thread 
[1.202s] -- Performing Test COMPILER_HAS_HIDDEN_VISIBILITY
[1.258s] -- Performing Test COMPILER_HAS_HIDDEN_VISIBILITY - Success
[1.258s] -- Performing Test COMPILER_HAS_HIDDEN_INLINE_VISIBILITY
[1.327s] -- Performing Test COMPILER_HAS_HIDDEN_INLINE_VISIBILITY - Success
[1.327s] -- Performing Test COMPILER_HAS_DEPRECATED_ATTR
[1.400s] -- Performing Test COMPILER_HAS_DEPRECATED_ATTR - Success
[1.430s] -- Found ament_lint_auto: 0.12.11 (/opt/ros/humble/share/ament_lint_auto/cmake)
[1.448s] -- Added test 'cppcheck' to perform static code analysis on C / C++ code
[1.449s] -- Configured cppcheck include dirs: /home/luis-a/panda_ws/src/moveit2/moveit_ros/perception/depth_image_octomap_updater/include;/home/luis-a/panda_ws/src/moveit2/moveit_ros/perception/lazy_free_space_updater/include;/home/luis-a/panda_ws/src/moveit2/moveit_ros/perception/mesh_filter/include;/home/luis-a/panda_ws/src/moveit2/moveit_ros/perception/point_containment_filter/include;/home/luis-a/panda_ws/src/moveit2/moveit_ros/perception/pointcloud_octomap_updater/include;/home/luis-a/panda_ws/src/moveit2/moveit_ros/perception/semantic_world/include
[1.449s] -- Configured cppcheck exclude dirs and/or files: 
[1.451s] -- Added test 'lint_cmake' to check CMake code style
[1.452s] -- Added test 'xmllint' to check XML markup files
[1.454s] -- Configuring done
[1.695s] -- Generating done
[1.701s] -- Build files have been written to: /home/luis-a/panda_ws/build/moveit_ros_perception
[1.762s] Invoked command in '/home/luis-a/panda_ws/build/moveit_ros_perception' returned '0': AMENT_PREFIX_PATH=/home/luis-a/panda_ws/install/moveit_ros_planning:/home/luis-a/panda_ws/install/moveit_ros_occupancy_map_monitor:/home/luis-a/panda_ws/install/moveit_core:/home/luis-a/panda_ws/install/moveit_resources_panda_moveit_config:/home/luis-a/panda_ws/install/moveit_configs_utils:/home/luis-a/panda_ws/install/srdfdom:/home/luis-a/panda_ws/install/moveit_resources_pr2_description:/home/luis-a/panda_ws/install/moveit_resources_panda_description:/home/luis-a/panda_ws/install/moveit_common:/home/luis-a/panda_ws/install/launch_param_builder:${AMENT_PREFIX_PATH} CMAKE_PREFIX_PATH=/home/luis-a/panda_ws/install/moveit_ros_planning:/home/luis-a/panda_ws/install/moveit_ros_occupancy_map_monitor:/home/luis-a/panda_ws/install/moveit_core:/home/luis-a/panda_ws/install/moveit_resources_panda_moveit_config:/home/luis-a/panda_ws/install/srdfdom:/home/luis-a/panda_ws/install/moveit_resources_pr2_description:/home/luis-a/panda_ws/install/moveit_resources_panda_description:/home/luis-a/panda_ws/install/moveit_common:/opt/ros/humble LD_LIBRARY_PATH=/home/luis-a/panda_ws/install/moveit_ros_planning/lib:/home/luis-a/panda_ws/install/moveit_ros_occupancy_map_monitor/lib:/home/luis-a/panda_ws/install/moveit_core/lib:/home/luis-a/panda_ws/install/srdfdom/lib:${LD_LIBRARY_PATH} PATH=/home/luis-a/panda_ws/install/moveit_core/bin:${PATH} PYTHONPATH=/home/luis-a/panda_ws/install/moveit_configs_utils/lib/python3.10/site-packages:/home/luis-a/panda_ws/install/srdfdom/local/lib/python3.10/dist-packages:/home/luis-a/panda_ws/install/launch_param_builder/lib/python3.10/site-packages:${PYTHONPATH} /usr/bin/cmake /home/luis-a/panda_ws/src/moveit2/moveit_ros/perception -DCMAKE_BUILD_TYPE=Release -DCMAKE_INSTALL_PREFIX=/home/luis-a/panda_ws/install/moveit_ros_perception
[1.763s] Invoking command in '/home/luis-a/panda_ws/build/moveit_ros_perception': AMENT_PREFIX_PATH=/home/luis-a/panda_ws/install/moveit_ros_planning:/home/luis-a/panda_ws/install/moveit_ros_occupancy_map_monitor:/home/luis-a/panda_ws/install/moveit_core:/home/luis-a/panda_ws/install/moveit_resources_panda_moveit_config:/home/luis-a/panda_ws/install/moveit_configs_utils:/home/luis-a/panda_ws/install/srdfdom:/home/luis-a/panda_ws/install/moveit_resources_pr2_description:/home/luis-a/panda_ws/install/moveit_resources_panda_description:/home/luis-a/panda_ws/install/moveit_common:/home/luis-a/panda_ws/install/launch_param_builder:${AMENT_PREFIX_PATH} CMAKE_PREFIX_PATH=/home/luis-a/panda_ws/install/moveit_ros_planning:/home/luis-a/panda_ws/install/moveit_ros_occupancy_map_monitor:/home/luis-a/panda_ws/install/moveit_core:/home/luis-a/panda_ws/install/moveit_resources_panda_moveit_config:/home/luis-a/panda_ws/install/srdfdom:/home/luis-a/panda_ws/install/moveit_resources_pr2_description:/home/luis-a/panda_ws/install/moveit_resources_panda_description:/home/luis-a/panda_ws/install/moveit_common:/opt/ros/humble LD_LIBRARY_PATH=/home/luis-a/panda_ws/install/moveit_ros_planning/lib:/home/luis-a/panda_ws/install/moveit_ros_occupancy_map_monitor/lib:/home/luis-a/panda_ws/install/moveit_core/lib:/home/luis-a/panda_ws/install/srdfdom/lib:${LD_LIBRARY_PATH} PATH=/home/luis-a/panda_ws/install/moveit_core/bin:${PATH} PYTHONPATH=/home/luis-a/panda_ws/install/moveit_configs_utils/lib/python3.10/site-packages:/home/luis-a/panda_ws/install/srdfdom/local/lib/python3.10/dist-packages:/home/luis-a/panda_ws/install/launch_param_builder/lib/python3.10/site-packages:${PYTHONPATH} /usr/bin/cmake --build /home/luis-a/panda_ws/build/moveit_ros_perception -- -j32 -l32
[1.856s] [ 10%] [32mBuilding CXX object mesh_filter/CMakeFiles/moveit_mesh_filter.dir/src/stereo_camera_model.cpp.o[0m
[1.860s] [ 10%] [32mBuilding CXX object mesh_filter/CMakeFiles/moveit_mesh_filter.dir/src/gl_renderer.cpp.o[0m
[1.860s] [ 15%] [32mBuilding CXX object mesh_filter/CMakeFiles/moveit_mesh_filter.dir/src/sensor_model.cpp.o[0m
[1.861s] [ 20%] [32mBuilding CXX object mesh_filter/CMakeFiles/moveit_mesh_filter.dir/src/mesh_filter_base.cpp.o[0m
[1.861s] [ 25%] [32mBuilding CXX object point_containment_filter/CMakeFiles/moveit_point_containment_filter.dir/src/shape_mask.cpp.o[0m
[1.865s] [ 40%] [32mBuilding CXX object lazy_free_space_updater/CMakeFiles/moveit_lazy_free_space_updater.dir/src/lazy_free_space_updater.cpp.o[0m
[1.865s] [ 30%] [32mBuilding CXX object semantic_world/CMakeFiles/moveit_semantic_world.dir/src/semantic_world.cpp.o[0m
[1.865s] [ 35%] [32mBuilding CXX object mesh_filter/CMakeFiles/moveit_mesh_filter.dir/src/gl_mesh.cpp.o[0m
[3.943s] [ 45%] [32m[1mLinking CXX shared library libmoveit_lazy_free_space_updater.so[0m
[4.311s] [ 45%] Built target moveit_lazy_free_space_updater
[6.879s] [ 50%] [32m[1mLinking CXX shared library libmoveit_point_containment_filter.so[0m
[7.234s] [ 50%] Built target moveit_point_containment_filter
[7.287s] [ 55%] [32mBuilding CXX object pointcloud_octomap_updater/CMakeFiles/moveit_pointcloud_octomap_updater_core.dir/src/pointcloud_octomap_updater.cpp.o[0m
[8.483s] [ 60%] [32m[1mLinking CXX shared library libmoveit_mesh_filter.so[0m
[8.857s] [ 60%] Built target moveit_mesh_filter
[8.915s] [ 65%] [32mBuilding CXX object depth_image_octomap_updater/CMakeFiles/moveit_depth_image_octomap_updater_core.dir/src/depth_image_octomap_updater.cpp.o[0m
[14.596s] [ 70%] [32m[1mLinking CXX shared library libmoveit_depth_image_octomap_updater_core.so[0m
[14.715s] [ 70%] Built target moveit_depth_image_octomap_updater_core
[14.731s] [ 75%] [32mBuilding CXX object depth_image_octomap_updater/CMakeFiles/moveit_depth_image_octomap_updater.dir/src/updater_plugin.cpp.o[0m
[17.592s] [ 80%] [32m[1mLinking CXX shared library libmoveit_depth_image_octomap_updater.so[0m
[17.690s] [ 80%] Built target moveit_depth_image_octomap_updater
[19.414s] [ 85%] [32m[1mLinking CXX shared library libmoveit_pointcloud_octomap_updater_core.so[0m
[19.646s] [ 85%] Built target moveit_pointcloud_octomap_updater_core
[19.668s] [ 90%] [32mBuilding CXX object pointcloud_octomap_updater/CMakeFiles/moveit_pointcloud_octomap_updater.dir/src/plugin_init.cpp.o[0m
[20.864s] [ 95%] [32m[1mLinking CXX shared library libmoveit_semantic_world.so[0m
[21.057s] [ 95%] Built target moveit_semantic_world
[23.045s] [100%] [32m[1mLinking CXX shared library libmoveit_pointcloud_octomap_updater.so[0m
[23.147s] [100%] Built target moveit_pointcloud_octomap_updater
[23.156s] Invoked command in '/home/luis-a/panda_ws/build/moveit_ros_perception' returned '0': AMENT_PREFIX_PATH=/home/luis-a/panda_ws/install/moveit_ros_planning:/home/luis-a/panda_ws/install/moveit_ros_occupancy_map_monitor:/home/luis-a/panda_ws/install/moveit_core:/home/luis-a/panda_ws/install/moveit_resources_panda_moveit_config:/home/luis-a/panda_ws/install/moveit_configs_utils:/home/luis-a/panda_ws/install/srdfdom:/home/luis-a/panda_ws/install/moveit_resources_pr2_description:/home/luis-a/panda_ws/install/moveit_resources_panda_description:/home/luis-a/panda_ws/install/moveit_common:/home/luis-a/panda_ws/install/launch_param_builder:${AMENT_PREFIX_PATH} CMAKE_PREFIX_PATH=/home/luis-a/panda_ws/install/moveit_ros_planning:/home/luis-a/panda_ws/install/moveit_ros_occupancy_map_monitor:/home/luis-a/panda_ws/install/moveit_core:/home/luis-a/panda_ws/install/moveit_resources_panda_moveit_config:/home/luis-a/panda_ws/install/srdfdom:/home/luis-a/panda_ws/install/moveit_resources_pr2_description:/home/luis-a/panda_ws/install/moveit_resources_panda_description:/home/luis-a/panda_ws/install/moveit_common:/opt/ros/humble LD_LIBRARY_PATH=/home/luis-a/panda_ws/install/moveit_ros_planning/lib:/home/luis-a/panda_ws/install/moveit_ros_occupancy_map_monitor/lib:/home/luis-a/panda_ws/install/moveit_core/lib:/home/luis-a/panda_ws/install/srdfdom/lib:${LD_LIBRARY_PATH} PATH=/home/luis-a/panda_ws/install/moveit_core/bin:${PATH} PYTHONPATH=/home/luis-a/panda_ws/install/moveit_configs_utils/lib/python3.10/site-packages:/home/luis-a/panda_ws/install/srdfdom/local/lib/python3.10/dist-packages:/home/luis-a/panda_ws/install/launch_param_builder/lib/python3.10/site-packages:${PYTHONPATH} /usr/bin/cmake --build /home/luis-a/panda_ws/build/moveit_ros_perception -- -j32 -l32
[23.176s] Invoking command in '/home/luis-a/panda_ws/build/moveit_ros_perception': AMENT_PREFIX_PATH=/home/luis-a/panda_ws/install/moveit_ros_planning:/home/luis-a/panda_ws/install/moveit_ros_occupancy_map_monitor:/home/luis-a/panda_ws/install/moveit_core:/home/luis-a/panda_ws/install/moveit_resources_panda_moveit_config:/home/luis-a/panda_ws/install/moveit_configs_utils:/home/luis-a/panda_ws/install/srdfdom:/home/luis-a/panda_ws/install/moveit_resources_pr2_description:/home/luis-a/panda_ws/install/moveit_resources_panda_description:/home/luis-a/panda_ws/install/moveit_common:/home/luis-a/panda_ws/install/launch_param_builder:${AMENT_PREFIX_PATH} CMAKE_PREFIX_PATH=/home/luis-a/panda_ws/install/moveit_ros_planning:/home/luis-a/panda_ws/install/moveit_ros_occupancy_map_monitor:/home/luis-a/panda_ws/install/moveit_core:/home/luis-a/panda_ws/install/moveit_resources_panda_moveit_config:/home/luis-a/panda_ws/install/srdfdom:/home/luis-a/panda_ws/install/moveit_resources_pr2_description:/home/luis-a/panda_ws/install/moveit_resources_panda_description:/home/luis-a/panda_ws/install/moveit_common:/opt/ros/humble LD_LIBRARY_PATH=/home/luis-a/panda_ws/install/moveit_ros_planning/lib:/home/luis-a/panda_ws/install/moveit_ros_occupancy_map_monitor/lib:/home/luis-a/panda_ws/install/moveit_core/lib:/home/luis-a/panda_ws/install/srdfdom/lib:${LD_LIBRARY_PATH} PATH=/home/luis-a/panda_ws/install/moveit_core/bin:${PATH} PYTHONPATH=/home/luis-a/panda_ws/install/moveit_configs_utils/lib/python3.10/site-packages:/home/luis-a/panda_ws/install/srdfdom/local/lib/python3.10/dist-packages:/home/luis-a/panda_ws/install/launch_param_builder/lib/python3.10/site-packages:${PYTHONPATH} /usr/bin/cmake --install /home/luis-a/panda_ws/build/moveit_ros_perception
[23.182s] -- Install configuration: "Release"
[23.182s] -- Installing: /home/luis-a/panda_ws/install/moveit_ros_perception/include
[23.182s] -- Installing: /home/luis-a/panda_ws/install/moveit_ros_perception/include/moveit
[23.182s] -- Installing: /home/luis-a/panda_ws/install/moveit_ros_perception/include/moveit/lazy_free_space_updater
[23.182s] -- Installing: /home/luis-a/panda_ws/install/moveit_ros_perception/include/moveit/lazy_free_space_updater/lazy_free_space_updater.h
[23.182s] -- Up-to-date: /home/luis-a/panda_ws/install/moveit_ros_perception/include
[23.182s] -- Up-to-date: /home/luis-a/panda_ws/install/moveit_ros_perception/include/moveit
[23.182s] -- Installing: /home/luis-a/panda_ws/install/moveit_ros_perception/include/moveit/point_containment_filter
[23.183s] -- Installing: /home/luis-a/panda_ws/install/moveit_ros_perception/include/moveit/point_containment_filter/shape_mask.h
[23.183s] -- Up-to-date: /home/luis-a/panda_ws/install/moveit_ros_perception/include
[23.183s] -- Up-to-date: /home/luis-a/panda_ws/install/moveit_ros_perception/include/moveit
[23.183s] -- Installing: /home/luis-a/panda_ws/install/moveit_ros_perception/include/moveit/pointcloud_octomap_updater
[23.183s] -- Installing: /home/luis-a/panda_ws/install/moveit_ros_perception/include/moveit/pointcloud_octomap_updater/pointcloud_octomap_updater.h
[23.183s] -- Up-to-date: /home/luis-a/panda_ws/install/moveit_ros_perception/include
[23.183s] -- Up-to-date: /home/luis-a/panda_ws/install/moveit_ros_perception/include/moveit
[23.183s] -- Installing: /home/luis-a/panda_ws/install/moveit_ros_perception/include/moveit/mesh_filter
[23.183s] -- Installing: /home/luis-a/panda_ws/install/moveit_ros_perception/include/moveit/mesh_filter/depth_self_filter_nodelet.h
[23.183s] -- Installing: /home/luis-a/panda_ws/install/moveit_ros_perception/include/moveit/mesh_filter/gl_renderer.h
[23.183s] -- Installing: /home/luis-a/panda_ws/install/moveit_ros_perception/include/moveit/mesh_filter/mesh_filter.h
[23.183s] -- Installing: /home/luis-a/panda_ws/install/moveit_ros_perception/include/moveit/mesh_filter/filter_job.h
[23.183s] -- Installing: /home/luis-a/panda_ws/install/moveit_ros_perception/include/moveit/mesh_filter/gl_mesh.h
[23.183s] -- Installing: /home/luis-a/panda_ws/install/moveit_ros_perception/include/moveit/mesh_filter/sensor_model.h
[23.183s] -- Installing: /home/luis-a/panda_ws/install/moveit_ros_perception/include/moveit/mesh_filter/stereo_camera_model.h
[23.183s] -- Installing: /home/luis-a/panda_ws/install/moveit_ros_perception/include/moveit/mesh_filter/transform_provider.h
[23.183s] -- Installing: /home/luis-a/panda_ws/install/moveit_ros_perception/include/moveit/mesh_filter/mesh_filter_base.h
[23.184s] -- Installing: /home/luis-a/panda_ws/install/moveit_ros_perception/include/moveit_mesh_filter_export.h
[23.184s] -- Up-to-date: /home/luis-a/panda_ws/install/moveit_ros_perception/include
[23.184s] -- Up-to-date: /home/luis-a/panda_ws/install/moveit_ros_perception/include/moveit
[23.184s] -- Installing: /home/luis-a/panda_ws/install/moveit_ros_perception/include/moveit/depth_image_octomap_updater
[23.184s] -- Installing: /home/luis-a/panda_ws/install/moveit_ros_perception/include/moveit/depth_image_octomap_updater/depth_image_octomap_updater.h
[23.184s] -- Up-to-date: /home/luis-a/panda_ws/install/moveit_ros_perception/include
[23.184s] -- Up-to-date: /home/luis-a/panda_ws/install/moveit_ros_perception/include/moveit
[23.184s] -- Installing: /home/luis-a/panda_ws/install/moveit_ros_perception/include/moveit/semantic_world
[23.184s] -- Installing: /home/luis-a/panda_ws/install/moveit_ros_perception/include/moveit/semantic_world/semantic_world.h
[23.184s] -- Installing: /home/luis-a/panda_ws/install/moveit_ros_perception/lib/libmoveit_depth_image_octomap_updater.so.2.5.6
[23.184s] -- Set runtime path of "/home/luis-a/panda_ws/install/moveit_ros_perception/lib/libmoveit_depth_image_octomap_updater.so.2.5.6" to ""
[23.184s] -- Installing: /home/luis-a/panda_ws/install/moveit_ros_perception/lib/libmoveit_depth_image_octomap_updater.so
[23.184s] -- Installing: /home/luis-a/panda_ws/install/moveit_ros_perception/lib/libmoveit_depth_image_octomap_updater_core.so.2.5.6
[23.185s] -- Set runtime path of "/home/luis-a/panda_ws/install/moveit_ros_perception/lib/libmoveit_depth_image_octomap_updater_core.so.2.5.6" to ""
[23.185s] -- Installing: /home/luis-a/panda_ws/install/moveit_ros_perception/lib/libmoveit_depth_image_octomap_updater_core.so
[23.185s] -- Installing: /home/luis-a/panda_ws/install/moveit_ros_perception/lib/libmoveit_lazy_free_space_updater.so.2.5.6
[23.185s] -- Set runtime path of "/home/luis-a/panda_ws/install/moveit_ros_perception/lib/libmoveit_lazy_free_space_updater.so.2.5.6" to ""
[23.185s] -- Installing: /home/luis-a/panda_ws/install/moveit_ros_perception/lib/libmoveit_lazy_free_space_updater.so
[23.185s] -- Installing: /home/luis-a/panda_ws/install/moveit_ros_perception/lib/libmoveit_mesh_filter.so.2.5.6
[23.186s] -- Set runtime path of "/home/luis-a/panda_ws/install/moveit_ros_perception/lib/libmoveit_mesh_filter.so.2.5.6" to ""
[23.186s] -- Installing: /home/luis-a/panda_ws/install/moveit_ros_perception/lib/libmoveit_mesh_filter.so
[23.186s] -- Installing: /home/luis-a/panda_ws/install/moveit_ros_perception/lib/libmoveit_point_containment_filter.so.2.5.6
[23.186s] -- Set runtime path of "/home/luis-a/panda_ws/install/moveit_ros_perception/lib/libmoveit_point_containment_filter.so.2.5.6" to ""
[23.186s] -- Installing: /home/luis-a/panda_ws/install/moveit_ros_perception/lib/libmoveit_point_containment_filter.so
[23.186s] -- Installing: /home/luis-a/panda_ws/install/moveit_ros_perception/lib/libmoveit_pointcloud_octomap_updater.so.2.5.6
[23.186s] -- Set runtime path of "/home/luis-a/panda_ws/install/moveit_ros_perception/lib/libmoveit_pointcloud_octomap_updater.so.2.5.6" to ""
[23.186s] -- Installing: /home/luis-a/panda_ws/install/moveit_ros_perception/lib/libmoveit_pointcloud_octomap_updater.so
[23.186s] -- Installing: /home/luis-a/panda_ws/install/moveit_ros_perception/lib/libmoveit_pointcloud_octomap_updater_core.so.2.5.6
[23.187s] -- Set runtime path of "/home/luis-a/panda_ws/install/moveit_ros_perception/lib/libmoveit_pointcloud_octomap_updater_core.so.2.5.6" to ""
[23.187s] -- Installing: /home/luis-a/panda_ws/install/moveit_ros_perception/lib/libmoveit_pointcloud_octomap_updater_core.so
[23.187s] -- Installing: /home/luis-a/panda_ws/install/moveit_ros_perception/lib/libmoveit_semantic_world.so.2.5.6
[23.188s] -- Set runtime path of "/home/luis-a/panda_ws/install/moveit_ros_perception/lib/libmoveit_semantic_world.so.2.5.6" to ""
[23.188s] -- Installing: /home/luis-a/panda_ws/install/moveit_ros_perception/lib/libmoveit_semantic_world.so
[23.189s] -- Installing: /home/luis-a/panda_ws/install/moveit_ros_perception/share/moveit_ros_perception/environment/library_path.sh
[23.189s] -- Installing: /home/luis-a/panda_ws/install/moveit_ros_perception/share/moveit_ros_perception/environment/library_path.dsv
[23.189s] -- Installing: /home/luis-a/panda_ws/install/moveit_ros_perception/share/moveit_ros_perception/pointcloud_octomap_updater_plugin_description.xml
[23.189s] -- Installing: /home/luis-a/panda_ws/install/moveit_ros_perception/share/moveit_ros_perception/depth_image_octomap_updater_plugin_description.xml
[23.189s] -- Installing: /home/luis-a/panda_ws/install/moveit_ros_perception/share/ament_index/resource_index/package_run_dependencies/moveit_ros_perception
[23.189s] -- Installing: /home/luis-a/panda_ws/install/moveit_ros_perception/share/ament_index/resource_index/parent_prefix_path/moveit_ros_perception
[23.189s] -- Installing: /home/luis-a/panda_ws/install/moveit_ros_perception/share/moveit_ros_perception/environment/ament_prefix_path.sh
[23.189s] -- Installing: /home/luis-a/panda_ws/install/moveit_ros_perception/share/moveit_ros_perception/environment/ament_prefix_path.dsv
[23.190s] -- Installing: /home/luis-a/panda_ws/install/moveit_ros_perception/share/moveit_ros_perception/environment/path.sh
[23.190s] -- Installing: /home/luis-a/panda_ws/install/moveit_ros_perception/share/moveit_ros_perception/environment/path.dsv
[23.190s] -- Installing: /home/luis-a/panda_ws/install/moveit_ros_perception/share/moveit_ros_perception/local_setup.bash
[23.190s] -- Installing: /home/luis-a/panda_ws/install/moveit_ros_perception/share/moveit_ros_perception/local_setup.sh
[23.190s] -- Installing: /home/luis-a/panda_ws/install/moveit_ros_perception/share/moveit_ros_perception/local_setup.zsh
[23.190s] -- Installing: /home/luis-a/panda_ws/install/moveit_ros_perception/share/moveit_ros_perception/local_setup.dsv
[23.190s] -- Installing: /home/luis-a/panda_ws/install/moveit_ros_perception/share/moveit_ros_perception/package.dsv
[23.190s] -- Installing: /home/luis-a/panda_ws/install/moveit_ros_perception/share/ament_index/resource_index/packages/moveit_ros_perception
[23.190s] -- Installing: /home/luis-a/panda_ws/install/moveit_ros_perception/share/ament_index/resource_index/moveit_ros_occupancy_map_monitor__pluginlib__plugin/moveit_ros_perception
[23.190s] -- Installing: /home/luis-a/panda_ws/install/moveit_ros_perception/share/moveit_ros_perception/cmake/export_moveit_ros_perceptionExport.cmake
[23.190s] -- Installing: /home/luis-a/panda_ws/install/moveit_ros_perception/share/moveit_ros_perception/cmake/export_moveit_ros_perceptionExport-release.cmake
[23.191s] -- Installing: /home/luis-a/panda_ws/install/moveit_ros_perception/share/moveit_ros_perception/cmake/ConfigExtras.cmake
[23.191s] -- Installing: /home/luis-a/panda_ws/install/moveit_ros_perception/share/moveit_ros_perception/cmake/ament_cmake_export_targets-extras.cmake
[23.191s] -- Installing: /home/luis-a/panda_ws/install/moveit_ros_perception/share/moveit_ros_perception/cmake/ament_cmake_export_dependencies-extras.cmake
[23.191s] -- Installing: /home/luis-a/panda_ws/install/moveit_ros_perception/share/moveit_ros_perception/cmake/moveit_ros_perceptionConfig.cmake
[23.191s] -- Installing: /home/luis-a/panda_ws/install/moveit_ros_perception/share/moveit_ros_perception/cmake/moveit_ros_perceptionConfig-version.cmake
[23.191s] -- Installing: /home/luis-a/panda_ws/install/moveit_ros_perception/share/moveit_ros_perception/package.xml
[23.193s] Invoked command in '/home/luis-a/panda_ws/build/moveit_ros_perception' returned '0': AMENT_PREFIX_PATH=/home/luis-a/panda_ws/install/moveit_ros_planning:/home/luis-a/panda_ws/install/moveit_ros_occupancy_map_monitor:/home/luis-a/panda_ws/install/moveit_core:/home/luis-a/panda_ws/install/moveit_resources_panda_moveit_config:/home/luis-a/panda_ws/install/moveit_configs_utils:/home/luis-a/panda_ws/install/srdfdom:/home/luis-a/panda_ws/install/moveit_resources_pr2_description:/home/luis-a/panda_ws/install/moveit_resources_panda_description:/home/luis-a/panda_ws/install/moveit_common:/home/luis-a/panda_ws/install/launch_param_builder:${AMENT_PREFIX_PATH} CMAKE_PREFIX_PATH=/home/luis-a/panda_ws/install/moveit_ros_planning:/home/luis-a/panda_ws/install/moveit_ros_occupancy_map_monitor:/home/luis-a/panda_ws/install/moveit_core:/home/luis-a/panda_ws/install/moveit_resources_panda_moveit_config:/home/luis-a/panda_ws/install/srdfdom:/home/luis-a/panda_ws/install/moveit_resources_pr2_description:/home/luis-a/panda_ws/install/moveit_resources_panda_description:/home/luis-a/panda_ws/install/moveit_common:/opt/ros/humble LD_LIBRARY_PATH=/home/luis-a/panda_ws/install/moveit_ros_planning/lib:/home/luis-a/panda_ws/install/moveit_ros_occupancy_map_monitor/lib:/home/luis-a/panda_ws/install/moveit_core/lib:/home/luis-a/panda_ws/install/srdfdom/lib:${LD_LIBRARY_PATH} PATH=/home/luis-a/panda_ws/install/moveit_core/bin:${PATH} PYTHONPATH=/home/luis-a/panda_ws/install/moveit_configs_utils/lib/python3.10/site-packages:/home/luis-a/panda_ws/install/srdfdom/local/lib/python3.10/dist-packages:/home/luis-a/panda_ws/install/launch_param_builder/lib/python3.10/site-packages:${PYTHONPATH} /usr/bin/cmake --install /home/luis-a/panda_ws/build/moveit_ros_perception
