[0.291s] Invoking command in '/home/luis-a/panda_ws/src/moveit2/moveit_configs_utils': AMENT_PREFIX_PATH=/home/luis-a/panda_ws/install/srdfdom:/home/luis-a/panda_ws/install/launch_param_builder:${AMENT_PREFIX_PATH} CMAKE_PREFIX_PATH=/home/luis-a/panda_ws/install/srdfdom LD_LIBRARY_PATH=/home/luis-a/panda_ws/install/srdfdom/lib:${LD_LIBRARY_PATH} PYTHONPATH=/home/luis-a/panda_ws/build/moveit_configs_utils/prefix_override:/usr/lib/python3/dist-packages/colcon_core/task/python/colcon_distutils_commands:/home/luis-a/panda_ws/install/moveit_configs_utils/lib/python3.10/site-packages:/home/luis-a/panda_ws/install/srdfdom/local/lib/python3.10/dist-packages:/home/luis-a/panda_ws/install/launch_param_builder/lib/python3.10/site-packages:${PYTHONPATH} /usr/bin/python3 -W ignore:setup.py install is deprecated setup.py egg_info --egg-base ../../../build/moveit_configs_utils build --build-base /home/luis-a/panda_ws/build/moveit_configs_utils/build install --record /home/luis-a/panda_ws/build/moveit_configs_utils/install.log --single-version-externally-managed install_data
[0.395s] running egg_info
[0.396s] creating ../../../build/moveit_configs_utils/moveit_configs_utils.egg-info
[0.396s] writing ../../../build/moveit_configs_utils/moveit_configs_utils.egg-info/PKG-INFO
[0.396s] writing dependency_links to ../../../build/moveit_configs_utils/moveit_configs_utils.egg-info/dependency_links.txt
[0.396s] writing entry points to ../../../build/moveit_configs_utils/moveit_configs_utils.egg-info/entry_points.txt
[0.396s] writing requirements to ../../../build/moveit_configs_utils/moveit_configs_utils.egg-info/requires.txt
[0.396s] writing top-level names to ../../../build/moveit_configs_utils/moveit_configs_utils.egg-info/top_level.txt
[0.396s] writing manifest file '../../../build/moveit_configs_utils/moveit_configs_utils.egg-info/SOURCES.txt'
[0.397s] reading manifest file '../../../build/moveit_configs_utils/moveit_configs_utils.egg-info/SOURCES.txt'
[0.397s] writing manifest file '../../../build/moveit_configs_utils/moveit_configs_utils.egg-info/SOURCES.txt'
[0.397s] running build
[0.397s] running build_py
[0.397s] creating /home/luis-a/panda_ws/build/moveit_configs_utils/build
[0.397s] creating /home/luis-a/panda_ws/build/moveit_configs_utils/build/lib
[0.397s] creating /home/luis-a/panda_ws/build/moveit_configs_utils/build/lib/moveit_configs_utils
[0.397s] copying moveit_configs_utils/__init__.py -> /home/luis-a/panda_ws/build/moveit_configs_utils/build/lib/moveit_configs_utils
[0.398s] copying moveit_configs_utils/launches.py -> /home/luis-a/panda_ws/build/moveit_configs_utils/build/lib/moveit_configs_utils
[0.398s] copying moveit_configs_utils/launch_utils.py -> /home/luis-a/panda_ws/build/moveit_configs_utils/build/lib/moveit_configs_utils
[0.398s] copying moveit_configs_utils/moveit_configs_builder.py -> /home/luis-a/panda_ws/build/moveit_configs_utils/build/lib/moveit_configs_utils
[0.398s] creating /home/luis-a/panda_ws/build/moveit_configs_utils/build/lib/moveit_configs_utils/substitutions
[0.398s] copying moveit_configs_utils/substitutions/__init__.py -> /home/luis-a/panda_ws/build/moveit_configs_utils/build/lib/moveit_configs_utils/substitutions
[0.398s] copying moveit_configs_utils/substitutions/xacro.py -> /home/luis-a/panda_ws/build/moveit_configs_utils/build/lib/moveit_configs_utils/substitutions
[0.398s] running install
[0.398s] running install_lib
[0.398s] creating /home/luis-a/panda_ws/install/moveit_configs_utils/lib/python3.10/site-packages/moveit_configs_utils
[0.398s] copying /home/luis-a/panda_ws/build/moveit_configs_utils/build/lib/moveit_configs_utils/__init__.py -> /home/luis-a/panda_ws/install/moveit_configs_utils/lib/python3.10/site-packages/moveit_configs_utils
[0.398s] creating /home/luis-a/panda_ws/install/moveit_configs_utils/lib/python3.10/site-packages/moveit_configs_utils/substitutions
[0.398s] copying /home/luis-a/panda_ws/build/moveit_configs_utils/build/lib/moveit_configs_utils/substitutions/__init__.py -> /home/luis-a/panda_ws/install/moveit_configs_utils/lib/python3.10/site-packages/moveit_configs_utils/substitutions
[0.398s] copying /home/luis-a/panda_ws/build/moveit_configs_utils/build/lib/moveit_configs_utils/substitutions/xacro.py -> /home/luis-a/panda_ws/install/moveit_configs_utils/lib/python3.10/site-packages/moveit_configs_utils/substitutions
[0.399s] copying /home/luis-a/panda_ws/build/moveit_configs_utils/build/lib/moveit_configs_utils/launches.py -> /home/luis-a/panda_ws/install/moveit_configs_utils/lib/python3.10/site-packages/moveit_configs_utils
[0.399s] copying /home/luis-a/panda_ws/build/moveit_configs_utils/build/lib/moveit_configs_utils/launch_utils.py -> /home/luis-a/panda_ws/install/moveit_configs_utils/lib/python3.10/site-packages/moveit_configs_utils
[0.399s] copying /home/luis-a/panda_ws/build/moveit_configs_utils/build/lib/moveit_configs_utils/moveit_configs_builder.py -> /home/luis-a/panda_ws/install/moveit_configs_utils/lib/python3.10/site-packages/moveit_configs_utils
[0.399s] byte-compiling /home/luis-a/panda_ws/install/moveit_configs_utils/lib/python3.10/site-packages/moveit_configs_utils/__init__.py to __init__.cpython-310.pyc
[0.399s] byte-compiling /home/luis-a/panda_ws/install/moveit_configs_utils/lib/python3.10/site-packages/moveit_configs_utils/substitutions/__init__.py to __init__.cpython-310.pyc
[0.399s] byte-compiling /home/luis-a/panda_ws/install/moveit_configs_utils/lib/python3.10/site-packages/moveit_configs_utils/substitutions/xacro.py to xacro.cpython-310.pyc
[0.399s] byte-compiling /home/luis-a/panda_ws/install/moveit_configs_utils/lib/python3.10/site-packages/moveit_configs_utils/launches.py to launches.cpython-310.pyc
[0.400s] byte-compiling /home/luis-a/panda_ws/install/moveit_configs_utils/lib/python3.10/site-packages/moveit_configs_utils/launch_utils.py to launch_utils.cpython-310.pyc
[0.400s] byte-compiling /home/luis-a/panda_ws/install/moveit_configs_utils/lib/python3.10/site-packages/moveit_configs_utils/moveit_configs_builder.py to moveit_configs_builder.cpython-310.pyc
[0.401s] running install_data
[0.402s] creating /home/luis-a/panda_ws/install/moveit_configs_utils/share/ament_index
[0.402s] creating /home/luis-a/panda_ws/install/moveit_configs_utils/share/ament_index/resource_index
[0.402s] creating /home/luis-a/panda_ws/install/moveit_configs_utils/share/ament_index/resource_index/packages
[0.402s] copying resource/moveit_configs_utils -> /home/luis-a/panda_ws/install/moveit_configs_utils/share/ament_index/resource_index/packages
[0.402s] copying package.xml -> /home/luis-a/panda_ws/install/moveit_configs_utils/share/moveit_configs_utils
[0.402s] creating /home/luis-a/panda_ws/install/moveit_configs_utils/share/moveit_configs_utils/default_configs
[0.402s] copying default_configs/pilz_industrial_motion_planner_planning.yaml -> /home/luis-a/panda_ws/install/moveit_configs_utils/share/moveit_configs_utils/default_configs
[0.402s] copying default_configs/ompl_planning.yaml -> /home/luis-a/panda_ws/install/moveit_configs_utils/share/moveit_configs_utils/default_configs
[0.402s] copying default_configs/chomp_planning.yaml -> /home/luis-a/panda_ws/install/moveit_configs_utils/share/moveit_configs_utils/default_configs
[0.402s] copying default_configs/ompl_defaults.yaml -> /home/luis-a/panda_ws/install/moveit_configs_utils/share/moveit_configs_utils/default_configs
[0.402s] running install_egg_info
[0.403s] Copying ../../../build/moveit_configs_utils/moveit_configs_utils.egg-info to /home/luis-a/panda_ws/install/moveit_configs_utils/lib/python3.10/site-packages/moveit_configs_utils-2.5.6-py3.10.egg-info
[0.403s] running install_scripts
[0.413s] writing list of installed files to '/home/luis-a/panda_ws/build/moveit_configs_utils/install.log'
[0.426s] Invoked command in '/home/luis-a/panda_ws/src/moveit2/moveit_configs_utils' returned '0': AMENT_PREFIX_PATH=/home/luis-a/panda_ws/install/srdfdom:/home/luis-a/panda_ws/install/launch_param_builder:${AMENT_PREFIX_PATH} CMAKE_PREFIX_PATH=/home/luis-a/panda_ws/install/srdfdom LD_LIBRARY_PATH=/home/luis-a/panda_ws/install/srdfdom/lib:${LD_LIBRARY_PATH} PYTHONPATH=/home/luis-a/panda_ws/build/moveit_configs_utils/prefix_override:/usr/lib/python3/dist-packages/colcon_core/task/python/colcon_distutils_commands:/home/luis-a/panda_ws/install/moveit_configs_utils/lib/python3.10/site-packages:/home/luis-a/panda_ws/install/srdfdom/local/lib/python3.10/dist-packages:/home/luis-a/panda_ws/install/launch_param_builder/lib/python3.10/site-packages:${PYTHONPATH} /usr/bin/python3 -W ignore:setup.py install is deprecated setup.py egg_info --egg-base ../../../build/moveit_configs_utils build --build-base /home/luis-a/panda_ws/build/moveit_configs_utils/build install --record /home/luis-a/panda_ws/build/moveit_configs_utils/install.log --single-version-externally-managed install_data
