[0.004s] Invoking command in '/home/luis-a/panda_ws/build/moveit_resources_panda_moveit_config': AMENT_PREFIX_PATH=/home/luis-a/panda_ws/install/moveit_resources_panda_description:${AMENT_PREFIX_PATH} CMAKE_PREFIX_PATH=/home/luis-a/panda_ws/install/moveit_resources_panda_description:/opt/ros/humble /usr/bin/cmake /home/luis-a/panda_ws/src/moveit_resources/panda_moveit_config -DCMAKE_BUILD_TYPE=Release -DCMAKE_INSTALL_PREFIX=/home/luis-a/panda_ws/install/moveit_resources_panda_moveit_config
[0.036s] -- The C compiler identification is GNU 11.4.0
[0.068s] -- The CXX compiler identification is GNU 11.4.0
[0.072s] -- Detecting C compiler ABI info
[0.113s] -- Detecting C compiler ABI info - done
[0.116s] -- Check for working C compiler: /usr/bin/cc - skipped
[0.116s] -- Detecting C compile features
[0.116s] -- Detecting C compile features - done
[0.118s] -- Detecting CXX compiler ABI info
[0.164s] -- Detecting CXX compiler ABI info - done
[0.167s] -- Check for working CXX compiler: /usr/bin/c++ - skipped
[0.167s] -- Detecting CXX compile features
[0.168s] -- Detecting CXX compile features - done
[0.169s] -- Found ament_cmake: 1.3.10 (/opt/ros/humble/share/ament_cmake/cmake)
[0.249s] -- Found Python3: /usr/bin/python3 (found version "3.10.12") found components: Interpreter 
[0.326s] -- Configuring done
[0.328s] -- Generating done
[0.328s] -- Build files have been written to: /home/luis-a/panda_ws/build/moveit_resources_panda_moveit_config
[0.331s] Invoked command in '/home/luis-a/panda_ws/build/moveit_resources_panda_moveit_config' returned '0': AMENT_PREFIX_PATH=/home/luis-a/panda_ws/install/moveit_resources_panda_description:${AMENT_PREFIX_PATH} CMAKE_PREFIX_PATH=/home/luis-a/panda_ws/install/moveit_resources_panda_description:/opt/ros/humble /usr/bin/cmake /home/luis-a/panda_ws/src/moveit_resources/panda_moveit_config -DCMAKE_BUILD_TYPE=Release -DCMAKE_INSTALL_PREFIX=/home/luis-a/panda_ws/install/moveit_resources_panda_moveit_config
[0.332s] Invoking command in '/home/luis-a/panda_ws/build/moveit_resources_panda_moveit_config': AMENT_PREFIX_PATH=/home/luis-a/panda_ws/install/moveit_resources_panda_description:${AMENT_PREFIX_PATH} CMAKE_PREFIX_PATH=/home/luis-a/panda_ws/install/moveit_resources_panda_description:/opt/ros/humble /usr/bin/cmake --build /home/luis-a/panda_ws/build/moveit_resources_panda_moveit_config -- -j32 -l32
[0.357s] Invoked command in '/home/luis-a/panda_ws/build/moveit_resources_panda_moveit_config' returned '0': AMENT_PREFIX_PATH=/home/luis-a/panda_ws/install/moveit_resources_panda_description:${AMENT_PREFIX_PATH} CMAKE_PREFIX_PATH=/home/luis-a/panda_ws/install/moveit_resources_panda_description:/opt/ros/humble /usr/bin/cmake --build /home/luis-a/panda_ws/build/moveit_resources_panda_moveit_config -- -j32 -l32
[0.371s] Invoking command in '/home/luis-a/panda_ws/build/moveit_resources_panda_moveit_config': AMENT_PREFIX_PATH=/home/luis-a/panda_ws/install/moveit_resources_panda_description:${AMENT_PREFIX_PATH} CMAKE_PREFIX_PATH=/home/luis-a/panda_ws/install/moveit_resources_panda_description:/opt/ros/humble /usr/bin/cmake --install /home/luis-a/panda_ws/build/moveit_resources_panda_moveit_config
[0.375s] -- Install configuration: "Release"
[0.375s] -- Installing: /home/luis-a/panda_ws/install/moveit_resources_panda_moveit_config/share/ament_index/resource_index/package_run_dependencies/moveit_resources_panda_moveit_config
[0.375s] -- Installing: /home/luis-a/panda_ws/install/moveit_resources_panda_moveit_config/share/ament_index/resource_index/parent_prefix_path/moveit_resources_panda_moveit_config
[0.375s] -- Installing: /home/luis-a/panda_ws/install/moveit_resources_panda_moveit_config/share/moveit_resources_panda_moveit_config/environment/ament_prefix_path.sh
[0.375s] -- Installing: /home/luis-a/panda_ws/install/moveit_resources_panda_moveit_config/share/moveit_resources_panda_moveit_config/environment/ament_prefix_path.dsv
[0.375s] -- Installing: /home/luis-a/panda_ws/install/moveit_resources_panda_moveit_config/share/moveit_resources_panda_moveit_config/environment/path.sh
[0.375s] -- Installing: /home/luis-a/panda_ws/install/moveit_resources_panda_moveit_config/share/moveit_resources_panda_moveit_config/environment/path.dsv
[0.376s] -- Installing: /home/luis-a/panda_ws/install/moveit_resources_panda_moveit_config/share/moveit_resources_panda_moveit_config/local_setup.bash
[0.376s] -- Installing: /home/luis-a/panda_ws/install/moveit_resources_panda_moveit_config/share/moveit_resources_panda_moveit_config/local_setup.sh
[0.376s] -- Installing: /home/luis-a/panda_ws/install/moveit_resources_panda_moveit_config/share/moveit_resources_panda_moveit_config/local_setup.zsh
[0.376s] -- Installing: /home/luis-a/panda_ws/install/moveit_resources_panda_moveit_config/share/moveit_resources_panda_moveit_config/local_setup.dsv
[0.376s] -- Installing: /home/luis-a/panda_ws/install/moveit_resources_panda_moveit_config/share/moveit_resources_panda_moveit_config/package.dsv
[0.376s] -- Installing: /home/luis-a/panda_ws/install/moveit_resources_panda_moveit_config/share/ament_index/resource_index/packages/moveit_resources_panda_moveit_config
[0.376s] -- Installing: /home/luis-a/panda_ws/install/moveit_resources_panda_moveit_config/share/moveit_resources_panda_moveit_config/cmake/moveit_resources_panda_moveit_configConfig.cmake
[0.376s] -- Installing: /home/luis-a/panda_ws/install/moveit_resources_panda_moveit_config/share/moveit_resources_panda_moveit_config/cmake/moveit_resources_panda_moveit_configConfig-version.cmake
[0.376s] -- Installing: /home/luis-a/panda_ws/install/moveit_resources_panda_moveit_config/share/moveit_resources_panda_moveit_config/package.xml
[0.376s] -- Installing: /home/luis-a/panda_ws/install/moveit_resources_panda_moveit_config/share/moveit_resources_panda_moveit_config/launch
[0.376s] -- Installing: /home/luis-a/panda_ws/install/moveit_resources_panda_moveit_config/share/moveit_resources_panda_moveit_config/launch/moveit.rviz
[0.376s] -- Installing: /home/luis-a/panda_ws/install/moveit_resources_panda_moveit_config/share/moveit_resources_panda_moveit_config/launch/moveit_rviz.launch.py
[0.376s] -- Installing: /home/luis-a/panda_ws/install/moveit_resources_panda_moveit_config/share/moveit_resources_panda_moveit_config/launch/moveit_empty.rviz
[0.376s] -- Installing: /home/luis-a/panda_ws/install/moveit_resources_panda_moveit_config/share/moveit_resources_panda_moveit_config/launch/demo.launch.py
[0.377s] -- Installing: /home/luis-a/panda_ws/install/moveit_resources_panda_moveit_config/share/moveit_resources_panda_moveit_config/config
[0.377s] -- Installing: /home/luis-a/panda_ws/install/moveit_resources_panda_moveit_config/share/moveit_resources_panda_moveit_config/config/panda.ros2_control.xacro
[0.377s] -- Installing: /home/luis-a/panda_ws/install/moveit_resources_panda_moveit_config/share/moveit_resources_panda_moveit_config/config/moveit_controllers.yaml
[0.377s] -- Installing: /home/luis-a/panda_ws/install/moveit_resources_panda_moveit_config/share/moveit_resources_panda_moveit_config/config/sensors_kinect_depthmap.yaml
[0.377s] -- Installing: /home/luis-a/panda_ws/install/moveit_resources_panda_moveit_config/share/moveit_resources_panda_moveit_config/config/gripper_moveit_controllers.yaml
[0.377s] -- Installing: /home/luis-a/panda_ws/install/moveit_resources_panda_moveit_config/share/moveit_resources_panda_moveit_config/config/sensors_kinect_pointcloud.yaml
[0.377s] -- Installing: /home/luis-a/panda_ws/install/moveit_resources_panda_moveit_config/share/moveit_resources_panda_moveit_config/config/pilz_industrial_motion_planner_planning.yaml
[0.377s] -- Installing: /home/luis-a/panda_ws/install/moveit_resources_panda_moveit_config/share/moveit_resources_panda_moveit_config/config/panda_arm.xacro
[0.377s] -- Installing: /home/luis-a/panda_ws/install/moveit_resources_panda_moveit_config/share/moveit_resources_panda_moveit_config/config/ompl_planning.yaml
[0.377s] -- Installing: /home/luis-a/panda_ws/install/moveit_resources_panda_moveit_config/share/moveit_resources_panda_moveit_config/config/ros2_controllers.yaml
[0.377s] -- Installing: /home/luis-a/panda_ws/install/moveit_resources_panda_moveit_config/share/moveit_resources_panda_moveit_config/config/kinematics.yaml
[0.377s] -- Installing: /home/luis-a/panda_ws/install/moveit_resources_panda_moveit_config/share/moveit_resources_panda_moveit_config/config/chomp_planning.yaml
[0.377s] -- Installing: /home/luis-a/panda_ws/install/moveit_resources_panda_moveit_config/share/moveit_resources_panda_moveit_config/config/panda.urdf.xacro
[0.377s] -- Installing: /home/luis-a/panda_ws/install/moveit_resources_panda_moveit_config/share/moveit_resources_panda_moveit_config/config/pilz_cartesian_limits.yaml
[0.378s] -- Installing: /home/luis-a/panda_ws/install/moveit_resources_panda_moveit_config/share/moveit_resources_panda_moveit_config/config/panda_arm_hand.srdf.xacro
[0.378s] -- Installing: /home/luis-a/panda_ws/install/moveit_resources_panda_moveit_config/share/moveit_resources_panda_moveit_config/config/joint_limits.yaml
[0.378s] -- Installing: /home/luis-a/panda_ws/install/moveit_resources_panda_moveit_config/share/moveit_resources_panda_moveit_config/config/hand.xacro
[0.378s] -- Installing: /home/luis-a/panda_ws/install/moveit_resources_panda_moveit_config/share/moveit_resources_panda_moveit_config/config/initial_positions.yaml
[0.378s] -- Installing: /home/luis-a/panda_ws/install/moveit_resources_panda_moveit_config/share/moveit_resources_panda_moveit_config/config/panda.srdf
[0.378s] -- Installing: /home/luis-a/panda_ws/install/moveit_resources_panda_moveit_config/share/moveit_resources_panda_moveit_config/config/panda_arm.srdf.xacro
[0.378s] -- Installing: /home/luis-a/panda_ws/install/moveit_resources_panda_moveit_config/share/moveit_resources_panda_moveit_config/config/trajopt_planning.yaml
[0.378s] -- Installing: /home/luis-a/panda_ws/install/moveit_resources_panda_moveit_config/share/moveit_resources_panda_moveit_config/config/lerp_planning.yaml
[0.378s] -- Installing: /home/luis-a/panda_ws/install/moveit_resources_panda_moveit_config/share/moveit_resources_panda_moveit_config/config/panda_hand.ros2_control.xacro
[0.378s] -- Installing: /home/luis-a/panda_ws/install/moveit_resources_panda_moveit_config/share/moveit_resources_panda_moveit_config/.setup_assistant
[0.380s] Invoked command in '/home/luis-a/panda_ws/build/moveit_resources_panda_moveit_config' returned '0': AMENT_PREFIX_PATH=/home/luis-a/panda_ws/install/moveit_resources_panda_description:${AMENT_PREFIX_PATH} CMAKE_PREFIX_PATH=/home/luis-a/panda_ws/install/moveit_resources_panda_description:/opt/ros/humble /usr/bin/cmake --install /home/luis-a/panda_ws/build/moveit_resources_panda_moveit_config
