[0.012s] Invoking command in '/home/luis-a/panda_ws/build/moveit_ros_warehouse': AMENT_PREFIX_PATH=/home/luis-a/panda_ws/install/moveit_ros_planning:/home/luis-a/panda_ws/install/moveit_ros_occupancy_map_monitor:/home/luis-a/panda_ws/install/moveit_core:/home/luis-a/panda_ws/install/moveit_resources_panda_moveit_config:/home/luis-a/panda_ws/install/moveit_configs_utils:/home/luis-a/panda_ws/install/srdfdom:/home/luis-a/panda_ws/install/moveit_resources_pr2_description:/home/luis-a/panda_ws/install/moveit_resources_panda_description:/home/luis-a/panda_ws/install/moveit_common:/home/luis-a/panda_ws/install/launch_param_builder:${AMENT_PREFIX_PATH} CMAKE_PREFIX_PATH=/home/luis-a/panda_ws/install/moveit_ros_planning:/home/luis-a/panda_ws/install/moveit_ros_occupancy_map_monitor:/home/luis-a/panda_ws/install/moveit_core:/home/luis-a/panda_ws/install/moveit_resources_panda_moveit_config:/home/luis-a/panda_ws/install/srdfdom:/home/luis-a/panda_ws/install/moveit_resources_pr2_description:/home/luis-a/panda_ws/install/moveit_resources_panda_description:/home/luis-a/panda_ws/install/moveit_common:/opt/ros/humble LD_LIBRARY_PATH=/home/luis-a/panda_ws/install/moveit_ros_planning/lib:/home/luis-a/panda_ws/install/moveit_ros_occupancy_map_monitor/lib:/home/luis-a/panda_ws/install/moveit_core/lib:/home/luis-a/panda_ws/install/srdfdom/lib:${LD_LIBRARY_PATH} PATH=/home/luis-a/panda_ws/install/moveit_core/bin:${PATH} PYTHONPATH=/home/luis-a/panda_ws/install/moveit_configs_utils/lib/python3.10/site-packages:/home/luis-a/panda_ws/install/srdfdom/local/lib/python3.10/dist-packages:/home/luis-a/panda_ws/install/launch_param_builder/lib/python3.10/site-packages:${PYTHONPATH} /usr/bin/cmake /home/luis-a/panda_ws/src/moveit2/moveit_ros/warehouse -DCMAKE_BUILD_TYPE=Release -DCMAKE_INSTALL_PREFIX=/home/luis-a/panda_ws/install/moveit_ros_warehouse
[0.044s] -- The C compiler identification is GNU 11.4.0
[0.075s] -- The CXX compiler identification is GNU 11.4.0
[0.079s] -- Detecting C compiler ABI info
[0.120s] -- Detecting C compiler ABI info - done
[0.124s] -- Check for working C compiler: /usr/bin/cc - skipped
[0.124s] -- Detecting C compile features
[0.124s] -- Detecting C compile features - done
[0.126s] -- Detecting CXX compiler ABI info
[0.175s] -- Detecting CXX compiler ABI info - done
[0.178s] -- Check for working CXX compiler: /usr/bin/c++ - skipped
[0.178s] -- Detecting CXX compile features
[0.179s] -- Detecting CXX compile features - done
[0.179s] -- Found moveit_common: 2.5.6 (/home/luis-a/panda_ws/install/moveit_common/share/moveit_common/cmake)
[0.181s] -- Found ament_cmake: 1.3.10 (/opt/ros/humble/share/ament_cmake/cmake)
[0.260s] -- Found Python3: /usr/bin/python3 (found version "3.10.12") found components: Interpreter 
[0.344s] -- Found rclcpp: 16.0.10 (/opt/ros/humble/share/rclcpp/cmake)
[0.371s] -- Found rosidl_generator_c: 3.1.5 (/opt/ros/humble/share/rosidl_generator_c/cmake)
[0.374s] -- Found rosidl_adapter: 3.1.5 (/opt/ros/humble/share/rosidl_adapter/cmake)
[0.380s] -- Found rosidl_generator_cpp: 3.1.5 (/opt/ros/humble/share/rosidl_generator_cpp/cmake)
[0.387s] -- Using all available rosidl_typesupport_c: rosidl_typesupport_fastrtps_c;rosidl_typesupport_introspection_c
[0.396s] -- Using all available rosidl_typesupport_cpp: rosidl_typesupport_fastrtps_cpp;rosidl_typesupport_introspection_cpp
[0.423s] -- Found rmw_implementation_cmake: 6.1.2 (/opt/ros/humble/share/rmw_implementation_cmake/cmake)
[0.425s] -- Found rmw_fastrtps_cpp: 6.2.7 (/opt/ros/humble/share/rmw_fastrtps_cpp/cmake)
[0.484s] -- Found OpenSSL: /usr/lib/x86_64-linux-gnu/libcrypto.so (found version "3.0.2")  
[0.499s] -- Found FastRTPS: /opt/ros/humble/include  
[0.523s] -- Using RMW implementation 'rmw_fastrtps_cpp' as default
[0.529s] -- Looking for pthread.h
[0.571s] -- Looking for pthread.h - found
[0.571s] -- Performing Test CMAKE_HAVE_LIBC_PTHREAD
[0.615s] -- Performing Test CMAKE_HAVE_LIBC_PTHREAD - Success
[0.615s] -- Found Threads: TRUE  
[0.642s] -- Found moveit_core: 2.5.6 (/home/luis-a/panda_ws/install/moveit_core/share/moveit_core/cmake)
[0.665s] -- Found Boost: /usr/lib/x86_64-linux-gnu/cmake/Boost-1.74.0/BoostConfig.cmake (found version "1.74.0") found components: chrono date_time filesystem iostreams program_options regex serialization system thread 
[0.692s] -- Found parameter_traits: 0.3.9 (/opt/ros/humble/share/parameter_traits/cmake)
[0.699s] -- Found Eigen3: TRUE (found version "3.4.0") 
[0.701s] -- Found rclcpp_lifecycle: 16.0.10 (/opt/ros/humble/share/rclcpp_lifecycle/cmake)
[0.715s] -- Found Boost: /usr/lib/x86_64-linux-gnu/cmake/Boost-1.74.0/BoostConfig.cmake (found version "1.74.0") found components: filesystem 
[0.782s] -- library: /usr/lib/x86_64-linux-gnu/libcurl.so
[0.818s] -- Ensuring Eigen3 include directory is part of orocos-kdl CMake target
[0.951s] -- Found warehouse_ros: 2.0.5 (/opt/ros/humble/share/warehouse_ros/cmake)
[0.954s] -- Found moveit_ros_planning: 2.5.6 (/home/luis-a/panda_ws/install/moveit_ros_planning/share/moveit_ros_planning/cmake)
[0.957s] -- Found Boost: /usr/lib/x86_64-linux-gnu/cmake/Boost-1.74.0/BoostConfig.cmake (found version "1.74.0") found components: system filesystem date_time program_options thread chrono 
[0.971s] -- Found Boost: /usr/lib/x86_64-linux-gnu/cmake/Boost-1.74.0/BoostConfig.cmake (found version "1.74.0") found components: thread system filesystem regex date_time program_options 
[0.973s] -- Performing Test COMPILER_HAS_HIDDEN_VISIBILITY
[1.020s] -- Performing Test COMPILER_HAS_HIDDEN_VISIBILITY - Success
[1.021s] -- Performing Test COMPILER_HAS_HIDDEN_INLINE_VISIBILITY
[1.068s] -- Performing Test COMPILER_HAS_HIDDEN_INLINE_VISIBILITY - Success
[1.068s] -- Performing Test COMPILER_HAS_DEPRECATED_ATTR
[1.117s] -- Performing Test COMPILER_HAS_DEPRECATED_ATTR - Success
[1.138s] -- Found ament_lint_auto: 0.12.11 (/opt/ros/humble/share/ament_lint_auto/cmake)
[1.149s] -- Added test 'cppcheck' to perform static code analysis on C / C++ code
[1.149s] -- Configured cppcheck include dirs: /home/luis-a/panda_ws/src/moveit2/moveit_ros/warehouse/include
[1.149s] -- Configured cppcheck exclude dirs and/or files: 
[1.149s] -- Added test 'lint_cmake' to check CMake code style
[1.150s] -- Added test 'pep257' to check Python code against some of the docstring style conventions in PEP 257
[1.150s] -- Added test 'xmllint' to check XML markup files
[1.151s] -- Configuring done
[1.218s] -- Generating done
[1.219s] -- Build files have been written to: /home/luis-a/panda_ws/build/moveit_ros_warehouse
[1.231s] Invoked command in '/home/luis-a/panda_ws/build/moveit_ros_warehouse' returned '0': AMENT_PREFIX_PATH=/home/luis-a/panda_ws/install/moveit_ros_planning:/home/luis-a/panda_ws/install/moveit_ros_occupancy_map_monitor:/home/luis-a/panda_ws/install/moveit_core:/home/luis-a/panda_ws/install/moveit_resources_panda_moveit_config:/home/luis-a/panda_ws/install/moveit_configs_utils:/home/luis-a/panda_ws/install/srdfdom:/home/luis-a/panda_ws/install/moveit_resources_pr2_description:/home/luis-a/panda_ws/install/moveit_resources_panda_description:/home/luis-a/panda_ws/install/moveit_common:/home/luis-a/panda_ws/install/launch_param_builder:${AMENT_PREFIX_PATH} CMAKE_PREFIX_PATH=/home/luis-a/panda_ws/install/moveit_ros_planning:/home/luis-a/panda_ws/install/moveit_ros_occupancy_map_monitor:/home/luis-a/panda_ws/install/moveit_core:/home/luis-a/panda_ws/install/moveit_resources_panda_moveit_config:/home/luis-a/panda_ws/install/srdfdom:/home/luis-a/panda_ws/install/moveit_resources_pr2_description:/home/luis-a/panda_ws/install/moveit_resources_panda_description:/home/luis-a/panda_ws/install/moveit_common:/opt/ros/humble LD_LIBRARY_PATH=/home/luis-a/panda_ws/install/moveit_ros_planning/lib:/home/luis-a/panda_ws/install/moveit_ros_occupancy_map_monitor/lib:/home/luis-a/panda_ws/install/moveit_core/lib:/home/luis-a/panda_ws/install/srdfdom/lib:${LD_LIBRARY_PATH} PATH=/home/luis-a/panda_ws/install/moveit_core/bin:${PATH} PYTHONPATH=/home/luis-a/panda_ws/install/moveit_configs_utils/lib/python3.10/site-packages:/home/luis-a/panda_ws/install/srdfdom/local/lib/python3.10/dist-packages:/home/luis-a/panda_ws/install/launch_param_builder/lib/python3.10/site-packages:${PYTHONPATH} /usr/bin/cmake /home/luis-a/panda_ws/src/moveit2/moveit_ros/warehouse -DCMAKE_BUILD_TYPE=Release -DCMAKE_INSTALL_PREFIX=/home/luis-a/panda_ws/install/moveit_ros_warehouse
[1.233s] Invoking command in '/home/luis-a/panda_ws/build/moveit_ros_warehouse': AMENT_PREFIX_PATH=/home/luis-a/panda_ws/install/moveit_ros_planning:/home/luis-a/panda_ws/install/moveit_ros_occupancy_map_monitor:/home/luis-a/panda_ws/install/moveit_core:/home/luis-a/panda_ws/install/moveit_resources_panda_moveit_config:/home/luis-a/panda_ws/install/moveit_configs_utils:/home/luis-a/panda_ws/install/srdfdom:/home/luis-a/panda_ws/install/moveit_resources_pr2_description:/home/luis-a/panda_ws/install/moveit_resources_panda_description:/home/luis-a/panda_ws/install/moveit_common:/home/luis-a/panda_ws/install/launch_param_builder:${AMENT_PREFIX_PATH} CMAKE_PREFIX_PATH=/home/luis-a/panda_ws/install/moveit_ros_planning:/home/luis-a/panda_ws/install/moveit_ros_occupancy_map_monitor:/home/luis-a/panda_ws/install/moveit_core:/home/luis-a/panda_ws/install/moveit_resources_panda_moveit_config:/home/luis-a/panda_ws/install/srdfdom:/home/luis-a/panda_ws/install/moveit_resources_pr2_description:/home/luis-a/panda_ws/install/moveit_resources_panda_description:/home/luis-a/panda_ws/install/moveit_common:/opt/ros/humble LD_LIBRARY_PATH=/home/luis-a/panda_ws/install/moveit_ros_planning/lib:/home/luis-a/panda_ws/install/moveit_ros_occupancy_map_monitor/lib:/home/luis-a/panda_ws/install/moveit_core/lib:/home/luis-a/panda_ws/install/srdfdom/lib:${LD_LIBRARY_PATH} PATH=/home/luis-a/panda_ws/install/moveit_core/bin:${PATH} PYTHONPATH=/home/luis-a/panda_ws/install/moveit_configs_utils/lib/python3.10/site-packages:/home/luis-a/panda_ws/install/srdfdom/local/lib/python3.10/dist-packages:/home/luis-a/panda_ws/install/launch_param_builder/lib/python3.10/site-packages:${PYTHONPATH} /usr/bin/cmake --build /home/luis-a/panda_ws/build/moveit_ros_warehouse -- -j32 -l32
[1.269s] [ 10%] [32mBuilding CXX object CMakeFiles/moveit_warehouse.dir/src/planning_scene_world_storage.cpp.o[0m
[1.269s] [ 10%] [32mBuilding CXX object CMakeFiles/moveit_warehouse.dir/src/trajectory_constraints_storage.cpp.o[0m
[1.269s] [ 15%] [32mBuilding CXX object CMakeFiles/moveit_warehouse.dir/src/constraints_storage.cpp.o[0m
[1.270s] [ 25%] [32mBuilding CXX object CMakeFiles/moveit_warehouse.dir/src/state_storage.cpp.o[0m
[1.270s] [ 25%] [32mBuilding CXX object CMakeFiles/moveit_warehouse.dir/src/moveit_message_storage.cpp.o[0m
[1.270s] [ 30%] [32mBuilding CXX object CMakeFiles/moveit_warehouse.dir/src/planning_scene_storage.cpp.o[0m
[1.271s] [ 35%] [32mBuilding CXX object CMakeFiles/moveit_warehouse.dir/src/warehouse_connector.cpp.o[0m
[13.335s] [ 40%] [32m[1mLinking CXX shared library libmoveit_warehouse.so[0m
[13.707s] [ 40%] Built target moveit_warehouse
[13.726s] [ 45%] [32mBuilding CXX object CMakeFiles/moveit_warehouse_broadcast.dir/src/broadcast.cpp.o[0m
[13.727s] [ 60%] [32mBuilding CXX object CMakeFiles/moveit_warehouse_import_from_text.dir/src/import_from_text.cpp.o[0m
[13.727s] [ 60%] [32mBuilding CXX object CMakeFiles/moveit_save_to_warehouse.dir/src/save_to_warehouse.cpp.o[0m
[13.727s] [ 60%] [32mBuilding CXX object CMakeFiles/moveit_init_demo_warehouse.dir/src/initialize_demo_db.cpp.o[0m
[13.728s] [ 70%] [32mBuilding CXX object CMakeFiles/moveit_warehouse_services.dir/src/warehouse_services.cpp.o[0m
[13.728s] [ 70%] [32mBuilding CXX object CMakeFiles/moveit_warehouse_save_as_text.dir/src/save_as_text.cpp.o[0m
[19.777s] [ 75%] [32m[1mLinking CXX executable moveit_warehouse_services[0m
[20.007s] [ 75%] Built target moveit_warehouse_services
[21.345s] [ 80%] [32m[1mLinking CXX executable moveit_warehouse_save_as_text[0m
[21.431s] [ 85%] [32m[1mLinking CXX executable moveit_init_demo_warehouse[0m
[21.485s] [ 90%] [32m[1mLinking CXX executable moveit_warehouse_broadcast[0m
[21.577s] [ 90%] Built target moveit_warehouse_save_as_text
[21.639s] [ 90%] Built target moveit_warehouse_broadcast
[21.659s] [ 90%] Built target moveit_init_demo_warehouse
[21.743s] [ 95%] [32m[1mLinking CXX executable moveit_warehouse_import_from_text[0m
[21.944s] [ 95%] Built target moveit_warehouse_import_from_text
[29.290s] [100%] [32m[1mLinking CXX executable moveit_save_to_warehouse[0m
[29.512s] [100%] Built target moveit_save_to_warehouse
[29.520s] Invoked command in '/home/luis-a/panda_ws/build/moveit_ros_warehouse' returned '0': AMENT_PREFIX_PATH=/home/luis-a/panda_ws/install/moveit_ros_planning:/home/luis-a/panda_ws/install/moveit_ros_occupancy_map_monitor:/home/luis-a/panda_ws/install/moveit_core:/home/luis-a/panda_ws/install/moveit_resources_panda_moveit_config:/home/luis-a/panda_ws/install/moveit_configs_utils:/home/luis-a/panda_ws/install/srdfdom:/home/luis-a/panda_ws/install/moveit_resources_pr2_description:/home/luis-a/panda_ws/install/moveit_resources_panda_description:/home/luis-a/panda_ws/install/moveit_common:/home/luis-a/panda_ws/install/launch_param_builder:${AMENT_PREFIX_PATH} CMAKE_PREFIX_PATH=/home/luis-a/panda_ws/install/moveit_ros_planning:/home/luis-a/panda_ws/install/moveit_ros_occupancy_map_monitor:/home/luis-a/panda_ws/install/moveit_core:/home/luis-a/panda_ws/install/moveit_resources_panda_moveit_config:/home/luis-a/panda_ws/install/srdfdom:/home/luis-a/panda_ws/install/moveit_resources_pr2_description:/home/luis-a/panda_ws/install/moveit_resources_panda_description:/home/luis-a/panda_ws/install/moveit_common:/opt/ros/humble LD_LIBRARY_PATH=/home/luis-a/panda_ws/install/moveit_ros_planning/lib:/home/luis-a/panda_ws/install/moveit_ros_occupancy_map_monitor/lib:/home/luis-a/panda_ws/install/moveit_core/lib:/home/luis-a/panda_ws/install/srdfdom/lib:${LD_LIBRARY_PATH} PATH=/home/luis-a/panda_ws/install/moveit_core/bin:${PATH} PYTHONPATH=/home/luis-a/panda_ws/install/moveit_configs_utils/lib/python3.10/site-packages:/home/luis-a/panda_ws/install/srdfdom/local/lib/python3.10/dist-packages:/home/luis-a/panda_ws/install/launch_param_builder/lib/python3.10/site-packages:${PYTHONPATH} /usr/bin/cmake --build /home/luis-a/panda_ws/build/moveit_ros_warehouse -- -j32 -l32
[29.553s] Invoking command in '/home/luis-a/panda_ws/build/moveit_ros_warehouse': AMENT_PREFIX_PATH=/home/luis-a/panda_ws/install/moveit_ros_planning:/home/luis-a/panda_ws/install/moveit_ros_occupancy_map_monitor:/home/luis-a/panda_ws/install/moveit_core:/home/luis-a/panda_ws/install/moveit_resources_panda_moveit_config:/home/luis-a/panda_ws/install/moveit_configs_utils:/home/luis-a/panda_ws/install/srdfdom:/home/luis-a/panda_ws/install/moveit_resources_pr2_description:/home/luis-a/panda_ws/install/moveit_resources_panda_description:/home/luis-a/panda_ws/install/moveit_common:/home/luis-a/panda_ws/install/launch_param_builder:${AMENT_PREFIX_PATH} CMAKE_PREFIX_PATH=/home/luis-a/panda_ws/install/moveit_ros_planning:/home/luis-a/panda_ws/install/moveit_ros_occupancy_map_monitor:/home/luis-a/panda_ws/install/moveit_core:/home/luis-a/panda_ws/install/moveit_resources_panda_moveit_config:/home/luis-a/panda_ws/install/srdfdom:/home/luis-a/panda_ws/install/moveit_resources_pr2_description:/home/luis-a/panda_ws/install/moveit_resources_panda_description:/home/luis-a/panda_ws/install/moveit_common:/opt/ros/humble LD_LIBRARY_PATH=/home/luis-a/panda_ws/install/moveit_ros_planning/lib:/home/luis-a/panda_ws/install/moveit_ros_occupancy_map_monitor/lib:/home/luis-a/panda_ws/install/moveit_core/lib:/home/luis-a/panda_ws/install/srdfdom/lib:${LD_LIBRARY_PATH} PATH=/home/luis-a/panda_ws/install/moveit_core/bin:${PATH} PYTHONPATH=/home/luis-a/panda_ws/install/moveit_configs_utils/lib/python3.10/site-packages:/home/luis-a/panda_ws/install/srdfdom/local/lib/python3.10/dist-packages:/home/luis-a/panda_ws/install/launch_param_builder/lib/python3.10/site-packages:${PYTHONPATH} /usr/bin/cmake --install /home/luis-a/panda_ws/build/moveit_ros_warehouse
[29.558s] -- Install configuration: "Release"
[29.558s] -- Installing: /home/luis-a/panda_ws/install/moveit_ros_warehouse/lib/moveit_ros_warehouse/moveit_save_to_warehouse
[29.559s] -- Set runtime path of "/home/luis-a/panda_ws/install/moveit_ros_warehouse/lib/moveit_ros_warehouse/moveit_save_to_warehouse" to ""
[29.559s] -- Installing: /home/luis-a/panda_ws/install/moveit_ros_warehouse/lib/moveit_ros_warehouse/moveit_warehouse_broadcast
[29.560s] -- Set runtime path of "/home/luis-a/panda_ws/install/moveit_ros_warehouse/lib/moveit_ros_warehouse/moveit_warehouse_broadcast" to ""
[29.560s] -- Installing: /home/luis-a/panda_ws/install/moveit_ros_warehouse/lib/moveit_ros_warehouse/moveit_warehouse_import_from_text
[29.560s] -- Set runtime path of "/home/luis-a/panda_ws/install/moveit_ros_warehouse/lib/moveit_ros_warehouse/moveit_warehouse_import_from_text" to ""
[29.560s] -- Installing: /home/luis-a/panda_ws/install/moveit_ros_warehouse/lib/moveit_ros_warehouse/moveit_warehouse_save_as_text
[29.560s] -- Set runtime path of "/home/luis-a/panda_ws/install/moveit_ros_warehouse/lib/moveit_ros_warehouse/moveit_warehouse_save_as_text" to ""
[29.560s] -- Installing: /home/luis-a/panda_ws/install/moveit_ros_warehouse/lib/moveit_ros_warehouse/moveit_init_demo_warehouse
[29.561s] -- Set runtime path of "/home/luis-a/panda_ws/install/moveit_ros_warehouse/lib/moveit_ros_warehouse/moveit_init_demo_warehouse" to ""
[29.561s] -- Installing: /home/luis-a/panda_ws/install/moveit_ros_warehouse/lib/moveit_ros_warehouse/moveit_warehouse_services
[29.561s] -- Set runtime path of "/home/luis-a/panda_ws/install/moveit_ros_warehouse/lib/moveit_ros_warehouse/moveit_warehouse_services" to ""
[29.561s] -- Installing: /home/luis-a/panda_ws/install/moveit_ros_warehouse/include
[29.561s] -- Installing: /home/luis-a/panda_ws/install/moveit_ros_warehouse/include/moveit
[29.561s] -- Installing: /home/luis-a/panda_ws/install/moveit_ros_warehouse/include/moveit/warehouse
[29.561s] -- Installing: /home/luis-a/panda_ws/install/moveit_ros_warehouse/include/moveit/warehouse/moveit_message_storage.h
[29.561s] -- Installing: /home/luis-a/panda_ws/install/moveit_ros_warehouse/include/moveit/warehouse/warehouse_connector.h
[29.562s] -- Installing: /home/luis-a/panda_ws/install/moveit_ros_warehouse/include/moveit/warehouse/trajectory_constraints_storage.h
[29.562s] -- Installing: /home/luis-a/panda_ws/install/moveit_ros_warehouse/include/moveit/warehouse/planning_scene_storage.h
[29.562s] -- Installing: /home/luis-a/panda_ws/install/moveit_ros_warehouse/include/moveit/warehouse/planning_scene_world_storage.h
[29.562s] -- Installing: /home/luis-a/panda_ws/install/moveit_ros_warehouse/include/moveit/warehouse/state_storage.h
[29.562s] -- Installing: /home/luis-a/panda_ws/install/moveit_ros_warehouse/include/moveit/warehouse/constraints_storage.h
[29.562s] -- Installing: /home/luis-a/panda_ws/install/moveit_ros_warehouse/include/moveit_warehouse_export.h
[29.562s] -- Installing: /home/luis-a/panda_ws/install/moveit_ros_warehouse/lib/libmoveit_warehouse.so.2.5.6
[29.563s] -- Set runtime path of "/home/luis-a/panda_ws/install/moveit_ros_warehouse/lib/libmoveit_warehouse.so.2.5.6" to ""
[29.563s] -- Installing: /home/luis-a/panda_ws/install/moveit_ros_warehouse/lib/libmoveit_warehouse.so
[29.563s] -- Installing: /home/luis-a/panda_ws/install/moveit_ros_warehouse/share/moveit_ros_warehouse/environment/library_path.sh
[29.563s] -- Installing: /home/luis-a/panda_ws/install/moveit_ros_warehouse/share/moveit_ros_warehouse/environment/library_path.dsv
[29.563s] -- Installing: /home/luis-a/panda_ws/install/moveit_ros_warehouse/share/ament_index/resource_index/package_run_dependencies/moveit_ros_warehouse
[29.563s] -- Installing: /home/luis-a/panda_ws/install/moveit_ros_warehouse/share/ament_index/resource_index/parent_prefix_path/moveit_ros_warehouse
[29.563s] -- Installing: /home/luis-a/panda_ws/install/moveit_ros_warehouse/share/moveit_ros_warehouse/environment/ament_prefix_path.sh
[29.563s] -- Installing: /home/luis-a/panda_ws/install/moveit_ros_warehouse/share/moveit_ros_warehouse/environment/ament_prefix_path.dsv
[29.563s] -- Installing: /home/luis-a/panda_ws/install/moveit_ros_warehouse/share/moveit_ros_warehouse/environment/path.sh
[29.563s] -- Installing: /home/luis-a/panda_ws/install/moveit_ros_warehouse/share/moveit_ros_warehouse/environment/path.dsv
[29.564s] -- Installing: /home/luis-a/panda_ws/install/moveit_ros_warehouse/share/moveit_ros_warehouse/local_setup.bash
[29.564s] -- Installing: /home/luis-a/panda_ws/install/moveit_ros_warehouse/share/moveit_ros_warehouse/local_setup.sh
[29.564s] -- Installing: /home/luis-a/panda_ws/install/moveit_ros_warehouse/share/moveit_ros_warehouse/local_setup.zsh
[29.564s] -- Installing: /home/luis-a/panda_ws/install/moveit_ros_warehouse/share/moveit_ros_warehouse/local_setup.dsv
[29.564s] -- Installing: /home/luis-a/panda_ws/install/moveit_ros_warehouse/share/moveit_ros_warehouse/package.dsv
[29.564s] -- Installing: /home/luis-a/panda_ws/install/moveit_ros_warehouse/share/ament_index/resource_index/packages/moveit_ros_warehouse
[29.564s] -- Installing: /home/luis-a/panda_ws/install/moveit_ros_warehouse/share/moveit_ros_warehouse/cmake/export_moveit_ros_warehouseExport.cmake
[29.564s] -- Installing: /home/luis-a/panda_ws/install/moveit_ros_warehouse/share/moveit_ros_warehouse/cmake/export_moveit_ros_warehouseExport-release.cmake
[29.564s] -- Installing: /home/luis-a/panda_ws/install/moveit_ros_warehouse/share/moveit_ros_warehouse/cmake/ConfigExtras.cmake
[29.564s] -- Installing: /home/luis-a/panda_ws/install/moveit_ros_warehouse/share/moveit_ros_warehouse/cmake/ament_cmake_export_targets-extras.cmake
[29.564s] -- Installing: /home/luis-a/panda_ws/install/moveit_ros_warehouse/share/moveit_ros_warehouse/cmake/ament_cmake_export_dependencies-extras.cmake
[29.564s] -- Installing: /home/luis-a/panda_ws/install/moveit_ros_warehouse/share/moveit_ros_warehouse/cmake/moveit_ros_warehouseConfig.cmake
[29.565s] -- Installing: /home/luis-a/panda_ws/install/moveit_ros_warehouse/share/moveit_ros_warehouse/cmake/moveit_ros_warehouseConfig-version.cmake
[29.565s] -- Installing: /home/luis-a/panda_ws/install/moveit_ros_warehouse/share/moveit_ros_warehouse/package.xml
[29.566s] Invoked command in '/home/luis-a/panda_ws/build/moveit_ros_warehouse' returned '0': AMENT_PREFIX_PATH=/home/luis-a/panda_ws/install/moveit_ros_planning:/home/luis-a/panda_ws/install/moveit_ros_occupancy_map_monitor:/home/luis-a/panda_ws/install/moveit_core:/home/luis-a/panda_ws/install/moveit_resources_panda_moveit_config:/home/luis-a/panda_ws/install/moveit_configs_utils:/home/luis-a/panda_ws/install/srdfdom:/home/luis-a/panda_ws/install/moveit_resources_pr2_description:/home/luis-a/panda_ws/install/moveit_resources_panda_description:/home/luis-a/panda_ws/install/moveit_common:/home/luis-a/panda_ws/install/launch_param_builder:${AMENT_PREFIX_PATH} CMAKE_PREFIX_PATH=/home/luis-a/panda_ws/install/moveit_ros_planning:/home/luis-a/panda_ws/install/moveit_ros_occupancy_map_monitor:/home/luis-a/panda_ws/install/moveit_core:/home/luis-a/panda_ws/install/moveit_resources_panda_moveit_config:/home/luis-a/panda_ws/install/srdfdom:/home/luis-a/panda_ws/install/moveit_resources_pr2_description:/home/luis-a/panda_ws/install/moveit_resources_panda_description:/home/luis-a/panda_ws/install/moveit_common:/opt/ros/humble LD_LIBRARY_PATH=/home/luis-a/panda_ws/install/moveit_ros_planning/lib:/home/luis-a/panda_ws/install/moveit_ros_occupancy_map_monitor/lib:/home/luis-a/panda_ws/install/moveit_core/lib:/home/luis-a/panda_ws/install/srdfdom/lib:${LD_LIBRARY_PATH} PATH=/home/luis-a/panda_ws/install/moveit_core/bin:${PATH} PYTHONPATH=/home/luis-a/panda_ws/install/moveit_configs_utils/lib/python3.10/site-packages:/home/luis-a/panda_ws/install/srdfdom/local/lib/python3.10/dist-packages:/home/luis-a/panda_ws/install/launch_param_builder/lib/python3.10/site-packages:${PYTHONPATH} /usr/bin/cmake --install /home/luis-a/panda_ws/build/moveit_ros_warehouse
