[01m[K/home/luis-a/panda_ws/src/move_program/src/move_program.cpp:[m[K In function ‘[01m[Kvoid spherePoseCallback(geometry_msgs::msg::Pose_<std::allocator<void> >::SharedPtr, moveit::planning_interface::MoveGroupInterface&, rclcpp::Publisher<sensor_msgs::msg::JointState_<std::allocator<void> > >::SharedPtr, rclcpp::Node::SharedPtr, const rclcpp::Logger&)[m[K’:
[01m[K/home/luis-a/panda_ws/src/move_program/src/move_program.cpp:137:33:[m[K [01;31m[Kerror: [m[Kexpected ‘[01m[K)[m[K’ before numeric constant
  137 |   tf2::Vector3 local_offset[34m[K([m[K-0.2[01;31m[K [m[K[32m[K0.0[m[K, 0.0);  // Offset in x, y, z (local frame)
      |                            [34m[K~[m[K    [01;31m[K^[m[K[32m[K~~~[m[K
      |                                 [32m[K)[m[K
[01m[K/home/luis-a/panda_ws/src/move_program/src/move_program.cpp:137:42:[m[K [01;31m[Kerror: [m[Kno matching function for call to ‘[01m[Ktf2::Vector3::Vector3(double, double)[m[K’
  137 |   tf2::Vector3 local_offset(-0.2 0.0, 0.0[01;31m[K)[m[K;  // Offset in x, y, z (local frame)
      |                                          [01;31m[K^[m[K
In file included from [01m[K/opt/ros/humble/include/tf2/tf2/LinearMath/Matrix3x3.h:19[m[K,
                 from [01m[K/opt/ros/humble/include/tf2/tf2/LinearMath/Transform.h:21[m[K,
                 from [01m[K/opt/ros/humble/include/tf2/tf2/buffer_core.h:47[m[K,
                 from [01m[K/opt/ros/humble/include/tf2_ros/tf2_ros/async_buffer_interface.h:39[m[K,
                 from [01m[K/opt/ros/humble/include/tf2_ros/tf2_ros/buffer.h:41[m[K,
                 from [01m[K/home/luis-a/panda_ws/install/moveit_ros_planning_interface/include/moveit/move_group_interface/move_group_interface.h:62[m[K,
                 from [01m[K/home/luis-a/panda_ws/src/move_program/src/move_program.cpp:5[m[K:
[01m[K/opt/ros/humble/include/tf2/tf2/LinearMath/Vector3.h:81:30:[m[K [01;36m[Knote: [m[Kcandidate: ‘[01m[Ktf2::Vector3::Vector3(const tf2Scalar&, const tf2Scalar&, const tf2Scalar&)[m[K’
   81 |         TF2SIMD_FORCE_INLINE [01;36m[KVector3[m[K(const tf2Scalar& x, const tf2Scalar& y, const tf2Scalar& z)
      |                              [01;36m[K^~~~~~~[m[K
[01m[K/opt/ros/humble/include/tf2/tf2/LinearMath/Vector3.h:81:30:[m[K [01;36m[Knote: [m[K  candidate expects 3 arguments, 2 provided
[01m[K/opt/ros/humble/include/tf2/tf2/LinearMath/Vector3.h:72:30:[m[K [01;36m[Knote: [m[Kcandidate: ‘[01m[Ktf2::Vector3::Vector3()[m[K’
   72 |         TF2SIMD_FORCE_INLINE [01;36m[KVector3[m[K() {}
      |                              [01;36m[K^~~~~~~[m[K
[01m[K/opt/ros/humble/include/tf2/tf2/LinearMath/Vector3.h:72:30:[m[K [01;36m[Knote: [m[K  candidate expects 0 arguments, 2 provided
[01m[K/opt/ros/humble/include/tf2/tf2/LinearMath/Vector3.h:38:28:[m[K [01;36m[Knote: [m[Kcandidate: ‘[01m[Kconstexpr tf2::Vector3::Vector3(const tf2::Vector3&)[m[K’
   38 | ATTRIBUTE_ALIGNED16(class) [01;36m[KVector3[m[K
      |                            [01;36m[K^~~~~~~[m[K
[01m[K/opt/ros/humble/include/tf2/tf2/LinearMath/Vector3.h:38:28:[m[K [01;36m[Knote: [m[K  candidate expects 1 argument, 2 provided
[01m[K/opt/ros/humble/include/tf2/tf2/LinearMath/Vector3.h:38:28:[m[K [01;36m[Knote: [m[Kcandidate: ‘[01m[Kconstexpr tf2::Vector3::Vector3(tf2::Vector3&&)[m[K’
[01m[K/opt/ros/humble/include/tf2/tf2/LinearMath/Vector3.h:38:28:[m[K [01;36m[Knote: [m[K  candidate expects 1 argument, 2 provided
gmake[2]: *** [CMakeFiles/move_program.dir/build.make:76: CMakeFiles/move_program.dir/src/move_program.cpp.o] Error 1
gmake[1]: *** [CMakeFiles/Makefile2:137: CMakeFiles/move_program.dir/all] Error 2
gmake: *** [Makefile:146: all] Error 2
