[0.376s] Invoking command in '/home/luis-a/panda_ws/src/launch_param_builder': PYTHONPATH=/home/luis-a/panda_ws/build/launch_param_builder/prefix_override:/usr/lib/python3/dist-packages/colcon_core/task/python/colcon_distutils_commands:/home/luis-a/panda_ws/install/launch_param_builder/lib/python3.10/site-packages:${PYTHONPATH} /usr/bin/python3 -W ignore:setup.py install is deprecated setup.py egg_info --egg-base ../../build/launch_param_builder build --build-base /home/luis-a/panda_ws/build/launch_param_builder/build install --record /home/luis-a/panda_ws/build/launch_param_builder/install.log --single-version-externally-managed install_data
[0.487s] running egg_info
[0.487s] creating ../../build/launch_param_builder/launch_param_builder.egg-info
[0.487s] writing ../../build/launch_param_builder/launch_param_builder.egg-info/PKG-INFO
[0.487s] writing dependency_links to ../../build/launch_param_builder/launch_param_builder.egg-info/dependency_links.txt
[0.487s] writing entry points to ../../build/launch_param_builder/launch_param_builder.egg-info/entry_points.txt
[0.487s] writing requirements to ../../build/launch_param_builder/launch_param_builder.egg-info/requires.txt
[0.487s] writing top-level names to ../../build/launch_param_builder/launch_param_builder.egg-info/top_level.txt
[0.487s] writing manifest file '../../build/launch_param_builder/launch_param_builder.egg-info/SOURCES.txt'
[0.488s] reading manifest file '../../build/launch_param_builder/launch_param_builder.egg-info/SOURCES.txt'
[0.488s] adding license file 'LICENSE'
[0.488s] writing manifest file '../../build/launch_param_builder/launch_param_builder.egg-info/SOURCES.txt'
[0.488s] running build
[0.489s] running build_py
[0.489s] creating /home/luis-a/panda_ws/build/launch_param_builder/build
[0.489s] creating /home/luis-a/panda_ws/build/launch_param_builder/build/lib
[0.489s] creating /home/luis-a/panda_ws/build/launch_param_builder/build/lib/launch_param_builder
[0.489s] copying launch_param_builder/__init__.py -> /home/luis-a/panda_ws/build/launch_param_builder/build/lib/launch_param_builder
[0.489s] copying launch_param_builder/launch_param_builder.py -> /home/luis-a/panda_ws/build/launch_param_builder/build/lib/launch_param_builder
[0.489s] copying launch_param_builder/utils.py -> /home/luis-a/panda_ws/build/launch_param_builder/build/lib/launch_param_builder
[0.489s] running install
[0.489s] running install_lib
[0.489s] creating /home/luis-a/panda_ws/install/launch_param_builder/lib/python3.10/site-packages/launch_param_builder
[0.489s] copying /home/luis-a/panda_ws/build/launch_param_builder/build/lib/launch_param_builder/__init__.py -> /home/luis-a/panda_ws/install/launch_param_builder/lib/python3.10/site-packages/launch_param_builder
[0.489s] copying /home/luis-a/panda_ws/build/launch_param_builder/build/lib/launch_param_builder/launch_param_builder.py -> /home/luis-a/panda_ws/install/launch_param_builder/lib/python3.10/site-packages/launch_param_builder
[0.489s] copying /home/luis-a/panda_ws/build/launch_param_builder/build/lib/launch_param_builder/utils.py -> /home/luis-a/panda_ws/install/launch_param_builder/lib/python3.10/site-packages/launch_param_builder
[0.490s] byte-compiling /home/luis-a/panda_ws/install/launch_param_builder/lib/python3.10/site-packages/launch_param_builder/__init__.py to __init__.cpython-310.pyc
[0.490s] byte-compiling /home/luis-a/panda_ws/install/launch_param_builder/lib/python3.10/site-packages/launch_param_builder/launch_param_builder.py to launch_param_builder.cpython-310.pyc
[0.490s] byte-compiling /home/luis-a/panda_ws/install/launch_param_builder/lib/python3.10/site-packages/launch_param_builder/utils.py to utils.cpython-310.pyc
[0.490s] running install_data
[0.490s] creating /home/luis-a/panda_ws/install/launch_param_builder/share/ament_index
[0.490s] creating /home/luis-a/panda_ws/install/launch_param_builder/share/ament_index/resource_index
[0.490s] creating /home/luis-a/panda_ws/install/launch_param_builder/share/ament_index/resource_index/packages
[0.490s] copying resource/launch_param_builder -> /home/luis-a/panda_ws/install/launch_param_builder/share/ament_index/resource_index/packages
[0.490s] creating /home/luis-a/panda_ws/install/launch_param_builder/share/launch_param_builder/launch
[0.490s] copying example/launch_param_builder_example.launch.py -> /home/luis-a/panda_ws/install/launch_param_builder/share/launch_param_builder/launch
[0.491s] creating /home/luis-a/panda_ws/install/launch_param_builder/share/launch_param_builder/config
[0.491s] copying test/data/parameters.yaml -> /home/luis-a/panda_ws/install/launch_param_builder/share/launch_param_builder/config
[0.491s] copying test/data/parameter.xacro -> /home/luis-a/panda_ws/install/launch_param_builder/share/launch_param_builder/config
[0.491s] copying test/data/parameters_injection.yaml -> /home/luis-a/panda_ws/install/launch_param_builder/share/launch_param_builder/config
[0.491s] copying test/data/parameter_file -> /home/luis-a/panda_ws/install/launch_param_builder/share/launch_param_builder/config
[0.491s] copying test/data/param_file_to_inject.yaml -> /home/luis-a/panda_ws/install/launch_param_builder/share/launch_param_builder/config
[0.491s] copying package.xml -> /home/luis-a/panda_ws/install/launch_param_builder/share/launch_param_builder
[0.491s] creating /home/luis-a/panda_ws/install/launch_param_builder/lib/launch_param_builder
[0.491s] copying example/example_node.py -> /home/luis-a/panda_ws/install/launch_param_builder/lib/launch_param_builder
[0.491s] running install_egg_info
[0.492s] Copying ../../build/launch_param_builder/launch_param_builder.egg-info to /home/luis-a/panda_ws/install/launch_param_builder/lib/python3.10/site-packages/launch_param_builder-0.1.1-py3.10.egg-info
[0.492s] running install_scripts
[0.503s] writing list of installed files to '/home/luis-a/panda_ws/build/launch_param_builder/install.log'
[0.516s] Invoked command in '/home/luis-a/panda_ws/src/launch_param_builder' returned '0': PYTHONPATH=/home/luis-a/panda_ws/build/launch_param_builder/prefix_override:/usr/lib/python3/dist-packages/colcon_core/task/python/colcon_distutils_commands:/home/luis-a/panda_ws/install/launch_param_builder/lib/python3.10/site-packages:${PYTHONPATH} /usr/bin/python3 -W ignore:setup.py install is deprecated setup.py egg_info --egg-base ../../build/launch_param_builder build --build-base /home/luis-a/panda_ws/build/launch_param_builder/build install --record /home/luis-a/panda_ws/build/launch_param_builder/install.log --single-version-externally-managed install_data
