[0.006s] Invoking command in '/home/luis-a/panda_ws/build/moveit_resources': AMENT_PREFIX_PATH=/home/luis-a/panda_ws/install/moveit_resources_panda_moveit_config:/home/luis-a/panda_ws/install/moveit_resources_fanuc_moveit_config:/home/luis-a/panda_ws/install/moveit_resources_pr2_description:/home/luis-a/panda_ws/install/moveit_resources_panda_description:/home/luis-a/panda_ws/install/moveit_resources_fanuc_description:${AMENT_PREFIX_PATH} CMAKE_PREFIX_PATH=/home/luis-a/panda_ws/install/moveit_resources_panda_moveit_config:/home/luis-a/panda_ws/install/moveit_resources_fanuc_moveit_config:/home/luis-a/panda_ws/install/moveit_resources_pr2_description:/home/luis-a/panda_ws/install/moveit_resources_panda_description:/home/luis-a/panda_ws/install/moveit_resources_fanuc_description:/opt/ros/humble /usr/bin/cmake /home/luis-a/panda_ws/src/moveit_resources/moveit_resources -DCMAKE_BUILD_TYPE=Release -DCMAKE_INSTALL_PREFIX=/home/luis-a/panda_ws/install/moveit_resources
[0.037s] -- The C compiler identification is GNU 11.4.0
[0.068s] -- The CXX compiler identification is GNU 11.4.0
[0.072s] -- Detecting C compiler ABI info
[0.114s] -- Detecting C compiler ABI info - done
[0.118s] -- Check for working C compiler: /usr/bin/cc - skipped
[0.118s] -- Detecting C compile features
[0.118s] -- Detecting C compile features - done
[0.120s] -- Detecting CXX compiler ABI info
[0.168s] -- Detecting CXX compiler ABI info - done
[0.172s] -- Check for working CXX compiler: /usr/bin/c++ - skipped
[0.172s] -- Detecting CXX compile features
[0.172s] -- Detecting CXX compile features - done
[0.174s] -- Found ament_cmake: 1.3.10 (/opt/ros/humble/share/ament_cmake/cmake)
[0.257s] -- Found Python3: /usr/bin/python3 (found version "3.10.12") found components: Interpreter 
[0.338s] -- Configuring done
[0.340s] -- Generating done
[0.340s] -- Build files have been written to: /home/luis-a/panda_ws/build/moveit_resources
[0.344s] Invoked command in '/home/luis-a/panda_ws/build/moveit_resources' returned '0': AMENT_PREFIX_PATH=/home/luis-a/panda_ws/install/moveit_resources_panda_moveit_config:/home/luis-a/panda_ws/install/moveit_resources_fanuc_moveit_config:/home/luis-a/panda_ws/install/moveit_resources_pr2_description:/home/luis-a/panda_ws/install/moveit_resources_panda_description:/home/luis-a/panda_ws/install/moveit_resources_fanuc_description:${AMENT_PREFIX_PATH} CMAKE_PREFIX_PATH=/home/luis-a/panda_ws/install/moveit_resources_panda_moveit_config:/home/luis-a/panda_ws/install/moveit_resources_fanuc_moveit_config:/home/luis-a/panda_ws/install/moveit_resources_pr2_description:/home/luis-a/panda_ws/install/moveit_resources_panda_description:/home/luis-a/panda_ws/install/moveit_resources_fanuc_description:/opt/ros/humble /usr/bin/cmake /home/luis-a/panda_ws/src/moveit_resources/moveit_resources -DCMAKE_BUILD_TYPE=Release -DCMAKE_INSTALL_PREFIX=/home/luis-a/panda_ws/install/moveit_resources
[0.345s] Invoking command in '/home/luis-a/panda_ws/build/moveit_resources': AMENT_PREFIX_PATH=/home/luis-a/panda_ws/install/moveit_resources_panda_moveit_config:/home/luis-a/panda_ws/install/moveit_resources_fanuc_moveit_config:/home/luis-a/panda_ws/install/moveit_resources_pr2_description:/home/luis-a/panda_ws/install/moveit_resources_panda_description:/home/luis-a/panda_ws/install/moveit_resources_fanuc_description:${AMENT_PREFIX_PATH} CMAKE_PREFIX_PATH=/home/luis-a/panda_ws/install/moveit_resources_panda_moveit_config:/home/luis-a/panda_ws/install/moveit_resources_fanuc_moveit_config:/home/luis-a/panda_ws/install/moveit_resources_pr2_description:/home/luis-a/panda_ws/install/moveit_resources_panda_description:/home/luis-a/panda_ws/install/moveit_resources_fanuc_description:/opt/ros/humble /usr/bin/cmake --build /home/luis-a/panda_ws/build/moveit_resources -- -j32 -l32
[0.368s] Invoked command in '/home/luis-a/panda_ws/build/moveit_resources' returned '0': AMENT_PREFIX_PATH=/home/luis-a/panda_ws/install/moveit_resources_panda_moveit_config:/home/luis-a/panda_ws/install/moveit_resources_fanuc_moveit_config:/home/luis-a/panda_ws/install/moveit_resources_pr2_description:/home/luis-a/panda_ws/install/moveit_resources_panda_description:/home/luis-a/panda_ws/install/moveit_resources_fanuc_description:${AMENT_PREFIX_PATH} CMAKE_PREFIX_PATH=/home/luis-a/panda_ws/install/moveit_resources_panda_moveit_config:/home/luis-a/panda_ws/install/moveit_resources_fanuc_moveit_config:/home/luis-a/panda_ws/install/moveit_resources_pr2_description:/home/luis-a/panda_ws/install/moveit_resources_panda_description:/home/luis-a/panda_ws/install/moveit_resources_fanuc_description:/opt/ros/humble /usr/bin/cmake --build /home/luis-a/panda_ws/build/moveit_resources -- -j32 -l32
[0.381s] Invoking command in '/home/luis-a/panda_ws/build/moveit_resources': AMENT_PREFIX_PATH=/home/luis-a/panda_ws/install/moveit_resources_panda_moveit_config:/home/luis-a/panda_ws/install/moveit_resources_fanuc_moveit_config:/home/luis-a/panda_ws/install/moveit_resources_pr2_description:/home/luis-a/panda_ws/install/moveit_resources_panda_description:/home/luis-a/panda_ws/install/moveit_resources_fanuc_description:${AMENT_PREFIX_PATH} CMAKE_PREFIX_PATH=/home/luis-a/panda_ws/install/moveit_resources_panda_moveit_config:/home/luis-a/panda_ws/install/moveit_resources_fanuc_moveit_config:/home/luis-a/panda_ws/install/moveit_resources_pr2_description:/home/luis-a/panda_ws/install/moveit_resources_panda_description:/home/luis-a/panda_ws/install/moveit_resources_fanuc_description:/opt/ros/humble /usr/bin/cmake --install /home/luis-a/panda_ws/build/moveit_resources
[0.386s] -- Install configuration: "Release"
[0.386s] -- Installing: /home/luis-a/panda_ws/install/moveit_resources/share/ament_index/resource_index/package_run_dependencies/moveit_resources
[0.386s] -- Installing: /home/luis-a/panda_ws/install/moveit_resources/share/ament_index/resource_index/parent_prefix_path/moveit_resources
[0.386s] -- Installing: /home/luis-a/panda_ws/install/moveit_resources/share/moveit_resources/environment/ament_prefix_path.sh
[0.386s] -- Installing: /home/luis-a/panda_ws/install/moveit_resources/share/moveit_resources/environment/ament_prefix_path.dsv
[0.387s] -- Installing: /home/luis-a/panda_ws/install/moveit_resources/share/moveit_resources/environment/path.sh
[0.387s] -- Installing: /home/luis-a/panda_ws/install/moveit_resources/share/moveit_resources/environment/path.dsv
[0.387s] -- Installing: /home/luis-a/panda_ws/install/moveit_resources/share/moveit_resources/local_setup.bash
[0.387s] -- Installing: /home/luis-a/panda_ws/install/moveit_resources/share/moveit_resources/local_setup.sh
[0.387s] -- Installing: /home/luis-a/panda_ws/install/moveit_resources/share/moveit_resources/local_setup.zsh
[0.387s] -- Installing: /home/luis-a/panda_ws/install/moveit_resources/share/moveit_resources/local_setup.dsv
[0.387s] -- Installing: /home/luis-a/panda_ws/install/moveit_resources/share/moveit_resources/package.dsv
[0.387s] -- Installing: /home/luis-a/panda_ws/install/moveit_resources/share/ament_index/resource_index/packages/moveit_resources
[0.387s] -- Installing: /home/luis-a/panda_ws/install/moveit_resources/share/moveit_resources/cmake/moveit_resourcesConfig.cmake
[0.387s] -- Installing: /home/luis-a/panda_ws/install/moveit_resources/share/moveit_resources/cmake/moveit_resourcesConfig-version.cmake
[0.388s] -- Installing: /home/luis-a/panda_ws/install/moveit_resources/share/moveit_resources/package.xml
[0.389s] Invoked command in '/home/luis-a/panda_ws/build/moveit_resources' returned '0': AMENT_PREFIX_PATH=/home/luis-a/panda_ws/install/moveit_resources_panda_moveit_config:/home/luis-a/panda_ws/install/moveit_resources_fanuc_moveit_config:/home/luis-a/panda_ws/install/moveit_resources_pr2_description:/home/luis-a/panda_ws/install/moveit_resources_panda_description:/home/luis-a/panda_ws/install/moveit_resources_fanuc_description:${AMENT_PREFIX_PATH} CMAKE_PREFIX_PATH=/home/luis-a/panda_ws/install/moveit_resources_panda_moveit_config:/home/luis-a/panda_ws/install/moveit_resources_fanuc_moveit_config:/home/luis-a/panda_ws/install/moveit_resources_pr2_description:/home/luis-a/panda_ws/install/moveit_resources_panda_description:/home/luis-a/panda_ws/install/moveit_resources_fanuc_description:/opt/ros/humble /usr/bin/cmake --install /home/luis-a/panda_ws/build/moveit_resources
