[0.017s] Invoking command in '/home/luis-a/panda_ws/build/srdfdom': CMAKE_PREFIX_PATH=/opt/ros/humble /usr/bin/cmake /home/luis-a/panda_ws/src/srdfdom -DCMAKE_BUILD_TYPE=Release -DCMAKE_INSTALL_PREFIX=/home/luis-a/panda_ws/install/srdfdom
[0.146s] -- The CXX compiler identification is GNU 11.4.0
[0.146s] -- Detecting CXX compiler ABI info
[0.146s] -- Detecting CXX compiler ABI info - done
[0.146s] -- Check for working CXX compiler: /usr/bin/c++ - skipped
[0.146s] -- Detecting CXX compile features
[0.146s] -- Detecting CXX compile features - done
[0.146s] -- Found Boost: /usr/lib/x86_64-linux-gnu/cmake/Boost-1.74.0/BoostConfig.cmake (found version "1.74.0")  
[0.146s] -- Found ament_cmake: 1.3.10 (/opt/ros/humble/share/ament_cmake/cmake)
[0.209s] -- Found Python3: /usr/bin/python3 (found version "3.10.12") found components: Interpreter 
[0.256s] -- Found urdf: 2.6.1 (/opt/ros/humble/share/urdf/cmake)
[0.281s] -- Found TinyXML2 via Config file: TinyXML2_DIR-NOTFOUND
[0.327s] -- Found ament_cmake_gtest: 1.3.10 (/opt/ros/humble/share/ament_cmake_gtest/cmake)
[0.328s] -- Found ament_cmake_pytest: 1.3.10 (/opt/ros/humble/share/ament_cmake_pytest/cmake)
[0.501s] -- Found gtest sources under '/opt/ros/humble/src/gtest_vendor': C++ tests using 'Google Test' will be built
[0.526s] -- The C compiler identification is GNU 11.4.0
[0.531s] -- Detecting C compiler ABI info
[0.570s] -- Detecting C compiler ABI info - done
[0.573s] -- Check for working C compiler: /usr/bin/cc - skipped
[0.574s] -- Detecting C compile features
[0.574s] -- Detecting C compile features - done
[0.575s] -- Looking for C++ include pthread.h
[0.626s] -- Looking for C++ include pthread.h - found
[0.626s] -- Performing Test CMAKE_HAVE_LIBC_PTHREAD
[0.674s] -- Performing Test CMAKE_HAVE_LIBC_PTHREAD - Success
[0.675s] -- Found Threads: TRUE  
[0.677s] -- Found ament_lint_auto: 0.12.11 (/opt/ros/humble/share/ament_lint_auto/cmake)
[0.686s] -- Configuring done
[0.693s] -- Generating done
[0.694s] -- Build files have been written to: /home/luis-a/panda_ws/build/srdfdom
[0.698s] Invoked command in '/home/luis-a/panda_ws/build/srdfdom' returned '0': CMAKE_PREFIX_PATH=/opt/ros/humble /usr/bin/cmake /home/luis-a/panda_ws/src/srdfdom -DCMAKE_BUILD_TYPE=Release -DCMAKE_INSTALL_PREFIX=/home/luis-a/panda_ws/install/srdfdom
[0.699s] Invoking command in '/home/luis-a/panda_ws/build/srdfdom': CMAKE_PREFIX_PATH=/opt/ros/humble /usr/bin/cmake --build /home/luis-a/panda_ws/build/srdfdom -- -j32 -l32
[0.727s] [  9%] [32mBuilding CXX object CMakeFiles/srdfdom.dir/src/model.cpp.o[0m
[0.727s] [ 27%] [32mBuilding CXX object gtest/CMakeFiles/gtest.dir/src/gtest-all.cc.o[0m
[0.727s] [ 27%] [32mBuilding CXX object gtest/CMakeFiles/gtest_main.dir/src/gtest_main.cc.o[0m
[0.727s] [ 36%] [32mBuilding CXX object CMakeFiles/srdfdom.dir/src/srdf_writer.cpp.o[0m
[0.733s] [ 36%] Built target ament_cmake_python_copy_srdfdom
[0.845s] running egg_info
[0.845s] creating srdfdom.egg-info
[0.845s] writing srdfdom.egg-info/PKG-INFO
[0.845s] writing dependency_links to srdfdom.egg-info/dependency_links.txt
[0.845s] writing top-level names to srdfdom.egg-info/top_level.txt
[0.845s] writing manifest file 'srdfdom.egg-info/SOURCES.txt'
[0.846s] reading manifest file 'srdfdom.egg-info/SOURCES.txt'
[0.846s] writing manifest file 'srdfdom.egg-info/SOURCES.txt'
[0.862s] [ 36%] Built target ament_cmake_python_build_srdfdom_egg
[1.207s] [ 45%] [32m[1mLinking CXX static library libgtest_main.a[0m
[1.229s] [ 45%] Built target gtest_main
[2.472s] [ 54%] [32m[1mLinking CXX shared library libsrdfdom.so[0m
[2.527s] [ 54%] Built target srdfdom
[4.849s] [ 63%] [32m[1mLinking CXX static library libgtest.a[0m
[4.873s] [ 63%] Built target gtest
[4.884s] [ 72%] [32mBuilding CXX object CMakeFiles/test_cpp_C.dir/test/test_parser.cpp.o[0m
[4.885s] [ 81%] [32mBuilding CXX object CMakeFiles/test_cpp_nl_NL.UTF-8.dir/test/test_parser.cpp.o[0m
[6.166s] [ 90%] [32m[1mLinking CXX executable test_cpp_nl_NL.UTF-8[0m
[6.192s] [100%] [32m[1mLinking CXX executable test_cpp_C[0m
[6.215s] [100%] Built target test_cpp_nl_NL.UTF-8
[6.241s] [100%] Built target test_cpp_C
[6.249s] Invoked command in '/home/luis-a/panda_ws/build/srdfdom' returned '0': CMAKE_PREFIX_PATH=/opt/ros/humble /usr/bin/cmake --build /home/luis-a/panda_ws/build/srdfdom -- -j32 -l32
[6.270s] Invoking command in '/home/luis-a/panda_ws/build/srdfdom': CMAKE_PREFIX_PATH=/opt/ros/humble /usr/bin/cmake --install /home/luis-a/panda_ws/build/srdfdom
[6.275s] -- Install configuration: "Release"
[6.275s] -- Installing: /home/luis-a/panda_ws/install/srdfdom/lib/libsrdfdom.so.2.0.7
[6.275s] -- Set runtime path of "/home/luis-a/panda_ws/install/srdfdom/lib/libsrdfdom.so.2.0.7" to ""
[6.275s] -- Installing: /home/luis-a/panda_ws/install/srdfdom/lib/libsrdfdom.so
[6.275s] -- Installing: /home/luis-a/panda_ws/install/srdfdom/include/srdfdom
[6.275s] -- Installing: /home/luis-a/panda_ws/install/srdfdom/include/srdfdom/srdfdom
[6.276s] -- Installing: /home/luis-a/panda_ws/install/srdfdom/include/srdfdom/srdfdom/model.h
[6.276s] -- Installing: /home/luis-a/panda_ws/install/srdfdom/include/srdfdom/srdfdom/srdf_writer.h
[6.276s] -- Installing: /home/luis-a/panda_ws/install/srdfdom/include/srdfdom/srdfdom/visibility_control.h
[6.276s] -- Installing: /home/luis-a/panda_ws/install/srdfdom/lib/srdfdom/display_srdf
[6.276s] -- Installing: /home/luis-a/panda_ws/install/srdfdom/share/srdfdom/environment/pythonpath.sh
[6.276s] -- Installing: /home/luis-a/panda_ws/install/srdfdom/share/srdfdom/environment/pythonpath.dsv
[6.276s] -- Installing: /home/luis-a/panda_ws/install/srdfdom/local/lib/python3.10/dist-packages/srdfdom-2.0.7-py3.10.egg-info
[6.276s] -- Installing: /home/luis-a/panda_ws/install/srdfdom/local/lib/python3.10/dist-packages/srdfdom-2.0.7-py3.10.egg-info/top_level.txt
[6.276s] -- Installing: /home/luis-a/panda_ws/install/srdfdom/local/lib/python3.10/dist-packages/srdfdom-2.0.7-py3.10.egg-info/PKG-INFO
[6.276s] -- Installing: /home/luis-a/panda_ws/install/srdfdom/local/lib/python3.10/dist-packages/srdfdom-2.0.7-py3.10.egg-info/dependency_links.txt
[6.276s] -- Installing: /home/luis-a/panda_ws/install/srdfdom/local/lib/python3.10/dist-packages/srdfdom-2.0.7-py3.10.egg-info/SOURCES.txt
[6.276s] -- Installing: /home/luis-a/panda_ws/install/srdfdom/local/lib/python3.10/dist-packages/srdfdom
[6.276s] -- Installing: /home/luis-a/panda_ws/install/srdfdom/local/lib/python3.10/dist-packages/srdfdom/__init__.py
[6.277s] -- Installing: /home/luis-a/panda_ws/install/srdfdom/local/lib/python3.10/dist-packages/srdfdom/srdf.py
[6.293s] Listing '/home/luis-a/panda_ws/install/srdfdom/local/lib/python3.10/dist-packages/srdfdom'...
[6.293s] Compiling '/home/luis-a/panda_ws/install/srdfdom/local/lib/python3.10/dist-packages/srdfdom/__init__.py'...
[6.293s] Compiling '/home/luis-a/panda_ws/install/srdfdom/local/lib/python3.10/dist-packages/srdfdom/srdf.py'...
[6.295s] -- Installing: /home/luis-a/panda_ws/install/srdfdom/share/srdfdom/environment/library_path.sh
[6.295s] -- Installing: /home/luis-a/panda_ws/install/srdfdom/share/srdfdom/environment/library_path.dsv
[6.295s] -- Installing: /home/luis-a/panda_ws/install/srdfdom/share/ament_index/resource_index/package_run_dependencies/srdfdom
[6.295s] -- Installing: /home/luis-a/panda_ws/install/srdfdom/share/ament_index/resource_index/parent_prefix_path/srdfdom
[6.295s] -- Installing: /home/luis-a/panda_ws/install/srdfdom/share/srdfdom/environment/ament_prefix_path.sh
[6.295s] -- Installing: /home/luis-a/panda_ws/install/srdfdom/share/srdfdom/environment/ament_prefix_path.dsv
[6.295s] -- Installing: /home/luis-a/panda_ws/install/srdfdom/share/srdfdom/environment/path.sh
[6.296s] -- Installing: /home/luis-a/panda_ws/install/srdfdom/share/srdfdom/environment/path.dsv
[6.296s] -- Installing: /home/luis-a/panda_ws/install/srdfdom/share/srdfdom/local_setup.bash
[6.296s] -- Installing: /home/luis-a/panda_ws/install/srdfdom/share/srdfdom/local_setup.sh
[6.296s] -- Installing: /home/luis-a/panda_ws/install/srdfdom/share/srdfdom/local_setup.zsh
[6.296s] -- Installing: /home/luis-a/panda_ws/install/srdfdom/share/srdfdom/local_setup.dsv
[6.296s] -- Installing: /home/luis-a/panda_ws/install/srdfdom/share/srdfdom/package.dsv
[6.296s] -- Installing: /home/luis-a/panda_ws/install/srdfdom/share/ament_index/resource_index/packages/srdfdom
[6.296s] -- Installing: /home/luis-a/panda_ws/install/srdfdom/share/srdfdom/cmake/srdfdomTargetsExport.cmake
[6.296s] -- Installing: /home/luis-a/panda_ws/install/srdfdom/share/srdfdom/cmake/srdfdomTargetsExport-release.cmake
[6.296s] -- Installing: /home/luis-a/panda_ws/install/srdfdom/share/srdfdom/cmake/ament_cmake_export_targets-extras.cmake
[6.296s] -- Installing: /home/luis-a/panda_ws/install/srdfdom/share/srdfdom/cmake/ament_cmake_export_dependencies-extras.cmake
[6.297s] -- Installing: /home/luis-a/panda_ws/install/srdfdom/share/srdfdom/cmake/srdfdomConfig.cmake
[6.297s] -- Installing: /home/luis-a/panda_ws/install/srdfdom/share/srdfdom/cmake/srdfdomConfig-version.cmake
[6.297s] -- Installing: /home/luis-a/panda_ws/install/srdfdom/share/srdfdom/package.xml
[6.299s] Invoked command in '/home/luis-a/panda_ws/build/srdfdom' returned '0': CMAKE_PREFIX_PATH=/opt/ros/humble /usr/bin/cmake --install /home/luis-a/panda_ws/build/srdfdom
