[0.006s] Invoking command in '/home/luis-a/panda_ws/build/moveit_resources_fanuc_moveit_config': AMENT_PREFIX_PATH=/home/luis-a/panda_ws/install/moveit_resources_fanuc_description:${AMENT_PREFIX_PATH} CMAKE_PREFIX_PATH=/home/luis-a/panda_ws/install/moveit_resources_fanuc_description:/opt/ros/humble /usr/bin/cmake /home/luis-a/panda_ws/src/moveit_resources/fanuc_moveit_config -DCMAKE_BUILD_TYPE=Release -DCMAKE_INSTALL_PREFIX=/home/luis-a/panda_ws/install/moveit_resources_fanuc_moveit_config
[0.037s] -- The C compiler identification is GNU 11.4.0
[0.067s] -- The CXX compiler identification is GNU 11.4.0
[0.071s] -- Detecting C compiler ABI info
[0.109s] -- Detecting C compiler ABI info - done
[0.113s] -- Check for working C compiler: /usr/bin/cc - skipped
[0.114s] -- Detecting C compile features
[0.114s] -- Detecting C compile features - done
[0.115s] -- Detecting CXX compiler ABI info
[0.159s] -- Detecting CXX compiler ABI info - done
[0.163s] -- Check for working CXX compiler: /usr/bin/c++ - skipped
[0.163s] -- Detecting CXX compile features
[0.163s] -- Detecting CXX compile features - done
[0.165s] -- Found ament_cmake: 1.3.10 (/opt/ros/humble/share/ament_cmake/cmake)
[0.243s] -- Found Python3: /usr/bin/python3 (found version "3.10.12") found components: Interpreter 
[0.322s] -- Configuring done
[0.324s] -- Generating done
[0.324s] -- Build files have been written to: /home/luis-a/panda_ws/build/moveit_resources_fanuc_moveit_config
[0.328s] Invoked command in '/home/luis-a/panda_ws/build/moveit_resources_fanuc_moveit_config' returned '0': AMENT_PREFIX_PATH=/home/luis-a/panda_ws/install/moveit_resources_fanuc_description:${AMENT_PREFIX_PATH} CMAKE_PREFIX_PATH=/home/luis-a/panda_ws/install/moveit_resources_fanuc_description:/opt/ros/humble /usr/bin/cmake /home/luis-a/panda_ws/src/moveit_resources/fanuc_moveit_config -DCMAKE_BUILD_TYPE=Release -DCMAKE_INSTALL_PREFIX=/home/luis-a/panda_ws/install/moveit_resources_fanuc_moveit_config
[0.329s] Invoking command in '/home/luis-a/panda_ws/build/moveit_resources_fanuc_moveit_config': AMENT_PREFIX_PATH=/home/luis-a/panda_ws/install/moveit_resources_fanuc_description:${AMENT_PREFIX_PATH} CMAKE_PREFIX_PATH=/home/luis-a/panda_ws/install/moveit_resources_fanuc_description:/opt/ros/humble /usr/bin/cmake --build /home/luis-a/panda_ws/build/moveit_resources_fanuc_moveit_config -- -j32 -l32
[0.352s] Invoked command in '/home/luis-a/panda_ws/build/moveit_resources_fanuc_moveit_config' returned '0': AMENT_PREFIX_PATH=/home/luis-a/panda_ws/install/moveit_resources_fanuc_description:${AMENT_PREFIX_PATH} CMAKE_PREFIX_PATH=/home/luis-a/panda_ws/install/moveit_resources_fanuc_description:/opt/ros/humble /usr/bin/cmake --build /home/luis-a/panda_ws/build/moveit_resources_fanuc_moveit_config -- -j32 -l32
[0.365s] Invoking command in '/home/luis-a/panda_ws/build/moveit_resources_fanuc_moveit_config': AMENT_PREFIX_PATH=/home/luis-a/panda_ws/install/moveit_resources_fanuc_description:${AMENT_PREFIX_PATH} CMAKE_PREFIX_PATH=/home/luis-a/panda_ws/install/moveit_resources_fanuc_description:/opt/ros/humble /usr/bin/cmake --install /home/luis-a/panda_ws/build/moveit_resources_fanuc_moveit_config
[0.369s] -- Install configuration: "Release"
[0.370s] -- Installing: /home/luis-a/panda_ws/install/moveit_resources_fanuc_moveit_config/share/ament_index/resource_index/package_run_dependencies/moveit_resources_fanuc_moveit_config
[0.370s] -- Installing: /home/luis-a/panda_ws/install/moveit_resources_fanuc_moveit_config/share/ament_index/resource_index/parent_prefix_path/moveit_resources_fanuc_moveit_config
[0.370s] -- Installing: /home/luis-a/panda_ws/install/moveit_resources_fanuc_moveit_config/share/moveit_resources_fanuc_moveit_config/environment/ament_prefix_path.sh
[0.370s] -- Installing: /home/luis-a/panda_ws/install/moveit_resources_fanuc_moveit_config/share/moveit_resources_fanuc_moveit_config/environment/ament_prefix_path.dsv
[0.370s] -- Installing: /home/luis-a/panda_ws/install/moveit_resources_fanuc_moveit_config/share/moveit_resources_fanuc_moveit_config/environment/path.sh
[0.370s] -- Installing: /home/luis-a/panda_ws/install/moveit_resources_fanuc_moveit_config/share/moveit_resources_fanuc_moveit_config/environment/path.dsv
[0.370s] -- Installing: /home/luis-a/panda_ws/install/moveit_resources_fanuc_moveit_config/share/moveit_resources_fanuc_moveit_config/local_setup.bash
[0.370s] -- Installing: /home/luis-a/panda_ws/install/moveit_resources_fanuc_moveit_config/share/moveit_resources_fanuc_moveit_config/local_setup.sh
[0.370s] -- Installing: /home/luis-a/panda_ws/install/moveit_resources_fanuc_moveit_config/share/moveit_resources_fanuc_moveit_config/local_setup.zsh
[0.370s] -- Installing: /home/luis-a/panda_ws/install/moveit_resources_fanuc_moveit_config/share/moveit_resources_fanuc_moveit_config/local_setup.dsv
[0.370s] -- Installing: /home/luis-a/panda_ws/install/moveit_resources_fanuc_moveit_config/share/moveit_resources_fanuc_moveit_config/package.dsv
[0.371s] -- Installing: /home/luis-a/panda_ws/install/moveit_resources_fanuc_moveit_config/share/ament_index/resource_index/packages/moveit_resources_fanuc_moveit_config
[0.371s] -- Installing: /home/luis-a/panda_ws/install/moveit_resources_fanuc_moveit_config/share/moveit_resources_fanuc_moveit_config/cmake/moveit_resources_fanuc_moveit_configConfig.cmake
[0.371s] -- Installing: /home/luis-a/panda_ws/install/moveit_resources_fanuc_moveit_config/share/moveit_resources_fanuc_moveit_config/cmake/moveit_resources_fanuc_moveit_configConfig-version.cmake
[0.371s] -- Installing: /home/luis-a/panda_ws/install/moveit_resources_fanuc_moveit_config/share/moveit_resources_fanuc_moveit_config/package.xml
[0.371s] -- Installing: /home/luis-a/panda_ws/install/moveit_resources_fanuc_moveit_config/share/moveit_resources_fanuc_moveit_config/launch
[0.371s] -- Installing: /home/luis-a/panda_ws/install/moveit_resources_fanuc_moveit_config/share/moveit_resources_fanuc_moveit_config/launch/moveit.rviz
[0.371s] -- Installing: /home/luis-a/panda_ws/install/moveit_resources_fanuc_moveit_config/share/moveit_resources_fanuc_moveit_config/launch/demo.launch.py
[0.371s] -- Installing: /home/luis-a/panda_ws/install/moveit_resources_fanuc_moveit_config/share/moveit_resources_fanuc_moveit_config/config
[0.371s] -- Installing: /home/luis-a/panda_ws/install/moveit_resources_fanuc_moveit_config/share/moveit_resources_fanuc_moveit_config/config/moveit_controllers.yaml
[0.371s] -- Installing: /home/luis-a/panda_ws/install/moveit_resources_fanuc_moveit_config/share/moveit_resources_fanuc_moveit_config/config/fanuc.ros2_control.xacro
[0.371s] -- Installing: /home/luis-a/panda_ws/install/moveit_resources_fanuc_moveit_config/share/moveit_resources_fanuc_moveit_config/config/ompl_planning.yaml
[0.371s] -- Installing: /home/luis-a/panda_ws/install/moveit_resources_fanuc_moveit_config/share/moveit_resources_fanuc_moveit_config/config/ros2_controllers.yaml
[0.371s] -- Installing: /home/luis-a/panda_ws/install/moveit_resources_fanuc_moveit_config/share/moveit_resources_fanuc_moveit_config/config/fanuc.srdf
[0.372s] -- Installing: /home/luis-a/panda_ws/install/moveit_resources_fanuc_moveit_config/share/moveit_resources_fanuc_moveit_config/config/kinematics.yaml
[0.372s] -- Installing: /home/luis-a/panda_ws/install/moveit_resources_fanuc_moveit_config/share/moveit_resources_fanuc_moveit_config/config/chomp_planning.yaml
[0.372s] -- Installing: /home/luis-a/panda_ws/install/moveit_resources_fanuc_moveit_config/share/moveit_resources_fanuc_moveit_config/config/pilz_cartesian_limits.yaml
[0.372s] -- Installing: /home/luis-a/panda_ws/install/moveit_resources_fanuc_moveit_config/share/moveit_resources_fanuc_moveit_config/config/joint_limits.yaml
[0.372s] -- Installing: /home/luis-a/panda_ws/install/moveit_resources_fanuc_moveit_config/share/moveit_resources_fanuc_moveit_config/config/fanuc.urdf.xacro
[0.372s] -- Installing: /home/luis-a/panda_ws/install/moveit_resources_fanuc_moveit_config/share/moveit_resources_fanuc_moveit_config/config/initial_positions.yaml
[0.372s] -- Installing: /home/luis-a/panda_ws/install/moveit_resources_fanuc_moveit_config/share/moveit_resources_fanuc_moveit_config/config/sensors_3d.yaml
[0.372s] -- Installing: /home/luis-a/panda_ws/install/moveit_resources_fanuc_moveit_config/share/moveit_resources_fanuc_moveit_config/.setup_assistant
[0.374s] Invoked command in '/home/luis-a/panda_ws/build/moveit_resources_fanuc_moveit_config' returned '0': AMENT_PREFIX_PATH=/home/luis-a/panda_ws/install/moveit_resources_fanuc_description:${AMENT_PREFIX_PATH} CMAKE_PREFIX_PATH=/home/luis-a/panda_ws/install/moveit_resources_fanuc_description:/opt/ros/humble /usr/bin/cmake --install /home/luis-a/panda_ws/build/moveit_resources_fanuc_moveit_config
