[0.139s] Invoking command in '/home/luis-a/panda_ws/build/rosparam_shortcuts': CMAKE_PREFIX_PATH=/opt/ros/humble /usr/bin/cmake /home/luis-a/panda_ws/src/rosparam_shortcuts -DCMAKE_BUILD_TYPE=Release -DCMAKE_INSTALL_PREFIX=/home/luis-a/panda_ws/install/rosparam_shortcuts
[0.171s] -- The C compiler identification is GNU 11.4.0
[0.204s] -- The CXX compiler identification is GNU 11.4.0
[0.209s] -- Detecting C compiler ABI info
[0.250s] -- Detecting C compiler ABI info - done
[0.254s] -- Check for working C compiler: /usr/bin/cc - skipped
[0.254s] -- Detecting C compile features
[0.254s] -- Detecting C compile features - done
[0.256s] -- Detecting CXX compiler ABI info
[0.306s] -- Detecting CXX compiler ABI info - done
[0.312s] -- Check for working CXX compiler: /usr/bin/c++ - skipped
[0.312s] -- Detecting CXX compile features
[0.312s] -- Detecting CXX compile features - done
[0.314s] -- Found ament_cmake: 1.3.10 (/opt/ros/humble/share/ament_cmake/cmake)
[0.398s] -- Found Python3: /usr/bin/python3 (found version "3.10.12") found components: Interpreter 
[0.441s] -- Found eigen3_cmake_module: 0.1.1 (/opt/ros/humble/share/eigen3_cmake_module/cmake)
[0.445s] -- Found Eigen3: TRUE (found version "3.4.0") 
[0.446s] -- Found geometry_msgs: 4.2.4 (/opt/ros/humble/share/geometry_msgs/cmake)
[0.464s] -- Found rosidl_generator_c: 3.1.5 (/opt/ros/humble/share/rosidl_generator_c/cmake)
[0.467s] -- Found rosidl_adapter: 3.1.5 (/opt/ros/humble/share/rosidl_adapter/cmake)
[0.472s] -- Found rosidl_generator_cpp: 3.1.5 (/opt/ros/humble/share/rosidl_generator_cpp/cmake)
[0.478s] -- Using all available rosidl_typesupport_c: rosidl_typesupport_fastrtps_c;rosidl_typesupport_introspection_c
[0.486s] -- Using all available rosidl_typesupport_cpp: rosidl_typesupport_fastrtps_cpp;rosidl_typesupport_introspection_cpp
[0.506s] -- Found rclcpp: 16.0.10 (/opt/ros/humble/share/rclcpp/cmake)
[0.524s] -- Found rmw_implementation_cmake: 6.1.2 (/opt/ros/humble/share/rmw_implementation_cmake/cmake)
[0.526s] -- Found rmw_fastrtps_cpp: 6.2.7 (/opt/ros/humble/share/rmw_fastrtps_cpp/cmake)
[0.574s] -- Found OpenSSL: /usr/lib/x86_64-linux-gnu/libcrypto.so (found version "3.0.2")  
[0.590s] -- Found FastRTPS: /opt/ros/humble/include  
[0.614s] -- Using RMW implementation 'rmw_fastrtps_cpp' as default
[0.618s] -- Looking for pthread.h
[0.657s] -- Looking for pthread.h - found
[0.657s] -- Performing Test CMAKE_HAVE_LIBC_PTHREAD
[0.697s] -- Performing Test CMAKE_HAVE_LIBC_PTHREAD - Success
[0.698s] -- Found Threads: TRUE  
[0.717s] -- Found tf2_eigen: 0.25.8 (/opt/ros/humble/share/tf2_eigen/cmake)
[0.772s] -- Found ament_lint_auto: 0.12.11 (/opt/ros/humble/share/ament_lint_auto/cmake)
[0.773s] -- Found ament_cmake_gtest: 1.3.10 (/opt/ros/humble/share/ament_cmake_gtest/cmake)
[0.774s] -- Found ros_testing: 0.4.0 (/opt/ros/humble/share/ros_testing/cmake)
[0.776s] -- Found launch_testing_ament_cmake: 1.0.6 (/opt/ros/humble/share/launch_testing_ament_cmake/cmake)
[0.777s] -- Found python_cmake_module: 0.10.0 (/opt/ros/humble/share/python_cmake_module/cmake)
[0.789s] -- Found PythonInterp: /usr/bin/python3 (found suitable version "3.10.12", minimum required is "3.6") 
[0.792s] -- Found PythonLibs: /usr/lib/x86_64-linux-gnu/libpython3.10.so (found suitable version "3.10.12", minimum required is "3.5") 
[0.792s] -- Using PYTHON_EXECUTABLE: /usr/bin/python3
[0.792s] -- Using PYTHON_INCLUDE_DIRS: /usr/include/python3.10
[0.792s] -- Using PYTHON_LIBRARIES: /usr/lib/x86_64-linux-gnu/libpython3.10.so
[0.803s] -- Found PythonExtra: .so  
[0.841s] -- Found gtest sources under '/opt/ros/humble/src/gtest_vendor': C++ tests using 'Google Test' will be built
[0.845s] -- Added test 'copyright' to check source files copyright and LICENSE
[0.846s] -- Added test 'lint_cmake' to check CMake code style
[0.847s] -- Added test 'pep257' to check Python code against some of the docstring style conventions in PEP 257
[0.847s] -- Added test 'xmllint' to check XML markup files
[0.848s] -- Configuring done
[0.863s] -- Generating done
[0.864s] -- Build files have been written to: /home/luis-a/panda_ws/build/rosparam_shortcuts
[0.873s] Invoked command in '/home/luis-a/panda_ws/build/rosparam_shortcuts' returned '0': CMAKE_PREFIX_PATH=/opt/ros/humble /usr/bin/cmake /home/luis-a/panda_ws/src/rosparam_shortcuts -DCMAKE_BUILD_TYPE=Release -DCMAKE_INSTALL_PREFIX=/home/luis-a/panda_ws/install/rosparam_shortcuts
[0.873s] Invoking command in '/home/luis-a/panda_ws/build/rosparam_shortcuts': CMAKE_PREFIX_PATH=/opt/ros/humble /usr/bin/cmake --build /home/luis-a/panda_ws/build/rosparam_shortcuts -- -j32 -l32
[0.904s] [  7%] [32mBuilding CXX object gtest/CMakeFiles/gtest.dir/src/gtest-all.cc.o[0m
[0.905s] [ 15%] [32mBuilding CXX object CMakeFiles/rosparam_shortcuts.dir/src/rosparam_shortcuts.cpp.o[0m
[0.905s] [ 30%] [32mBuilding CXX object CMakeFiles/rosparam_shortcuts.dir/src/node_parameters.cpp.o[0m
[0.906s] [ 30%] [32mBuilding CXX object gtest/CMakeFiles/gtest_main.dir/src/gtest_main.cc.o[0m
[1.371s] [ 38%] [32m[1mLinking CXX static library libgtest_main.a[0m
[1.391s] [ 38%] Built target gtest_main
[4.928s] [ 46%] [32m[1mLinking CXX shared library librosparam_shortcuts.so[0m
[4.971s] [ 53%] [32m[1mLinking CXX static library libgtest.a[0m
[4.992s] [ 53%] Built target rosparam_shortcuts
[4.996s] [ 53%] Built target gtest
[5.004s] [ 69%] [32mBuilding CXX object CMakeFiles/rosparam_shortcuts_example.dir/src/example.cpp.o[0m
[5.004s] [ 69%] [32mBuilding CXX object CMakeFiles/rosparam_shortcuts_node_parameters_example.dir/src/node_parameters_example.cpp.o[0m
[5.008s] [ 76%] [32mBuilding CXX object CMakeFiles/test_node_parameters.dir/test/test_node_parameters.cpp.o[0m
[7.074s] [ 84%] [32m[1mLinking CXX executable node_parameters_example[0m
[7.092s] [ 92%] [32m[1mLinking CXX executable example[0m
[7.139s] [ 92%] Built target rosparam_shortcuts_node_parameters_example
[7.152s] [ 92%] Built target rosparam_shortcuts_example
[7.842s] [100%] [32m[1mLinking CXX executable test_node_parameters[0m
[7.910s] [100%] Built target test_node_parameters
[7.917s] Invoked command in '/home/luis-a/panda_ws/build/rosparam_shortcuts' returned '0': CMAKE_PREFIX_PATH=/opt/ros/humble /usr/bin/cmake --build /home/luis-a/panda_ws/build/rosparam_shortcuts -- -j32 -l32
[7.942s] Invoking command in '/home/luis-a/panda_ws/build/rosparam_shortcuts': CMAKE_PREFIX_PATH=/opt/ros/humble /usr/bin/cmake --install /home/luis-a/panda_ws/build/rosparam_shortcuts
[7.949s] -- Install configuration: "Release"
[7.949s] -- Installing: /home/luis-a/panda_ws/install/rosparam_shortcuts/lib/librosparam_shortcuts.so
[7.949s] -- Set runtime path of "/home/luis-a/panda_ws/install/rosparam_shortcuts/lib/librosparam_shortcuts.so" to ""
[7.949s] -- Installing: /home/luis-a/panda_ws/install/rosparam_shortcuts/lib/rosparam_shortcuts/example
[7.950s] -- Set runtime path of "/home/luis-a/panda_ws/install/rosparam_shortcuts/lib/rosparam_shortcuts/example" to ""
[7.950s] -- Installing: /home/luis-a/panda_ws/install/rosparam_shortcuts/lib/rosparam_shortcuts/node_parameters_example
[7.950s] -- Set runtime path of "/home/luis-a/panda_ws/install/rosparam_shortcuts/lib/rosparam_shortcuts/node_parameters_example" to ""
[7.950s] -- Installing: /home/luis-a/panda_ws/install/rosparam_shortcuts/include
[7.950s] -- Installing: /home/luis-a/panda_ws/install/rosparam_shortcuts/include/rosparam_shortcuts
[7.950s] -- Installing: /home/luis-a/panda_ws/install/rosparam_shortcuts/include/rosparam_shortcuts/node_parameters.h
[7.950s] -- Installing: /home/luis-a/panda_ws/install/rosparam_shortcuts/include/rosparam_shortcuts/rosparam_shortcuts.h
[7.950s] -- Installing: /home/luis-a/panda_ws/install/rosparam_shortcuts/share/rosparam_shortcuts/launch
[7.950s] -- Installing: /home/luis-a/panda_ws/install/rosparam_shortcuts/share/rosparam_shortcuts/launch/example.launch.py
[7.951s] -- Installing: /home/luis-a/panda_ws/install/rosparam_shortcuts/share/rosparam_shortcuts/config
[7.951s] -- Installing: /home/luis-a/panda_ws/install/rosparam_shortcuts/share/rosparam_shortcuts/config/example.yaml
[7.951s] -- Installing: /home/luis-a/panda_ws/install/rosparam_shortcuts/share/rosparam_shortcuts/environment/library_path.sh
[7.951s] -- Installing: /home/luis-a/panda_ws/install/rosparam_shortcuts/share/rosparam_shortcuts/environment/library_path.dsv
[7.951s] -- Installing: /home/luis-a/panda_ws/install/rosparam_shortcuts/share/ament_index/resource_index/package_run_dependencies/rosparam_shortcuts
[7.951s] -- Installing: /home/luis-a/panda_ws/install/rosparam_shortcuts/share/ament_index/resource_index/parent_prefix_path/rosparam_shortcuts
[7.951s] -- Installing: /home/luis-a/panda_ws/install/rosparam_shortcuts/share/rosparam_shortcuts/environment/ament_prefix_path.sh
[7.951s] -- Installing: /home/luis-a/panda_ws/install/rosparam_shortcuts/share/rosparam_shortcuts/environment/ament_prefix_path.dsv
[7.952s] -- Installing: /home/luis-a/panda_ws/install/rosparam_shortcuts/share/rosparam_shortcuts/environment/path.sh
[7.952s] -- Installing: /home/luis-a/panda_ws/install/rosparam_shortcuts/share/rosparam_shortcuts/environment/path.dsv
[7.952s] -- Installing: /home/luis-a/panda_ws/install/rosparam_shortcuts/share/rosparam_shortcuts/local_setup.bash
[7.952s] -- Installing: /home/luis-a/panda_ws/install/rosparam_shortcuts/share/rosparam_shortcuts/local_setup.sh
[7.952s] -- Installing: /home/luis-a/panda_ws/install/rosparam_shortcuts/share/rosparam_shortcuts/local_setup.zsh
[7.952s] -- Installing: /home/luis-a/panda_ws/install/rosparam_shortcuts/share/rosparam_shortcuts/local_setup.dsv
[7.952s] -- Installing: /home/luis-a/panda_ws/install/rosparam_shortcuts/share/rosparam_shortcuts/package.dsv
[7.952s] -- Installing: /home/luis-a/panda_ws/install/rosparam_shortcuts/share/ament_index/resource_index/packages/rosparam_shortcuts
[7.952s] -- Installing: /home/luis-a/panda_ws/install/rosparam_shortcuts/share/rosparam_shortcuts/cmake/export_rosparam_shortcutsExport.cmake
[7.953s] -- Installing: /home/luis-a/panda_ws/install/rosparam_shortcuts/share/rosparam_shortcuts/cmake/export_rosparam_shortcutsExport-release.cmake
[7.953s] -- Installing: /home/luis-a/panda_ws/install/rosparam_shortcuts/share/rosparam_shortcuts/cmake/ament_cmake_export_targets-extras.cmake
[7.953s] -- Installing: /home/luis-a/panda_ws/install/rosparam_shortcuts/share/rosparam_shortcuts/cmake/ament_cmake_export_dependencies-extras.cmake
[7.953s] -- Installing: /home/luis-a/panda_ws/install/rosparam_shortcuts/share/rosparam_shortcuts/cmake/rosparam_shortcutsConfig.cmake
[7.953s] -- Installing: /home/luis-a/panda_ws/install/rosparam_shortcuts/share/rosparam_shortcuts/cmake/rosparam_shortcutsConfig-version.cmake
[7.953s] -- Installing: /home/luis-a/panda_ws/install/rosparam_shortcuts/share/rosparam_shortcuts/package.xml
[7.955s] Invoked command in '/home/luis-a/panda_ws/build/rosparam_shortcuts' returned '0': CMAKE_PREFIX_PATH=/opt/ros/humble /usr/bin/cmake --install /home/luis-a/panda_ws/build/rosparam_shortcuts
