[0.039s] Invoking command in '/home/luis-a/panda_ws/build/moveit_task_constructor_visualization': AMENT_PREFIX_PATH=/home/luis-a/panda_ws/install/moveit_task_constructor_core:/home/luis-a/panda_ws/install/moveit_planners:/home/luis-a/panda_ws/install/pilz_industrial_motion_planner:/home/luis-a/panda_ws/install/moveit_ros_visualization:/home/luis-a/panda_ws/install/moveit_resources_prbt_pg70_support:/home/luis-a/panda_ws/install/moveit_ros_planning_interface:/home/luis-a/panda_ws/install/moveit_resources_prbt_moveit_config:/home/luis-a/panda_ws/install/moveit_ros_move_group:/home/luis-a/panda_ws/install/moveit_ros_warehouse:/home/luis-a/panda_ws/install/moveit_ros_robot_interaction:/home/luis-a/panda_ws/install/moveit_planners_ompl:/home/luis-a/panda_ws/install/moveit_kinematics:/home/luis-a/panda_ws/install/moveit_ros_planning:/home/luis-a/panda_ws/install/pilz_industrial_motion_planner_testutils:/home/luis-a/panda_ws/install/moveit_simple_controller_manager:/home/luis-a/panda_ws/install/moveit_ros_occupancy_map_monitor:/home/luis-a/panda_ws/install/moveit_resources_prbt_ikfast_manipulator_plugin:/home/luis-a/panda_ws/install/moveit_core:/home/luis-a/panda_ws/install/rviz_marker_tools:/home/luis-a/panda_ws/install/moveit_resources_panda_moveit_config:/home/luis-a/panda_ws/install/moveit_resources_fanuc_moveit_config:/home/luis-a/panda_ws/install/moveit_configs_utils:/home/luis-a/panda_ws/install/srdfdom:/home/luis-a/panda_ws/install/moveit_task_constructor_msgs:/home/luis-a/panda_ws/install/moveit_resources_prbt_support:/home/luis-a/panda_ws/install/moveit_resources_pr2_description:/home/luis-a/panda_ws/install/moveit_resources_panda_description:/home/luis-a/panda_ws/install/moveit_resources_fanuc_description:/home/luis-a/panda_ws/install/moveit_common:/home/luis-a/panda_ws/install/launch_param_builder:${AMENT_PREFIX_PATH} CMAKE_PREFIX_PATH=/home/luis-a/panda_ws/install/moveit_task_constructor_core:/home/luis-a/panda_ws/install/moveit_planners:/home/luis-a/panda_ws/install/pilz_industrial_motion_planner:/home/luis-a/panda_ws/install/moveit_ros_visualization:/home/luis-a/panda_ws/install/moveit_resources_prbt_pg70_support:/home/luis-a/panda_ws/install/moveit_ros_planning_interface:/home/luis-a/panda_ws/install/moveit_resources_prbt_moveit_config:/home/luis-a/panda_ws/install/moveit_ros_move_group:/home/luis-a/panda_ws/install/moveit_ros_warehouse:/home/luis-a/panda_ws/install/moveit_ros_robot_interaction:/home/luis-a/panda_ws/install/moveit_planners_ompl:/home/luis-a/panda_ws/install/moveit_kinematics:/home/luis-a/panda_ws/install/moveit_ros_planning:/home/luis-a/panda_ws/install/pilz_industrial_motion_planner_testutils:/home/luis-a/panda_ws/install/moveit_simple_controller_manager:/home/luis-a/panda_ws/install/moveit_ros_occupancy_map_monitor:/home/luis-a/panda_ws/install/moveit_resources_prbt_ikfast_manipulator_plugin:/home/luis-a/panda_ws/install/moveit_core:/home/luis-a/panda_ws/install/rviz_marker_tools:/home/luis-a/panda_ws/install/moveit_resources_panda_moveit_config:/home/luis-a/panda_ws/install/moveit_resources_fanuc_moveit_config:/home/luis-a/panda_ws/install/srdfdom:/home/luis-a/panda_ws/install/moveit_task_constructor_msgs:/home/luis-a/panda_ws/install/moveit_resources_prbt_support:/home/luis-a/panda_ws/install/moveit_resources_pr2_description:/home/luis-a/panda_ws/install/moveit_resources_panda_description:/home/luis-a/panda_ws/install/moveit_resources_fanuc_description:/home/luis-a/panda_ws/install/moveit_common:/opt/ros/humble LD_LIBRARY_PATH=/home/luis-a/panda_ws/install/moveit_task_constructor_core/lib:/home/luis-a/panda_ws/install/pilz_industrial_motion_planner/lib:/home/luis-a/panda_ws/install/moveit_ros_visualization/lib:/home/luis-a/panda_ws/install/moveit_ros_planning_interface/lib:/home/luis-a/panda_ws/install/moveit_ros_move_group/lib:/home/luis-a/panda_ws/install/moveit_ros_warehouse/lib:/home/luis-a/panda_ws/install/moveit_ros_robot_interaction/lib:/home/luis-a/panda_ws/install/moveit_planners_ompl/lib:/home/luis-a/panda_ws/install/moveit_kinematics/lib:/home/luis-a/panda_ws/install/moveit_ros_planning/lib:/home/luis-a/panda_ws/install/pilz_industrial_motion_planner_testutils/lib:/home/luis-a/panda_ws/install/moveit_simple_controller_manager/lib:/home/luis-a/panda_ws/install/moveit_ros_occupancy_map_monitor/lib:/home/luis-a/panda_ws/install/moveit_resources_prbt_ikfast_manipulator_plugin/lib:/home/luis-a/panda_ws/install/moveit_core/lib:/home/luis-a/panda_ws/install/rviz_marker_tools/lib:/home/luis-a/panda_ws/install/srdfdom/lib:/home/luis-a/panda_ws/install/moveit_task_constructor_msgs/lib:${LD_LIBRARY_PATH} PATH=/home/luis-a/panda_ws/install/moveit_core/bin:${PATH} PYTHONPATH=/home/luis-a/panda_ws/install/moveit_task_constructor_core/local/lib/python3.10/dist-packages:/home/luis-a/panda_ws/install/moveit_configs_utils/lib/python3.10/site-packages:/home/luis-a/panda_ws/install/srdfdom/local/lib/python3.10/dist-packages:/home/luis-a/panda_ws/install/moveit_task_constructor_msgs/local/lib/python3.10/dist-packages:/home/luis-a/panda_ws/install/launch_param_builder/lib/python3.10/site-packages:${PYTHONPATH} /usr/bin/cmake /home/luis-a/panda_ws/src/moveit_task_constructor/visualization -DCMAKE_BUILD_TYPE=Release -DCMAKE_INSTALL_PREFIX=/home/luis-a/panda_ws/install/moveit_task_constructor_visualization
[0.075s] -- The C compiler identification is GNU 11.4.0
[0.109s] -- The CXX compiler identification is GNU 11.4.0
[0.113s] -- Detecting C compiler ABI info
[0.158s] -- Detecting C compiler ABI info - done
[0.162s] -- Check for working C compiler: /usr/bin/cc - skipped
[0.162s] -- Detecting C compile features
[0.162s] -- Detecting C compile features - done
[0.164s] -- Detecting CXX compiler ABI info
[0.215s] -- Detecting CXX compiler ABI info - done
[0.218s] -- Check for working CXX compiler: /usr/bin/c++ - skipped
[0.218s] -- Detecting CXX compile features
[0.219s] -- Detecting CXX compile features - done
[0.222s] -- Found ament_cmake: 1.3.10 (/opt/ros/humble/share/ament_cmake/cmake)
[0.309s] -- Found Python3: /usr/bin/python3 (found version "3.10.12") found components: Interpreter 
[0.398s] -- Found Boost: /usr/lib/x86_64-linux-gnu/cmake/Boost-1.74.0/BoostConfig.cmake (found version "1.74.0")  
[0.401s] -- Found moveit_common: 2.5.6 (/home/luis-a/panda_ws/install/moveit_common/share/moveit_common/cmake)
[0.439s] -- Found moveit_core: 2.5.6 (/home/luis-a/panda_ws/install/moveit_core/share/moveit_core/cmake)
[0.585s] -- Found Boost: /usr/lib/x86_64-linux-gnu/cmake/Boost-1.74.0/BoostConfig.cmake (found version "1.74.0") found components: chrono date_time filesystem iostreams program_options regex serialization system thread 
[0.641s] -- Found parameter_traits: 0.3.9 (/opt/ros/humble/share/parameter_traits/cmake)
[0.683s] -- Found rosidl_generator_c: 3.1.5 (/opt/ros/humble/share/rosidl_generator_c/cmake)
[0.690s] -- Found rosidl_adapter: 3.1.5 (/opt/ros/humble/share/rosidl_adapter/cmake)
[0.698s] -- Found rosidl_generator_cpp: 3.1.5 (/opt/ros/humble/share/rosidl_generator_cpp/cmake)
[0.708s] -- Using all available rosidl_typesupport_c: rosidl_typesupport_fastrtps_c;rosidl_typesupport_introspection_c
[0.723s] -- Using all available rosidl_typesupport_cpp: rosidl_typesupport_fastrtps_cpp;rosidl_typesupport_introspection_cpp
[0.766s] -- Found rmw_implementation_cmake: 6.1.2 (/opt/ros/humble/share/rmw_implementation_cmake/cmake)
[0.770s] -- Found rmw_fastrtps_cpp: 6.2.7 (/opt/ros/humble/share/rmw_fastrtps_cpp/cmake)
[0.853s] -- Found OpenSSL: /usr/lib/x86_64-linux-gnu/libcrypto.so (found version "3.0.2")  
[0.881s] -- Found FastRTPS: /opt/ros/humble/include  
[0.925s] -- Using RMW implementation 'rmw_fastrtps_cpp' as default
[0.938s] -- Found Threads: TRUE  
[0.987s] -- Found Eigen3: TRUE (found version "3.4.0") 
[0.990s] -- Found rclcpp_lifecycle: 16.0.10 (/opt/ros/humble/share/rclcpp_lifecycle/cmake)
[1.009s] -- Found Boost: /usr/lib/x86_64-linux-gnu/cmake/Boost-1.74.0/BoostConfig.cmake (found version "1.74.0") found components: filesystem 
[1.097s] -- library: /usr/lib/x86_64-linux-gnu/libcurl.so
[1.143s] -- Ensuring Eigen3 include directory is part of orocos-kdl CMake target
[1.316s] -- Found moveit_ros_visualization: 2.5.6 (/home/luis-a/panda_ws/install/moveit_ros_visualization/share/moveit_ros_visualization/cmake)
[1.318s] -- Found Boost: /usr/lib/x86_64-linux-gnu/cmake/Boost-1.74.0/BoostConfig.cmake (found version "1.74.0") found components: thread date_time system filesystem 
[1.328s] -- Found Boost: /usr/lib/x86_64-linux-gnu/cmake/Boost-1.74.0/BoostConfig.cmake (found version "1.74.0") found components: system filesystem date_time program_options thread chrono 
[1.345s] -- Found Boost: /usr/lib/x86_64-linux-gnu/cmake/Boost-1.74.0/BoostConfig.cmake (found version "1.74.0") found components: date_time filesystem program_options system thread 
[1.352s] -- Found Boost: /usr/lib/x86_64-linux-gnu/cmake/Boost-1.74.0/BoostConfig.cmake (found version "1.74.0") found components: thread system filesystem regex date_time program_options 
[1.366s] -- Found Boost: /usr/lib/x86_64-linux-gnu/cmake/Boost-1.74.0/BoostConfig.cmake (found version "1.74.0") found components: system filesystem date_time program_options thread 
[1.405s] -- Setting OGRE_DIR to: '/opt/ros/humble/share/rviz_ogre_vendor/cmake/../../../opt/rviz_ogre_vendor/lib/OGRE/cmake'
[1.405s] -- Found OGRE
[1.405s] --   static     : OFF
[1.405s] --   components : HLMS;MeshLodGenerator;Overlay;Paging;Property;RTShaderSystem;Terrain;Volume
[1.405s] --   plugins    : Plugin_BSPSceneManager;Plugin_OctreeSceneManager;Plugin_PCZSceneManager;Plugin_ParticleFX;RenderSystem_GL;RenderSystem_GL3Plus;Codec_STBI
[1.405s] --   media      : /opt/ros/humble/opt/rviz_ogre_vendor/share/OGRE/Media
[1.405s] -- OGRE_LIBRARIES: OgreHLMS;OgreMeshLodGenerator;OgreOverlay;OgrePaging;OgreProperty;OgreRTShaderSystem;OgreTerrain;OgreVolume;OgreMain
[1.405s] -- OGRE_LIBRARY_DIRS: /opt/ros/humble/opt/rviz_ogre_vendor/lib
[1.405s] -- OGRE_PLUGINS: Plugin_BSPSceneManager;Plugin_OctreeSceneManager;Plugin_PCZSceneManager;Plugin_ParticleFX;RenderSystem_GL;RenderSystem_GL3Plus;Codec_STBI
[1.405s] -- OGRE_PLUGIN_DIR: /opt/ros/humble/opt/rviz_ogre_vendor/lib/OGRE
[1.406s] -- rviz_ogre_vendor::OgreOverlay for IMPORTED_LOCATION_RELEASE: /opt/ros/humble/opt/rviz_ogre_vendor/lib/libOgreOverlay.so
[1.406s] -- rviz_ogre_vendor::OgreOverlay for IMPORTED_LOCATION_DEBUG: /opt/ros/humble/opt/rviz_ogre_vendor/lib/libOgreOverlay.so
[1.406s] -- rviz_ogre_vendor::OgreMain for IMPORTED_LOCATION_RELEASE: /opt/ros/humble/opt/rviz_ogre_vendor/lib/libOgreMain.so
[1.406s] -- rviz_ogre_vendor::OgreMain for IMPORTED_LOCATION_DEBUG: /opt/ros/humble/opt/rviz_ogre_vendor/lib/libOgreMain.so
[1.407s] -- Could not find freeimage library
[1.419s] -- Found ZLIB: /usr/lib/x86_64-linux-gnu/libz.so (found version "1.2.11") 
[1.423s] -- Found OpenGL: /usr/lib/x86_64-linux-gnu/libOpenGL.so   
[1.494s] -- Found X11: /usr/include   
[1.494s] -- Looking for XOpenDisplay in /usr/lib/x86_64-linux-gnu/libX11.so;/usr/lib/x86_64-linux-gnu/libXext.so
[1.544s] -- Looking for XOpenDisplay in /usr/lib/x86_64-linux-gnu/libX11.so;/usr/lib/x86_64-linux-gnu/libXext.so - found
[1.544s] -- Looking for gethostbyname
[1.594s] -- Looking for gethostbyname - found
[1.594s] -- Looking for connect
[1.644s] -- Looking for connect - found
[1.644s] -- Looking for remove
[1.695s] -- Looking for remove - found
[1.696s] -- Looking for shmat
[1.746s] -- Looking for shmat - found
[1.746s] -- Looking for IceConnectionNumber in ICE
[1.797s] -- Looking for IceConnectionNumber in ICE - found
[1.818s] -- Setting assimp_DIR to: '/opt/ros/humble/share/rviz_assimp_vendor/cmake/../../../opt/rviz_assimp_vendor/lib/cmake/assimp-4.1'
[1.879s] -- Found moveit_task_constructor_core: 0.1.3 (/home/luis-a/panda_ws/install/moveit_task_constructor_core/share/moveit_task_constructor_core/cmake)
[1.926s] -- Found PkgConfig: /usr/bin/pkg-config (found version "0.29.2") 
[1.926s] -- Checking for module 'yaml-0.1'
[1.939s] --   Found yaml-0.1, version 0.2.2
[1.974s] -- Found ament_cmake_gtest: 1.3.10 (/opt/ros/humble/share/ament_cmake_gtest/cmake)
[1.977s] -- Found ament_cmake_gmock: 1.3.10 (/opt/ros/humble/share/ament_cmake_gmock/cmake)
[1.979s] -- Found launch_testing_ament_cmake: 1.0.6 (/opt/ros/humble/share/launch_testing_ament_cmake/cmake)
[1.982s] -- Found python_cmake_module: 0.10.0 (/opt/ros/humble/share/python_cmake_module/cmake)
[1.996s] -- Found PythonInterp: /usr/bin/python3 (found suitable version "3.10.12", minimum required is "3.6") 
[2.000s] -- Found PythonLibs: /usr/lib/x86_64-linux-gnu/libpython3.10.so (found suitable version "3.10.12", minimum required is "3.5") 
[2.000s] -- Using PYTHON_EXECUTABLE: /usr/bin/python3
[2.000s] -- Using PYTHON_INCLUDE_DIRS: /usr/include/python3.10
[2.000s] -- Using PYTHON_LIBRARIES: /usr/lib/x86_64-linux-gnu/libpython3.10.so
[2.013s] -- Found PythonExtra: .so  
[2.016s] -- Found gtest sources under '/opt/ros/humble/src/gtest_vendor': C++ tests using 'Google Test' will be built
[2.022s] -- Found gmock sources under '/opt/ros/humble/src/gmock_vendor': C++ tests using 'Google Mock' will be built
[2.029s] -- Configuring done
[2.177s] -- Generating done
[2.181s] -- Build files have been written to: /home/luis-a/panda_ws/build/moveit_task_constructor_visualization
[2.199s] Invoked command in '/home/luis-a/panda_ws/build/moveit_task_constructor_visualization' returned '0': AMENT_PREFIX_PATH=/home/luis-a/panda_ws/install/moveit_task_constructor_core:/home/luis-a/panda_ws/install/moveit_planners:/home/luis-a/panda_ws/install/pilz_industrial_motion_planner:/home/luis-a/panda_ws/install/moveit_ros_visualization:/home/luis-a/panda_ws/install/moveit_resources_prbt_pg70_support:/home/luis-a/panda_ws/install/moveit_ros_planning_interface:/home/luis-a/panda_ws/install/moveit_resources_prbt_moveit_config:/home/luis-a/panda_ws/install/moveit_ros_move_group:/home/luis-a/panda_ws/install/moveit_ros_warehouse:/home/luis-a/panda_ws/install/moveit_ros_robot_interaction:/home/luis-a/panda_ws/install/moveit_planners_ompl:/home/luis-a/panda_ws/install/moveit_kinematics:/home/luis-a/panda_ws/install/moveit_ros_planning:/home/luis-a/panda_ws/install/pilz_industrial_motion_planner_testutils:/home/luis-a/panda_ws/install/moveit_simple_controller_manager:/home/luis-a/panda_ws/install/moveit_ros_occupancy_map_monitor:/home/luis-a/panda_ws/install/moveit_resources_prbt_ikfast_manipulator_plugin:/home/luis-a/panda_ws/install/moveit_core:/home/luis-a/panda_ws/install/rviz_marker_tools:/home/luis-a/panda_ws/install/moveit_resources_panda_moveit_config:/home/luis-a/panda_ws/install/moveit_resources_fanuc_moveit_config:/home/luis-a/panda_ws/install/moveit_configs_utils:/home/luis-a/panda_ws/install/srdfdom:/home/luis-a/panda_ws/install/moveit_task_constructor_msgs:/home/luis-a/panda_ws/install/moveit_resources_prbt_support:/home/luis-a/panda_ws/install/moveit_resources_pr2_description:/home/luis-a/panda_ws/install/moveit_resources_panda_description:/home/luis-a/panda_ws/install/moveit_resources_fanuc_description:/home/luis-a/panda_ws/install/moveit_common:/home/luis-a/panda_ws/install/launch_param_builder:${AMENT_PREFIX_PATH} CMAKE_PREFIX_PATH=/home/luis-a/panda_ws/install/moveit_task_constructor_core:/home/luis-a/panda_ws/install/moveit_planners:/home/luis-a/panda_ws/install/pilz_industrial_motion_planner:/home/luis-a/panda_ws/install/moveit_ros_visualization:/home/luis-a/panda_ws/install/moveit_resources_prbt_pg70_support:/home/luis-a/panda_ws/install/moveit_ros_planning_interface:/home/luis-a/panda_ws/install/moveit_resources_prbt_moveit_config:/home/luis-a/panda_ws/install/moveit_ros_move_group:/home/luis-a/panda_ws/install/moveit_ros_warehouse:/home/luis-a/panda_ws/install/moveit_ros_robot_interaction:/home/luis-a/panda_ws/install/moveit_planners_ompl:/home/luis-a/panda_ws/install/moveit_kinematics:/home/luis-a/panda_ws/install/moveit_ros_planning:/home/luis-a/panda_ws/install/pilz_industrial_motion_planner_testutils:/home/luis-a/panda_ws/install/moveit_simple_controller_manager:/home/luis-a/panda_ws/install/moveit_ros_occupancy_map_monitor:/home/luis-a/panda_ws/install/moveit_resources_prbt_ikfast_manipulator_plugin:/home/luis-a/panda_ws/install/moveit_core:/home/luis-a/panda_ws/install/rviz_marker_tools:/home/luis-a/panda_ws/install/moveit_resources_panda_moveit_config:/home/luis-a/panda_ws/install/moveit_resources_fanuc_moveit_config:/home/luis-a/panda_ws/install/srdfdom:/home/luis-a/panda_ws/install/moveit_task_constructor_msgs:/home/luis-a/panda_ws/install/moveit_resources_prbt_support:/home/luis-a/panda_ws/install/moveit_resources_pr2_description:/home/luis-a/panda_ws/install/moveit_resources_panda_description:/home/luis-a/panda_ws/install/moveit_resources_fanuc_description:/home/luis-a/panda_ws/install/moveit_common:/opt/ros/humble LD_LIBRARY_PATH=/home/luis-a/panda_ws/install/moveit_task_constructor_core/lib:/home/luis-a/panda_ws/install/pilz_industrial_motion_planner/lib:/home/luis-a/panda_ws/install/moveit_ros_visualization/lib:/home/luis-a/panda_ws/install/moveit_ros_planning_interface/lib:/home/luis-a/panda_ws/install/moveit_ros_move_group/lib:/home/luis-a/panda_ws/install/moveit_ros_warehouse/lib:/home/luis-a/panda_ws/install/moveit_ros_robot_interaction/lib:/home/luis-a/panda_ws/install/moveit_planners_ompl/lib:/home/luis-a/panda_ws/install/moveit_kinematics/lib:/home/luis-a/panda_ws/install/moveit_ros_planning/lib:/home/luis-a/panda_ws/install/pilz_industrial_motion_planner_testutils/lib:/home/luis-a/panda_ws/install/moveit_simple_controller_manager/lib:/home/luis-a/panda_ws/install/moveit_ros_occupancy_map_monitor/lib:/home/luis-a/panda_ws/install/moveit_resources_prbt_ikfast_manipulator_plugin/lib:/home/luis-a/panda_ws/install/moveit_core/lib:/home/luis-a/panda_ws/install/rviz_marker_tools/lib:/home/luis-a/panda_ws/install/srdfdom/lib:/home/luis-a/panda_ws/install/moveit_task_constructor_msgs/lib:${LD_LIBRARY_PATH} PATH=/home/luis-a/panda_ws/install/moveit_core/bin:${PATH} PYTHONPATH=/home/luis-a/panda_ws/install/moveit_task_constructor_core/local/lib/python3.10/dist-packages:/home/luis-a/panda_ws/install/moveit_configs_utils/lib/python3.10/site-packages:/home/luis-a/panda_ws/install/srdfdom/local/lib/python3.10/dist-packages:/home/luis-a/panda_ws/install/moveit_task_constructor_msgs/local/lib/python3.10/dist-packages:/home/luis-a/panda_ws/install/launch_param_builder/lib/python3.10/site-packages:${PYTHONPATH} /usr/bin/cmake /home/luis-a/panda_ws/src/moveit_task_constructor/visualization -DCMAKE_BUILD_TYPE=Release -DCMAKE_INSTALL_PREFIX=/home/luis-a/panda_ws/install/moveit_task_constructor_visualization
[2.201s] Invoking command in '/home/luis-a/panda_ws/build/moveit_task_constructor_visualization': AMENT_PREFIX_PATH=/home/luis-a/panda_ws/install/moveit_task_constructor_core:/home/luis-a/panda_ws/install/moveit_planners:/home/luis-a/panda_ws/install/pilz_industrial_motion_planner:/home/luis-a/panda_ws/install/moveit_ros_visualization:/home/luis-a/panda_ws/install/moveit_resources_prbt_pg70_support:/home/luis-a/panda_ws/install/moveit_ros_planning_interface:/home/luis-a/panda_ws/install/moveit_resources_prbt_moveit_config:/home/luis-a/panda_ws/install/moveit_ros_move_group:/home/luis-a/panda_ws/install/moveit_ros_warehouse:/home/luis-a/panda_ws/install/moveit_ros_robot_interaction:/home/luis-a/panda_ws/install/moveit_planners_ompl:/home/luis-a/panda_ws/install/moveit_kinematics:/home/luis-a/panda_ws/install/moveit_ros_planning:/home/luis-a/panda_ws/install/pilz_industrial_motion_planner_testutils:/home/luis-a/panda_ws/install/moveit_simple_controller_manager:/home/luis-a/panda_ws/install/moveit_ros_occupancy_map_monitor:/home/luis-a/panda_ws/install/moveit_resources_prbt_ikfast_manipulator_plugin:/home/luis-a/panda_ws/install/moveit_core:/home/luis-a/panda_ws/install/rviz_marker_tools:/home/luis-a/panda_ws/install/moveit_resources_panda_moveit_config:/home/luis-a/panda_ws/install/moveit_resources_fanuc_moveit_config:/home/luis-a/panda_ws/install/moveit_configs_utils:/home/luis-a/panda_ws/install/srdfdom:/home/luis-a/panda_ws/install/moveit_task_constructor_msgs:/home/luis-a/panda_ws/install/moveit_resources_prbt_support:/home/luis-a/panda_ws/install/moveit_resources_pr2_description:/home/luis-a/panda_ws/install/moveit_resources_panda_description:/home/luis-a/panda_ws/install/moveit_resources_fanuc_description:/home/luis-a/panda_ws/install/moveit_common:/home/luis-a/panda_ws/install/launch_param_builder:${AMENT_PREFIX_PATH} CMAKE_PREFIX_PATH=/home/luis-a/panda_ws/install/moveit_task_constructor_core:/home/luis-a/panda_ws/install/moveit_planners:/home/luis-a/panda_ws/install/pilz_industrial_motion_planner:/home/luis-a/panda_ws/install/moveit_ros_visualization:/home/luis-a/panda_ws/install/moveit_resources_prbt_pg70_support:/home/luis-a/panda_ws/install/moveit_ros_planning_interface:/home/luis-a/panda_ws/install/moveit_resources_prbt_moveit_config:/home/luis-a/panda_ws/install/moveit_ros_move_group:/home/luis-a/panda_ws/install/moveit_ros_warehouse:/home/luis-a/panda_ws/install/moveit_ros_robot_interaction:/home/luis-a/panda_ws/install/moveit_planners_ompl:/home/luis-a/panda_ws/install/moveit_kinematics:/home/luis-a/panda_ws/install/moveit_ros_planning:/home/luis-a/panda_ws/install/pilz_industrial_motion_planner_testutils:/home/luis-a/panda_ws/install/moveit_simple_controller_manager:/home/luis-a/panda_ws/install/moveit_ros_occupancy_map_monitor:/home/luis-a/panda_ws/install/moveit_resources_prbt_ikfast_manipulator_plugin:/home/luis-a/panda_ws/install/moveit_core:/home/luis-a/panda_ws/install/rviz_marker_tools:/home/luis-a/panda_ws/install/moveit_resources_panda_moveit_config:/home/luis-a/panda_ws/install/moveit_resources_fanuc_moveit_config:/home/luis-a/panda_ws/install/srdfdom:/home/luis-a/panda_ws/install/moveit_task_constructor_msgs:/home/luis-a/panda_ws/install/moveit_resources_prbt_support:/home/luis-a/panda_ws/install/moveit_resources_pr2_description:/home/luis-a/panda_ws/install/moveit_resources_panda_description:/home/luis-a/panda_ws/install/moveit_resources_fanuc_description:/home/luis-a/panda_ws/install/moveit_common:/opt/ros/humble LD_LIBRARY_PATH=/home/luis-a/panda_ws/install/moveit_task_constructor_core/lib:/home/luis-a/panda_ws/install/pilz_industrial_motion_planner/lib:/home/luis-a/panda_ws/install/moveit_ros_visualization/lib:/home/luis-a/panda_ws/install/moveit_ros_planning_interface/lib:/home/luis-a/panda_ws/install/moveit_ros_move_group/lib:/home/luis-a/panda_ws/install/moveit_ros_warehouse/lib:/home/luis-a/panda_ws/install/moveit_ros_robot_interaction/lib:/home/luis-a/panda_ws/install/moveit_planners_ompl/lib:/home/luis-a/panda_ws/install/moveit_kinematics/lib:/home/luis-a/panda_ws/install/moveit_ros_planning/lib:/home/luis-a/panda_ws/install/pilz_industrial_motion_planner_testutils/lib:/home/luis-a/panda_ws/install/moveit_simple_controller_manager/lib:/home/luis-a/panda_ws/install/moveit_ros_occupancy_map_monitor/lib:/home/luis-a/panda_ws/install/moveit_resources_prbt_ikfast_manipulator_plugin/lib:/home/luis-a/panda_ws/install/moveit_core/lib:/home/luis-a/panda_ws/install/rviz_marker_tools/lib:/home/luis-a/panda_ws/install/srdfdom/lib:/home/luis-a/panda_ws/install/moveit_task_constructor_msgs/lib:${LD_LIBRARY_PATH} PATH=/home/luis-a/panda_ws/install/moveit_core/bin:${PATH} PYTHONPATH=/home/luis-a/panda_ws/install/moveit_task_constructor_core/local/lib/python3.10/dist-packages:/home/luis-a/panda_ws/install/moveit_configs_utils/lib/python3.10/site-packages:/home/luis-a/panda_ws/install/srdfdom/local/lib/python3.10/dist-packages:/home/luis-a/panda_ws/install/moveit_task_constructor_msgs/local/lib/python3.10/dist-packages:/home/luis-a/panda_ws/install/launch_param_builder/lib/python3.10/site-packages:${PYTHONPATH} /usr/bin/cmake --build /home/luis-a/panda_ws/build/moveit_task_constructor_visualization -- -j32 -l32
[2.245s] [  4%] [34m[1mAutomatic MOC for target motion_planning_tasks_properties[0m
[2.246s] [  4%] [34m[1mAutomatic MOC for target gmock[0m
[2.246s] [  4%] [34m[1mAutomatic MOC for target moveit_task_visualization_tools[0m
[2.246s] [  9%] [34m[1mAutomatic MOC for target gtest_main[0m
[2.246s] [  9%] [34m[1mAutomatic MOC for target gtest[0m
[2.246s] [  9%] [34m[1mAutomatic MOC for target motion_planning_tasks_utils[0m
[2.246s] [ 10%] [34m[1mAutomatic MOC for target gmock_main[0m
[2.270s] [ 10%] Built target gmock_autogen
[2.271s] [ 10%] Built target motion_planning_tasks_properties_autogen
[2.271s] [ 10%] Built target gmock_main_autogen
[2.271s] [ 10%] Built target gtest_main_autogen
[2.272s] [ 10%] Built target gtest_autogen
[2.291s] [ 13%] [32mBuilding CXX object gmock/CMakeFiles/gmock.dir/gmock_autogen/mocs_compilation.cpp.o[0m
[2.291s] [ 13%] [32mBuilding CXX object gmock/CMakeFiles/gmock_main.dir/src/gmock_main.cc.o[0m
[2.291s] [ 15%] [32mBuilding CXX object gmock/CMakeFiles/gmock_main.dir/gmock_main_autogen/mocs_compilation.cpp.o[0m
[2.292s] [ 21%] [32mBuilding CXX object gtest/CMakeFiles/gtest_main.dir/gtest_main_autogen/mocs_compilation.cpp.o[0m
[2.292s] [ 21%] [32mBuilding CXX object gmock/CMakeFiles/gmock.dir/src/gmock-all.cc.o[0m
[2.292s] [ 21%] [32mBuilding CXX object gmock/CMakeFiles/gmock.dir/opt/ros/humble/src/gtest_vendor/src/gtest-all.cc.o[0m
[2.292s] [ 21%] [32mBuilding CXX object gtest/CMakeFiles/gtest.dir/src/gtest-all.cc.o[0m
[2.292s] [ 23%] [32mBuilding CXX object gtest/CMakeFiles/gtest_main.dir/src/gtest_main.cc.o[0m
[2.293s] [ 24%] [32mBuilding CXX object motion_planning_tasks/properties/CMakeFiles/motion_planning_tasks_properties.dir/property_from_yaml.cpp.o[0m
[2.294s] [ 26%] [32mBuilding CXX object gtest/CMakeFiles/gtest.dir/gtest_autogen/mocs_compilation.cpp.o[0m
[2.294s] [ 27%] [32mBuilding CXX object motion_planning_tasks/properties/CMakeFiles/motion_planning_tasks_properties.dir/motion_planning_tasks_properties_autogen/mocs_compilation.cpp.o[0m
[2.294s] [ 29%] [32mBuilding CXX object motion_planning_tasks/properties/CMakeFiles/motion_planning_tasks_properties.dir/property_factory.cpp.o[0m
[2.366s] [ 29%] Built target motion_planning_tasks_utils_autogen
[2.387s] [ 30%] [32mBuilding CXX object motion_planning_tasks/utils/CMakeFiles/motion_planning_tasks_utils.dir/flat_merge_proxy_model.cpp.o[0m
[2.387s] [ 32%] [32mBuilding CXX object motion_planning_tasks/utils/CMakeFiles/motion_planning_tasks_utils.dir/icon.cpp.o[0m
[2.388s] [ 33%] [32mBuilding CXX object motion_planning_tasks/utils/CMakeFiles/motion_planning_tasks_utils.dir/tree_merge_proxy_model.cpp.o[0m
[2.389s] [ 35%] [32mBuilding CXX object motion_planning_tasks/utils/CMakeFiles/motion_planning_tasks_utils.dir/motion_planning_tasks_utils_autogen/mocs_compilation.cpp.o[0m
[2.450s] [ 35%] Built target moveit_task_visualization_tools_autogen
[2.473s] [ 40%] [32mBuilding CXX object visualization_tools/CMakeFiles/moveit_task_visualization_tools.dir/moveit_task_visualization_tools_autogen/mocs_compilation.cpp.o[0m
[2.473s] [ 40%] [32mBuilding CXX object visualization_tools/CMakeFiles/moveit_task_visualization_tools.dir/src/task_solution_panel.cpp.o[0m
[2.473s] [ 40%] [32mBuilding CXX object visualization_tools/CMakeFiles/moveit_task_visualization_tools.dir/src/display_solution.cpp.o[0m
[2.473s] [ 41%] [32mBuilding CXX object visualization_tools/CMakeFiles/moveit_task_visualization_tools.dir/src/marker_visualization.cpp.o[0m
[2.473s] [ 43%] [32mBuilding CXX object visualization_tools/CMakeFiles/moveit_task_visualization_tools.dir/src/task_solution_visualization.cpp.o[0m
[2.852s] [ 44%] [32m[1mLinking CXX static library libgtest_main.a[0m
[2.885s] [ 44%] Built target gtest_main
[3.136s] [ 46%] [32m[1mLinking CXX static library libgmock_main.a[0m
[3.167s] [ 46%] Built target gmock_main
[3.941s] [ 47%] [32m[1mLinking CXX shared library libmotion_planning_tasks_utils.so[0m
[4.166s] [ 47%] Built target motion_planning_tasks_utils
[4.684s] [ 49%] [32m[1mLinking CXX shared library libmotion_planning_tasks_properties.so[0m
[4.958s] [ 49%] Built target motion_planning_tasks_properties
[6.301s] [ 50%] [32m[1mLinking CXX static library libgmock.a[0m
[6.336s] [ 50%] Built target gmock
[6.755s] [ 52%] [32m[1mLinking CXX static library libgtest.a[0m
[6.787s] [ 52%] Built target gtest
[6.804s] [ 53%] [34m[1mAutomatic MOC for target moveit_task_constructor_visualization-test-merge-models[0m
[6.827s] [ 53%] Built target moveit_task_constructor_visualization-test-merge-models_autogen
[6.844s] [ 56%] [32mBuilding CXX object motion_planning_tasks/test/CMakeFiles/moveit_task_constructor_visualization-test-merge-models.dir/test_merge_models.cpp.o[0m
[6.844s] [ 56%] [32mBuilding CXX object motion_planning_tasks/test/CMakeFiles/moveit_task_constructor_visualization-test-merge-models.dir/moveit_task_constructor_visualization-test-merge-models_autogen/mocs_compilation.cpp.o[0m
[8.287s] [ 58%] [32m[1mLinking CXX executable moveit_task_constructor_visualization-test-merge-models[0m
[8.529s] [ 58%] Built target moveit_task_constructor_visualization-test-merge-models
[10.813s] [ 60%] [32m[1mLinking CXX shared library libmoveit_task_visualization_tools.so[0m
[19.685s] [ 60%] Built target moveit_task_visualization_tools
[19.739s] [ 61%] [34m[1mAutomatic MOC for target motion_planning_tasks_rviz_plugin[0m
[20.897s] [ 61%] Built target motion_planning_tasks_rviz_plugin_autogen
[20.927s] [ 63%] [34m[1mGenerating ui_task_view.h[0m
[20.933s] [ 64%] [34m[1mAutomatic RCC for resources.qrc[0m
[20.934s] [ 66%] [34m[1mGenerating ui_task_panel.h[0m
[20.934s] [ 67%] [34m[1mGenerating ui_global_settings.h[0m
[21.035s] [ 69%] [32mBuilding CXX object motion_planning_tasks/src/CMakeFiles/motion_planning_tasks_rviz_plugin.dir/motion_planning_tasks_rviz_plugin_autogen/mocs_compilation.cpp.o[0m
[21.046s] [ 70%] [32mBuilding CXX object motion_planning_tasks/src/CMakeFiles/motion_planning_tasks_rviz_plugin.dir/job_queue.cpp.o[0m
[21.047s] [ 72%] [32mBuilding CXX object motion_planning_tasks/src/CMakeFiles/motion_planning_tasks_rviz_plugin.dir/factory_model.cpp.o[0m
[21.048s] [ 73%] [32mBuilding CXX object motion_planning_tasks/src/CMakeFiles/motion_planning_tasks_rviz_plugin.dir/local_task_model.cpp.o[0m
[21.051s] [ 75%] [32mBuilding CXX object motion_planning_tasks/src/CMakeFiles/motion_planning_tasks_rviz_plugin.dir/icons.cpp.o[0m
[21.053s] [ 76%] [32mBuilding CXX object motion_planning_tasks/src/CMakeFiles/motion_planning_tasks_rviz_plugin.dir/plugin_init.cpp.o[0m
[21.064s] [ 80%] [32mBuilding CXX object motion_planning_tasks/src/CMakeFiles/motion_planning_tasks_rviz_plugin.dir/remote_task_model.cpp.o[0m
[21.065s] [ 80%] [32mBuilding CXX object motion_planning_tasks/src/CMakeFiles/motion_planning_tasks_rviz_plugin.dir/meta_task_list_model.cpp.o[0m
[21.075s] [ 81%] [32mBuilding CXX object motion_planning_tasks/src/CMakeFiles/motion_planning_tasks_rviz_plugin.dir/task_display.cpp.o[0m
[21.115s] [ 83%] [32mBuilding CXX object motion_planning_tasks/src/CMakeFiles/motion_planning_tasks_rviz_plugin.dir/task_list_model.cpp.o[0m
[21.116s] [ 84%] [32mBuilding CXX object motion_planning_tasks/src/CMakeFiles/motion_planning_tasks_rviz_plugin.dir/motion_planning_tasks_rviz_plugin_autogen/EWIEGA46WW/qrc_resources.cpp.o[0m
[21.121s] [ 86%] [32mBuilding CXX object motion_planning_tasks/src/CMakeFiles/motion_planning_tasks_rviz_plugin.dir/task_panel.cpp.o[0m
[47.267s] [ 87%] [32m[1mLinking CXX shared library libmotion_planning_tasks_rviz_plugin.so[0m
[48.359s] [ 87%] Built target motion_planning_tasks_rviz_plugin
[48.374s] [ 89%] [34m[1mAutomatic MOC for target moveit_task_constructor_visualization-test-task_model[0m
[48.375s] [ 90%] [34m[1mAutomatic MOC for target moveit_task_constructor_visualization-test-solution-models[0m
[48.396s] [ 90%] Built target moveit_task_constructor_visualization-test-task_model_autogen
[48.397s] [ 90%] Built target moveit_task_constructor_visualization-test-solution-models_autogen
[48.412s] [ 92%] [32mBuilding CXX object motion_planning_tasks/test/CMakeFiles/moveit_task_constructor_visualization-test-task_model.dir/test_task_model.cpp.o[0m
[48.412s] [ 95%] [32mBuilding CXX object motion_planning_tasks/test/CMakeFiles/moveit_task_constructor_visualization-test-solution-models.dir/moveit_task_constructor_visualization-test-solution-models_autogen/mocs_compilation.cpp.o[0m
[48.412s] [ 95%] [32mBuilding CXX object motion_planning_tasks/test/CMakeFiles/moveit_task_constructor_visualization-test-task_model.dir/moveit_task_constructor_visualization-test-task_model_autogen/mocs_compilation.cpp.o[0m
[48.412s] [ 96%] [32mBuilding CXX object motion_planning_tasks/test/CMakeFiles/moveit_task_constructor_visualization-test-solution-models.dir/test_solution_models.cpp.o[0m
[51.888s] [ 98%] [32m[1mLinking CXX executable moveit_task_constructor_visualization-test-solution-models[0m
[52.063s] [100%] [32m[1mLinking CXX executable moveit_task_constructor_visualization-test-task_model[0m
[52.282s] [100%] Built target moveit_task_constructor_visualization-test-solution-models
[52.478s] [100%] Built target moveit_task_constructor_visualization-test-task_model
[52.489s] Invoked command in '/home/luis-a/panda_ws/build/moveit_task_constructor_visualization' returned '0': AMENT_PREFIX_PATH=/home/luis-a/panda_ws/install/moveit_task_constructor_core:/home/luis-a/panda_ws/install/moveit_planners:/home/luis-a/panda_ws/install/pilz_industrial_motion_planner:/home/luis-a/panda_ws/install/moveit_ros_visualization:/home/luis-a/panda_ws/install/moveit_resources_prbt_pg70_support:/home/luis-a/panda_ws/install/moveit_ros_planning_interface:/home/luis-a/panda_ws/install/moveit_resources_prbt_moveit_config:/home/luis-a/panda_ws/install/moveit_ros_move_group:/home/luis-a/panda_ws/install/moveit_ros_warehouse:/home/luis-a/panda_ws/install/moveit_ros_robot_interaction:/home/luis-a/panda_ws/install/moveit_planners_ompl:/home/luis-a/panda_ws/install/moveit_kinematics:/home/luis-a/panda_ws/install/moveit_ros_planning:/home/luis-a/panda_ws/install/pilz_industrial_motion_planner_testutils:/home/luis-a/panda_ws/install/moveit_simple_controller_manager:/home/luis-a/panda_ws/install/moveit_ros_occupancy_map_monitor:/home/luis-a/panda_ws/install/moveit_resources_prbt_ikfast_manipulator_plugin:/home/luis-a/panda_ws/install/moveit_core:/home/luis-a/panda_ws/install/rviz_marker_tools:/home/luis-a/panda_ws/install/moveit_resources_panda_moveit_config:/home/luis-a/panda_ws/install/moveit_resources_fanuc_moveit_config:/home/luis-a/panda_ws/install/moveit_configs_utils:/home/luis-a/panda_ws/install/srdfdom:/home/luis-a/panda_ws/install/moveit_task_constructor_msgs:/home/luis-a/panda_ws/install/moveit_resources_prbt_support:/home/luis-a/panda_ws/install/moveit_resources_pr2_description:/home/luis-a/panda_ws/install/moveit_resources_panda_description:/home/luis-a/panda_ws/install/moveit_resources_fanuc_description:/home/luis-a/panda_ws/install/moveit_common:/home/luis-a/panda_ws/install/launch_param_builder:${AMENT_PREFIX_PATH} CMAKE_PREFIX_PATH=/home/luis-a/panda_ws/install/moveit_task_constructor_core:/home/luis-a/panda_ws/install/moveit_planners:/home/luis-a/panda_ws/install/pilz_industrial_motion_planner:/home/luis-a/panda_ws/install/moveit_ros_visualization:/home/luis-a/panda_ws/install/moveit_resources_prbt_pg70_support:/home/luis-a/panda_ws/install/moveit_ros_planning_interface:/home/luis-a/panda_ws/install/moveit_resources_prbt_moveit_config:/home/luis-a/panda_ws/install/moveit_ros_move_group:/home/luis-a/panda_ws/install/moveit_ros_warehouse:/home/luis-a/panda_ws/install/moveit_ros_robot_interaction:/home/luis-a/panda_ws/install/moveit_planners_ompl:/home/luis-a/panda_ws/install/moveit_kinematics:/home/luis-a/panda_ws/install/moveit_ros_planning:/home/luis-a/panda_ws/install/pilz_industrial_motion_planner_testutils:/home/luis-a/panda_ws/install/moveit_simple_controller_manager:/home/luis-a/panda_ws/install/moveit_ros_occupancy_map_monitor:/home/luis-a/panda_ws/install/moveit_resources_prbt_ikfast_manipulator_plugin:/home/luis-a/panda_ws/install/moveit_core:/home/luis-a/panda_ws/install/rviz_marker_tools:/home/luis-a/panda_ws/install/moveit_resources_panda_moveit_config:/home/luis-a/panda_ws/install/moveit_resources_fanuc_moveit_config:/home/luis-a/panda_ws/install/srdfdom:/home/luis-a/panda_ws/install/moveit_task_constructor_msgs:/home/luis-a/panda_ws/install/moveit_resources_prbt_support:/home/luis-a/panda_ws/install/moveit_resources_pr2_description:/home/luis-a/panda_ws/install/moveit_resources_panda_description:/home/luis-a/panda_ws/install/moveit_resources_fanuc_description:/home/luis-a/panda_ws/install/moveit_common:/opt/ros/humble LD_LIBRARY_PATH=/home/luis-a/panda_ws/install/moveit_task_constructor_core/lib:/home/luis-a/panda_ws/install/pilz_industrial_motion_planner/lib:/home/luis-a/panda_ws/install/moveit_ros_visualization/lib:/home/luis-a/panda_ws/install/moveit_ros_planning_interface/lib:/home/luis-a/panda_ws/install/moveit_ros_move_group/lib:/home/luis-a/panda_ws/install/moveit_ros_warehouse/lib:/home/luis-a/panda_ws/install/moveit_ros_robot_interaction/lib:/home/luis-a/panda_ws/install/moveit_planners_ompl/lib:/home/luis-a/panda_ws/install/moveit_kinematics/lib:/home/luis-a/panda_ws/install/moveit_ros_planning/lib:/home/luis-a/panda_ws/install/pilz_industrial_motion_planner_testutils/lib:/home/luis-a/panda_ws/install/moveit_simple_controller_manager/lib:/home/luis-a/panda_ws/install/moveit_ros_occupancy_map_monitor/lib:/home/luis-a/panda_ws/install/moveit_resources_prbt_ikfast_manipulator_plugin/lib:/home/luis-a/panda_ws/install/moveit_core/lib:/home/luis-a/panda_ws/install/rviz_marker_tools/lib:/home/luis-a/panda_ws/install/srdfdom/lib:/home/luis-a/panda_ws/install/moveit_task_constructor_msgs/lib:${LD_LIBRARY_PATH} PATH=/home/luis-a/panda_ws/install/moveit_core/bin:${PATH} PYTHONPATH=/home/luis-a/panda_ws/install/moveit_task_constructor_core/local/lib/python3.10/dist-packages:/home/luis-a/panda_ws/install/moveit_configs_utils/lib/python3.10/site-packages:/home/luis-a/panda_ws/install/srdfdom/local/lib/python3.10/dist-packages:/home/luis-a/panda_ws/install/moveit_task_constructor_msgs/local/lib/python3.10/dist-packages:/home/luis-a/panda_ws/install/launch_param_builder/lib/python3.10/site-packages:${PYTHONPATH} /usr/bin/cmake --build /home/luis-a/panda_ws/build/moveit_task_constructor_visualization -- -j32 -l32
[52.512s] Invoking command in '/home/luis-a/panda_ws/build/moveit_task_constructor_visualization': AMENT_PREFIX_PATH=/home/luis-a/panda_ws/install/moveit_task_constructor_core:/home/luis-a/panda_ws/install/moveit_planners:/home/luis-a/panda_ws/install/pilz_industrial_motion_planner:/home/luis-a/panda_ws/install/moveit_ros_visualization:/home/luis-a/panda_ws/install/moveit_resources_prbt_pg70_support:/home/luis-a/panda_ws/install/moveit_ros_planning_interface:/home/luis-a/panda_ws/install/moveit_resources_prbt_moveit_config:/home/luis-a/panda_ws/install/moveit_ros_move_group:/home/luis-a/panda_ws/install/moveit_ros_warehouse:/home/luis-a/panda_ws/install/moveit_ros_robot_interaction:/home/luis-a/panda_ws/install/moveit_planners_ompl:/home/luis-a/panda_ws/install/moveit_kinematics:/home/luis-a/panda_ws/install/moveit_ros_planning:/home/luis-a/panda_ws/install/pilz_industrial_motion_planner_testutils:/home/luis-a/panda_ws/install/moveit_simple_controller_manager:/home/luis-a/panda_ws/install/moveit_ros_occupancy_map_monitor:/home/luis-a/panda_ws/install/moveit_resources_prbt_ikfast_manipulator_plugin:/home/luis-a/panda_ws/install/moveit_core:/home/luis-a/panda_ws/install/rviz_marker_tools:/home/luis-a/panda_ws/install/moveit_resources_panda_moveit_config:/home/luis-a/panda_ws/install/moveit_resources_fanuc_moveit_config:/home/luis-a/panda_ws/install/moveit_configs_utils:/home/luis-a/panda_ws/install/srdfdom:/home/luis-a/panda_ws/install/moveit_task_constructor_msgs:/home/luis-a/panda_ws/install/moveit_resources_prbt_support:/home/luis-a/panda_ws/install/moveit_resources_pr2_description:/home/luis-a/panda_ws/install/moveit_resources_panda_description:/home/luis-a/panda_ws/install/moveit_resources_fanuc_description:/home/luis-a/panda_ws/install/moveit_common:/home/luis-a/panda_ws/install/launch_param_builder:${AMENT_PREFIX_PATH} CMAKE_PREFIX_PATH=/home/luis-a/panda_ws/install/moveit_task_constructor_core:/home/luis-a/panda_ws/install/moveit_planners:/home/luis-a/panda_ws/install/pilz_industrial_motion_planner:/home/luis-a/panda_ws/install/moveit_ros_visualization:/home/luis-a/panda_ws/install/moveit_resources_prbt_pg70_support:/home/luis-a/panda_ws/install/moveit_ros_planning_interface:/home/luis-a/panda_ws/install/moveit_resources_prbt_moveit_config:/home/luis-a/panda_ws/install/moveit_ros_move_group:/home/luis-a/panda_ws/install/moveit_ros_warehouse:/home/luis-a/panda_ws/install/moveit_ros_robot_interaction:/home/luis-a/panda_ws/install/moveit_planners_ompl:/home/luis-a/panda_ws/install/moveit_kinematics:/home/luis-a/panda_ws/install/moveit_ros_planning:/home/luis-a/panda_ws/install/pilz_industrial_motion_planner_testutils:/home/luis-a/panda_ws/install/moveit_simple_controller_manager:/home/luis-a/panda_ws/install/moveit_ros_occupancy_map_monitor:/home/luis-a/panda_ws/install/moveit_resources_prbt_ikfast_manipulator_plugin:/home/luis-a/panda_ws/install/moveit_core:/home/luis-a/panda_ws/install/rviz_marker_tools:/home/luis-a/panda_ws/install/moveit_resources_panda_moveit_config:/home/luis-a/panda_ws/install/moveit_resources_fanuc_moveit_config:/home/luis-a/panda_ws/install/srdfdom:/home/luis-a/panda_ws/install/moveit_task_constructor_msgs:/home/luis-a/panda_ws/install/moveit_resources_prbt_support:/home/luis-a/panda_ws/install/moveit_resources_pr2_description:/home/luis-a/panda_ws/install/moveit_resources_panda_description:/home/luis-a/panda_ws/install/moveit_resources_fanuc_description:/home/luis-a/panda_ws/install/moveit_common:/opt/ros/humble LD_LIBRARY_PATH=/home/luis-a/panda_ws/install/moveit_task_constructor_core/lib:/home/luis-a/panda_ws/install/pilz_industrial_motion_planner/lib:/home/luis-a/panda_ws/install/moveit_ros_visualization/lib:/home/luis-a/panda_ws/install/moveit_ros_planning_interface/lib:/home/luis-a/panda_ws/install/moveit_ros_move_group/lib:/home/luis-a/panda_ws/install/moveit_ros_warehouse/lib:/home/luis-a/panda_ws/install/moveit_ros_robot_interaction/lib:/home/luis-a/panda_ws/install/moveit_planners_ompl/lib:/home/luis-a/panda_ws/install/moveit_kinematics/lib:/home/luis-a/panda_ws/install/moveit_ros_planning/lib:/home/luis-a/panda_ws/install/pilz_industrial_motion_planner_testutils/lib:/home/luis-a/panda_ws/install/moveit_simple_controller_manager/lib:/home/luis-a/panda_ws/install/moveit_ros_occupancy_map_monitor/lib:/home/luis-a/panda_ws/install/moveit_resources_prbt_ikfast_manipulator_plugin/lib:/home/luis-a/panda_ws/install/moveit_core/lib:/home/luis-a/panda_ws/install/rviz_marker_tools/lib:/home/luis-a/panda_ws/install/srdfdom/lib:/home/luis-a/panda_ws/install/moveit_task_constructor_msgs/lib:${LD_LIBRARY_PATH} PATH=/home/luis-a/panda_ws/install/moveit_core/bin:${PATH} PYTHONPATH=/home/luis-a/panda_ws/install/moveit_task_constructor_core/local/lib/python3.10/dist-packages:/home/luis-a/panda_ws/install/moveit_configs_utils/lib/python3.10/site-packages:/home/luis-a/panda_ws/install/srdfdom/local/lib/python3.10/dist-packages:/home/luis-a/panda_ws/install/moveit_task_constructor_msgs/local/lib/python3.10/dist-packages:/home/luis-a/panda_ws/install/launch_param_builder/lib/python3.10/site-packages:${PYTHONPATH} /usr/bin/cmake --install /home/luis-a/panda_ws/build/moveit_task_constructor_visualization
[52.518s] -- Install configuration: "Release"
[52.518s] -- Installing: /home/luis-a/panda_ws/install/moveit_task_constructor_visualization/share/icons
[52.518s] -- Installing: /home/luis-a/panda_ws/install/moveit_task_constructor_visualization/share/icons/classes
[52.518s] -- Installing: /home/luis-a/panda_ws/install/moveit_task_constructor_visualization/share/icons/classes/Motion Planning Tasks.svg
[52.518s] -- Installing: /home/luis-a/panda_ws/install/moveit_task_constructor_visualization/share/moveit_task_constructor_visualization/motion_planning_tasks_rviz_plugin_description.xml
[52.518s] -- Installing: /home/luis-a/panda_ws/install/moveit_task_constructor_visualization/share/moveit_task_constructor_visualization/environment/library_path.sh
[52.518s] -- Installing: /home/luis-a/panda_ws/install/moveit_task_constructor_visualization/share/moveit_task_constructor_visualization/environment/library_path.dsv
[52.519s] -- Installing: /home/luis-a/panda_ws/install/moveit_task_constructor_visualization/share/ament_index/resource_index/package_run_dependencies/moveit_task_constructor_visualization
[52.519s] -- Installing: /home/luis-a/panda_ws/install/moveit_task_constructor_visualization/share/ament_index/resource_index/parent_prefix_path/moveit_task_constructor_visualization
[52.519s] -- Installing: /home/luis-a/panda_ws/install/moveit_task_constructor_visualization/share/moveit_task_constructor_visualization/environment/ament_prefix_path.sh
[52.519s] -- Installing: /home/luis-a/panda_ws/install/moveit_task_constructor_visualization/share/moveit_task_constructor_visualization/environment/ament_prefix_path.dsv
[52.519s] -- Installing: /home/luis-a/panda_ws/install/moveit_task_constructor_visualization/share/moveit_task_constructor_visualization/environment/path.sh
[52.519s] -- Installing: /home/luis-a/panda_ws/install/moveit_task_constructor_visualization/share/moveit_task_constructor_visualization/environment/path.dsv
[52.519s] -- Installing: /home/luis-a/panda_ws/install/moveit_task_constructor_visualization/share/moveit_task_constructor_visualization/local_setup.bash
[52.519s] -- Installing: /home/luis-a/panda_ws/install/moveit_task_constructor_visualization/share/moveit_task_constructor_visualization/local_setup.sh
[52.519s] -- Installing: /home/luis-a/panda_ws/install/moveit_task_constructor_visualization/share/moveit_task_constructor_visualization/local_setup.zsh
[52.519s] -- Installing: /home/luis-a/panda_ws/install/moveit_task_constructor_visualization/share/moveit_task_constructor_visualization/local_setup.dsv
[52.519s] -- Installing: /home/luis-a/panda_ws/install/moveit_task_constructor_visualization/share/moveit_task_constructor_visualization/package.dsv
[52.519s] -- Installing: /home/luis-a/panda_ws/install/moveit_task_constructor_visualization/share/ament_index/resource_index/packages/moveit_task_constructor_visualization
[52.520s] -- Installing: /home/luis-a/panda_ws/install/moveit_task_constructor_visualization/share/ament_index/resource_index/rviz_common__pluginlib__plugin/moveit_task_constructor_visualization
[52.520s] -- Installing: /home/luis-a/panda_ws/install/moveit_task_constructor_visualization/share/moveit_task_constructor_visualization/cmake/ament_cmake_export_include_directories-extras.cmake
[52.520s] -- Installing: /home/luis-a/panda_ws/install/moveit_task_constructor_visualization/share/moveit_task_constructor_visualization/cmake/ament_cmake_export_libraries-extras.cmake
[52.520s] -- Installing: /home/luis-a/panda_ws/install/moveit_task_constructor_visualization/share/moveit_task_constructor_visualization/cmake/ament_cmake_export_dependencies-extras.cmake
[52.520s] -- Installing: /home/luis-a/panda_ws/install/moveit_task_constructor_visualization/share/moveit_task_constructor_visualization/cmake/moveit_task_constructor_visualizationConfig.cmake
[52.520s] -- Installing: /home/luis-a/panda_ws/install/moveit_task_constructor_visualization/share/moveit_task_constructor_visualization/cmake/moveit_task_constructor_visualizationConfig-version.cmake
[52.520s] -- Installing: /home/luis-a/panda_ws/install/moveit_task_constructor_visualization/share/moveit_task_constructor_visualization/package.xml
[52.520s] -- Installing: /home/luis-a/panda_ws/install/moveit_task_constructor_visualization/include
[52.520s] -- Installing: /home/luis-a/panda_ws/install/moveit_task_constructor_visualization/include/moveit
[52.520s] -- Installing: /home/luis-a/panda_ws/install/moveit_task_constructor_visualization/include/moveit/visualization_tools
[52.520s] -- Installing: /home/luis-a/panda_ws/install/moveit_task_constructor_visualization/include/moveit/visualization_tools/display_solution.h
[52.520s] -- Installing: /home/luis-a/panda_ws/install/moveit_task_constructor_visualization/include/moveit/visualization_tools/task_solution_visualization.h
[52.521s] -- Installing: /home/luis-a/panda_ws/install/moveit_task_constructor_visualization/include/moveit/visualization_tools/marker_visualization.h
[52.521s] -- Installing: /home/luis-a/panda_ws/install/moveit_task_constructor_visualization/include/moveit/visualization_tools/task_solution_panel.h
[52.521s] -- Installing: /home/luis-a/panda_ws/install/moveit_task_constructor_visualization/lib/libmoveit_task_visualization_tools.so.0.1.3
[52.521s] -- Set runtime path of "/home/luis-a/panda_ws/install/moveit_task_constructor_visualization/lib/libmoveit_task_visualization_tools.so.0.1.3" to ""
[52.521s] -- Installing: /home/luis-a/panda_ws/install/moveit_task_constructor_visualization/lib/libmoveit_task_visualization_tools.so
[52.521s] -- Installing: /home/luis-a/panda_ws/install/moveit_task_constructor_visualization/lib/libmotion_planning_tasks_utils.so
[52.522s] -- Installing: /home/luis-a/panda_ws/install/moveit_task_constructor_visualization/lib/libmotion_planning_tasks_properties.so
[52.522s] -- Set runtime path of "/home/luis-a/panda_ws/install/moveit_task_constructor_visualization/lib/libmotion_planning_tasks_properties.so" to ""
[52.522s] -- Installing: /home/luis-a/panda_ws/install/moveit_task_constructor_visualization/lib/libmotion_planning_tasks_rviz_plugin.so.0.1.3
[52.524s] -- Set runtime path of "/home/luis-a/panda_ws/install/moveit_task_constructor_visualization/lib/libmotion_planning_tasks_rviz_plugin.so.0.1.3" to ""
[52.525s] -- Installing: /home/luis-a/panda_ws/install/moveit_task_constructor_visualization/lib/libmotion_planning_tasks_rviz_plugin.so
[52.526s] Invoked command in '/home/luis-a/panda_ws/build/moveit_task_constructor_visualization' returned '0': AMENT_PREFIX_PATH=/home/luis-a/panda_ws/install/moveit_task_constructor_core:/home/luis-a/panda_ws/install/moveit_planners:/home/luis-a/panda_ws/install/pilz_industrial_motion_planner:/home/luis-a/panda_ws/install/moveit_ros_visualization:/home/luis-a/panda_ws/install/moveit_resources_prbt_pg70_support:/home/luis-a/panda_ws/install/moveit_ros_planning_interface:/home/luis-a/panda_ws/install/moveit_resources_prbt_moveit_config:/home/luis-a/panda_ws/install/moveit_ros_move_group:/home/luis-a/panda_ws/install/moveit_ros_warehouse:/home/luis-a/panda_ws/install/moveit_ros_robot_interaction:/home/luis-a/panda_ws/install/moveit_planners_ompl:/home/luis-a/panda_ws/install/moveit_kinematics:/home/luis-a/panda_ws/install/moveit_ros_planning:/home/luis-a/panda_ws/install/pilz_industrial_motion_planner_testutils:/home/luis-a/panda_ws/install/moveit_simple_controller_manager:/home/luis-a/panda_ws/install/moveit_ros_occupancy_map_monitor:/home/luis-a/panda_ws/install/moveit_resources_prbt_ikfast_manipulator_plugin:/home/luis-a/panda_ws/install/moveit_core:/home/luis-a/panda_ws/install/rviz_marker_tools:/home/luis-a/panda_ws/install/moveit_resources_panda_moveit_config:/home/luis-a/panda_ws/install/moveit_resources_fanuc_moveit_config:/home/luis-a/panda_ws/install/moveit_configs_utils:/home/luis-a/panda_ws/install/srdfdom:/home/luis-a/panda_ws/install/moveit_task_constructor_msgs:/home/luis-a/panda_ws/install/moveit_resources_prbt_support:/home/luis-a/panda_ws/install/moveit_resources_pr2_description:/home/luis-a/panda_ws/install/moveit_resources_panda_description:/home/luis-a/panda_ws/install/moveit_resources_fanuc_description:/home/luis-a/panda_ws/install/moveit_common:/home/luis-a/panda_ws/install/launch_param_builder:${AMENT_PREFIX_PATH} CMAKE_PREFIX_PATH=/home/luis-a/panda_ws/install/moveit_task_constructor_core:/home/luis-a/panda_ws/install/moveit_planners:/home/luis-a/panda_ws/install/pilz_industrial_motion_planner:/home/luis-a/panda_ws/install/moveit_ros_visualization:/home/luis-a/panda_ws/install/moveit_resources_prbt_pg70_support:/home/luis-a/panda_ws/install/moveit_ros_planning_interface:/home/luis-a/panda_ws/install/moveit_resources_prbt_moveit_config:/home/luis-a/panda_ws/install/moveit_ros_move_group:/home/luis-a/panda_ws/install/moveit_ros_warehouse:/home/luis-a/panda_ws/install/moveit_ros_robot_interaction:/home/luis-a/panda_ws/install/moveit_planners_ompl:/home/luis-a/panda_ws/install/moveit_kinematics:/home/luis-a/panda_ws/install/moveit_ros_planning:/home/luis-a/panda_ws/install/pilz_industrial_motion_planner_testutils:/home/luis-a/panda_ws/install/moveit_simple_controller_manager:/home/luis-a/panda_ws/install/moveit_ros_occupancy_map_monitor:/home/luis-a/panda_ws/install/moveit_resources_prbt_ikfast_manipulator_plugin:/home/luis-a/panda_ws/install/moveit_core:/home/luis-a/panda_ws/install/rviz_marker_tools:/home/luis-a/panda_ws/install/moveit_resources_panda_moveit_config:/home/luis-a/panda_ws/install/moveit_resources_fanuc_moveit_config:/home/luis-a/panda_ws/install/srdfdom:/home/luis-a/panda_ws/install/moveit_task_constructor_msgs:/home/luis-a/panda_ws/install/moveit_resources_prbt_support:/home/luis-a/panda_ws/install/moveit_resources_pr2_description:/home/luis-a/panda_ws/install/moveit_resources_panda_description:/home/luis-a/panda_ws/install/moveit_resources_fanuc_description:/home/luis-a/panda_ws/install/moveit_common:/opt/ros/humble LD_LIBRARY_PATH=/home/luis-a/panda_ws/install/moveit_task_constructor_core/lib:/home/luis-a/panda_ws/install/pilz_industrial_motion_planner/lib:/home/luis-a/panda_ws/install/moveit_ros_visualization/lib:/home/luis-a/panda_ws/install/moveit_ros_planning_interface/lib:/home/luis-a/panda_ws/install/moveit_ros_move_group/lib:/home/luis-a/panda_ws/install/moveit_ros_warehouse/lib:/home/luis-a/panda_ws/install/moveit_ros_robot_interaction/lib:/home/luis-a/panda_ws/install/moveit_planners_ompl/lib:/home/luis-a/panda_ws/install/moveit_kinematics/lib:/home/luis-a/panda_ws/install/moveit_ros_planning/lib:/home/luis-a/panda_ws/install/pilz_industrial_motion_planner_testutils/lib:/home/luis-a/panda_ws/install/moveit_simple_controller_manager/lib:/home/luis-a/panda_ws/install/moveit_ros_occupancy_map_monitor/lib:/home/luis-a/panda_ws/install/moveit_resources_prbt_ikfast_manipulator_plugin/lib:/home/luis-a/panda_ws/install/moveit_core/lib:/home/luis-a/panda_ws/install/rviz_marker_tools/lib:/home/luis-a/panda_ws/install/srdfdom/lib:/home/luis-a/panda_ws/install/moveit_task_constructor_msgs/lib:${LD_LIBRARY_PATH} PATH=/home/luis-a/panda_ws/install/moveit_core/bin:${PATH} PYTHONPATH=/home/luis-a/panda_ws/install/moveit_task_constructor_core/local/lib/python3.10/dist-packages:/home/luis-a/panda_ws/install/moveit_configs_utils/lib/python3.10/site-packages:/home/luis-a/panda_ws/install/srdfdom/local/lib/python3.10/dist-packages:/home/luis-a/panda_ws/install/moveit_task_constructor_msgs/local/lib/python3.10/dist-packages:/home/luis-a/panda_ws/install/launch_param_builder/lib/python3.10/site-packages:${PYTHONPATH} /usr/bin/cmake --install /home/luis-a/panda_ws/build/moveit_task_constructor_visualization
