[0.021s] Invoking command in '/home/luis-a/panda_ws/build/moveit_hybrid_planning': AMENT_PREFIX_PATH=/home/luis-a/panda_ws/install/moveit_ros_planning_interface:/home/luis-a/panda_ws/install/moveit_ros_move_group:/home/luis-a/panda_ws/install/moveit_ros_warehouse:/home/luis-a/panda_ws/install/moveit_planners_ompl:/home/luis-a/panda_ws/install/moveit_kinematics:/home/luis-a/panda_ws/install/moveit_ros_planning:/home/luis-a/panda_ws/install/moveit_simple_controller_manager:/home/luis-a/panda_ws/install/moveit_ros_occupancy_map_monitor:/home/luis-a/panda_ws/install/moveit_core:/home/luis-a/panda_ws/install/moveit_resources_panda_moveit_config:/home/luis-a/panda_ws/install/moveit_resources_fanuc_moveit_config:/home/luis-a/panda_ws/install/moveit_configs_utils:/home/luis-a/panda_ws/install/srdfdom:/home/luis-a/panda_ws/install/moveit_resources_pr2_description:/home/luis-a/panda_ws/install/moveit_resources_panda_description:/home/luis-a/panda_ws/install/moveit_resources_fanuc_description:/home/luis-a/panda_ws/install/moveit_common:/home/luis-a/panda_ws/install/launch_param_builder:${AMENT_PREFIX_PATH} CMAKE_PREFIX_PATH=/home/luis-a/panda_ws/install/moveit_ros_planning_interface:/home/luis-a/panda_ws/install/moveit_ros_move_group:/home/luis-a/panda_ws/install/moveit_ros_warehouse:/home/luis-a/panda_ws/install/moveit_planners_ompl:/home/luis-a/panda_ws/install/moveit_kinematics:/home/luis-a/panda_ws/install/moveit_ros_planning:/home/luis-a/panda_ws/install/moveit_simple_controller_manager:/home/luis-a/panda_ws/install/moveit_ros_occupancy_map_monitor:/home/luis-a/panda_ws/install/moveit_core:/home/luis-a/panda_ws/install/moveit_resources_panda_moveit_config:/home/luis-a/panda_ws/install/moveit_resources_fanuc_moveit_config:/home/luis-a/panda_ws/install/srdfdom:/home/luis-a/panda_ws/install/moveit_resources_pr2_description:/home/luis-a/panda_ws/install/moveit_resources_panda_description:/home/luis-a/panda_ws/install/moveit_resources_fanuc_description:/home/luis-a/panda_ws/install/moveit_common:/opt/ros/humble LD_LIBRARY_PATH=/home/luis-a/panda_ws/install/moveit_ros_planning_interface/lib:/home/luis-a/panda_ws/install/moveit_ros_move_group/lib:/home/luis-a/panda_ws/install/moveit_ros_warehouse/lib:/home/luis-a/panda_ws/install/moveit_planners_ompl/lib:/home/luis-a/panda_ws/install/moveit_kinematics/lib:/home/luis-a/panda_ws/install/moveit_ros_planning/lib:/home/luis-a/panda_ws/install/moveit_simple_controller_manager/lib:/home/luis-a/panda_ws/install/moveit_ros_occupancy_map_monitor/lib:/home/luis-a/panda_ws/install/moveit_core/lib:/home/luis-a/panda_ws/install/srdfdom/lib:${LD_LIBRARY_PATH} PATH=/home/luis-a/panda_ws/install/moveit_core/bin:${PATH} PYTHONPATH=/home/luis-a/panda_ws/install/moveit_configs_utils/lib/python3.10/site-packages:/home/luis-a/panda_ws/install/srdfdom/local/lib/python3.10/dist-packages:/home/luis-a/panda_ws/install/launch_param_builder/lib/python3.10/site-packages:${PYTHONPATH} /usr/bin/cmake /home/luis-a/panda_ws/src/moveit2/moveit_ros/hybrid_planning -DCMAKE_BUILD_TYPE=Release -DCMAKE_INSTALL_PREFIX=/home/luis-a/panda_ws/install/moveit_hybrid_planning
[0.054s] -- The C compiler identification is GNU 11.4.0
[0.086s] -- The CXX compiler identification is GNU 11.4.0
[0.090s] -- Detecting C compiler ABI info
[0.134s] -- Detecting C compiler ABI info - done
[0.137s] -- Check for working C compiler: /usr/bin/cc - skipped
[0.137s] -- Detecting C compile features
[0.138s] -- Detecting C compile features - done
[0.139s] -- Detecting CXX compiler ABI info
[0.188s] -- Detecting CXX compiler ABI info - done
[0.191s] -- Check for working CXX compiler: /usr/bin/c++ - skipped
[0.191s] -- Detecting CXX compile features
[0.191s] -- Detecting CXX compile features - done
[0.193s] -- Found moveit_common: 2.5.6 (/home/luis-a/panda_ws/install/moveit_common/share/moveit_common/cmake)
[0.195s] -- Found ament_cmake: 1.3.10 (/opt/ros/humble/share/ament_cmake/cmake)
[0.274s] -- Found Python3: /usr/bin/python3 (found version "3.10.12") found components: Interpreter 
[0.364s] -- Found moveit_core: 2.5.6 (/home/luis-a/panda_ws/install/moveit_core/share/moveit_core/cmake)
[0.483s] -- Found Boost: /usr/lib/x86_64-linux-gnu/cmake/Boost-1.74.0/BoostConfig.cmake (found version "1.74.0") found components: chrono date_time filesystem iostreams program_options regex serialization system thread 
[0.522s] -- Found parameter_traits: 0.3.9 (/opt/ros/humble/share/parameter_traits/cmake)
[0.553s] -- Found rosidl_generator_c: 3.1.5 (/opt/ros/humble/share/rosidl_generator_c/cmake)
[0.558s] -- Found rosidl_adapter: 3.1.5 (/opt/ros/humble/share/rosidl_adapter/cmake)
[0.564s] -- Found rosidl_generator_cpp: 3.1.5 (/opt/ros/humble/share/rosidl_generator_cpp/cmake)
[0.572s] -- Using all available rosidl_typesupport_c: rosidl_typesupport_fastrtps_c;rosidl_typesupport_introspection_c
[0.583s] -- Using all available rosidl_typesupport_cpp: rosidl_typesupport_fastrtps_cpp;rosidl_typesupport_introspection_cpp
[0.615s] -- Found rmw_implementation_cmake: 6.1.2 (/opt/ros/humble/share/rmw_implementation_cmake/cmake)
[0.618s] -- Found rmw_fastrtps_cpp: 6.2.7 (/opt/ros/humble/share/rmw_fastrtps_cpp/cmake)
[0.680s] -- Found OpenSSL: /usr/lib/x86_64-linux-gnu/libcrypto.so (found version "3.0.2")  
[0.695s] -- Found FastRTPS: /opt/ros/humble/include  
[0.720s] -- Using RMW implementation 'rmw_fastrtps_cpp' as default
[0.727s] -- Found Threads: TRUE  
[0.762s] -- Found Eigen3: TRUE (found version "3.4.0") 
[0.765s] -- Found rclcpp_lifecycle: 16.0.10 (/opt/ros/humble/share/rclcpp_lifecycle/cmake)
[0.780s] -- Found Boost: /usr/lib/x86_64-linux-gnu/cmake/Boost-1.74.0/BoostConfig.cmake (found version "1.74.0") found components: filesystem 
[0.852s] -- library: /usr/lib/x86_64-linux-gnu/libcurl.so
[0.892s] -- Ensuring Eigen3 include directory is part of orocos-kdl CMake target
[1.040s] -- Found moveit_ros_planning: 2.5.6 (/home/luis-a/panda_ws/install/moveit_ros_planning/share/moveit_ros_planning/cmake)
[1.043s] -- Found Boost: /usr/lib/x86_64-linux-gnu/cmake/Boost-1.74.0/BoostConfig.cmake (found version "1.74.0") found components: system filesystem date_time program_options thread chrono 
[1.056s] -- Found moveit_ros_planning_interface: 2.5.6 (/home/luis-a/panda_ws/install/moveit_ros_planning_interface/share/moveit_ros_planning_interface/cmake)
[1.058s] -- Found Boost: /usr/lib/x86_64-linux-gnu/cmake/Boost-1.74.0/BoostConfig.cmake (found version "1.74.0") found components: date_time filesystem program_options system thread 
[1.065s] -- Found Boost: /usr/lib/x86_64-linux-gnu/cmake/Boost-1.74.0/BoostConfig.cmake (found version "1.74.0") found components: thread system filesystem regex date_time program_options 
[1.078s] -- Found Boost: /usr/lib/x86_64-linux-gnu/cmake/Boost-1.74.0/BoostConfig.cmake (found version "1.74.0") found components: system filesystem date_time program_options thread 
[1.149s] -- Found ament_lint_auto: 0.12.11 (/opt/ros/humble/share/ament_lint_auto/cmake)
[1.151s] -- Found ament_cmake_gtest: 1.3.10 (/opt/ros/humble/share/ament_cmake_gtest/cmake)
[1.153s] -- Found ros_testing: 0.4.0 (/opt/ros/humble/share/ros_testing/cmake)
[1.155s] -- Found launch_testing_ament_cmake: 1.0.6 (/opt/ros/humble/share/launch_testing_ament_cmake/cmake)
[1.156s] -- Found python_cmake_module: 0.10.0 (/opt/ros/humble/share/python_cmake_module/cmake)
[1.169s] -- Found PythonInterp: /usr/bin/python3 (found suitable version "3.10.12", minimum required is "3.6") 
[1.172s] -- Found PythonLibs: /usr/lib/x86_64-linux-gnu/libpython3.10.so (found suitable version "3.10.12", minimum required is "3.5") 
[1.172s] -- Using PYTHON_EXECUTABLE: /usr/bin/python3
[1.172s] -- Using PYTHON_INCLUDE_DIRS: /usr/include/python3.10
[1.172s] -- Using PYTHON_LIBRARIES: /usr/lib/x86_64-linux-gnu/libpython3.10.so
[1.183s] -- Found PythonExtra: .so  
[1.186s] -- Found Boost: /usr/lib/x86_64-linux-gnu/cmake/Boost-1.74.0/BoostConfig.cmake (found version "1.74.0") found components: filesystem 
[1.205s] -- Configuring done
[1.322s] -- Generating done
[1.325s] -- Build files have been written to: /home/luis-a/panda_ws/build/moveit_hybrid_planning
[1.339s] Invoked command in '/home/luis-a/panda_ws/build/moveit_hybrid_planning' returned '0': AMENT_PREFIX_PATH=/home/luis-a/panda_ws/install/moveit_ros_planning_interface:/home/luis-a/panda_ws/install/moveit_ros_move_group:/home/luis-a/panda_ws/install/moveit_ros_warehouse:/home/luis-a/panda_ws/install/moveit_planners_ompl:/home/luis-a/panda_ws/install/moveit_kinematics:/home/luis-a/panda_ws/install/moveit_ros_planning:/home/luis-a/panda_ws/install/moveit_simple_controller_manager:/home/luis-a/panda_ws/install/moveit_ros_occupancy_map_monitor:/home/luis-a/panda_ws/install/moveit_core:/home/luis-a/panda_ws/install/moveit_resources_panda_moveit_config:/home/luis-a/panda_ws/install/moveit_resources_fanuc_moveit_config:/home/luis-a/panda_ws/install/moveit_configs_utils:/home/luis-a/panda_ws/install/srdfdom:/home/luis-a/panda_ws/install/moveit_resources_pr2_description:/home/luis-a/panda_ws/install/moveit_resources_panda_description:/home/luis-a/panda_ws/install/moveit_resources_fanuc_description:/home/luis-a/panda_ws/install/moveit_common:/home/luis-a/panda_ws/install/launch_param_builder:${AMENT_PREFIX_PATH} CMAKE_PREFIX_PATH=/home/luis-a/panda_ws/install/moveit_ros_planning_interface:/home/luis-a/panda_ws/install/moveit_ros_move_group:/home/luis-a/panda_ws/install/moveit_ros_warehouse:/home/luis-a/panda_ws/install/moveit_planners_ompl:/home/luis-a/panda_ws/install/moveit_kinematics:/home/luis-a/panda_ws/install/moveit_ros_planning:/home/luis-a/panda_ws/install/moveit_simple_controller_manager:/home/luis-a/panda_ws/install/moveit_ros_occupancy_map_monitor:/home/luis-a/panda_ws/install/moveit_core:/home/luis-a/panda_ws/install/moveit_resources_panda_moveit_config:/home/luis-a/panda_ws/install/moveit_resources_fanuc_moveit_config:/home/luis-a/panda_ws/install/srdfdom:/home/luis-a/panda_ws/install/moveit_resources_pr2_description:/home/luis-a/panda_ws/install/moveit_resources_panda_description:/home/luis-a/panda_ws/install/moveit_resources_fanuc_description:/home/luis-a/panda_ws/install/moveit_common:/opt/ros/humble LD_LIBRARY_PATH=/home/luis-a/panda_ws/install/moveit_ros_planning_interface/lib:/home/luis-a/panda_ws/install/moveit_ros_move_group/lib:/home/luis-a/panda_ws/install/moveit_ros_warehouse/lib:/home/luis-a/panda_ws/install/moveit_planners_ompl/lib:/home/luis-a/panda_ws/install/moveit_kinematics/lib:/home/luis-a/panda_ws/install/moveit_ros_planning/lib:/home/luis-a/panda_ws/install/moveit_simple_controller_manager/lib:/home/luis-a/panda_ws/install/moveit_ros_occupancy_map_monitor/lib:/home/luis-a/panda_ws/install/moveit_core/lib:/home/luis-a/panda_ws/install/srdfdom/lib:${LD_LIBRARY_PATH} PATH=/home/luis-a/panda_ws/install/moveit_core/bin:${PATH} PYTHONPATH=/home/luis-a/panda_ws/install/moveit_configs_utils/lib/python3.10/site-packages:/home/luis-a/panda_ws/install/srdfdom/local/lib/python3.10/dist-packages:/home/luis-a/panda_ws/install/launch_param_builder/lib/python3.10/site-packages:${PYTHONPATH} /usr/bin/cmake /home/luis-a/panda_ws/src/moveit2/moveit_ros/hybrid_planning -DCMAKE_BUILD_TYPE=Release -DCMAKE_INSTALL_PREFIX=/home/luis-a/panda_ws/install/moveit_hybrid_planning
[1.340s] Invoking command in '/home/luis-a/panda_ws/build/moveit_hybrid_planning': AMENT_PREFIX_PATH=/home/luis-a/panda_ws/install/moveit_ros_planning_interface:/home/luis-a/panda_ws/install/moveit_ros_move_group:/home/luis-a/panda_ws/install/moveit_ros_warehouse:/home/luis-a/panda_ws/install/moveit_planners_ompl:/home/luis-a/panda_ws/install/moveit_kinematics:/home/luis-a/panda_ws/install/moveit_ros_planning:/home/luis-a/panda_ws/install/moveit_simple_controller_manager:/home/luis-a/panda_ws/install/moveit_ros_occupancy_map_monitor:/home/luis-a/panda_ws/install/moveit_core:/home/luis-a/panda_ws/install/moveit_resources_panda_moveit_config:/home/luis-a/panda_ws/install/moveit_resources_fanuc_moveit_config:/home/luis-a/panda_ws/install/moveit_configs_utils:/home/luis-a/panda_ws/install/srdfdom:/home/luis-a/panda_ws/install/moveit_resources_pr2_description:/home/luis-a/panda_ws/install/moveit_resources_panda_description:/home/luis-a/panda_ws/install/moveit_resources_fanuc_description:/home/luis-a/panda_ws/install/moveit_common:/home/luis-a/panda_ws/install/launch_param_builder:${AMENT_PREFIX_PATH} CMAKE_PREFIX_PATH=/home/luis-a/panda_ws/install/moveit_ros_planning_interface:/home/luis-a/panda_ws/install/moveit_ros_move_group:/home/luis-a/panda_ws/install/moveit_ros_warehouse:/home/luis-a/panda_ws/install/moveit_planners_ompl:/home/luis-a/panda_ws/install/moveit_kinematics:/home/luis-a/panda_ws/install/moveit_ros_planning:/home/luis-a/panda_ws/install/moveit_simple_controller_manager:/home/luis-a/panda_ws/install/moveit_ros_occupancy_map_monitor:/home/luis-a/panda_ws/install/moveit_core:/home/luis-a/panda_ws/install/moveit_resources_panda_moveit_config:/home/luis-a/panda_ws/install/moveit_resources_fanuc_moveit_config:/home/luis-a/panda_ws/install/srdfdom:/home/luis-a/panda_ws/install/moveit_resources_pr2_description:/home/luis-a/panda_ws/install/moveit_resources_panda_description:/home/luis-a/panda_ws/install/moveit_resources_fanuc_description:/home/luis-a/panda_ws/install/moveit_common:/opt/ros/humble LD_LIBRARY_PATH=/home/luis-a/panda_ws/install/moveit_ros_planning_interface/lib:/home/luis-a/panda_ws/install/moveit_ros_move_group/lib:/home/luis-a/panda_ws/install/moveit_ros_warehouse/lib:/home/luis-a/panda_ws/install/moveit_planners_ompl/lib:/home/luis-a/panda_ws/install/moveit_kinematics/lib:/home/luis-a/panda_ws/install/moveit_ros_planning/lib:/home/luis-a/panda_ws/install/moveit_simple_controller_manager/lib:/home/luis-a/panda_ws/install/moveit_ros_occupancy_map_monitor/lib:/home/luis-a/panda_ws/install/moveit_core/lib:/home/luis-a/panda_ws/install/srdfdom/lib:${LD_LIBRARY_PATH} PATH=/home/luis-a/panda_ws/install/moveit_core/bin:${PATH} PYTHONPATH=/home/luis-a/panda_ws/install/moveit_configs_utils/lib/python3.10/site-packages:/home/luis-a/panda_ws/install/srdfdom/local/lib/python3.10/dist-packages:/home/luis-a/panda_ws/install/launch_param_builder/lib/python3.10/site-packages:${PYTHONPATH} /usr/bin/cmake --build /home/luis-a/panda_ws/build/moveit_hybrid_planning -- -j32 -l32
[1.376s] [  5%] [32mBuilding CXX object hybrid_planning_manager/hybrid_planning_manager_component/CMakeFiles/moveit_hybrid_planning_manager.dir/src/hybrid_planning_manager.cpp.o[0m
[1.377s] [ 15%] [32mBuilding CXX object global_planner/global_planner_component/CMakeFiles/moveit_global_planner_component.dir/src/global_planner_component.cpp.o[0m
[1.377s] [ 20%] [32mBuilding CXX object local_planner/local_constraint_solver_plugins/CMakeFiles/forward_trajectory_plugin.dir/src/forward_trajectory.cpp.o[0m
[1.377s] [ 20%] [32mBuilding CXX object local_planner/local_planner_component/CMakeFiles/moveit_local_planner_component.dir/src/local_planner_component.cpp.o[0m
[1.377s] [ 25%] [32mBuilding CXX object local_planner/trajectory_operator_plugins/CMakeFiles/simple_sampler_plugin.dir/src/simple_sampler.cpp.o[0m
[1.377s] [ 30%] [32mBuilding CXX object global_planner/global_planner_plugins/CMakeFiles/motion_planning_pipeline_plugin.dir/src/moveit_planning_pipeline.cpp.o[0m
[7.199s] [ 35%] [32m[1mLinking CXX shared library libsimple_sampler_plugin.so[0m
[7.432s] [ 35%] Built target simple_sampler_plugin
[9.826s] [ 40%] [32m[1mLinking CXX shared library libforward_trajectory_plugin.so[0m
[10.071s] [ 40%] Built target forward_trajectory_plugin
[11.907s] [ 45%] [32m[1mLinking CXX shared library libmotion_planning_pipeline_plugin.so[0m
[12.126s] [ 45%] Built target motion_planning_pipeline_plugin
[14.636s] [ 50%] [32m[1mLinking CXX shared library libmoveit_global_planner_component.so[0m
[14.897s] [ 50%] Built target moveit_global_planner_component
[16.263s] [ 55%] [32m[1mLinking CXX shared library libmoveit_hybrid_planning_manager.so[0m
[16.541s] [ 55%] Built target moveit_hybrid_planning_manager
[16.560s] [ 60%] [32mBuilding CXX object hybrid_planning_manager/planner_logic_plugins/CMakeFiles/single_plan_execution_plugin.dir/src/single_plan_execution.cpp.o[0m
[19.833s] [ 65%] [32m[1mLinking CXX shared library libmoveit_local_planner_component.so[0m
[19.847s] [ 70%] [32m[1mLinking CXX shared library libsingle_plan_execution_plugin.so[0m
[19.991s] [ 70%] Built target single_plan_execution_plugin
[20.007s] [ 75%] [32mBuilding CXX object hybrid_planning_manager/planner_logic_plugins/CMakeFiles/replan_invalidated_trajectory_plugin.dir/src/replan_invalidated_trajectory.cpp.o[0m
[20.032s] [ 75%] Built target moveit_local_planner_component
[23.245s] [ 80%] [32m[1mLinking CXX shared library libreplan_invalidated_trajectory_plugin.so[0m
[23.395s] [ 80%] Built target replan_invalidated_trajectory_plugin
[23.415s] [ 85%] [32mBuilding CXX object test/CMakeFiles/cancel_action.dir/cancel_action.cpp.o[0m
[23.421s] [ 90%] [32mBuilding CXX object test/CMakeFiles/hybrid_planning_demo_node.dir/hybrid_planning_demo_node.cpp.o[0m
[26.671s] [ 95%] [32m[1mLinking CXX executable cancel_action[0m
[27.109s] [ 95%] Built target cancel_action
[37.177s] [100%] [32m[1mLinking CXX executable hybrid_planning_demo_node[0m
[37.412s] [100%] Built target hybrid_planning_demo_node
[37.420s] Invoked command in '/home/luis-a/panda_ws/build/moveit_hybrid_planning' returned '0': AMENT_PREFIX_PATH=/home/luis-a/panda_ws/install/moveit_ros_planning_interface:/home/luis-a/panda_ws/install/moveit_ros_move_group:/home/luis-a/panda_ws/install/moveit_ros_warehouse:/home/luis-a/panda_ws/install/moveit_planners_ompl:/home/luis-a/panda_ws/install/moveit_kinematics:/home/luis-a/panda_ws/install/moveit_ros_planning:/home/luis-a/panda_ws/install/moveit_simple_controller_manager:/home/luis-a/panda_ws/install/moveit_ros_occupancy_map_monitor:/home/luis-a/panda_ws/install/moveit_core:/home/luis-a/panda_ws/install/moveit_resources_panda_moveit_config:/home/luis-a/panda_ws/install/moveit_resources_fanuc_moveit_config:/home/luis-a/panda_ws/install/moveit_configs_utils:/home/luis-a/panda_ws/install/srdfdom:/home/luis-a/panda_ws/install/moveit_resources_pr2_description:/home/luis-a/panda_ws/install/moveit_resources_panda_description:/home/luis-a/panda_ws/install/moveit_resources_fanuc_description:/home/luis-a/panda_ws/install/moveit_common:/home/luis-a/panda_ws/install/launch_param_builder:${AMENT_PREFIX_PATH} CMAKE_PREFIX_PATH=/home/luis-a/panda_ws/install/moveit_ros_planning_interface:/home/luis-a/panda_ws/install/moveit_ros_move_group:/home/luis-a/panda_ws/install/moveit_ros_warehouse:/home/luis-a/panda_ws/install/moveit_planners_ompl:/home/luis-a/panda_ws/install/moveit_kinematics:/home/luis-a/panda_ws/install/moveit_ros_planning:/home/luis-a/panda_ws/install/moveit_simple_controller_manager:/home/luis-a/panda_ws/install/moveit_ros_occupancy_map_monitor:/home/luis-a/panda_ws/install/moveit_core:/home/luis-a/panda_ws/install/moveit_resources_panda_moveit_config:/home/luis-a/panda_ws/install/moveit_resources_fanuc_moveit_config:/home/luis-a/panda_ws/install/srdfdom:/home/luis-a/panda_ws/install/moveit_resources_pr2_description:/home/luis-a/panda_ws/install/moveit_resources_panda_description:/home/luis-a/panda_ws/install/moveit_resources_fanuc_description:/home/luis-a/panda_ws/install/moveit_common:/opt/ros/humble LD_LIBRARY_PATH=/home/luis-a/panda_ws/install/moveit_ros_planning_interface/lib:/home/luis-a/panda_ws/install/moveit_ros_move_group/lib:/home/luis-a/panda_ws/install/moveit_ros_warehouse/lib:/home/luis-a/panda_ws/install/moveit_planners_ompl/lib:/home/luis-a/panda_ws/install/moveit_kinematics/lib:/home/luis-a/panda_ws/install/moveit_ros_planning/lib:/home/luis-a/panda_ws/install/moveit_simple_controller_manager/lib:/home/luis-a/panda_ws/install/moveit_ros_occupancy_map_monitor/lib:/home/luis-a/panda_ws/install/moveit_core/lib:/home/luis-a/panda_ws/install/srdfdom/lib:${LD_LIBRARY_PATH} PATH=/home/luis-a/panda_ws/install/moveit_core/bin:${PATH} PYTHONPATH=/home/luis-a/panda_ws/install/moveit_configs_utils/lib/python3.10/site-packages:/home/luis-a/panda_ws/install/srdfdom/local/lib/python3.10/dist-packages:/home/luis-a/panda_ws/install/launch_param_builder/lib/python3.10/site-packages:${PYTHONPATH} /usr/bin/cmake --build /home/luis-a/panda_ws/build/moveit_hybrid_planning -- -j32 -l32
[37.438s] Invoking command in '/home/luis-a/panda_ws/build/moveit_hybrid_planning': AMENT_PREFIX_PATH=/home/luis-a/panda_ws/install/moveit_ros_planning_interface:/home/luis-a/panda_ws/install/moveit_ros_move_group:/home/luis-a/panda_ws/install/moveit_ros_warehouse:/home/luis-a/panda_ws/install/moveit_planners_ompl:/home/luis-a/panda_ws/install/moveit_kinematics:/home/luis-a/panda_ws/install/moveit_ros_planning:/home/luis-a/panda_ws/install/moveit_simple_controller_manager:/home/luis-a/panda_ws/install/moveit_ros_occupancy_map_monitor:/home/luis-a/panda_ws/install/moveit_core:/home/luis-a/panda_ws/install/moveit_resources_panda_moveit_config:/home/luis-a/panda_ws/install/moveit_resources_fanuc_moveit_config:/home/luis-a/panda_ws/install/moveit_configs_utils:/home/luis-a/panda_ws/install/srdfdom:/home/luis-a/panda_ws/install/moveit_resources_pr2_description:/home/luis-a/panda_ws/install/moveit_resources_panda_description:/home/luis-a/panda_ws/install/moveit_resources_fanuc_description:/home/luis-a/panda_ws/install/moveit_common:/home/luis-a/panda_ws/install/launch_param_builder:${AMENT_PREFIX_PATH} CMAKE_PREFIX_PATH=/home/luis-a/panda_ws/install/moveit_ros_planning_interface:/home/luis-a/panda_ws/install/moveit_ros_move_group:/home/luis-a/panda_ws/install/moveit_ros_warehouse:/home/luis-a/panda_ws/install/moveit_planners_ompl:/home/luis-a/panda_ws/install/moveit_kinematics:/home/luis-a/panda_ws/install/moveit_ros_planning:/home/luis-a/panda_ws/install/moveit_simple_controller_manager:/home/luis-a/panda_ws/install/moveit_ros_occupancy_map_monitor:/home/luis-a/panda_ws/install/moveit_core:/home/luis-a/panda_ws/install/moveit_resources_panda_moveit_config:/home/luis-a/panda_ws/install/moveit_resources_fanuc_moveit_config:/home/luis-a/panda_ws/install/srdfdom:/home/luis-a/panda_ws/install/moveit_resources_pr2_description:/home/luis-a/panda_ws/install/moveit_resources_panda_description:/home/luis-a/panda_ws/install/moveit_resources_fanuc_description:/home/luis-a/panda_ws/install/moveit_common:/opt/ros/humble LD_LIBRARY_PATH=/home/luis-a/panda_ws/install/moveit_ros_planning_interface/lib:/home/luis-a/panda_ws/install/moveit_ros_move_group/lib:/home/luis-a/panda_ws/install/moveit_ros_warehouse/lib:/home/luis-a/panda_ws/install/moveit_planners_ompl/lib:/home/luis-a/panda_ws/install/moveit_kinematics/lib:/home/luis-a/panda_ws/install/moveit_ros_planning/lib:/home/luis-a/panda_ws/install/moveit_simple_controller_manager/lib:/home/luis-a/panda_ws/install/moveit_ros_occupancy_map_monitor/lib:/home/luis-a/panda_ws/install/moveit_core/lib:/home/luis-a/panda_ws/install/srdfdom/lib:${LD_LIBRARY_PATH} PATH=/home/luis-a/panda_ws/install/moveit_core/bin:${PATH} PYTHONPATH=/home/luis-a/panda_ws/install/moveit_configs_utils/lib/python3.10/site-packages:/home/luis-a/panda_ws/install/srdfdom/local/lib/python3.10/dist-packages:/home/luis-a/panda_ws/install/launch_param_builder/lib/python3.10/site-packages:${PYTHONPATH} /usr/bin/cmake --install /home/luis-a/panda_ws/build/moveit_hybrid_planning
[37.444s] -- Install configuration: "Release"
[37.445s] -- Installing: /home/luis-a/panda_ws/install/moveit_hybrid_planning/lib/libmoveit_global_planner_component.so.2.5.6
[37.445s] -- Set runtime path of "/home/luis-a/panda_ws/install/moveit_hybrid_planning/lib/libmoveit_global_planner_component.so.2.5.6" to ""
[37.445s] -- Installing: /home/luis-a/panda_ws/install/moveit_hybrid_planning/lib/libmoveit_global_planner_component.so
[37.445s] -- Installing: /home/luis-a/panda_ws/install/moveit_hybrid_planning/lib/libmoveit_hybrid_planning_manager.so.2.5.6
[37.447s] -- Set runtime path of "/home/luis-a/panda_ws/install/moveit_hybrid_planning/lib/libmoveit_hybrid_planning_manager.so.2.5.6" to ""
[37.447s] -- Installing: /home/luis-a/panda_ws/install/moveit_hybrid_planning/lib/libmoveit_hybrid_planning_manager.so
[37.447s] -- Installing: /home/luis-a/panda_ws/install/moveit_hybrid_planning/lib/libmoveit_local_planner_component.so.2.5.6
[37.448s] -- Set runtime path of "/home/luis-a/panda_ws/install/moveit_hybrid_planning/lib/libmoveit_local_planner_component.so.2.5.6" to ""
[37.448s] -- Installing: /home/luis-a/panda_ws/install/moveit_hybrid_planning/lib/libmoveit_local_planner_component.so
[37.448s] -- Installing: /home/luis-a/panda_ws/install/moveit_hybrid_planning/lib/libforward_trajectory_plugin.so.2.5.6
[37.449s] -- Set runtime path of "/home/luis-a/panda_ws/install/moveit_hybrid_planning/lib/libforward_trajectory_plugin.so.2.5.6" to ""
[37.449s] -- Installing: /home/luis-a/panda_ws/install/moveit_hybrid_planning/lib/libforward_trajectory_plugin.so
[37.449s] -- Installing: /home/luis-a/panda_ws/install/moveit_hybrid_planning/lib/libmotion_planning_pipeline_plugin.so.2.5.6
[37.449s] -- Set runtime path of "/home/luis-a/panda_ws/install/moveit_hybrid_planning/lib/libmotion_planning_pipeline_plugin.so.2.5.6" to ""
[37.449s] -- Installing: /home/luis-a/panda_ws/install/moveit_hybrid_planning/lib/libmotion_planning_pipeline_plugin.so
[37.449s] -- Installing: /home/luis-a/panda_ws/install/moveit_hybrid_planning/lib/libreplan_invalidated_trajectory_plugin.so.2.5.6
[37.449s] -- Set runtime path of "/home/luis-a/panda_ws/install/moveit_hybrid_planning/lib/libreplan_invalidated_trajectory_plugin.so.2.5.6" to ""
[37.449s] -- Installing: /home/luis-a/panda_ws/install/moveit_hybrid_planning/lib/libreplan_invalidated_trajectory_plugin.so
[37.449s] -- Installing: /home/luis-a/panda_ws/install/moveit_hybrid_planning/lib/libsimple_sampler_plugin.so.2.5.6
[37.450s] -- Set runtime path of "/home/luis-a/panda_ws/install/moveit_hybrid_planning/lib/libsimple_sampler_plugin.so.2.5.6" to ""
[37.450s] -- Installing: /home/luis-a/panda_ws/install/moveit_hybrid_planning/lib/libsimple_sampler_plugin.so
[37.450s] -- Installing: /home/luis-a/panda_ws/install/moveit_hybrid_planning/lib/libsingle_plan_execution_plugin.so.2.5.6
[37.450s] -- Set runtime path of "/home/luis-a/panda_ws/install/moveit_hybrid_planning/lib/libsingle_plan_execution_plugin.so.2.5.6" to ""
[37.450s] -- Installing: /home/luis-a/panda_ws/install/moveit_hybrid_planning/lib/libsingle_plan_execution_plugin.so
[37.450s] -- Installing: /home/luis-a/panda_ws/install/moveit_hybrid_planning/lib/moveit_hybrid_planning/cancel_action
[37.450s] -- Set runtime path of "/home/luis-a/panda_ws/install/moveit_hybrid_planning/lib/moveit_hybrid_planning/cancel_action" to ""
[37.450s] -- Installing: /home/luis-a/panda_ws/install/moveit_hybrid_planning/lib/moveit_hybrid_planning/hybrid_planning_demo_node
[37.451s] -- Set runtime path of "/home/luis-a/panda_ws/install/moveit_hybrid_planning/lib/moveit_hybrid_planning/hybrid_planning_demo_node" to ""
[37.451s] -- Installing: /home/luis-a/panda_ws/install/moveit_hybrid_planning/include
[37.451s] -- Installing: /home/luis-a/panda_ws/install/moveit_hybrid_planning/include/moveit
[37.451s] -- Installing: /home/luis-a/panda_ws/install/moveit_hybrid_planning/include/moveit/global_planner
[37.451s] -- Installing: /home/luis-a/panda_ws/install/moveit_hybrid_planning/include/moveit/global_planner/global_planner_interface.h
[37.451s] -- Installing: /home/luis-a/panda_ws/install/moveit_hybrid_planning/include/moveit/global_planner/global_planner_component.h
[37.452s] -- Up-to-date: /home/luis-a/panda_ws/install/moveit_hybrid_planning/include
[37.452s] -- Up-to-date: /home/luis-a/panda_ws/install/moveit_hybrid_planning/include/moveit
[37.452s] -- Up-to-date: /home/luis-a/panda_ws/install/moveit_hybrid_planning/include/moveit/global_planner
[37.452s] -- Installing: /home/luis-a/panda_ws/install/moveit_hybrid_planning/include/moveit/global_planner/moveit_planning_pipeline.h
[37.452s] -- Up-to-date: /home/luis-a/panda_ws/install/moveit_hybrid_planning/include
[37.452s] -- Up-to-date: /home/luis-a/panda_ws/install/moveit_hybrid_planning/include/moveit
[37.452s] -- Installing: /home/luis-a/panda_ws/install/moveit_hybrid_planning/include/moveit/hybrid_planning_manager
[37.452s] -- Installing: /home/luis-a/panda_ws/install/moveit_hybrid_planning/include/moveit/hybrid_planning_manager/planner_logic_interface.h
[37.452s] -- Installing: /home/luis-a/panda_ws/install/moveit_hybrid_planning/include/moveit/hybrid_planning_manager/hybrid_planning_manager.h
[37.452s] -- Installing: /home/luis-a/panda_ws/install/moveit_hybrid_planning/include/moveit/hybrid_planning_manager/hybrid_planning_events.h
[37.452s] -- Installing: /home/luis-a/panda_ws/install/moveit_hybrid_planning/include/moveit/hybrid_planning_manager/moveit_error_code_interface.h
[37.452s] -- Up-to-date: /home/luis-a/panda_ws/install/moveit_hybrid_planning/include
[37.452s] -- Up-to-date: /home/luis-a/panda_ws/install/moveit_hybrid_planning/include/moveit
[37.452s] -- Installing: /home/luis-a/panda_ws/install/moveit_hybrid_planning/include/moveit/planner_logic_plugins
[37.452s] -- Installing: /home/luis-a/panda_ws/install/moveit_hybrid_planning/include/moveit/planner_logic_plugins/replan_invalidated_trajectory.h
[37.452s] -- Installing: /home/luis-a/panda_ws/install/moveit_hybrid_planning/include/moveit/planner_logic_plugins/single_plan_execution.h
[37.452s] -- Up-to-date: /home/luis-a/panda_ws/install/moveit_hybrid_planning/include
[37.452s] -- Up-to-date: /home/luis-a/panda_ws/install/moveit_hybrid_planning/include/moveit
[37.452s] -- Installing: /home/luis-a/panda_ws/install/moveit_hybrid_planning/include/moveit/local_planner
[37.452s] -- Installing: /home/luis-a/panda_ws/install/moveit_hybrid_planning/include/moveit/local_planner/local_constraint_solver_interface.h
[37.452s] -- Installing: /home/luis-a/panda_ws/install/moveit_hybrid_planning/include/moveit/local_planner/feedback_types.h
[37.452s] -- Installing: /home/luis-a/panda_ws/install/moveit_hybrid_planning/include/moveit/local_planner/local_planner_component.h
[37.453s] -- Installing: /home/luis-a/panda_ws/install/moveit_hybrid_planning/include/moveit/local_planner/trajectory_operator_interface.h
[37.453s] -- Up-to-date: /home/luis-a/panda_ws/install/moveit_hybrid_planning/include
[37.453s] -- Up-to-date: /home/luis-a/panda_ws/install/moveit_hybrid_planning/include/moveit
[37.453s] -- Installing: /home/luis-a/panda_ws/install/moveit_hybrid_planning/include/moveit/trajectory_operator_plugins
[37.453s] -- Installing: /home/luis-a/panda_ws/install/moveit_hybrid_planning/include/moveit/trajectory_operator_plugins/simple_sampler.h
[37.453s] -- Up-to-date: /home/luis-a/panda_ws/install/moveit_hybrid_planning/include
[37.453s] -- Up-to-date: /home/luis-a/panda_ws/install/moveit_hybrid_planning/include/moveit
[37.453s] -- Installing: /home/luis-a/panda_ws/install/moveit_hybrid_planning/include/moveit/local_constraint_solver_plugins
[37.453s] -- Installing: /home/luis-a/panda_ws/install/moveit_hybrid_planning/include/moveit/local_constraint_solver_plugins/forward_trajectory.h
[37.453s] -- Installing: /home/luis-a/panda_ws/install/moveit_hybrid_planning/share/moveit_hybrid_planning/launch
[37.453s] -- Installing: /home/luis-a/panda_ws/install/moveit_hybrid_planning/share/moveit_hybrid_planning/launch/test_basic_integration.test.py
[37.453s] -- Installing: /home/luis-a/panda_ws/install/moveit_hybrid_planning/share/moveit_hybrid_planning/launch/hybrid_planning_demo.launch.py
[37.453s] -- Installing: /home/luis-a/panda_ws/install/moveit_hybrid_planning/share/moveit_hybrid_planning/launch/hybrid_planning_common.py
[37.453s] -- Installing: /home/luis-a/panda_ws/install/moveit_hybrid_planning/share/moveit_hybrid_planning/config
[37.453s] -- Installing: /home/luis-a/panda_ws/install/moveit_hybrid_planning/share/moveit_hybrid_planning/config/hybrid_planning_manager.yaml
[37.453s] -- Installing: /home/luis-a/panda_ws/install/moveit_hybrid_planning/share/moveit_hybrid_planning/config/global_planner.yaml
[37.453s] -- Installing: /home/luis-a/panda_ws/install/moveit_hybrid_planning/share/moveit_hybrid_planning/config/common_hybrid_planning_params.yaml
[37.453s] -- Installing: /home/luis-a/panda_ws/install/moveit_hybrid_planning/share/moveit_hybrid_planning/config/local_planner.yaml
[37.453s] -- Installing: /home/luis-a/panda_ws/install/moveit_hybrid_planning/share/moveit_hybrid_planning/config/hybrid_planning_demo.rviz
[37.454s] -- Installing: /home/luis-a/panda_ws/install/moveit_hybrid_planning/share/moveit_hybrid_planning/config/demo_controller.yaml
[37.454s] -- Installing: /home/luis-a/panda_ws/install/moveit_hybrid_planning/share/moveit_hybrid_planning/single_plan_execution_plugin.xml
[37.454s] -- Installing: /home/luis-a/panda_ws/install/moveit_hybrid_planning/share/moveit_hybrid_planning/moveit_planning_pipeline_plugin.xml
[37.454s] -- Installing: /home/luis-a/panda_ws/install/moveit_hybrid_planning/share/moveit_hybrid_planning/simple_sampler_plugin.xml
[37.454s] -- Installing: /home/luis-a/panda_ws/install/moveit_hybrid_planning/share/moveit_hybrid_planning/replan_invalidated_trajectory_plugin.xml
[37.454s] -- Installing: /home/luis-a/panda_ws/install/moveit_hybrid_planning/share/moveit_hybrid_planning/forward_trajectory_plugin.xml
[37.454s] -- Installing: /home/luis-a/panda_ws/install/moveit_hybrid_planning/share/moveit_hybrid_planning/environment/library_path.sh
[37.454s] -- Installing: /home/luis-a/panda_ws/install/moveit_hybrid_planning/share/moveit_hybrid_planning/environment/library_path.dsv
[37.454s] -- Installing: /home/luis-a/panda_ws/install/moveit_hybrid_planning/share/ament_index/resource_index/package_run_dependencies/moveit_hybrid_planning
[37.454s] -- Installing: /home/luis-a/panda_ws/install/moveit_hybrid_planning/share/ament_index/resource_index/parent_prefix_path/moveit_hybrid_planning
[37.454s] -- Installing: /home/luis-a/panda_ws/install/moveit_hybrid_planning/share/moveit_hybrid_planning/environment/ament_prefix_path.sh
[37.455s] -- Installing: /home/luis-a/panda_ws/install/moveit_hybrid_planning/share/moveit_hybrid_planning/environment/ament_prefix_path.dsv
[37.455s] -- Installing: /home/luis-a/panda_ws/install/moveit_hybrid_planning/share/moveit_hybrid_planning/environment/path.sh
[37.455s] -- Installing: /home/luis-a/panda_ws/install/moveit_hybrid_planning/share/moveit_hybrid_planning/environment/path.dsv
[37.455s] -- Installing: /home/luis-a/panda_ws/install/moveit_hybrid_planning/share/moveit_hybrid_planning/local_setup.bash
[37.455s] -- Installing: /home/luis-a/panda_ws/install/moveit_hybrid_planning/share/moveit_hybrid_planning/local_setup.sh
[37.455s] -- Installing: /home/luis-a/panda_ws/install/moveit_hybrid_planning/share/moveit_hybrid_planning/local_setup.zsh
[37.455s] -- Installing: /home/luis-a/panda_ws/install/moveit_hybrid_planning/share/moveit_hybrid_planning/local_setup.dsv
[37.455s] -- Installing: /home/luis-a/panda_ws/install/moveit_hybrid_planning/share/moveit_hybrid_planning/package.dsv
[37.455s] -- Installing: /home/luis-a/panda_ws/install/moveit_hybrid_planning/share/ament_index/resource_index/packages/moveit_hybrid_planning
[37.455s] -- Installing: /home/luis-a/panda_ws/install/moveit_hybrid_planning/share/ament_index/resource_index/moveit_hybrid_planning__pluginlib__plugin/moveit_hybrid_planning
[37.455s] -- Installing: /home/luis-a/panda_ws/install/moveit_hybrid_planning/share/ament_index/resource_index/rclcpp_components/moveit_hybrid_planning
[37.456s] -- Installing: /home/luis-a/panda_ws/install/moveit_hybrid_planning/share/moveit_hybrid_planning/cmake/export_moveit_hybrid_planningExport.cmake
[37.456s] -- Installing: /home/luis-a/panda_ws/install/moveit_hybrid_planning/share/moveit_hybrid_planning/cmake/export_moveit_hybrid_planningExport-release.cmake
[37.456s] -- Installing: /home/luis-a/panda_ws/install/moveit_hybrid_planning/share/moveit_hybrid_planning/cmake/ament_cmake_export_include_directories-extras.cmake
[37.456s] -- Installing: /home/luis-a/panda_ws/install/moveit_hybrid_planning/share/moveit_hybrid_planning/cmake/ament_cmake_export_libraries-extras.cmake
[37.456s] -- Installing: /home/luis-a/panda_ws/install/moveit_hybrid_planning/share/moveit_hybrid_planning/cmake/ament_cmake_export_dependencies-extras.cmake
[37.456s] -- Installing: /home/luis-a/panda_ws/install/moveit_hybrid_planning/share/moveit_hybrid_planning/cmake/ament_cmake_export_targets-extras.cmake
[37.456s] -- Installing: /home/luis-a/panda_ws/install/moveit_hybrid_planning/share/moveit_hybrid_planning/cmake/moveit_hybrid_planningConfig.cmake
[37.456s] -- Installing: /home/luis-a/panda_ws/install/moveit_hybrid_planning/share/moveit_hybrid_planning/cmake/moveit_hybrid_planningConfig-version.cmake
[37.456s] -- Installing: /home/luis-a/panda_ws/install/moveit_hybrid_planning/share/moveit_hybrid_planning/package.xml
[37.458s] Invoked command in '/home/luis-a/panda_ws/build/moveit_hybrid_planning' returned '0': AMENT_PREFIX_PATH=/home/luis-a/panda_ws/install/moveit_ros_planning_interface:/home/luis-a/panda_ws/install/moveit_ros_move_group:/home/luis-a/panda_ws/install/moveit_ros_warehouse:/home/luis-a/panda_ws/install/moveit_planners_ompl:/home/luis-a/panda_ws/install/moveit_kinematics:/home/luis-a/panda_ws/install/moveit_ros_planning:/home/luis-a/panda_ws/install/moveit_simple_controller_manager:/home/luis-a/panda_ws/install/moveit_ros_occupancy_map_monitor:/home/luis-a/panda_ws/install/moveit_core:/home/luis-a/panda_ws/install/moveit_resources_panda_moveit_config:/home/luis-a/panda_ws/install/moveit_resources_fanuc_moveit_config:/home/luis-a/panda_ws/install/moveit_configs_utils:/home/luis-a/panda_ws/install/srdfdom:/home/luis-a/panda_ws/install/moveit_resources_pr2_description:/home/luis-a/panda_ws/install/moveit_resources_panda_description:/home/luis-a/panda_ws/install/moveit_resources_fanuc_description:/home/luis-a/panda_ws/install/moveit_common:/home/luis-a/panda_ws/install/launch_param_builder:${AMENT_PREFIX_PATH} CMAKE_PREFIX_PATH=/home/luis-a/panda_ws/install/moveit_ros_planning_interface:/home/luis-a/panda_ws/install/moveit_ros_move_group:/home/luis-a/panda_ws/install/moveit_ros_warehouse:/home/luis-a/panda_ws/install/moveit_planners_ompl:/home/luis-a/panda_ws/install/moveit_kinematics:/home/luis-a/panda_ws/install/moveit_ros_planning:/home/luis-a/panda_ws/install/moveit_simple_controller_manager:/home/luis-a/panda_ws/install/moveit_ros_occupancy_map_monitor:/home/luis-a/panda_ws/install/moveit_core:/home/luis-a/panda_ws/install/moveit_resources_panda_moveit_config:/home/luis-a/panda_ws/install/moveit_resources_fanuc_moveit_config:/home/luis-a/panda_ws/install/srdfdom:/home/luis-a/panda_ws/install/moveit_resources_pr2_description:/home/luis-a/panda_ws/install/moveit_resources_panda_description:/home/luis-a/panda_ws/install/moveit_resources_fanuc_description:/home/luis-a/panda_ws/install/moveit_common:/opt/ros/humble LD_LIBRARY_PATH=/home/luis-a/panda_ws/install/moveit_ros_planning_interface/lib:/home/luis-a/panda_ws/install/moveit_ros_move_group/lib:/home/luis-a/panda_ws/install/moveit_ros_warehouse/lib:/home/luis-a/panda_ws/install/moveit_planners_ompl/lib:/home/luis-a/panda_ws/install/moveit_kinematics/lib:/home/luis-a/panda_ws/install/moveit_ros_planning/lib:/home/luis-a/panda_ws/install/moveit_simple_controller_manager/lib:/home/luis-a/panda_ws/install/moveit_ros_occupancy_map_monitor/lib:/home/luis-a/panda_ws/install/moveit_core/lib:/home/luis-a/panda_ws/install/srdfdom/lib:${LD_LIBRARY_PATH} PATH=/home/luis-a/panda_ws/install/moveit_core/bin:${PATH} PYTHONPATH=/home/luis-a/panda_ws/install/moveit_configs_utils/lib/python3.10/site-packages:/home/luis-a/panda_ws/install/srdfdom/local/lib/python3.10/dist-packages:/home/luis-a/panda_ws/install/launch_param_builder/lib/python3.10/site-packages:${PYTHONPATH} /usr/bin/cmake --install /home/luis-a/panda_ws/build/moveit_hybrid_planning
