[0.010s] Invoking command in '/home/luis-a/panda_ws/build/moveit_plugins': AMENT_PREFIX_PATH=/home/luis-a/panda_ws/install/moveit_simple_controller_manager:/home/luis-a/panda_ws/install/moveit_core:/home/luis-a/panda_ws/install/moveit_resources_panda_moveit_config:/home/luis-a/panda_ws/install/srdfdom:/home/luis-a/panda_ws/install/moveit_resources_pr2_description:/home/luis-a/panda_ws/install/moveit_resources_panda_description:/home/luis-a/panda_ws/install/moveit_common:${AMENT_PREFIX_PATH} CMAKE_PREFIX_PATH=/home/luis-a/panda_ws/install/moveit_simple_controller_manager:/home/luis-a/panda_ws/install/moveit_core:/home/luis-a/panda_ws/install/moveit_resources_panda_moveit_config:/home/luis-a/panda_ws/install/srdfdom:/home/luis-a/panda_ws/install/moveit_resources_pr2_description:/home/luis-a/panda_ws/install/moveit_resources_panda_description:/home/luis-a/panda_ws/install/moveit_common:/opt/ros/humble LD_LIBRARY_PATH=/home/luis-a/panda_ws/install/moveit_simple_controller_manager/lib:/home/luis-a/panda_ws/install/moveit_core/lib:/home/luis-a/panda_ws/install/srdfdom/lib:${LD_LIBRARY_PATH} PATH=/home/luis-a/panda_ws/install/moveit_core/bin:${PATH} PYTHONPATH=/home/luis-a/panda_ws/install/srdfdom/local/lib/python3.10/dist-packages:${PYTHONPATH} /usr/bin/cmake /home/luis-a/panda_ws/src/moveit2/moveit_plugins/moveit_plugins -DCMAKE_BUILD_TYPE=Release -DCMAKE_INSTALL_PREFIX=/home/luis-a/panda_ws/install/moveit_plugins
[0.043s] -- The C compiler identification is GNU 11.4.0
[0.077s] -- The CXX compiler identification is GNU 11.4.0
[0.081s] -- Detecting C compiler ABI info
[0.124s] -- Detecting C compiler ABI info - done
[0.127s] -- Check for working C compiler: /usr/bin/cc - skipped
[0.127s] -- Detecting C compile features
[0.128s] -- Detecting C compile features - done
[0.129s] -- Detecting CXX compiler ABI info
[0.179s] -- Detecting CXX compiler ABI info - done
[0.183s] -- Check for working CXX compiler: /usr/bin/c++ - skipped
[0.183s] -- Detecting CXX compile features
[0.183s] -- Detecting CXX compile features - done
[0.185s] -- Found ament_cmake: 1.3.10 (/opt/ros/humble/share/ament_cmake/cmake)
[0.267s] -- Found Python3: /usr/bin/python3 (found version "3.10.12") found components: Interpreter 
[0.320s] -- Found ament_lint_auto: 0.12.11 (/opt/ros/humble/share/ament_lint_auto/cmake)
[0.365s] -- Added test 'copyright' to check source files copyright and LICENSE
[0.366s] -- Added test 'lint_cmake' to check CMake code style
[0.366s] -- Added test 'xmllint' to check XML markup files
[0.367s] -- Configuring done
[0.369s] -- Generating done
[0.369s] -- Build files have been written to: /home/luis-a/panda_ws/build/moveit_plugins
[0.373s] Invoked command in '/home/luis-a/panda_ws/build/moveit_plugins' returned '0': AMENT_PREFIX_PATH=/home/luis-a/panda_ws/install/moveit_simple_controller_manager:/home/luis-a/panda_ws/install/moveit_core:/home/luis-a/panda_ws/install/moveit_resources_panda_moveit_config:/home/luis-a/panda_ws/install/srdfdom:/home/luis-a/panda_ws/install/moveit_resources_pr2_description:/home/luis-a/panda_ws/install/moveit_resources_panda_description:/home/luis-a/panda_ws/install/moveit_common:${AMENT_PREFIX_PATH} CMAKE_PREFIX_PATH=/home/luis-a/panda_ws/install/moveit_simple_controller_manager:/home/luis-a/panda_ws/install/moveit_core:/home/luis-a/panda_ws/install/moveit_resources_panda_moveit_config:/home/luis-a/panda_ws/install/srdfdom:/home/luis-a/panda_ws/install/moveit_resources_pr2_description:/home/luis-a/panda_ws/install/moveit_resources_panda_description:/home/luis-a/panda_ws/install/moveit_common:/opt/ros/humble LD_LIBRARY_PATH=/home/luis-a/panda_ws/install/moveit_simple_controller_manager/lib:/home/luis-a/panda_ws/install/moveit_core/lib:/home/luis-a/panda_ws/install/srdfdom/lib:${LD_LIBRARY_PATH} PATH=/home/luis-a/panda_ws/install/moveit_core/bin:${PATH} PYTHONPATH=/home/luis-a/panda_ws/install/srdfdom/local/lib/python3.10/dist-packages:${PYTHONPATH} /usr/bin/cmake /home/luis-a/panda_ws/src/moveit2/moveit_plugins/moveit_plugins -DCMAKE_BUILD_TYPE=Release -DCMAKE_INSTALL_PREFIX=/home/luis-a/panda_ws/install/moveit_plugins
[0.374s] Invoking command in '/home/luis-a/panda_ws/build/moveit_plugins': AMENT_PREFIX_PATH=/home/luis-a/panda_ws/install/moveit_simple_controller_manager:/home/luis-a/panda_ws/install/moveit_core:/home/luis-a/panda_ws/install/moveit_resources_panda_moveit_config:/home/luis-a/panda_ws/install/srdfdom:/home/luis-a/panda_ws/install/moveit_resources_pr2_description:/home/luis-a/panda_ws/install/moveit_resources_panda_description:/home/luis-a/panda_ws/install/moveit_common:${AMENT_PREFIX_PATH} CMAKE_PREFIX_PATH=/home/luis-a/panda_ws/install/moveit_simple_controller_manager:/home/luis-a/panda_ws/install/moveit_core:/home/luis-a/panda_ws/install/moveit_resources_panda_moveit_config:/home/luis-a/panda_ws/install/srdfdom:/home/luis-a/panda_ws/install/moveit_resources_pr2_description:/home/luis-a/panda_ws/install/moveit_resources_panda_description:/home/luis-a/panda_ws/install/moveit_common:/opt/ros/humble LD_LIBRARY_PATH=/home/luis-a/panda_ws/install/moveit_simple_controller_manager/lib:/home/luis-a/panda_ws/install/moveit_core/lib:/home/luis-a/panda_ws/install/srdfdom/lib:${LD_LIBRARY_PATH} PATH=/home/luis-a/panda_ws/install/moveit_core/bin:${PATH} PYTHONPATH=/home/luis-a/panda_ws/install/srdfdom/local/lib/python3.10/dist-packages:${PYTHONPATH} /usr/bin/cmake --build /home/luis-a/panda_ws/build/moveit_plugins -- -j32 -l32
[0.400s] Invoked command in '/home/luis-a/panda_ws/build/moveit_plugins' returned '0': AMENT_PREFIX_PATH=/home/luis-a/panda_ws/install/moveit_simple_controller_manager:/home/luis-a/panda_ws/install/moveit_core:/home/luis-a/panda_ws/install/moveit_resources_panda_moveit_config:/home/luis-a/panda_ws/install/srdfdom:/home/luis-a/panda_ws/install/moveit_resources_pr2_description:/home/luis-a/panda_ws/install/moveit_resources_panda_description:/home/luis-a/panda_ws/install/moveit_common:${AMENT_PREFIX_PATH} CMAKE_PREFIX_PATH=/home/luis-a/panda_ws/install/moveit_simple_controller_manager:/home/luis-a/panda_ws/install/moveit_core:/home/luis-a/panda_ws/install/moveit_resources_panda_moveit_config:/home/luis-a/panda_ws/install/srdfdom:/home/luis-a/panda_ws/install/moveit_resources_pr2_description:/home/luis-a/panda_ws/install/moveit_resources_panda_description:/home/luis-a/panda_ws/install/moveit_common:/opt/ros/humble LD_LIBRARY_PATH=/home/luis-a/panda_ws/install/moveit_simple_controller_manager/lib:/home/luis-a/panda_ws/install/moveit_core/lib:/home/luis-a/panda_ws/install/srdfdom/lib:${LD_LIBRARY_PATH} PATH=/home/luis-a/panda_ws/install/moveit_core/bin:${PATH} PYTHONPATH=/home/luis-a/panda_ws/install/srdfdom/local/lib/python3.10/dist-packages:${PYTHONPATH} /usr/bin/cmake --build /home/luis-a/panda_ws/build/moveit_plugins -- -j32 -l32
[0.414s] Invoking command in '/home/luis-a/panda_ws/build/moveit_plugins': AMENT_PREFIX_PATH=/home/luis-a/panda_ws/install/moveit_simple_controller_manager:/home/luis-a/panda_ws/install/moveit_core:/home/luis-a/panda_ws/install/moveit_resources_panda_moveit_config:/home/luis-a/panda_ws/install/srdfdom:/home/luis-a/panda_ws/install/moveit_resources_pr2_description:/home/luis-a/panda_ws/install/moveit_resources_panda_description:/home/luis-a/panda_ws/install/moveit_common:${AMENT_PREFIX_PATH} CMAKE_PREFIX_PATH=/home/luis-a/panda_ws/install/moveit_simple_controller_manager:/home/luis-a/panda_ws/install/moveit_core:/home/luis-a/panda_ws/install/moveit_resources_panda_moveit_config:/home/luis-a/panda_ws/install/srdfdom:/home/luis-a/panda_ws/install/moveit_resources_pr2_description:/home/luis-a/panda_ws/install/moveit_resources_panda_description:/home/luis-a/panda_ws/install/moveit_common:/opt/ros/humble LD_LIBRARY_PATH=/home/luis-a/panda_ws/install/moveit_simple_controller_manager/lib:/home/luis-a/panda_ws/install/moveit_core/lib:/home/luis-a/panda_ws/install/srdfdom/lib:${LD_LIBRARY_PATH} PATH=/home/luis-a/panda_ws/install/moveit_core/bin:${PATH} PYTHONPATH=/home/luis-a/panda_ws/install/srdfdom/local/lib/python3.10/dist-packages:${PYTHONPATH} /usr/bin/cmake --install /home/luis-a/panda_ws/build/moveit_plugins
[0.419s] -- Install configuration: "Release"
[0.419s] -- Installing: /home/luis-a/panda_ws/install/moveit_plugins/share/ament_index/resource_index/package_run_dependencies/moveit_plugins
[0.419s] -- Installing: /home/luis-a/panda_ws/install/moveit_plugins/share/ament_index/resource_index/parent_prefix_path/moveit_plugins
[0.419s] -- Installing: /home/luis-a/panda_ws/install/moveit_plugins/share/moveit_plugins/environment/ament_prefix_path.sh
[0.419s] -- Installing: /home/luis-a/panda_ws/install/moveit_plugins/share/moveit_plugins/environment/ament_prefix_path.dsv
[0.419s] -- Installing: /home/luis-a/panda_ws/install/moveit_plugins/share/moveit_plugins/environment/path.sh
[0.419s] -- Installing: /home/luis-a/panda_ws/install/moveit_plugins/share/moveit_plugins/environment/path.dsv
[0.419s] -- Installing: /home/luis-a/panda_ws/install/moveit_plugins/share/moveit_plugins/local_setup.bash
[0.419s] -- Installing: /home/luis-a/panda_ws/install/moveit_plugins/share/moveit_plugins/local_setup.sh
[0.419s] -- Installing: /home/luis-a/panda_ws/install/moveit_plugins/share/moveit_plugins/local_setup.zsh
[0.420s] -- Installing: /home/luis-a/panda_ws/install/moveit_plugins/share/moveit_plugins/local_setup.dsv
[0.420s] -- Installing: /home/luis-a/panda_ws/install/moveit_plugins/share/moveit_plugins/package.dsv
[0.420s] -- Installing: /home/luis-a/panda_ws/install/moveit_plugins/share/ament_index/resource_index/packages/moveit_plugins
[0.420s] -- Installing: /home/luis-a/panda_ws/install/moveit_plugins/share/moveit_plugins/cmake/moveit_pluginsConfig.cmake
[0.420s] -- Installing: /home/luis-a/panda_ws/install/moveit_plugins/share/moveit_plugins/cmake/moveit_pluginsConfig-version.cmake
[0.420s] -- Installing: /home/luis-a/panda_ws/install/moveit_plugins/share/moveit_plugins/package.xml
[0.421s] Invoked command in '/home/luis-a/panda_ws/build/moveit_plugins' returned '0': AMENT_PREFIX_PATH=/home/luis-a/panda_ws/install/moveit_simple_controller_manager:/home/luis-a/panda_ws/install/moveit_core:/home/luis-a/panda_ws/install/moveit_resources_panda_moveit_config:/home/luis-a/panda_ws/install/srdfdom:/home/luis-a/panda_ws/install/moveit_resources_pr2_description:/home/luis-a/panda_ws/install/moveit_resources_panda_description:/home/luis-a/panda_ws/install/moveit_common:${AMENT_PREFIX_PATH} CMAKE_PREFIX_PATH=/home/luis-a/panda_ws/install/moveit_simple_controller_manager:/home/luis-a/panda_ws/install/moveit_core:/home/luis-a/panda_ws/install/moveit_resources_panda_moveit_config:/home/luis-a/panda_ws/install/srdfdom:/home/luis-a/panda_ws/install/moveit_resources_pr2_description:/home/luis-a/panda_ws/install/moveit_resources_panda_description:/home/luis-a/panda_ws/install/moveit_common:/opt/ros/humble LD_LIBRARY_PATH=/home/luis-a/panda_ws/install/moveit_simple_controller_manager/lib:/home/luis-a/panda_ws/install/moveit_core/lib:/home/luis-a/panda_ws/install/srdfdom/lib:${LD_LIBRARY_PATH} PATH=/home/luis-a/panda_ws/install/moveit_core/bin:${PATH} PYTHONPATH=/home/luis-a/panda_ws/install/srdfdom/local/lib/python3.10/dist-packages:${PYTHONPATH} /usr/bin/cmake --install /home/luis-a/panda_ws/build/moveit_plugins
